==============================================================
Vitis HLS - High-Level Synthesis from C, C++ and OpenCL v2025.1 (64-bit)
Tool Version Limit: 2025.05
Copyright 1986-2022 Xilinx, Inc. All Rights Reserved.
Copyright 2022-2025 Advanced Micro Devices, Inc. All Rights Reserved.

==============================================================
INFO: [HLS 200-1611] Setting target device to 'xck26-sfvc784-2LV-c'
INFO: [HLS 200-1505] Using default flow_target 'vivado'
INFO: [HLS 200-2174] Applying component config ini file D:/PJ/CNN_HLS/hls_config.cfg
INFO: [HLS 200-1465] Applying config ini 'syn.file=../../PhamDuyHoang_LuongVanDai_DA2/CNN_nopad/CNN.cpp' from D:/PJ/CNN_HLS/hls_config.cfg(7)
INFO: [HLS 200-10] Adding design file 'D:/PhamDuyHoang_LuongVanDai_DA2/CNN_nopad/CNN.cpp' to the project
INFO: [HLS 200-1465] Applying config ini 'syn.file=../../PhamDuyHoang_LuongVanDai_DA2/CNN_nopad/CNN.h' from D:/PJ/CNN_HLS/hls_config.cfg(8)
INFO: [HLS 200-10] Adding design file 'D:/PhamDuyHoang_LuongVanDai_DA2/CNN_nopad/CNN.h' to the project
INFO: [HLS 200-1465] Applying config ini 'syn.file=../../PhamDuyHoang_LuongVanDai_DA2/CNN_nopad/Conv.cpp' from D:/PJ/CNN_HLS/hls_config.cfg(9)
INFO: [HLS 200-10] Adding design file 'D:/PhamDuyHoang_LuongVanDai_DA2/CNN_nopad/Conv.cpp' to the project
INFO: [HLS 200-1465] Applying config ini 'syn.file=../../PhamDuyHoang_LuongVanDai_DA2/CNN_nopad/Conv.h' from D:/PJ/CNN_HLS/hls_config.cfg(10)
INFO: [HLS 200-10] Adding design file 'D:/PhamDuyHoang_LuongVanDai_DA2/CNN_nopad/Conv.h' to the project
INFO: [HLS 200-1465] Applying config ini 'syn.file=../../PhamDuyHoang_LuongVanDai_DA2/CNN_nopad/Dense.cpp' from D:/PJ/CNN_HLS/hls_config.cfg(11)
INFO: [HLS 200-10] Adding design file 'D:/PhamDuyHoang_LuongVanDai_DA2/CNN_nopad/Dense.cpp' to the project
INFO: [HLS 200-1465] Applying config ini 'syn.file=../../PhamDuyHoang_LuongVanDai_DA2/CNN_nopad/Dense.h' from D:/PJ/CNN_HLS/hls_config.cfg(12)
INFO: [HLS 200-10] Adding design file 'D:/PhamDuyHoang_LuongVanDai_DA2/CNN_nopad/Dense.h' to the project
INFO: [HLS 200-1465] Applying config ini 'syn.file=../../PhamDuyHoang_LuongVanDai_DA2/CNN_nopad/Pool.cpp' from D:/PJ/CNN_HLS/hls_config.cfg(13)
INFO: [HLS 200-10] Adding design file 'D:/PhamDuyHoang_LuongVanDai_DA2/CNN_nopad/Pool.cpp' to the project
INFO: [HLS 200-1465] Applying config ini 'syn.file=../../PhamDuyHoang_LuongVanDai_DA2/CNN_nopad/Pool.h' from D:/PJ/CNN_HLS/hls_config.cfg(14)
INFO: [HLS 200-10] Adding design file 'D:/PhamDuyHoang_LuongVanDai_DA2/CNN_nopad/Pool.h' to the project
INFO: [HLS 200-1465] Applying config ini 'tb.file=../../PhamDuyHoang_LuongVanDai_DA2/CNN_nopad/CNN_tb.cpp' from D:/PJ/CNN_HLS/hls_config.cfg(21)
INFO: [HLS 200-10] Adding test bench file 'D:/PhamDuyHoang_LuongVanDai_DA2/CNN_nopad/CNN_tb.cpp' to the project
INFO: [HLS 200-1465] Applying config ini 'tb.file=../../PhamDuyHoang_LuongVanDai_DA2/CNN_nopad/Float_Weights.txt' from D:/PJ/CNN_HLS/hls_config.cfg(22)
INFO: [HLS 200-10] Adding test bench file 'D:/PhamDuyHoang_LuongVanDai_DA2/CNN_nopad/Float_Weights.txt' to the project
INFO: [HLS 200-1465] Applying config ini 'tb.file=../../PhamDuyHoang_LuongVanDai_DA2/CNN_nopad/labels1.txt' from D:/PJ/CNN_HLS/hls_config.cfg(23)
INFO: [HLS 200-10] Adding test bench file 'D:/PhamDuyHoang_LuongVanDai_DA2/CNN_nopad/labels1.txt' to the project
INFO: [HLS 200-1465] Applying config ini 'tb.file=../../PhamDuyHoang_LuongVanDai_DA2/CNN_nopad/labels2.txt' from D:/PJ/CNN_HLS/hls_config.cfg(24)
INFO: [HLS 200-10] Adding test bench file 'D:/PhamDuyHoang_LuongVanDai_DA2/CNN_nopad/labels2.txt' to the project
INFO: [HLS 200-1465] Applying config ini 'tb.file=../../PhamDuyHoang_LuongVanDai_DA2/CNN_nopad/outPE.txt' from D:/PJ/CNN_HLS/hls_config.cfg(25)
INFO: [HLS 200-10] Adding test bench file 'D:/PhamDuyHoang_LuongVanDai_DA2/CNN_nopad/outPE.txt' to the project
INFO: [HLS 200-1465] Applying config ini 'tb.file=../../PhamDuyHoang_LuongVanDai_DA2/CNN_nopad/output.txt' from D:/PJ/CNN_HLS/hls_config.cfg(26)
INFO: [HLS 200-10] Adding test bench file 'D:/PhamDuyHoang_LuongVanDai_DA2/CNN_nopad/output.txt' to the project
INFO: [HLS 200-1465] Applying config ini 'tb.file=../../PhamDuyHoang_LuongVanDai_DA2/CNN_nopad/signals1.txt' from D:/PJ/CNN_HLS/hls_config.cfg(27)
INFO: [HLS 200-10] Adding test bench file 'D:/PhamDuyHoang_LuongVanDai_DA2/CNN_nopad/signals1.txt' to the project
INFO: [HLS 200-1465] Applying config ini 'tb.file=../../PhamDuyHoang_LuongVanDai_DA2/CN==============================================================
Vitis HLS - High-Level Synthesis from C, C++ and OpenCL v2025.1 (64-bit)
Tool Version Limit: 2025.05
Copyright 1986-2022 Xilinx, Inc. All Rights Reserved.
Copyright 2022-2025 Advanced Micro Devices, Inc. All Rights Reserved.

==============================================================
INFO: [HLS 200-1611] Setting target device to 'xck26-sfvc784-2LV-c'
INFO: [HLS 200-1505] Using default flow_target 'vivado'
INFO: [HLS 200-2174] Applying component config ini file D:/PJ/CNN_HLS/hls_config.cfg
INFO: [HLS 200-1465] Applying config ini 'syn.file=../../PhamDuyHoang_LuongVanDai_DA2/CNN_nopad/CNN.cpp' from D:/PJ/CNN_HLS/hls_config.cfg(7)
INFO: [HLS 200-10] Adding design file 'D:/PhamDuyHoang_LuongVanDai_DA2/CNN_nopad/CNN.cpp' to the project
INFO: [HLS 200-1465] Applying config ini 'syn.file=../../PhamDuyHoang_LuongVanDai_DA2/CNN_nopad/CNN.h' from D:/PJ/CNN_HLS/hls_config.cfg(8)
INFO: [HLS 200-10] Adding design file 'D:/PhamDuyHoang_LuongVanDai_DA2/CNN_nopad/CNN.h' to the project
INFO: [HLS 200-1465] Applying config ini 'syn.file=../../PhamDuyHoang_LuongVanDai_DA2/CNN_nopad/Conv.cpp' from D:/PJ/CNN_HLS/hls_config.cfg(9)
INFO: [HLS 200-10] Adding design file 'D:/PhamDuyHoang_LuongVanDai_DA2/CNN_nopad/Conv.cpp' to the project
INFO: [HLS 200-1465] Applying config ini 'syn.file=../../PhamDuyHoang_LuongVanDai_DA2/CNN_nopad/Conv.h' from D:/PJ/CNN_HLS/hls_config.cfg(10)
INFO: [HLS 200-10] Adding design file 'D:/PhamDuyHoang_LuongVanDai_DA2/CNN_nopad/Conv.h' to the project
INFO: [HLS 200-1465] Applying config ini 'syn.file=../../PhamDuyHoang_LuongVanDai_DA2/CNN_nopad/Dense.cpp' from D:/PJ/CNN_HLS/hls_config.cfg(11)
INFO: [HLS 200-10] Adding design file 'D:/PhamDuyHoang_LuongVanDai_DA2/CNN_nopad/Dense.cpp' to the project
INFO: [HLS 200-1465] Applying config ini 'syn.file=../../PhamDuyHoang_LuongVanDai_DA2/CNN_nopad/Dense.h' from D:/PJ/CNN_HLS/hls_config.cfg(12)
INFO: [HLS 200-10] Adding design file 'D:/PhamDuyHoang_LuongVanDai_DA2/CNN_nopad/Dense.h' to the project
INFO: [HLS 200-1465] Applying config ini 'syn.file=../../PhamDuyHoang_LuongVanDai_DA2/CNN_nopad/Pool.cpp' from D:/PJ/CNN_HLS/hls_config.cfg(13)
INFO: [HLS 200-10] Adding design file 'D:/PhamDuyHoang_LuongVanDai_DA2/CNN_nopad/Pool.cpp' to the project
INFO: [HLS 200-1465] Applying config ini 'syn.file=../../PhamDuyHoang_LuongVanDai_DA2/CNN_nopad/Pool.h' from D:/PJ/CNN_HLS/hls_config.cfg(14)
INFO: [HLS 200-10] Adding design file 'D:/PhamDuyHoang_LuongVanDai_DA2/CNN_nopad/Pool.h' to the project
INFO: [HLS 200-1465] Applying config ini 'tb.file=../../PhamDuyHoang_LuongVanDai_DA2/CNN_nopad/CNN_tb.cpp' from D:/PJ/CNN_HLS/hls_config.cfg(21)
INFO: [HLS 200-10] Adding test bench file 'D:/PhamDuyHoang_LuongVanDai_DA2/CNN_nopad/CNN_tb.cpp' to the project
INFO: [HLS 200-1465] Applying config ini 'tb.file=../../PhamDuyHoang_LuongVanDai_DA2/CNN_nopad/Float_Weights.txt' from D:/PJ/CNN_HLS/hls_config.cfg(22)
INFO: [HLS 200-10] Adding test bench file 'D:/PhamDuyHoang_LuongVanDai_DA2/CNN_nopad/Float_Weights.txt' to the project
INFO: [HLS 200-1465] Applying config ini 'tb.file=../../PhamDuyHoang_LuongVanDai_DA2/CNN_nopad/labels1.txt' from D:/PJ/CNN_HLS/hls_config.cfg(23)
INFO: [HLS 200-10] Adding test bench file 'D:/PhamDuyHoang_LuongVanDai_DA2/CNN_nopad/labels1.txt' to the project
INFO: [HLS 200-1465] Applying config ini 'tb.file=../../PhamDuyHoang_LuongVanDai_DA2/CNN_nopad/labels2.txt' from D:/PJ/CNN_HLS/hls_config.cfg(24)
INFO: [HLS 200-10] Adding test bench file 'D:/PhamDuyHoang_LuongVanDai_DA2/CNN_nopad/labels2.txt' to the project
INFO: [HLS 200-1465] Applying config ini 'tb.file=../../PhamDuyHoang_LuongVanDai_DA2/CNN_nopad/outPE.txt' from D:/PJ/CNN_HLS/hls_config.cfg(25)
INFO: [HLS 200-10] Adding test bench file 'D:/PhamDuyHoang_LuongVanDai_DA2/CNN_nopad/outPE.txt' to the project
INFO: [HLS 200-1465] Applying config ini 'tb.file=../../PhamDuyHoang_LuongVanDai_DA2/CNN_nopad/output.txt' from D:/PJ/CNN_HLS/hls_config.cfg(26)
INFO: [HLS 200-10] Adding test bench file 'D:/PhamDuyHoang_LuongVanDai_DA2/CNN_nopad/output.txt' to the project
INFO: [HLS 200-1465] Applying config ini 'tb.file=../../PhamDuyHoang_LuongVanDai_DA2/CNN_nopad/signals1.txt' from D:/PJ/CNN_HLS/hls_config.cfg(27)
INFO: [HLS 200-10] Adding test bench file 'D:/PhamDuyHoang_LuongVanDai_DA2/CNN_nopad/signals1.txt' to the project
INFO: [HLS 200-1465] Applying config ini 'tb.file=../../PhamDuyHoang_LuongVanDai_DA2/CN