

================================================================
== Vitis HLS Report for 'CNN_Pipeline_loop_for_channel_pool_3_loop_for_weight_pool_3'
================================================================
* Date:           Mon Jul 14 02:16:24 2025

* Version:        2025.1 (Build 6135595 on May 21 2025)
* Project:        CNN_HLS
* Solution:       hls (Vivado IP Flow Target)
* Product family: zynquplus
* Target device:  xck26-sfvc784-2LV-c


================================================================
== Performance Estimates
================================================================
+ Timing: 
    * Summary: 
    +--------+----------+----------+------------+
    |  Clock |  Target  | Estimated| Uncertainty|
    +--------+----------+----------+------------+
    |ap_clk  |  10.00 ns|  4.894 ns|     2.70 ns|
    +--------+----------+----------+------------+

+ Latency: 
    * Summary: 
    +---------+---------+----------+----------+-----+-----+------------------------------------------------+
    |  Latency (cycles) |  Latency (absolute) |  Interval |                    Pipeline                    |
    |   min   |   max   |    min   |    max   | min | max |                      Type                      |
    +---------+---------+----------+----------+-----+-----+------------------------------------------------+
    |      649|      649|  6.490 us|  6.490 us|  641|  641|  loop auto-rewind stp (delay=0 clock cycles(s))|
    +---------+---------+----------+----------+-----+-----+------------------------------------------------+

    + Detail: 
        * Instance: 
        N/A

        * Loop: 
        +--------------------------------------------------+---------+---------+----------+-----------+-----------+------+----------+
        |                                                  |  Latency (cycles) | Iteration|  Initiation Interval  | Trip |          |
        |                     Loop Name                    |   min   |   max   |  Latency |  achieved |   target  | Count| Pipelined|
        +--------------------------------------------------+---------+---------+----------+-----------+-----------+------+----------+
        |- loop_for_channel_pool_3_loop_for_weight_pool_3  |      647|      647|         9|          1|          1|   640|       yes|
        +--------------------------------------------------+---------+---------+----------+-----------+-----------+------+----------+

============================================================
+ Verbose Summary: Synthesis Manager
============================================================
InlineROM: 1
ExposeGlobal: 0
============================================================
+ Verbose Summary: CDFG Model
============================================================
IsTopModel: 0
ResetActiveHigh: 1
IsCombinational: 0
IsDatapathOnly: 0
HasWiredReturn: 1
HasMFsm: 2
HasVarLatency: 1
IsPipeline: 0
IsRtlPipelined: 0
IsInstanceOverlapped: 0
IsDontTouch: 0
HasImplIP: 0
IsGatedGlobalClock: 0

+ Individual pipeline summary: 
  * Pipeline-0: initiation interval (II) = 1, depth = 9


============================================================
+ Verbose Summary: Schedule
============================================================
* Number of FSM states : 9
* Pipeline : 1
  Pipeline-0 : II = 1, D = 9, States = { 1 2 3 4 5 6 7 8 9 }
* Dataflow Pipeline: 0

* FSM state transitions: 
1 --> 2 
2 --> 3 
3 --> 4 
4 --> 5 
5 --> 6 
6 --> 7 
7 --> 8 
8 --> 9 
9 --> 

* FSM state operations: 

State 1 <SV = 0> <Delay = 2.84>
ST_1 : Operation 12 [1/1] (0.00ns)   --->   "%y = alloca i32 1" [D:/PhamDuyHoang_LuongVanDai_DA2/CNN_nopad/Pool.cpp:77->D:/PhamDuyHoang_LuongVanDai_DA2/CNN_nopad/CNN.cpp:50]   --->   Operation 12 'alloca' 'y' <Predicate = true> <Delay = 0.00>
ST_1 : Operation 13 [1/1] (0.00ns)   --->   "%z = alloca i32 1" [D:/PhamDuyHoang_LuongVanDai_DA2/CNN_nopad/Pool.cpp:74->D:/PhamDuyHoang_LuongVanDai_DA2/CNN_nopad/CNN.cpp:50]   --->   Operation 13 'alloca' 'z' <Predicate = true> <Delay = 0.00>
ST_1 : Operation 14 [1/1] (0.00ns)   --->   "%indvar_flatten181 = alloca i32 1"   --->   Operation 14 'alloca' 'indvar_flatten181' <Predicate = true> <Delay = 0.00>
ST_1 : Operation 15 [1/1] (0.42ns)   --->   "%store_ln0 = store i10 0, i10 %indvar_flatten181"   --->   Operation 15 'store' 'store_ln0' <Predicate = true> <Delay = 0.42>
ST_1 : Operation 16 [1/1] (0.42ns)   --->   "%store_ln74 = store i6 0, i6 %z" [D:/PhamDuyHoang_LuongVanDai_DA2/CNN_nopad/Pool.cpp:74->D:/PhamDuyHoang_LuongVanDai_DA2/CNN_nopad/CNN.cpp:50]   --->   Operation 16 'store' 'store_ln74' <Predicate = true> <Delay = 0.42>
ST_1 : Operation 17 [1/1] (0.42ns)   --->   "%store_ln77 = store i5 0, i5 %y" [D:/PhamDuyHoang_LuongVanDai_DA2/CNN_nopad/Pool.cpp:77->D:/PhamDuyHoang_LuongVanDai_DA2/CNN_nopad/CNN.cpp:50]   --->   Operation 17 'store' 'store_ln77' <Predicate = true> <Delay = 0.42>
ST_1 : Operation 18 [1/1] (0.00ns)   --->   "%br_ln0 = br void %if.end.i.i.i.i483"   --->   Operation 18 'br' 'br_ln0' <Predicate = true> <Delay = 0.00>
ST_1 : Operation 19 [1/1] (0.00ns)   --->   "%indvar_flatten181_load = load i10 %indvar_flatten181" [D:/PhamDuyHoang_LuongVanDai_DA2/CNN_nopad/Pool.cpp:74->D:/PhamDuyHoang_LuongVanDai_DA2/CNN_nopad/CNN.cpp:50]   --->   Operation 19 'load' 'indvar_flatten181_load' <Predicate = true> <Delay = 0.00>
ST_1 : Operation 20 [1/1] (0.78ns)   --->   "%icmp_ln74 = icmp_eq  i10 %indvar_flatten181_load, i10 640" [D:/PhamDuyHoang_LuongVanDai_DA2/CNN_nopad/Pool.cpp:74->D:/PhamDuyHoang_LuongVanDai_DA2/CNN_nopad/CNN.cpp:50]   --->   Operation 20 'icmp' 'icmp_ln74' <Predicate = true> <Delay = 0.78> <CoreInst = "Cmp">   --->   Core 9 'Cmp' <Latency = 0> <II = 1> <Delay = 0.78> <FuncUnit> <Opcode : 'seteq' 'setne' 'setle' 'setge' 'setlt' 'setgt'> <InPorts = 2> <OutPorts = 1>
ST_1 : Operation 21 [1/1] (0.78ns)   --->   "%add_ln74 = add i10 %indvar_flatten181_load, i10 1" [D:/PhamDuyHoang_LuongVanDai_DA2/CNN_nopad/Pool.cpp:74->D:/PhamDuyHoang_LuongVanDai_DA2/CNN_nopad/CNN.cpp:50]   --->   Operation 21 'add' 'add_ln74' <Predicate = true> <Delay = 0.78> <CoreInst = "Adder">   --->   Core 1 'Adder' <Latency = 0> <II = 1> <Delay = 0.78> <FuncUnit> <Opcode : 'add' 'sub'> <InPorts = 2> <OutPorts = 1>
ST_1 : Operation 22 [1/1] (0.00ns)   --->   "%br_ln74 = br i1 %icmp_ln74, void %for.inc19.i499, void %for.body.i.preheader.exitStub" [D:/PhamDuyHoang_LuongVanDai_DA2/CNN_nopad/Pool.cpp:74->D:/PhamDuyHoang_LuongVanDai_DA2/CNN_nopad/CNN.cpp:50]   --->   Operation 22 'br' 'br_ln74' <Predicate = true> <Delay = 0.00>
ST_1 : Operation 23 [1/1] (0.00ns)   --->   "%y_load = load i5 %y" [D:/PhamDuyHoang_LuongVanDai_DA2/CNN_nopad/Pool.cpp:77->D:/PhamDuyHoang_LuongVanDai_DA2/CNN_nopad/CNN.cpp:50]   --->   Operation 23 'load' 'y_load' <Predicate = (!icmp_ln74)> <Delay = 0.00>
ST_1 : Operation 24 [1/1] (0.78ns)   --->   "%icmp_ln77 = icmp_eq  i5 %y_load, i5 20" [D:/PhamDuyHoang_LuongVanDai_DA2/CNN_nopad/Pool.cpp:77->D:/PhamDuyHoang_LuongVanDai_DA2/CNN_nopad/CNN.cpp:50]   --->   Operation 24 'icmp' 'icmp_ln77' <Predicate = (!icmp_ln74)> <Delay = 0.78> <CoreInst = "Cmp">   --->   Core 9 'Cmp' <Latency = 0> <II = 1> <Delay = 0.78> <FuncUnit> <Opcode : 'seteq' 'setne' 'setle' 'setge' 'setlt' 'setgt'> <InPorts = 2> <OutPorts = 1>
ST_1 : Operation 25 [1/1] (0.41ns)   --->   "%select_ln74 = select i1 %icmp_ln77, i5 0, i5 %y_load" [D:/PhamDuyHoang_LuongVanDai_DA2/CNN_nopad/Pool.cpp:74->D:/PhamDuyHoang_LuongVanDai_DA2/CNN_nopad/CNN.cpp:50]   --->   Operation 25 'select' 'select_ln74' <Predicate = (!icmp_ln74)> <Delay = 0.41> <CoreInst = "Sel">   --->   Core 73 'Sel' <Latency = 0> <II = 1> <Delay = 0.41> <FuncUnit> <Opcode : 'select'> <InPorts = 3> <OutPorts = 1>
ST_1 : Operation 26 [9/9] (1.06ns)   --->   "%urem_ln86 = urem i5 %select_ln74, i5 10" [D:/PhamDuyHoang_LuongVanDai_DA2/CNN_nopad/Pool.cpp:86->D:/PhamDuyHoang_LuongVanDai_DA2/CNN_nopad/CNN.cpp:50]   --->   Operation 26 'urem' 'urem_ln86' <Predicate = (!icmp_ln74)> <Delay = 1.06> <CoreInst = "Divider">   --->   Core 6 'Divider' <Latency = 8> <II = 1> <Delay = 1.06> <FuncUnit> <Opcode : 'udiv' 'sdiv' 'urem' 'srem'> <InPorts = 2> <OutPorts = 1>
ST_1 : Operation 27 [1/1] (0.78ns)   --->   "%add_ln87 = add i5 %select_ln74, i5 1" [D:/PhamDuyHoang_LuongVanDai_DA2/CNN_nopad/Pool.cpp:87->D:/PhamDuyHoang_LuongVanDai_DA2/CNN_nopad/CNN.cpp:50]   --->   Operation 27 'add' 'add_ln87' <Predicate = (!icmp_ln74)> <Delay = 0.78> <CoreInst = "Adder">   --->   Core 1 'Adder' <Latency = 0> <II = 1> <Delay = 0.78> <FuncUnit> <Opcode : 'add' 'sub'> <InPorts = 2> <OutPorts = 1>
ST_1 : Operation 28 [1/1] (0.42ns)   --->   "%store_ln74 = store i10 %add_ln74, i10 %indvar_flatten181" [D:/PhamDuyHoang_LuongVanDai_DA2/CNN_nopad/Pool.cpp:74->D:/PhamDuyHoang_LuongVanDai_DA2/CNN_nopad/CNN.cpp:50]   --->   Operation 28 'store' 'store_ln74' <Predicate = (!icmp_ln74)> <Delay = 0.42>
ST_1 : Operation 29 [1/1] (0.42ns)   --->   "%store_ln77 = store i5 %add_ln87, i5 %y" [D:/PhamDuyHoang_LuongVanDai_DA2/CNN_nopad/Pool.cpp:77->D:/PhamDuyHoang_LuongVanDai_DA2/CNN_nopad/CNN.cpp:50]   --->   Operation 29 'store' 'store_ln77' <Predicate = (!icmp_ln74)> <Delay = 0.42>

State 2 <SV = 1> <Delay = 1.06>
ST_2 : Operation 30 [8/9] (1.06ns)   --->   "%urem_ln86 = urem i5 %select_ln74, i5 10" [D:/PhamDuyHoang_LuongVanDai_DA2/CNN_nopad/Pool.cpp:86->D:/PhamDuyHoang_LuongVanDai_DA2/CNN_nopad/CNN.cpp:50]   --->   Operation 30 'urem' 'urem_ln86' <Predicate = true> <Delay = 1.06> <CoreInst = "Divider">   --->   Core 6 'Divider' <Latency = 8> <II = 1> <Delay = 1.06> <FuncUnit> <Opcode : 'udiv' 'sdiv' 'urem' 'srem'> <InPorts = 2> <OutPorts = 1>

State 3 <SV = 2> <Delay = 1.06>
ST_3 : Operation 31 [7/9] (1.06ns)   --->   "%urem_ln86 = urem i5 %select_ln74, i5 10" [D:/PhamDuyHoang_LuongVanDai_DA2/CNN_nopad/Pool.cpp:86->D:/PhamDuyHoang_LuongVanDai_DA2/CNN_nopad/CNN.cpp:50]   --->   Operation 31 'urem' 'urem_ln86' <Predicate = true> <Delay = 1.06> <CoreInst = "Divider">   --->   Core 6 'Divider' <Latency = 8> <II = 1> <Delay = 1.06> <FuncUnit> <Opcode : 'udiv' 'sdiv' 'urem' 'srem'> <InPorts = 2> <OutPorts = 1>

State 4 <SV = 3> <Delay = 1.06>
ST_4 : Operation 32 [6/9] (1.06ns)   --->   "%urem_ln86 = urem i5 %select_ln74, i5 10" [D:/PhamDuyHoang_LuongVanDai_DA2/CNN_nopad/Pool.cpp:86->D:/PhamDuyHoang_LuongVanDai_DA2/CNN_nopad/CNN.cpp:50]   --->   Operation 32 'urem' 'urem_ln86' <Predicate = true> <Delay = 1.06> <CoreInst = "Divider">   --->   Core 6 'Divider' <Latency = 8> <II = 1> <Delay = 1.06> <FuncUnit> <Opcode : 'udiv' 'sdiv' 'urem' 'srem'> <InPorts = 2> <OutPorts = 1>

State 5 <SV = 4> <Delay = 1.06>
ST_5 : Operation 33 [5/9] (1.06ns)   --->   "%urem_ln86 = urem i5 %select_ln74, i5 10" [D:/PhamDuyHoang_LuongVanDai_DA2/CNN_nopad/Pool.cpp:86->D:/PhamDuyHoang_LuongVanDai_DA2/CNN_nopad/CNN.cpp:50]   --->   Operation 33 'urem' 'urem_ln86' <Predicate = true> <Delay = 1.06> <CoreInst = "Divider">   --->   Core 6 'Divider' <Latency = 8> <II = 1> <Delay = 1.06> <FuncUnit> <Opcode : 'udiv' 'sdiv' 'urem' 'srem'> <InPorts = 2> <OutPorts = 1>

State 6 <SV = 5> <Delay = 1.06>
ST_6 : Operation 34 [4/9] (1.06ns)   --->   "%urem_ln86 = urem i5 %select_ln74, i5 10" [D:/PhamDuyHoang_LuongVanDai_DA2/CNN_nopad/Pool.cpp:86->D:/PhamDuyHoang_LuongVanDai_DA2/CNN_nopad/CNN.cpp:50]   --->   Operation 34 'urem' 'urem_ln86' <Predicate = true> <Delay = 1.06> <CoreInst = "Divider">   --->   Core 6 'Divider' <Latency = 8> <II = 1> <Delay = 1.06> <FuncUnit> <Opcode : 'udiv' 'sdiv' 'urem' 'srem'> <InPorts = 2> <OutPorts = 1>

State 7 <SV = 6> <Delay = 1.06>
ST_7 : Operation 35 [3/9] (1.06ns)   --->   "%urem_ln86 = urem i5 %select_ln74, i5 10" [D:/PhamDuyHoang_LuongVanDai_DA2/CNN_nopad/Pool.cpp:86->D:/PhamDuyHoang_LuongVanDai_DA2/CNN_nopad/CNN.cpp:50]   --->   Operation 35 'urem' 'urem_ln86' <Predicate = true> <Delay = 1.06> <CoreInst = "Divider">   --->   Core 6 'Divider' <Latency = 8> <II = 1> <Delay = 1.06> <FuncUnit> <Opcode : 'udiv' 'sdiv' 'urem' 'srem'> <InPorts = 2> <OutPorts = 1>

State 8 <SV = 7> <Delay = 3.99>
ST_8 : Operation 36 [1/1] (0.00ns)   --->   "%z_load = load i6 %z" [D:/PhamDuyHoang_LuongVanDai_DA2/CNN_nopad/Pool.cpp:74->D:/PhamDuyHoang_LuongVanDai_DA2/CNN_nopad/CNN.cpp:50]   --->   Operation 36 'load' 'z_load' <Predicate = true> <Delay = 0.00>
ST_8 : Operation 37 [1/1] (0.78ns)   --->   "%add_ln74_1 = add i6 %z_load, i6 1" [D:/PhamDuyHoang_LuongVanDai_DA2/CNN_nopad/Pool.cpp:74->D:/PhamDuyHoang_LuongVanDai_DA2/CNN_nopad/CNN.cpp:50]   --->   Operation 37 'add' 'add_ln74_1' <Predicate = (icmp_ln77)> <Delay = 0.78> <CoreInst = "Adder">   --->   Core 1 'Adder' <Latency = 0> <II = 1> <Delay = 0.78> <FuncUnit> <Opcode : 'add' 'sub'> <InPorts = 2> <OutPorts = 1>
ST_8 : Operation 38 [1/1] (0.38ns)   --->   "%select_ln74_1 = select i1 %icmp_ln77, i6 %add_ln74_1, i6 %z_load" [D:/PhamDuyHoang_LuongVanDai_DA2/CNN_nopad/Pool.cpp:74->D:/PhamDuyHoang_LuongVanDai_DA2/CNN_nopad/CNN.cpp:50]   --->   Operation 38 'select' 'select_ln74_1' <Predicate = true> <Delay = 0.38> <CoreInst = "Sel">   --->   Core 73 'Sel' <Latency = 0> <II = 1> <Delay = 0.38> <FuncUnit> <Opcode : 'select'> <InPorts = 3> <OutPorts = 1>
ST_8 : Operation 39 [1/1] (0.00ns)   --->   "%p_shl = bitconcatenate i11 @_ssdm_op_BitConcatenate.i11.i6.i5, i6 %select_ln74_1, i5 0" [D:/PhamDuyHoang_LuongVanDai_DA2/CNN_nopad/Pool.cpp:74->D:/PhamDuyHoang_LuongVanDai_DA2/CNN_nopad/CNN.cpp:50]   --->   Operation 39 'bitconcatenate' 'p_shl' <Predicate = true> <Delay = 0.00>
ST_8 : Operation 40 [1/1] (0.00ns)   --->   "%tmp = bitconcatenate i9 @_ssdm_op_BitConcatenate.i9.i6.i3, i6 %select_ln74_1, i3 0" [D:/PhamDuyHoang_LuongVanDai_DA2/CNN_nopad/Pool.cpp:74->D:/PhamDuyHoang_LuongVanDai_DA2/CNN_nopad/CNN.cpp:50]   --->   Operation 40 'bitconcatenate' 'tmp' <Predicate = true> <Delay = 0.00>
ST_8 : Operation 41 [1/1] (0.00ns)   --->   "%p_shl4 = zext i9 %tmp" [D:/PhamDuyHoang_LuongVanDai_DA2/CNN_nopad/Pool.cpp:74->D:/PhamDuyHoang_LuongVanDai_DA2/CNN_nopad/CNN.cpp:50]   --->   Operation 41 'zext' 'p_shl4' <Predicate = true> <Delay = 0.00>
ST_8 : Operation 42 [1/1] (0.79ns)   --->   "%empty = add i11 %p_shl, i11 %p_shl4" [D:/PhamDuyHoang_LuongVanDai_DA2/CNN_nopad/Pool.cpp:74->D:/PhamDuyHoang_LuongVanDai_DA2/CNN_nopad/CNN.cpp:50]   --->   Operation 42 'add' 'empty' <Predicate = true> <Delay = 0.79> <CoreInst = "Adder">   --->   Core 1 'Adder' <Latency = 0> <II = 1> <Delay = 0.79> <FuncUnit> <Opcode : 'add' 'sub'> <InPorts = 2> <OutPorts = 1>
ST_8 : Operation 43 [1/1] (0.00ns)   --->   "%tmp_s = partselect i10 @_ssdm_op_PartSelect.i10.i11.i32.i32, i11 %empty, i32 1, i32 10" [D:/PhamDuyHoang_LuongVanDai_DA2/CNN_nopad/Pool.cpp:74->D:/PhamDuyHoang_LuongVanDai_DA2/CNN_nopad/CNN.cpp:50]   --->   Operation 43 'partselect' 'tmp_s' <Predicate = true> <Delay = 0.00>
ST_8 : Operation 44 [1/1] (0.00ns)   --->   "%tmp_1 = bitconcatenate i11 @_ssdm_op_BitConcatenate.i11.i10.i1, i10 %tmp_s, i1 1" [D:/PhamDuyHoang_LuongVanDai_DA2/CNN_nopad/Pool.cpp:74->D:/PhamDuyHoang_LuongVanDai_DA2/CNN_nopad/CNN.cpp:50]   --->   Operation 44 'bitconcatenate' 'tmp_1' <Predicate = true> <Delay = 0.00>
ST_8 : Operation 45 [1/1] (0.00ns) (grouped into LUT with out node add_ln86)   --->   "%empty_192 = shl i6 %select_ln74_1, i6 1" [D:/PhamDuyHoang_LuongVanDai_DA2/CNN_nopad/Pool.cpp:74->D:/PhamDuyHoang_LuongVanDai_DA2/CNN_nopad/CNN.cpp:50]   --->   Operation 45 'shl' 'empty_192' <Predicate = true> <Delay = 0.00>
ST_8 : Operation 46 [1/1] (0.00ns)   --->   "%tmp_2 = bitconcatenate i6 @_ssdm_op_BitConcatenate.i6.i5.i1, i5 %select_ln74, i1 0" [D:/PhamDuyHoang_LuongVanDai_DA2/CNN_nopad/Pool.cpp:74->D:/PhamDuyHoang_LuongVanDai_DA2/CNN_nopad/CNN.cpp:50]   --->   Operation 46 'bitconcatenate' 'tmp_2' <Predicate = true> <Delay = 0.00>
ST_8 : Operation 47 [1/1] (0.00ns)   --->   "%zext_ln81 = zext i6 %tmp_2" [D:/PhamDuyHoang_LuongVanDai_DA2/CNN_nopad/Pool.cpp:81->D:/PhamDuyHoang_LuongVanDai_DA2/CNN_nopad/CNN.cpp:50]   --->   Operation 47 'zext' 'zext_ln81' <Predicate = true> <Delay = 0.00>
ST_8 : Operation 48 [1/1] (0.79ns)   --->   "%add_ln81 = add i11 %zext_ln81, i11 %empty" [D:/PhamDuyHoang_LuongVanDai_DA2/CNN_nopad/Pool.cpp:81->D:/PhamDuyHoang_LuongVanDai_DA2/CNN_nopad/CNN.cpp:50]   --->   Operation 48 'add' 'add_ln81' <Predicate = true> <Delay = 0.79> <CoreInst = "Adder">   --->   Core 1 'Adder' <Latency = 0> <II = 1> <Delay = 0.79> <FuncUnit> <Opcode : 'add' 'sub'> <InPorts = 2> <OutPorts = 1>
ST_8 : Operation 49 [1/1] (0.00ns)   --->   "%zext_ln82 = zext i11 %add_ln81" [D:/PhamDuyHoang_LuongVanDai_DA2/CNN_nopad/Pool.cpp:82->D:/PhamDuyHoang_LuongVanDai_DA2/CNN_nopad/CNN.cpp:50]   --->   Operation 49 'zext' 'zext_ln82' <Predicate = true> <Delay = 0.00>
ST_8 : Operation 50 [1/1] (0.00ns)   --->   "%OutConv7_addr = getelementptr i16 %OutConv7, i64 0, i64 %zext_ln82" [D:/PhamDuyHoang_LuongVanDai_DA2/CNN_nopad/Pool.cpp:82->D:/PhamDuyHoang_LuongVanDai_DA2/CNN_nopad/CNN.cpp:50]   --->   Operation 50 'getelementptr' 'OutConv7_addr' <Predicate = true> <Delay = 0.00>
ST_8 : Operation 51 [2/2] (1.23ns)   --->   "%pool_value = load i11 %OutConv7_addr" [D:/PhamDuyHoang_LuongVanDai_DA2/CNN_nopad/Pool.cpp:82->D:/PhamDuyHoang_LuongVanDai_DA2/CNN_nopad/CNN.cpp:50]   --->   Operation 51 'load' 'pool_value' <Predicate = true> <Delay = 1.23> <CoreInst = "RAM">   --->   Core 82 'RAM' <Latency = 1> <II = 1> <Delay = 1.23> <Storage> <Opcode : 'load' 'store'> <Ports = 2> <Width = 16> <Depth = 1280> <RAM>
ST_8 : Operation 52 [1/1] (0.79ns)   --->   "%add_ln81_1 = add i11 %zext_ln81, i11 %tmp_1" [D:/PhamDuyHoang_LuongVanDai_DA2/CNN_nopad/Pool.cpp:81->D:/PhamDuyHoang_LuongVanDai_DA2/CNN_nopad/CNN.cpp:50]   --->   Operation 52 'add' 'add_ln81_1' <Predicate = true> <Delay = 0.79> <CoreInst = "Adder">   --->   Core 1 'Adder' <Latency = 0> <II = 1> <Delay = 0.79> <FuncUnit> <Opcode : 'add' 'sub'> <InPorts = 2> <OutPorts = 1>
ST_8 : Operation 53 [1/1] (0.00ns)   --->   "%zext_ln82_1 = zext i11 %add_ln81_1" [D:/PhamDuyHoang_LuongVanDai_DA2/CNN_nopad/Pool.cpp:82->D:/PhamDuyHoang_LuongVanDai_DA2/CNN_nopad/CNN.cpp:50]   --->   Operation 53 'zext' 'zext_ln82_1' <Predicate = true> <Delay = 0.00>
ST_8 : Operation 54 [1/1] (0.00ns)   --->   "%OutConv7_addr_1 = getelementptr i16 %OutConv7, i64 0, i64 %zext_ln82_1" [D:/PhamDuyHoang_LuongVanDai_DA2/CNN_nopad/Pool.cpp:82->D:/PhamDuyHoang_LuongVanDai_DA2/CNN_nopad/CNN.cpp:50]   --->   Operation 54 'getelementptr' 'OutConv7_addr_1' <Predicate = true> <Delay = 0.00>
ST_8 : Operation 55 [2/2] (1.23ns)   --->   "%pool_value_1 = load i11 %OutConv7_addr_1" [D:/PhamDuyHoang_LuongVanDai_DA2/CNN_nopad/Pool.cpp:82->D:/PhamDuyHoang_LuongVanDai_DA2/CNN_nopad/CNN.cpp:50]   --->   Operation 55 'load' 'pool_value_1' <Predicate = true> <Delay = 1.23> <CoreInst = "RAM">   --->   Core 82 'RAM' <Latency = 1> <II = 1> <Delay = 1.23> <Storage> <Opcode : 'load' 'store'> <Ports = 2> <Width = 16> <Depth = 1280> <RAM>
ST_8 : Operation 56 [1/1] (0.00ns)   --->   "%zext_ln86 = zext i5 %select_ln74" [D:/PhamDuyHoang_LuongVanDai_DA2/CNN_nopad/Pool.cpp:86->D:/PhamDuyHoang_LuongVanDai_DA2/CNN_nopad/CNN.cpp:50]   --->   Operation 56 'zext' 'zext_ln86' <Predicate = true> <Delay = 0.00>
ST_8 : Operation 57 [1/1] (1.51ns)   --->   "%mul_ln86 = mul i11 %zext_ln86, i11 52" [D:/PhamDuyHoang_LuongVanDai_DA2/CNN_nopad/Pool.cpp:86->D:/PhamDuyHoang_LuongVanDai_DA2/CNN_nopad/CNN.cpp:50]   --->   Operation 57 'mul' 'mul_ln86' <Predicate = true> <Delay = 1.51> <CoreInst = "Multiplier">   --->   Core 3 'Multiplier' <Latency = 0> <II = 1> <Delay = 1.51> <FuncUnit> <Opcode : 'mul'> <InPorts = 2> <OutPorts = 1>
ST_8 : Operation 58 [1/1] (0.00ns) (grouped into LUT with out node add_ln86)   --->   "%tmp_3 = partselect i2 @_ssdm_op_PartSelect.i2.i11.i32.i32, i11 %mul_ln86, i32 9, i32 10" [D:/PhamDuyHoang_LuongVanDai_DA2/CNN_nopad/Pool.cpp:86->D:/PhamDuyHoang_LuongVanDai_DA2/CNN_nopad/CNN.cpp:50]   --->   Operation 58 'partselect' 'tmp_3' <Predicate = true> <Delay = 0.00>
ST_8 : Operation 59 [1/1] (0.00ns) (grouped into LUT with out node add_ln86)   --->   "%zext_ln86_1 = zext i2 %tmp_3" [D:/PhamDuyHoang_LuongVanDai_DA2/CNN_nopad/Pool.cpp:86->D:/PhamDuyHoang_LuongVanDai_DA2/CNN_nopad/CNN.cpp:50]   --->   Operation 59 'zext' 'zext_ln86_1' <Predicate = true> <Delay = 0.00>
ST_8 : Operation 60 [1/1] (0.78ns) (out node of the LUT)   --->   "%add_ln86 = add i6 %zext_ln86_1, i6 %empty_192" [D:/PhamDuyHoang_LuongVanDai_DA2/CNN_nopad/Pool.cpp:86->D:/PhamDuyHoang_LuongVanDai_DA2/CNN_nopad/CNN.cpp:50]   --->   Operation 60 'add' 'add_ln86' <Predicate = true> <Delay = 0.78> <CoreInst = "Adder">   --->   Core 1 'Adder' <Latency = 0> <II = 1> <Delay = 0.78> <FuncUnit> <Opcode : 'add' 'sub'> <InPorts = 2> <OutPorts = 1>
ST_8 : Operation 61 [2/9] (1.06ns)   --->   "%urem_ln86 = urem i5 %select_ln74, i5 10" [D:/PhamDuyHoang_LuongVanDai_DA2/CNN_nopad/Pool.cpp:86->D:/PhamDuyHoang_LuongVanDai_DA2/CNN_nopad/CNN.cpp:50]   --->   Operation 61 'urem' 'urem_ln86' <Predicate = true> <Delay = 1.06> <CoreInst = "Divider">   --->   Core 6 'Divider' <Latency = 8> <II = 1> <Delay = 1.06> <FuncUnit> <Opcode : 'udiv' 'sdiv' 'urem' 'srem'> <InPorts = 2> <OutPorts = 1>
ST_8 : Operation 62 [1/1] (0.42ns)   --->   "%store_ln74 = store i6 %select_ln74_1, i6 %z" [D:/PhamDuyHoang_LuongVanDai_DA2/CNN_nopad/Pool.cpp:74->D:/PhamDuyHoang_LuongVanDai_DA2/CNN_nopad/CNN.cpp:50]   --->   Operation 62 'store' 'store_ln74' <Predicate = true> <Delay = 0.42>
ST_8 : Operation 63 [1/1] (0.00ns)   --->   "%br_ln77 = br void %if.end.i.i.i.i483" [D:/PhamDuyHoang_LuongVanDai_DA2/CNN_nopad/Pool.cpp:77->D:/PhamDuyHoang_LuongVanDai_DA2/CNN_nopad/CNN.cpp:50]   --->   Operation 63 'br' 'br_ln77' <Predicate = true> <Delay = 0.00>
ST_8 : Operation 107 [1/1] (0.42ns)   --->   "%ret_ln0 = ret"   --->   Operation 107 'ret' 'ret_ln0' <Predicate = (icmp_ln74)> <Delay = 0.42>

State 9 <SV = 8> <Delay = 4.89>
ST_9 : Operation 64 [1/1] (0.00ns)   --->   "%specloopname_ln0 = specloopname void @_ssdm_op_SpecLoopName, void @loop_for_channel_pool_3_loop_for_weight_pool_3_str"   --->   Operation 64 'specloopname' 'specloopname_ln0' <Predicate = true> <Delay = 0.00>
ST_9 : Operation 65 [1/1] (0.00ns)   --->   "%speclooptripcount_ln0 = speclooptripcount void @_ssdm_op_SpecLoopTripCount, i64 640, i64 640, i64 640"   --->   Operation 65 'speclooptripcount' 'speclooptripcount_ln0' <Predicate = true> <Delay = 0.00>
ST_9 : Operation 66 [1/1] (0.00ns)   --->   "%specpipeline_ln72 = specpipeline void @_ssdm_op_SpecPipeline, i32 4294967295, i32 0, i32 0, i32 0, void @empty_12" [D:/PhamDuyHoang_LuongVanDai_DA2/CNN_nopad/Pool.cpp:72->D:/PhamDuyHoang_LuongVanDai_DA2/CNN_nopad/CNN.cpp:50]   --->   Operation 66 'specpipeline' 'specpipeline_ln72' <Predicate = true> <Delay = 0.00>
ST_9 : Operation 67 [1/2] ( I:1.23ns O:1.23ns )   --->   "%pool_value = load i11 %OutConv7_addr" [D:/PhamDuyHoang_LuongVanDai_DA2/CNN_nopad/Pool.cpp:82->D:/PhamDuyHoang_LuongVanDai_DA2/CNN_nopad/CNN.cpp:50]   --->   Operation 67 'load' 'pool_value' <Predicate = true> <Delay = 1.23> <CoreInst = "RAM">   --->   Core 82 'RAM' <Latency = 1> <II = 1> <Delay = 1.23> <Storage> <Opcode : 'load' 'store'> <Ports = 2> <Width = 16> <Depth = 1280> <RAM>
ST_9 : Operation 68 [1/1] (0.85ns)   --->   "%icmp_ln83 = icmp_sgt  i16 %pool_value, i16 62976" [D:/PhamDuyHoang_LuongVanDai_DA2/CNN_nopad/Pool.cpp:83->D:/PhamDuyHoang_LuongVanDai_DA2/CNN_nopad/CNN.cpp:50]   --->   Operation 68 'icmp' 'icmp_ln83' <Predicate = true> <Delay = 0.85> <CoreInst = "Cmp">   --->   Core 9 'Cmp' <Latency = 0> <II = 1> <Delay = 0.85> <FuncUnit> <Opcode : 'seteq' 'setne' 'setle' 'setge' 'setlt' 'setgt'> <InPorts = 2> <OutPorts = 1>
ST_9 : Operation 69 [1/1] (0.35ns)   --->   "%max = select i1 %icmp_ln83, i16 %pool_value, i16 62976" [D:/PhamDuyHoang_LuongVanDai_DA2/CNN_nopad/Pool.cpp:83->D:/PhamDuyHoang_LuongVanDai_DA2/CNN_nopad/CNN.cpp:50]   --->   Operation 69 'select' 'max' <Predicate = true> <Delay = 0.35> <CoreInst = "Sel">   --->   Core 73 'Sel' <Latency = 0> <II = 1> <Delay = 0.35> <FuncUnit> <Opcode : 'select'> <InPorts = 3> <OutPorts = 1>
ST_9 : Operation 70 [1/2] ( I:1.23ns O:1.23ns )   --->   "%pool_value_1 = load i11 %OutConv7_addr_1" [D:/PhamDuyHoang_LuongVanDai_DA2/CNN_nopad/Pool.cpp:82->D:/PhamDuyHoang_LuongVanDai_DA2/CNN_nopad/CNN.cpp:50]   --->   Operation 70 'load' 'pool_value_1' <Predicate = true> <Delay = 1.23> <CoreInst = "RAM">   --->   Core 82 'RAM' <Latency = 1> <II = 1> <Delay = 1.23> <Storage> <Opcode : 'load' 'store'> <Ports = 2> <Width = 16> <Depth = 1280> <RAM>
ST_9 : Operation 71 [1/1] (0.85ns)   --->   "%icmp_ln83_1 = icmp_sgt  i16 %pool_value_1, i16 %max" [D:/PhamDuyHoang_LuongVanDai_DA2/CNN_nopad/Pool.cpp:83->D:/PhamDuyHoang_LuongVanDai_DA2/CNN_nopad/CNN.cpp:50]   --->   Operation 71 'icmp' 'icmp_ln83_1' <Predicate = true> <Delay = 0.85> <CoreInst = "Cmp">   --->   Core 9 'Cmp' <Latency = 0> <II = 1> <Delay = 0.85> <FuncUnit> <Opcode : 'seteq' 'setne' 'setle' 'setge' 'setlt' 'setgt'> <InPorts = 2> <OutPorts = 1>
ST_9 : Operation 72 [1/1] (0.35ns)   --->   "%max_1 = select i1 %icmp_ln83_1, i16 %pool_value_1, i16 %max" [D:/PhamDuyHoang_LuongVanDai_DA2/CNN_nopad/Pool.cpp:83->D:/PhamDuyHoang_LuongVanDai_DA2/CNN_nopad/CNN.cpp:50]   --->   Operation 72 'select' 'max_1' <Predicate = true> <Delay = 0.35> <CoreInst = "Sel">   --->   Core 73 'Sel' <Latency = 0> <II = 1> <Delay = 0.35> <FuncUnit> <Opcode : 'select'> <InPorts = 3> <OutPorts = 1>
ST_9 : Operation 73 [1/1] (0.00ns)   --->   "%zext_ln86_2 = zext i6 %add_ln86" [D:/PhamDuyHoang_LuongVanDai_DA2/CNN_nopad/Pool.cpp:86->D:/PhamDuyHoang_LuongVanDai_DA2/CNN_nopad/CNN.cpp:50]   --->   Operation 73 'zext' 'zext_ln86_2' <Predicate = true> <Delay = 0.00>
ST_9 : Operation 74 [1/9] (1.06ns)   --->   "%urem_ln86 = urem i5 %select_ln74, i5 10" [D:/PhamDuyHoang_LuongVanDai_DA2/CNN_nopad/Pool.cpp:86->D:/PhamDuyHoang_LuongVanDai_DA2/CNN_nopad/CNN.cpp:50]   --->   Operation 74 'urem' 'urem_ln86' <Predicate = true> <Delay = 1.06> <CoreInst = "Divider">   --->   Core 6 'Divider' <Latency = 8> <II = 1> <Delay = 1.06> <FuncUnit> <Opcode : 'udiv' 'sdiv' 'urem' 'srem'> <InPorts = 2> <OutPorts = 1>
ST_9 : Operation 75 [1/1] (0.00ns)   --->   "%trunc_ln86 = trunc i4 %urem_ln86" [D:/PhamDuyHoang_LuongVanDai_DA2/CNN_nopad/Pool.cpp:86->D:/PhamDuyHoang_LuongVanDai_DA2/CNN_nopad/CNN.cpp:50]   --->   Operation 75 'trunc' 'trunc_ln86' <Predicate = true> <Delay = 0.00>
ST_9 : Operation 76 [1/1] (0.00ns)   --->   "%OutPool3_addr = getelementptr i16 %OutPool3, i64 0, i64 %zext_ln86_2" [D:/PhamDuyHoang_LuongVanDai_DA2/CNN_nopad/Pool.cpp:86->D:/PhamDuyHoang_LuongVanDai_DA2/CNN_nopad/CNN.cpp:50]   --->   Operation 76 'getelementptr' 'OutPool3_addr' <Predicate = true> <Delay = 0.00>
ST_9 : Operation 77 [1/1] (0.00ns)   --->   "%OutPool3_1_addr = getelementptr i16 %OutPool3_1, i64 0, i64 %zext_ln86_2" [D:/PhamDuyHoang_LuongVanDai_DA2/CNN_nopad/Pool.cpp:86->D:/PhamDuyHoang_LuongVanDai_DA2/CNN_nopad/CNN.cpp:50]   --->   Operation 77 'getelementptr' 'OutPool3_1_addr' <Predicate = true> <Delay = 0.00>
ST_9 : Operation 78 [1/1] (0.00ns)   --->   "%OutPool3_2_addr = getelementptr i16 %OutPool3_2, i64 0, i64 %zext_ln86_2" [D:/PhamDuyHoang_LuongVanDai_DA2/CNN_nopad/Pool.cpp:86->D:/PhamDuyHoang_LuongVanDai_DA2/CNN_nopad/CNN.cpp:50]   --->   Operation 78 'getelementptr' 'OutPool3_2_addr' <Predicate = true> <Delay = 0.00>
ST_9 : Operation 79 [1/1] (0.00ns)   --->   "%OutPool3_3_addr = getelementptr i16 %OutPool3_3, i64 0, i64 %zext_ln86_2" [D:/PhamDuyHoang_LuongVanDai_DA2/CNN_nopad/Pool.cpp:86->D:/PhamDuyHoang_LuongVanDai_DA2/CNN_nopad/CNN.cpp:50]   --->   Operation 79 'getelementptr' 'OutPool3_3_addr' <Predicate = true> <Delay = 0.00>
ST_9 : Operation 80 [1/1] (0.00ns)   --->   "%OutPool3_4_addr = getelementptr i16 %OutPool3_4, i64 0, i64 %zext_ln86_2" [D:/PhamDuyHoang_LuongVanDai_DA2/CNN_nopad/Pool.cpp:86->D:/PhamDuyHoang_LuongVanDai_DA2/CNN_nopad/CNN.cpp:50]   --->   Operation 80 'getelementptr' 'OutPool3_4_addr' <Predicate = true> <Delay = 0.00>
ST_9 : Operation 81 [1/1] (0.00ns)   --->   "%OutPool3_5_addr = getelementptr i16 %OutPool3_5, i64 0, i64 %zext_ln86_2" [D:/PhamDuyHoang_LuongVanDai_DA2/CNN_nopad/Pool.cpp:86->D:/PhamDuyHoang_LuongVanDai_DA2/CNN_nopad/CNN.cpp:50]   --->   Operation 81 'getelementptr' 'OutPool3_5_addr' <Predicate = true> <Delay = 0.00>
ST_9 : Operation 82 [1/1] (0.00ns)   --->   "%OutPool3_6_addr = getelementptr i16 %OutPool3_6, i64 0, i64 %zext_ln86_2" [D:/PhamDuyHoang_LuongVanDai_DA2/CNN_nopad/Pool.cpp:86->D:/PhamDuyHoang_LuongVanDai_DA2/CNN_nopad/CNN.cpp:50]   --->   Operation 82 'getelementptr' 'OutPool3_6_addr' <Predicate = true> <Delay = 0.00>
ST_9 : Operation 83 [1/1] (0.00ns)   --->   "%OutPool3_7_addr = getelementptr i16 %OutPool3_7, i64 0, i64 %zext_ln86_2" [D:/PhamDuyHoang_LuongVanDai_DA2/CNN_nopad/Pool.cpp:86->D:/PhamDuyHoang_LuongVanDai_DA2/CNN_nopad/CNN.cpp:50]   --->   Operation 83 'getelementptr' 'OutPool3_7_addr' <Predicate = true> <Delay = 0.00>
ST_9 : Operation 84 [1/1] (0.00ns)   --->   "%OutPool3_8_addr = getelementptr i16 %OutPool3_8, i64 0, i64 %zext_ln86_2" [D:/PhamDuyHoang_LuongVanDai_DA2/CNN_nopad/Pool.cpp:86->D:/PhamDuyHoang_LuongVanDai_DA2/CNN_nopad/CNN.cpp:50]   --->   Operation 84 'getelementptr' 'OutPool3_8_addr' <Predicate = true> <Delay = 0.00>
ST_9 : Operation 85 [1/1] (0.00ns)   --->   "%OutPool3_9_addr = getelementptr i16 %OutPool3_9, i64 0, i64 %zext_ln86_2" [D:/PhamDuyHoang_LuongVanDai_DA2/CNN_nopad/Pool.cpp:86->D:/PhamDuyHoang_LuongVanDai_DA2/CNN_nopad/CNN.cpp:50]   --->   Operation 85 'getelementptr' 'OutPool3_9_addr' <Predicate = true> <Delay = 0.00>
ST_9 : Operation 86 [1/1] (0.79ns)   --->   "%switch_ln86 = switch i4 %trunc_ln86, void %arrayidx14.i493616.case.9, i4 0, void %arrayidx14.i493616.case.0, i4 1, void %arrayidx14.i493616.case.1, i4 2, void %arrayidx14.i493616.case.2, i4 3, void %arrayidx14.i493616.case.3, i4 4, void %arrayidx14.i493616.case.4, i4 5, void %arrayidx14.i493616.case.5, i4 6, void %arrayidx14.i493616.case.6, i4 7, void %arrayidx14.i493616.case.7, i4 8, void %arrayidx14.i493616.case.8" [D:/PhamDuyHoang_LuongVanDai_DA2/CNN_nopad/Pool.cpp:86->D:/PhamDuyHoang_LuongVanDai_DA2/CNN_nopad/CNN.cpp:50]   --->   Operation 86 'switch' 'switch_ln86' <Predicate = true> <Delay = 0.79>
ST_9 : Operation 87 [1/1] ( I:1.23ns O:1.23ns )   --->   "%store_ln86 = store i16 %max_1, i6 %OutPool3_8_addr" [D:/PhamDuyHoang_LuongVanDai_DA2/CNN_nopad/Pool.cpp:86->D:/PhamDuyHoang_LuongVanDai_DA2/CNN_nopad/CNN.cpp:50]   --->   Operation 87 'store' 'store_ln86' <Predicate = (trunc_ln86 == 8)> <Delay = 1.23> <CoreInst = "RAM">   --->   Core 82 'RAM' <Latency = 1> <II = 1> <Delay = 1.23> <Storage> <Opcode : 'load' 'store'> <Ports = 2> <Width = 16> <Depth = 64> <RAM>
ST_9 : Operation 88 [1/1] (0.00ns)   --->   "%br_ln86 = br void %arrayidx14.i493616.exit" [D:/PhamDuyHoang_LuongVanDai_DA2/CNN_nopad/Pool.cpp:86->D:/PhamDuyHoang_LuongVanDai_DA2/CNN_nopad/CNN.cpp:50]   --->   Operation 88 'br' 'br_ln86' <Predicate = (trunc_ln86 == 8)> <Delay = 0.00>
ST_9 : Operation 89 [1/1] ( I:1.23ns O:1.23ns )   --->   "%store_ln86 = store i16 %max_1, i6 %OutPool3_7_addr" [D:/PhamDuyHoang_LuongVanDai_DA2/CNN_nopad/Pool.cpp:86->D:/PhamDuyHoang_LuongVanDai_DA2/CNN_nopad/CNN.cpp:50]   --->   Operation 89 'store' 'store_ln86' <Predicate = (trunc_ln86 == 7)> <Delay = 1.23> <CoreInst = "RAM">   --->   Core 82 'RAM' <Latency = 1> <II = 1> <Delay = 1.23> <Storage> <Opcode : 'load' 'store'> <Ports = 2> <Width = 16> <Depth = 64> <RAM>
ST_9 : Operation 90 [1/1] (0.00ns)   --->   "%br_ln86 = br void %arrayidx14.i493616.exit" [D:/PhamDuyHoang_LuongVanDai_DA2/CNN_nopad/Pool.cpp:86->D:/PhamDuyHoang_LuongVanDai_DA2/CNN_nopad/CNN.cpp:50]   --->   Operation 90 'br' 'br_ln86' <Predicate = (trunc_ln86 == 7)> <Delay = 0.00>
ST_9 : Operation 91 [1/1] ( I:1.23ns O:1.23ns )   --->   "%store_ln86 = store i16 %max_1, i6 %OutPool3_6_addr" [D:/PhamDuyHoang_LuongVanDai_DA2/CNN_nopad/Pool.cpp:86->D:/PhamDuyHoang_LuongVanDai_DA2/CNN_nopad/CNN.cpp:50]   --->   Operation 91 'store' 'store_ln86' <Predicate = (trunc_ln86 == 6)> <Delay = 1.23> <CoreInst = "RAM">   --->   Core 82 'RAM' <Latency = 1> <II = 1> <Delay = 1.23> <Storage> <Opcode : 'load' 'store'> <Ports = 2> <Width = 16> <Depth = 64> <RAM>
ST_9 : Operation 92 [1/1] (0.00ns)   --->   "%br_ln86 = br void %arrayidx14.i493616.exit" [D:/PhamDuyHoang_LuongVanDai_DA2/CNN_nopad/Pool.cpp:86->D:/PhamDuyHoang_LuongVanDai_DA2/CNN_nopad/CNN.cpp:50]   --->   Operation 92 'br' 'br_ln86' <Predicate = (trunc_ln86 == 6)> <Delay = 0.00>
ST_9 : Operation 93 [1/1] ( I:1.23ns O:1.23ns )   --->   "%store_ln86 = store i16 %max_1, i6 %OutPool3_5_addr" [D:/PhamDuyHoang_LuongVanDai_DA2/CNN_nopad/Pool.cpp:86->D:/PhamDuyHoang_LuongVanDai_DA2/CNN_nopad/CNN.cpp:50]   --->   Operation 93 'store' 'store_ln86' <Predicate = (trunc_ln86 == 5)> <Delay = 1.23> <CoreInst = "RAM">   --->   Core 82 'RAM' <Latency = 1> <II = 1> <Delay = 1.23> <Storage> <Opcode : 'load' 'store'> <Ports = 2> <Width = 16> <Depth = 64> <RAM>
ST_9 : Operation 94 [1/1] (0.00ns)   --->   "%br_ln86 = br void %arrayidx14.i493616.exit" [D:/PhamDuyHoang_LuongVanDai_DA2/CNN_nopad/Pool.cpp:86->D:/PhamDuyHoang_LuongVanDai_DA2/CNN_nopad/CNN.cpp:50]   --->   Operation 94 'br' 'br_ln86' <Predicate = (trunc_ln86 == 5)> <Delay = 0.00>
ST_9 : Operation 95 [1/1] ( I:1.23ns O:1.23ns )   --->   "%store_ln86 = store i16 %max_1, i6 %OutPool3_4_addr" [D:/PhamDuyHoang_LuongVanDai_DA2/CNN_nopad/Pool.cpp:86->D:/PhamDuyHoang_LuongVanDai_DA2/CNN_nopad/CNN.cpp:50]   --->   Operation 95 'store' 'store_ln86' <Predicate = (trunc_ln86 == 4)> <Delay = 1.23> <CoreInst = "RAM">   --->   Core 82 'RAM' <Latency = 1> <II = 1> <Delay = 1.23> <Storage> <Opcode : 'load' 'store'> <Ports = 2> <Width = 16> <Depth = 64> <RAM>
ST_9 : Operation 96 [1/1] (0.00ns)   --->   "%br_ln86 = br void %arrayidx14.i493616.exit" [D:/PhamDuyHoang_LuongVanDai_DA2/CNN_nopad/Pool.cpp:86->D:/PhamDuyHoang_LuongVanDai_DA2/CNN_nopad/CNN.cpp:50]   --->   Operation 96 'br' 'br_ln86' <Predicate = (trunc_ln86 == 4)> <Delay = 0.00>
ST_9 : Operation 97 [1/1] ( I:1.23ns O:1.23ns )   --->   "%store_ln86 = store i16 %max_1, i6 %OutPool3_3_addr" [D:/PhamDuyHoang_LuongVanDai_DA2/CNN_nopad/Pool.cpp:86->D:/PhamDuyHoang_LuongVanDai_DA2/CNN_nopad/CNN.cpp:50]   --->   Operation 97 'store' 'store_ln86' <Predicate = (trunc_ln86 == 3)> <Delay = 1.23> <CoreInst = "RAM">   --->   Core 82 'RAM' <Latency = 1> <II = 1> <Delay = 1.23> <Storage> <Opcode : 'load' 'store'> <Ports = 2> <Width = 16> <Depth = 64> <RAM>
ST_9 : Operation 98 [1/1] (0.00ns)   --->   "%br_ln86 = br void %arrayidx14.i493616.exit" [D:/PhamDuyHoang_LuongVanDai_DA2/CNN_nopad/Pool.cpp:86->D:/PhamDuyHoang_LuongVanDai_DA2/CNN_nopad/CNN.cpp:50]   --->   Operation 98 'br' 'br_ln86' <Predicate = (trunc_ln86 == 3)> <Delay = 0.00>
ST_9 : Operation 99 [1/1] ( I:1.23ns O:1.23ns )   --->   "%store_ln86 = store i16 %max_1, i6 %OutPool3_2_addr" [D:/PhamDuyHoang_LuongVanDai_DA2/CNN_nopad/Pool.cpp:86->D:/PhamDuyHoang_LuongVanDai_DA2/CNN_nopad/CNN.cpp:50]   --->   Operation 99 'store' 'store_ln86' <Predicate = (trunc_ln86 == 2)> <Delay = 1.23> <CoreInst = "RAM">   --->   Core 82 'RAM' <Latency = 1> <II = 1> <Delay = 1.23> <Storage> <Opcode : 'load' 'store'> <Ports = 2> <Width = 16> <Depth = 64> <RAM>
ST_9 : Operation 100 [1/1] (0.00ns)   --->   "%br_ln86 = br void %arrayidx14.i493616.exit" [D:/PhamDuyHoang_LuongVanDai_DA2/CNN_nopad/Pool.cpp:86->D:/PhamDuyHoang_LuongVanDai_DA2/CNN_nopad/CNN.cpp:50]   --->   Operation 100 'br' 'br_ln86' <Predicate = (trunc_ln86 == 2)> <Delay = 0.00>
ST_9 : Operation 101 [1/1] ( I:1.23ns O:1.23ns )   --->   "%store_ln86 = store i16 %max_1, i6 %OutPool3_1_addr" [D:/PhamDuyHoang_LuongVanDai_DA2/CNN_nopad/Pool.cpp:86->D:/PhamDuyHoang_LuongVanDai_DA2/CNN_nopad/CNN.cpp:50]   --->   Operation 101 'store' 'store_ln86' <Predicate = (trunc_ln86 == 1)> <Delay = 1.23> <CoreInst = "RAM">   --->   Core 82 'RAM' <Latency = 1> <II = 1> <Delay = 1.23> <Storage> <Opcode : 'load' 'store'> <Ports = 2> <Width = 16> <Depth = 64> <RAM>
ST_9 : Operation 102 [1/1] (0.00ns)   --->   "%br_ln86 = br void %arrayidx14.i493616.exit" [D:/PhamDuyHoang_LuongVanDai_DA2/CNN_nopad/Pool.cpp:86->D:/PhamDuyHoang_LuongVanDai_DA2/CNN_nopad/CNN.cpp:50]   --->   Operation 102 'br' 'br_ln86' <Predicate = (trunc_ln86 == 1)> <Delay = 0.00>
ST_9 : Operation 103 [1/1] ( I:1.23ns O:1.23ns )   --->   "%store_ln86 = store i16 %max_1, i6 %OutPool3_addr" [D:/PhamDuyHoang_LuongVanDai_DA2/CNN_nopad/Pool.cpp:86->D:/PhamDuyHoang_LuongVanDai_DA2/CNN_nopad/CNN.cpp:50]   --->   Operation 103 'store' 'store_ln86' <Predicate = (trunc_ln86 == 0)> <Delay = 1.23> <CoreInst = "RAM">   --->   Core 82 'RAM' <Latency = 1> <II = 1> <Delay = 1.23> <Storage> <Opcode : 'load' 'store'> <Ports = 2> <Width = 16> <Depth = 64> <RAM>
ST_9 : Operation 104 [1/1] (0.00ns)   --->   "%br_ln86 = br void %arrayidx14.i493616.exit" [D:/PhamDuyHoang_LuongVanDai_DA2/CNN_nopad/Pool.cpp:86->D:/PhamDuyHoang_LuongVanDai_DA2/CNN_nopad/CNN.cpp:50]   --->   Operation 104 'br' 'br_ln86' <Predicate = (trunc_ln86 == 0)> <Delay = 0.00>
ST_9 : Operation 105 [1/1] ( I:1.23ns O:1.23ns )   --->   "%store_ln86 = store i16 %max_1, i6 %OutPool3_9_addr" [D:/PhamDuyHoang_LuongVanDai_DA2/CNN_nopad/Pool.cpp:86->D:/PhamDuyHoang_LuongVanDai_DA2/CNN_nopad/CNN.cpp:50]   --->   Operation 105 'store' 'store_ln86' <Predicate = (trunc_ln86 != 0 & trunc_ln86 != 1 & trunc_ln86 != 2 & trunc_ln86 != 3 & trunc_ln86 != 4 & trunc_ln86 != 5 & trunc_ln86 != 6 & trunc_ln86 != 7 & trunc_ln86 != 8)> <Delay = 1.23> <CoreInst = "RAM">   --->   Core 82 'RAM' <Latency = 1> <II = 1> <Delay = 1.23> <Storage> <Opcode : 'load' 'store'> <Ports = 2> <Width = 16> <Depth = 64> <RAM>
ST_9 : Operation 106 [1/1] (0.00ns)   --->   "%br_ln86 = br void %arrayidx14.i493616.exit" [D:/PhamDuyHoang_LuongVanDai_DA2/CNN_nopad/Pool.cpp:86->D:/PhamDuyHoang_LuongVanDai_DA2/CNN_nopad/CNN.cpp:50]   --->   Operation 106 'br' 'br_ln86' <Predicate = (trunc_ln86 != 0 & trunc_ln86 != 1 & trunc_ln86 != 2 & trunc_ln86 != 3 & trunc_ln86 != 4 & trunc_ln86 != 5 & trunc_ln86 != 6 & trunc_ln86 != 7 & trunc_ln86 != 8)> <Delay = 0.00>


============================================================
+ Verbose Summary: Timing violations
============================================================
Target clock period: 10.000ns, clock uncertainty: 2.700ns.

 <State 1>: 2.846ns
The critical path consists of the following:
	'store' operation 0 bit ('store_ln77', D:/PhamDuyHoang_LuongVanDai_DA2/CNN_nopad/Pool.cpp:77->D:/PhamDuyHoang_LuongVanDai_DA2/CNN_nopad/CNN.cpp:50) of constant 0 on local variable 'y', D:/PhamDuyHoang_LuongVanDai_DA2/CNN_nopad/Pool.cpp:77->D:/PhamDuyHoang_LuongVanDai_DA2/CNN_nopad/CNN.cpp:50 [17]  (0.427 ns)
	'load' operation 5 bit ('y_load', D:/PhamDuyHoang_LuongVanDai_DA2/CNN_nopad/Pool.cpp:77->D:/PhamDuyHoang_LuongVanDai_DA2/CNN_nopad/CNN.cpp:50) on local variable 'y', D:/PhamDuyHoang_LuongVanDai_DA2/CNN_nopad/Pool.cpp:77->D:/PhamDuyHoang_LuongVanDai_DA2/CNN_nopad/CNN.cpp:50 [25]  (0.000 ns)
	'icmp' operation 1 bit ('icmp_ln77', D:/PhamDuyHoang_LuongVanDai_DA2/CNN_nopad/Pool.cpp:77->D:/PhamDuyHoang_LuongVanDai_DA2/CNN_nopad/CNN.cpp:50) [29]  (0.789 ns)
	'select' operation 5 bit ('select_ln74', D:/PhamDuyHoang_LuongVanDai_DA2/CNN_nopad/Pool.cpp:74->D:/PhamDuyHoang_LuongVanDai_DA2/CNN_nopad/CNN.cpp:50) [30]  (0.414 ns)
	'add' operation 5 bit ('add_ln87', D:/PhamDuyHoang_LuongVanDai_DA2/CNN_nopad/Pool.cpp:87->D:/PhamDuyHoang_LuongVanDai_DA2/CNN_nopad/CNN.cpp:50) [105]  (0.789 ns)
	'store' operation 0 bit ('store_ln77', D:/PhamDuyHoang_LuongVanDai_DA2/CNN_nopad/Pool.cpp:77->D:/PhamDuyHoang_LuongVanDai_DA2/CNN_nopad/CNN.cpp:50) of variable 'add_ln87', D:/PhamDuyHoang_LuongVanDai_DA2/CNN_nopad/Pool.cpp:87->D:/PhamDuyHoang_LuongVanDai_DA2/CNN_nopad/CNN.cpp:50 on local variable 'y', D:/PhamDuyHoang_LuongVanDai_DA2/CNN_nopad/Pool.cpp:77->D:/PhamDuyHoang_LuongVanDai_DA2/CNN_nopad/CNN.cpp:50 [108]  (0.427 ns)

 <State 2>: 1.064ns
The critical path consists of the following:
	'urem' operation 4 bit ('urem_ln86', D:/PhamDuyHoang_LuongVanDai_DA2/CNN_nopad/Pool.cpp:86->D:/PhamDuyHoang_LuongVanDai_DA2/CNN_nopad/CNN.cpp:50) [61]  (1.064 ns)

 <State 3>: 1.064ns
The critical path consists of the following:
	'urem' operation 4 bit ('urem_ln86', D:/PhamDuyHoang_LuongVanDai_DA2/CNN_nopad/Pool.cpp:86->D:/PhamDuyHoang_LuongVanDai_DA2/CNN_nopad/CNN.cpp:50) [61]  (1.064 ns)

 <State 4>: 1.064ns
The critical path consists of the following:
	'urem' operation 4 bit ('urem_ln86', D:/PhamDuyHoang_LuongVanDai_DA2/CNN_nopad/Pool.cpp:86->D:/PhamDuyHoang_LuongVanDai_DA2/CNN_nopad/CNN.cpp:50) [61]  (1.064 ns)

 <State 5>: 1.064ns
The critical path consists of the following:
	'urem' operation 4 bit ('urem_ln86', D:/PhamDuyHoang_LuongVanDai_DA2/CNN_nopad/Pool.cpp:86->D:/PhamDuyHoang_LuongVanDai_DA2/CNN_nopad/CNN.cpp:50) [61]  (1.064 ns)

 <State 6>: 1.064ns
The critical path consists of the following:
	'urem' operation 4 bit ('urem_ln86', D:/PhamDuyHoang_LuongVanDai_DA2/CNN_nopad/Pool.cpp:86->D:/PhamDuyHoang_LuongVanDai_DA2/CNN_nopad/CNN.cpp:50) [61]  (1.064 ns)

 <State 7>: 1.064ns
The critical path consists of the following:
	'urem' operation 4 bit ('urem_ln86', D:/PhamDuyHoang_LuongVanDai_DA2/CNN_nopad/Pool.cpp:86->D:/PhamDuyHoang_LuongVanDai_DA2/CNN_nopad/CNN.cpp:50) [61]  (1.064 ns)

 <State 8>: 3.998ns
The critical path consists of the following:
	'load' operation 6 bit ('z_load', D:/PhamDuyHoang_LuongVanDai_DA2/CNN_nopad/Pool.cpp:74->D:/PhamDuyHoang_LuongVanDai_DA2/CNN_nopad/CNN.cpp:50) on local variable 'z', D:/PhamDuyHoang_LuongVanDai_DA2/CNN_nopad/Pool.cpp:74->D:/PhamDuyHoang_LuongVanDai_DA2/CNN_nopad/CNN.cpp:50 [26]  (0.000 ns)
	'add' operation 6 bit ('add_ln74_1', D:/PhamDuyHoang_LuongVanDai_DA2/CNN_nopad/Pool.cpp:74->D:/PhamDuyHoang_LuongVanDai_DA2/CNN_nopad/CNN.cpp:50) [31]  (0.781 ns)
	'select' operation 6 bit ('select_ln74_1', D:/PhamDuyHoang_LuongVanDai_DA2/CNN_nopad/Pool.cpp:74->D:/PhamDuyHoang_LuongVanDai_DA2/CNN_nopad/CNN.cpp:50) [32]  (0.384 ns)
	'add' operation 11 bit ('empty', D:/PhamDuyHoang_LuongVanDai_DA2/CNN_nopad/Pool.cpp:74->D:/PhamDuyHoang_LuongVanDai_DA2/CNN_nopad/CNN.cpp:50) [36]  (0.798 ns)
	'add' operation 11 bit ('add_ln81', D:/PhamDuyHoang_LuongVanDai_DA2/CNN_nopad/Pool.cpp:81->D:/PhamDuyHoang_LuongVanDai_DA2/CNN_nopad/CNN.cpp:50) [43]  (0.798 ns)
	'getelementptr' operation 11 bit ('OutConv7_addr', D:/PhamDuyHoang_LuongVanDai_DA2/CNN_nopad/Pool.cpp:82->D:/PhamDuyHoang_LuongVanDai_DA2/CNN_nopad/CNN.cpp:50) [45]  (0.000 ns)
	'load' operation 16 bit ('pool_value', D:/PhamDuyHoang_LuongVanDai_DA2/CNN_nopad/Pool.cpp:82->D:/PhamDuyHoang_LuongVanDai_DA2/CNN_nopad/CNN.cpp:50) on array 'OutConv7' [46]  (1.237 ns)

 <State 9>: 4.894ns
The critical path consists of the following:
	'load' operation 16 bit ('pool_value', D:/PhamDuyHoang_LuongVanDai_DA2/CNN_nopad/Pool.cpp:82->D:/PhamDuyHoang_LuongVanDai_DA2/CNN_nopad/CNN.cpp:50) on array 'OutConv7' [46]  (1.237 ns)
	'icmp' operation 1 bit ('icmp_ln83', D:/PhamDuyHoang_LuongVanDai_DA2/CNN_nopad/Pool.cpp:83->D:/PhamDuyHoang_LuongVanDai_DA2/CNN_nopad/CNN.cpp:50) [47]  (0.853 ns)
	'select' operation 16 bit ('max', D:/PhamDuyHoang_LuongVanDai_DA2/CNN_nopad/Pool.cpp:83->D:/PhamDuyHoang_LuongVanDai_DA2/CNN_nopad/CNN.cpp:50) [48]  (0.357 ns)
	'icmp' operation 1 bit ('icmp_ln83_1', D:/PhamDuyHoang_LuongVanDai_DA2/CNN_nopad/Pool.cpp:83->D:/PhamDuyHoang_LuongVanDai_DA2/CNN_nopad/CNN.cpp:50) [53]  (0.853 ns)
	'select' operation 16 bit ('max', D:/PhamDuyHoang_LuongVanDai_DA2/CNN_nopad/Pool.cpp:83->D:/PhamDuyHoang_LuongVanDai_DA2/CNN_nopad/CNN.cpp:50) [54]  (0.357 ns)
	'store' operation 0 bit ('store_ln86', D:/PhamDuyHoang_LuongVanDai_DA2/CNN_nopad/Pool.cpp:86->D:/PhamDuyHoang_LuongVanDai_DA2/CNN_nopad/CNN.cpp:50) of variable 'max', D:/PhamDuyHoang_LuongVanDai_DA2/CNN_nopad/Pool.cpp:83->D:/PhamDuyHoang_LuongVanDai_DA2/CNN_nopad/CNN.cpp:50 on array 'OutPool3_7' [78]  (1.237 ns)


============================================================
+ Verbose Summary: Binding
============================================================
N/A
* FSMD analyzer results:
  - Output states:
 - Input state : 
  - Chain level:
	State 1
	State 2
	State 3
	State 4
	State 5
	State 6
	State 7
	State 8
	State 9


============================================================
+ Verbose Summary: Datapath Resource usage 
============================================================
N/A
