

================================================================
== Vitis HLS Report for 'CNN_Pipeline_loop_for_channel_pool_0_loop_for_weight_pool_0'
================================================================
* Date:           Mon Jul 14 02:16:02 2025

* Version:        2025.1 (Build 6135595 on May 21 2025)
* Project:        CNN_HLS
* Solution:       hls (Vivado IP Flow Target)
* Product family: zynquplus
* Target device:  xck26-sfvc784-2LV-c


================================================================
== Performance Estimates
================================================================
+ Timing: 
    * Summary: 
    +--------+----------+----------+------------+
    |  Clock |  Target  | Estimated| Uncertainty|
    +--------+----------+----------+------------+
    |ap_clk  |  10.00 ns|  4.894 ns|     2.70 ns|
    +--------+----------+----------+------------+

+ Latency: 
    * Summary: 
    +---------+---------+----------+----------+-----+-----+------------------------------------------------+
    |  Latency (cycles) |  Latency (absolute) |  Interval |                    Pipeline                    |
    |   min   |   max   |    min   |    max   | min | max |                      Type                      |
    +---------+---------+----------+----------+-----+-----+------------------------------------------------+
    |      642|      642|  6.420 us|  6.420 us|  641|  641|  loop auto-rewind stp (delay=0 clock cycles(s))|
    +---------+---------+----------+----------+-----+-----+------------------------------------------------+

    + Detail: 
        * Instance: 
        N/A

        * Loop: 
        +--------------------------------------------------+---------+---------+----------+-----------+-----------+------+----------+
        |                                                  |  Latency (cycles) | Iteration|  Initiation Interval  | Trip |          |
        |                     Loop Name                    |   min   |   max   |  Latency |  achieved |   target  | Count| Pipelined|
        +--------------------------------------------------+---------+---------+----------+-----------+-----------+------+----------+
        |- loop_for_channel_pool_0_loop_for_weight_pool_0  |      640|      640|         2|          1|          1|   640|       yes|
        +--------------------------------------------------+---------+---------+----------+-----------+-----------+------+----------+

============================================================
+ Verbose Summary: Synthesis Manager
============================================================
InlineROM: 1
ExposeGlobal: 0
============================================================
+ Verbose Summary: CDFG Model
============================================================
IsTopModel: 0
ResetActiveHigh: 1
IsCombinational: 0
IsDatapathOnly: 0
HasWiredReturn: 1
HasMFsm: 2
HasVarLatency: 1
IsPipeline: 0
IsRtlPipelined: 0
IsInstanceOverlapped: 0
IsDontTouch: 0
HasImplIP: 0
IsGatedGlobalClock: 0

+ Individual pipeline summary: 
  * Pipeline-0: initiation interval (II) = 1, depth = 2


============================================================
+ Verbose Summary: Schedule
============================================================
* Number of FSM states : 2
* Pipeline : 1
  Pipeline-0 : II = 1, D = 2, States = { 1 2 }
* Dataflow Pipeline: 0

* FSM state transitions: 
1 --> 2 
2 --> 

* FSM state operations: 

State 1 <SV = 0> <Delay = 4.21>
ST_1 : Operation 5 [1/1] (0.00ns)   --->   "%y = alloca i32 1" [D:/PhamDuyHoang_LuongVanDai_DA2/CNN_nopad/Pool.cpp:11->D:/PhamDuyHoang_LuongVanDai_DA2/CNN_nopad/CNN.cpp:35]   --->   Operation 5 'alloca' 'y' <Predicate = true> <Delay = 0.00>
ST_1 : Operation 6 [1/1] (0.00ns)   --->   "%z = alloca i32 1" [D:/PhamDuyHoang_LuongVanDai_DA2/CNN_nopad/Pool.cpp:8->D:/PhamDuyHoang_LuongVanDai_DA2/CNN_nopad/CNN.cpp:35]   --->   Operation 6 'alloca' 'z' <Predicate = true> <Delay = 0.00>
ST_1 : Operation 7 [1/1] (0.00ns)   --->   "%indvar_flatten16 = alloca i32 1"   --->   Operation 7 'alloca' 'indvar_flatten16' <Predicate = true> <Delay = 0.00>
ST_1 : Operation 8 [1/1] (0.42ns)   --->   "%store_ln0 = store i10 0, i10 %indvar_flatten16"   --->   Operation 8 'store' 'store_ln0' <Predicate = true> <Delay = 0.42>
ST_1 : Operation 9 [1/1] (0.42ns)   --->   "%store_ln8 = store i3 0, i3 %z" [D:/PhamDuyHoang_LuongVanDai_DA2/CNN_nopad/Pool.cpp:8->D:/PhamDuyHoang_LuongVanDai_DA2/CNN_nopad/CNN.cpp:35]   --->   Operation 9 'store' 'store_ln8' <Predicate = true> <Delay = 0.42>
ST_1 : Operation 10 [1/1] (0.42ns)   --->   "%store_ln11 = store i8 0, i8 %y" [D:/PhamDuyHoang_LuongVanDai_DA2/CNN_nopad/Pool.cpp:11->D:/PhamDuyHoang_LuongVanDai_DA2/CNN_nopad/CNN.cpp:35]   --->   Operation 10 'store' 'store_ln11' <Predicate = true> <Delay = 0.42>
ST_1 : Operation 11 [1/1] (0.00ns)   --->   "%br_ln0 = br void %if.end.i.i.i.i"   --->   Operation 11 'br' 'br_ln0' <Predicate = true> <Delay = 0.00>
ST_1 : Operation 12 [1/1] (0.00ns)   --->   "%indvar_flatten16_load = load i10 %indvar_flatten16" [D:/PhamDuyHoang_LuongVanDai_DA2/CNN_nopad/Pool.cpp:8->D:/PhamDuyHoang_LuongVanDai_DA2/CNN_nopad/CNN.cpp:35]   --->   Operation 12 'load' 'indvar_flatten16_load' <Predicate = true> <Delay = 0.00>
ST_1 : Operation 13 [1/1] (0.78ns)   --->   "%icmp_ln8 = icmp_eq  i10 %indvar_flatten16_load, i10 640" [D:/PhamDuyHoang_LuongVanDai_DA2/CNN_nopad/Pool.cpp:8->D:/PhamDuyHoang_LuongVanDai_DA2/CNN_nopad/CNN.cpp:35]   --->   Operation 13 'icmp' 'icmp_ln8' <Predicate = true> <Delay = 0.78> <CoreInst = "Cmp">   --->   Core 9 'Cmp' <Latency = 0> <II = 1> <Delay = 0.78> <FuncUnit> <Opcode : 'seteq' 'setne' 'setle' 'setge' 'setlt' 'setgt'> <InPorts = 2> <OutPorts = 1>
ST_1 : Operation 14 [1/1] (0.78ns)   --->   "%add_ln8 = add i10 %indvar_flatten16_load, i10 1" [D:/PhamDuyHoang_LuongVanDai_DA2/CNN_nopad/Pool.cpp:8->D:/PhamDuyHoang_LuongVanDai_DA2/CNN_nopad/CNN.cpp:35]   --->   Operation 14 'add' 'add_ln8' <Predicate = true> <Delay = 0.78> <CoreInst = "Adder">   --->   Core 1 'Adder' <Latency = 0> <II = 1> <Delay = 0.78> <FuncUnit> <Opcode : 'add' 'sub'> <InPorts = 2> <OutPorts = 1>
ST_1 : Operation 15 [1/1] (0.00ns)   --->   "%br_ln8 = br i1 %icmp_ln8, void %for.inc19.i, void %for.body4.i65.preheader.exitStub" [D:/PhamDuyHoang_LuongVanDai_DA2/CNN_nopad/Pool.cpp:8->D:/PhamDuyHoang_LuongVanDai_DA2/CNN_nopad/CNN.cpp:35]   --->   Operation 15 'br' 'br_ln8' <Predicate = true> <Delay = 0.00>
ST_1 : Operation 16 [1/1] (0.00ns)   --->   "%y_load = load i8 %y" [D:/PhamDuyHoang_LuongVanDai_DA2/CNN_nopad/Pool.cpp:11->D:/PhamDuyHoang_LuongVanDai_DA2/CNN_nopad/CNN.cpp:35]   --->   Operation 16 'load' 'y_load' <Predicate = (!icmp_ln8)> <Delay = 0.00>
ST_1 : Operation 17 [1/1] (0.00ns)   --->   "%z_load = load i3 %z" [D:/PhamDuyHoang_LuongVanDai_DA2/CNN_nopad/Pool.cpp:8->D:/PhamDuyHoang_LuongVanDai_DA2/CNN_nopad/CNN.cpp:35]   --->   Operation 17 'load' 'z_load' <Predicate = (!icmp_ln8)> <Delay = 0.00>
ST_1 : Operation 18 [1/1] (0.76ns)   --->   "%icmp_ln11 = icmp_eq  i8 %y_load, i8 160" [D:/PhamDuyHoang_LuongVanDai_DA2/CNN_nopad/Pool.cpp:11->D:/PhamDuyHoang_LuongVanDai_DA2/CNN_nopad/CNN.cpp:35]   --->   Operation 18 'icmp' 'icmp_ln11' <Predicate = (!icmp_ln8)> <Delay = 0.76> <CoreInst = "Cmp">   --->   Core 9 'Cmp' <Latency = 0> <II = 1> <Delay = 0.76> <FuncUnit> <Opcode : 'seteq' 'setne' 'setle' 'setge' 'setlt' 'setgt'> <InPorts = 2> <OutPorts = 1>
ST_1 : Operation 19 [1/1] (0.39ns)   --->   "%select_ln8 = select i1 %icmp_ln11, i8 0, i8 %y_load" [D:/PhamDuyHoang_LuongVanDai_DA2/CNN_nopad/Pool.cpp:8->D:/PhamDuyHoang_LuongVanDai_DA2/CNN_nopad/CNN.cpp:35]   --->   Operation 19 'select' 'select_ln8' <Predicate = (!icmp_ln8)> <Delay = 0.39> <CoreInst = "Sel">   --->   Core 73 'Sel' <Latency = 0> <II = 1> <Delay = 0.39> <FuncUnit> <Opcode : 'select'> <InPorts = 3> <OutPorts = 1>
ST_1 : Operation 20 [1/1] (0.67ns)   --->   "%add_ln8_1 = add i3 %z_load, i3 1" [D:/PhamDuyHoang_LuongVanDai_DA2/CNN_nopad/Pool.cpp:8->D:/PhamDuyHoang_LuongVanDai_DA2/CNN_nopad/CNN.cpp:35]   --->   Operation 20 'add' 'add_ln8_1' <Predicate = (!icmp_ln8)> <Delay = 0.67> <CoreInst = "Adder">   --->   Core 1 'Adder' <Latency = 0> <II = 1> <Delay = 0.67> <FuncUnit> <Opcode : 'add' 'sub'> <InPorts = 2> <OutPorts = 1>
ST_1 : Operation 21 [1/1] (0.20ns)   --->   "%select_ln8_1 = select i1 %icmp_ln11, i3 %add_ln8_1, i3 %z_load" [D:/PhamDuyHoang_LuongVanDai_DA2/CNN_nopad/Pool.cpp:8->D:/PhamDuyHoang_LuongVanDai_DA2/CNN_nopad/CNN.cpp:35]   --->   Operation 21 'select' 'select_ln8_1' <Predicate = (!icmp_ln8)> <Delay = 0.20> <CoreInst = "Sel">   --->   Core 73 'Sel' <Latency = 0> <II = 1> <Delay = 0.20> <FuncUnit> <Opcode : 'select'> <InPorts = 3> <OutPorts = 1>
ST_1 : Operation 22 [1/1] (0.00ns)   --->   "%empty = trunc i3 %select_ln8_1" [D:/PhamDuyHoang_LuongVanDai_DA2/CNN_nopad/Pool.cpp:8->D:/PhamDuyHoang_LuongVanDai_DA2/CNN_nopad/CNN.cpp:35]   --->   Operation 22 'trunc' 'empty' <Predicate = (!icmp_ln8)> <Delay = 0.00>
ST_1 : Operation 23 [1/1] (0.00ns)   --->   "%p_shl2 = bitconcatenate i10 @_ssdm_op_BitConcatenate.i10.i2.i8, i2 %empty, i8 0" [D:/PhamDuyHoang_LuongVanDai_DA2/CNN_nopad/Pool.cpp:8->D:/PhamDuyHoang_LuongVanDai_DA2/CNN_nopad/CNN.cpp:35]   --->   Operation 23 'bitconcatenate' 'p_shl2' <Predicate = (!icmp_ln8)> <Delay = 0.00>
ST_1 : Operation 24 [1/1] (0.00ns)   --->   "%tmp = bitconcatenate i9 @_ssdm_op_BitConcatenate.i9.i3.i6, i3 %select_ln8_1, i6 0" [D:/PhamDuyHoang_LuongVanDai_DA2/CNN_nopad/Pool.cpp:8->D:/PhamDuyHoang_LuongVanDai_DA2/CNN_nopad/CNN.cpp:35]   --->   Operation 24 'bitconcatenate' 'tmp' <Predicate = (!icmp_ln8)> <Delay = 0.00>
ST_1 : Operation 25 [1/1] (0.00ns)   --->   "%p_shl3 = zext i9 %tmp" [D:/PhamDuyHoang_LuongVanDai_DA2/CNN_nopad/Pool.cpp:8->D:/PhamDuyHoang_LuongVanDai_DA2/CNN_nopad/CNN.cpp:35]   --->   Operation 25 'zext' 'p_shl3' <Predicate = (!icmp_ln8)> <Delay = 0.00>
ST_1 : Operation 26 [1/1] (0.78ns)   --->   "%empty_195 = add i10 %p_shl2, i10 %p_shl3" [D:/PhamDuyHoang_LuongVanDai_DA2/CNN_nopad/Pool.cpp:8->D:/PhamDuyHoang_LuongVanDai_DA2/CNN_nopad/CNN.cpp:35]   --->   Operation 26 'add' 'empty_195' <Predicate = (!icmp_ln8)> <Delay = 0.78> <CoreInst = "Adder">   --->   Core 1 'Adder' <Latency = 0> <II = 1> <Delay = 0.78> <FuncUnit> <Opcode : 'add' 'sub'> <InPorts = 2> <OutPorts = 1>
ST_1 : Operation 27 [1/1] (0.00ns)   --->   "%p_cast52_cast = zext i10 %empty_195" [D:/PhamDuyHoang_LuongVanDai_DA2/CNN_nopad/Pool.cpp:8->D:/PhamDuyHoang_LuongVanDai_DA2/CNN_nopad/CNN.cpp:35]   --->   Operation 27 'zext' 'p_cast52_cast' <Predicate = (!icmp_ln8)> <Delay = 0.00>
ST_1 : Operation 28 [1/1] (0.00ns)   --->   "%p_shl = bitconcatenate i9 @_ssdm_op_BitConcatenate.i9.i2.i7, i2 %empty, i7 0" [D:/PhamDuyHoang_LuongVanDai_DA2/CNN_nopad/Pool.cpp:8->D:/PhamDuyHoang_LuongVanDai_DA2/CNN_nopad/CNN.cpp:35]   --->   Operation 28 'bitconcatenate' 'p_shl' <Predicate = (!icmp_ln8)> <Delay = 0.00>
ST_1 : Operation 29 [1/1] (0.00ns)   --->   "%tmp_6 = bitconcatenate i8 @_ssdm_op_BitConcatenate.i8.i3.i5, i3 %select_ln8_1, i5 0" [D:/PhamDuyHoang_LuongVanDai_DA2/CNN_nopad/Pool.cpp:8->D:/PhamDuyHoang_LuongVanDai_DA2/CNN_nopad/CNN.cpp:35]   --->   Operation 29 'bitconcatenate' 'tmp_6' <Predicate = (!icmp_ln8)> <Delay = 0.00>
ST_1 : Operation 30 [1/1] (0.00ns)   --->   "%p_shl1 = zext i8 %tmp_6" [D:/PhamDuyHoang_LuongVanDai_DA2/CNN_nopad/Pool.cpp:8->D:/PhamDuyHoang_LuongVanDai_DA2/CNN_nopad/CNN.cpp:35]   --->   Operation 30 'zext' 'p_shl1' <Predicate = (!icmp_ln8)> <Delay = 0.00>
ST_1 : Operation 31 [1/1] (0.77ns)   --->   "%empty_196 = add i9 %p_shl, i9 %p_shl1" [D:/PhamDuyHoang_LuongVanDai_DA2/CNN_nopad/Pool.cpp:8->D:/PhamDuyHoang_LuongVanDai_DA2/CNN_nopad/CNN.cpp:35]   --->   Operation 31 'add' 'empty_196' <Predicate = (!icmp_ln8)> <Delay = 0.77> <CoreInst = "Adder">   --->   Core 1 'Adder' <Latency = 0> <II = 1> <Delay = 0.77> <FuncUnit> <Opcode : 'add' 'sub'> <InPorts = 2> <OutPorts = 1>
ST_1 : Operation 32 [1/1] (0.00ns)   --->   "%p_cast55_cast = zext i9 %empty_196" [D:/PhamDuyHoang_LuongVanDai_DA2/CNN_nopad/Pool.cpp:8->D:/PhamDuyHoang_LuongVanDai_DA2/CNN_nopad/CNN.cpp:35]   --->   Operation 32 'zext' 'p_cast55_cast' <Predicate = (!icmp_ln8)> <Delay = 0.00>
ST_1 : Operation 33 [1/1] (0.00ns)   --->   "%tmp_s = partselect i9 @_ssdm_op_PartSelect.i9.i10.i32.i32, i10 %empty_195, i32 1, i32 9" [D:/PhamDuyHoang_LuongVanDai_DA2/CNN_nopad/Pool.cpp:8->D:/PhamDuyHoang_LuongVanDai_DA2/CNN_nopad/CNN.cpp:35]   --->   Operation 33 'partselect' 'tmp_s' <Predicate = (!icmp_ln8)> <Delay = 0.00>
ST_1 : Operation 34 [1/1] (0.00ns)   --->   "%tmp_8 = bitconcatenate i10 @_ssdm_op_BitConcatenate.i10.i9.i1, i9 %tmp_s, i1 1" [D:/PhamDuyHoang_LuongVanDai_DA2/CNN_nopad/Pool.cpp:8->D:/PhamDuyHoang_LuongVanDai_DA2/CNN_nopad/CNN.cpp:35]   --->   Operation 34 'bitconcatenate' 'tmp_8' <Predicate = (!icmp_ln8)> <Delay = 0.00>
ST_1 : Operation 35 [1/1] (0.00ns)   --->   "%zext_ln11 = zext i10 %tmp_8" [D:/PhamDuyHoang_LuongVanDai_DA2/CNN_nopad/Pool.cpp:11->D:/PhamDuyHoang_LuongVanDai_DA2/CNN_nopad/CNN.cpp:35]   --->   Operation 35 'zext' 'zext_ln11' <Predicate = (!icmp_ln8)> <Delay = 0.00>
ST_1 : Operation 36 [1/1] (0.00ns)   --->   "%zext_ln11_1 = zext i8 %select_ln8" [D:/PhamDuyHoang_LuongVanDai_DA2/CNN_nopad/Pool.cpp:11->D:/PhamDuyHoang_LuongVanDai_DA2/CNN_nopad/CNN.cpp:35]   --->   Operation 36 'zext' 'zext_ln11_1' <Predicate = (!icmp_ln8)> <Delay = 0.00>
ST_1 : Operation 37 [1/1] (0.00ns)   --->   "%tmp_9 = bitconcatenate i9 @_ssdm_op_BitConcatenate.i9.i8.i1, i8 %select_ln8, i1 0" [D:/PhamDuyHoang_LuongVanDai_DA2/CNN_nopad/Pool.cpp:8->D:/PhamDuyHoang_LuongVanDai_DA2/CNN_nopad/CNN.cpp:35]   --->   Operation 37 'bitconcatenate' 'tmp_9' <Predicate = (!icmp_ln8)> <Delay = 0.00>
ST_1 : Operation 38 [1/1] (0.00ns)   --->   "%zext_ln15 = zext i9 %tmp_9" [D:/PhamDuyHoang_LuongVanDai_DA2/CNN_nopad/Pool.cpp:15->D:/PhamDuyHoang_LuongVanDai_DA2/CNN_nopad/CNN.cpp:35]   --->   Operation 38 'zext' 'zext_ln15' <Predicate = (!icmp_ln8)> <Delay = 0.00>
ST_1 : Operation 39 [1/1] (0.78ns)   --->   "%add_ln15 = add i11 %zext_ln15, i11 %p_cast52_cast" [D:/PhamDuyHoang_LuongVanDai_DA2/CNN_nopad/Pool.cpp:15->D:/PhamDuyHoang_LuongVanDai_DA2/CNN_nopad/CNN.cpp:35]   --->   Operation 39 'add' 'add_ln15' <Predicate = (!icmp_ln8)> <Delay = 0.78> <CoreInst = "Adder">   --->   Core 1 'Adder' <Latency = 0> <II = 1> <Delay = 0.78> <FuncUnit> <Opcode : 'add' 'sub'> <InPorts = 2> <OutPorts = 1>
ST_1 : Operation 40 [1/1] (0.00ns)   --->   "%zext_ln16 = zext i11 %add_ln15" [D:/PhamDuyHoang_LuongVanDai_DA2/CNN_nopad/Pool.cpp:16->D:/PhamDuyHoang_LuongVanDai_DA2/CNN_nopad/CNN.cpp:35]   --->   Operation 40 'zext' 'zext_ln16' <Predicate = (!icmp_ln8)> <Delay = 0.00>
ST_1 : Operation 41 [1/1] (0.00ns)   --->   "%OutConv1_addr = getelementptr i16 %OutConv1, i64 0, i64 %zext_ln16" [D:/PhamDuyHoang_LuongVanDai_DA2/CNN_nopad/Pool.cpp:16->D:/PhamDuyHoang_LuongVanDai_DA2/CNN_nopad/CNN.cpp:35]   --->   Operation 41 'getelementptr' 'OutConv1_addr' <Predicate = (!icmp_ln8)> <Delay = 0.00>
ST_1 : Operation 42 [2/2] (1.23ns)   --->   "%pool_value = load i11 %OutConv1_addr" [D:/PhamDuyHoang_LuongVanDai_DA2/CNN_nopad/Pool.cpp:16->D:/PhamDuyHoang_LuongVanDai_DA2/CNN_nopad/CNN.cpp:35]   --->   Operation 42 'load' 'pool_value' <Predicate = (!icmp_ln8)> <Delay = 1.23> <CoreInst = "RAM">   --->   Core 82 'RAM' <Latency = 1> <II = 1> <Delay = 1.23> <Storage> <Opcode : 'load' 'store'> <Ports = 2> <Width = 16> <Depth = 1280> <RAM>
ST_1 : Operation 43 [1/1] (0.78ns)   --->   "%add_ln15_1 = add i11 %zext_ln15, i11 %zext_ln11" [D:/PhamDuyHoang_LuongVanDai_DA2/CNN_nopad/Pool.cpp:15->D:/PhamDuyHoang_LuongVanDai_DA2/CNN_nopad/CNN.cpp:35]   --->   Operation 43 'add' 'add_ln15_1' <Predicate = (!icmp_ln8)> <Delay = 0.78> <CoreInst = "Adder">   --->   Core 1 'Adder' <Latency = 0> <II = 1> <Delay = 0.78> <FuncUnit> <Opcode : 'add' 'sub'> <InPorts = 2> <OutPorts = 1>
ST_1 : Operation 44 [1/1] (0.00ns)   --->   "%zext_ln16_1 = zext i11 %add_ln15_1" [D:/PhamDuyHoang_LuongVanDai_DA2/CNN_nopad/Pool.cpp:16->D:/PhamDuyHoang_LuongVanDai_DA2/CNN_nopad/CNN.cpp:35]   --->   Operation 44 'zext' 'zext_ln16_1' <Predicate = (!icmp_ln8)> <Delay = 0.00>
ST_1 : Operation 45 [1/1] (0.00ns)   --->   "%OutConv1_addr_1 = getelementptr i16 %OutConv1, i64 0, i64 %zext_ln16_1" [D:/PhamDuyHoang_LuongVanDai_DA2/CNN_nopad/Pool.cpp:16->D:/PhamDuyHoang_LuongVanDai_DA2/CNN_nopad/CNN.cpp:35]   --->   Operation 45 'getelementptr' 'OutConv1_addr_1' <Predicate = (!icmp_ln8)> <Delay = 0.00>
ST_1 : Operation 46 [2/2] (1.23ns)   --->   "%pool_value_4 = load i11 %OutConv1_addr_1" [D:/PhamDuyHoang_LuongVanDai_DA2/CNN_nopad/Pool.cpp:16->D:/PhamDuyHoang_LuongVanDai_DA2/CNN_nopad/CNN.cpp:35]   --->   Operation 46 'load' 'pool_value_4' <Predicate = (!icmp_ln8)> <Delay = 1.23> <CoreInst = "RAM">   --->   Core 82 'RAM' <Latency = 1> <II = 1> <Delay = 1.23> <Storage> <Opcode : 'load' 'store'> <Ports = 2> <Width = 16> <Depth = 1280> <RAM>
ST_1 : Operation 47 [1/1] (0.77ns)   --->   "%add_ln19 = add i10 %zext_ln11_1, i10 %p_cast55_cast" [D:/PhamDuyHoang_LuongVanDai_DA2/CNN_nopad/Pool.cpp:19->D:/PhamDuyHoang_LuongVanDai_DA2/CNN_nopad/CNN.cpp:35]   --->   Operation 47 'add' 'add_ln19' <Predicate = (!icmp_ln8)> <Delay = 0.77> <CoreInst = "Adder">   --->   Core 1 'Adder' <Latency = 0> <II = 1> <Delay = 0.77> <FuncUnit> <Opcode : 'add' 'sub'> <InPorts = 2> <OutPorts = 1>
ST_1 : Operation 48 [1/1] (0.76ns)   --->   "%add_ln21 = add i8 %select_ln8, i8 1" [D:/PhamDuyHoang_LuongVanDai_DA2/CNN_nopad/Pool.cpp:21->D:/PhamDuyHoang_LuongVanDai_DA2/CNN_nopad/CNN.cpp:35]   --->   Operation 48 'add' 'add_ln21' <Predicate = (!icmp_ln8)> <Delay = 0.76> <CoreInst = "Adder">   --->   Core 1 'Adder' <Latency = 0> <II = 1> <Delay = 0.76> <FuncUnit> <Opcode : 'add' 'sub'> <InPorts = 2> <OutPorts = 1>
ST_1 : Operation 49 [1/1] (0.42ns)   --->   "%store_ln8 = store i10 %add_ln8, i10 %indvar_flatten16" [D:/PhamDuyHoang_LuongVanDai_DA2/CNN_nopad/Pool.cpp:8->D:/PhamDuyHoang_LuongVanDai_DA2/CNN_nopad/CNN.cpp:35]   --->   Operation 49 'store' 'store_ln8' <Predicate = (!icmp_ln8)> <Delay = 0.42>
ST_1 : Operation 50 [1/1] (0.42ns)   --->   "%store_ln8 = store i3 %select_ln8_1, i3 %z" [D:/PhamDuyHoang_LuongVanDai_DA2/CNN_nopad/Pool.cpp:8->D:/PhamDuyHoang_LuongVanDai_DA2/CNN_nopad/CNN.cpp:35]   --->   Operation 50 'store' 'store_ln8' <Predicate = (!icmp_ln8)> <Delay = 0.42>
ST_1 : Operation 51 [1/1] (0.42ns)   --->   "%store_ln11 = store i8 %add_ln21, i8 %y" [D:/PhamDuyHoang_LuongVanDai_DA2/CNN_nopad/Pool.cpp:11->D:/PhamDuyHoang_LuongVanDai_DA2/CNN_nopad/CNN.cpp:35]   --->   Operation 51 'store' 'store_ln11' <Predicate = (!icmp_ln8)> <Delay = 0.42>
ST_1 : Operation 65 [1/1] (0.42ns)   --->   "%ret_ln0 = ret"   --->   Operation 65 'ret' 'ret_ln0' <Predicate = (icmp_ln8)> <Delay = 0.42>

State 2 <SV = 1> <Delay = 4.89>
ST_2 : Operation 52 [1/1] (0.00ns)   --->   "%specloopname_ln0 = specloopname void @_ssdm_op_SpecLoopName, void @loop_for_channel_pool_0_loop_for_weight_pool_0_str"   --->   Operation 52 'specloopname' 'specloopname_ln0' <Predicate = true> <Delay = 0.00>
ST_2 : Operation 53 [1/1] (0.00ns)   --->   "%speclooptripcount_ln0 = speclooptripcount void @_ssdm_op_SpecLoopTripCount, i64 640, i64 640, i64 640"   --->   Operation 53 'speclooptripcount' 'speclooptripcount_ln0' <Predicate = true> <Delay = 0.00>
ST_2 : Operation 54 [1/1] (0.00ns)   --->   "%specpipeline_ln6 = specpipeline void @_ssdm_op_SpecPipeline, i32 4294967295, i32 0, i32 0, i32 0, void @empty_12" [D:/PhamDuyHoang_LuongVanDai_DA2/CNN_nopad/Pool.cpp:6->D:/PhamDuyHoang_LuongVanDai_DA2/CNN_nopad/CNN.cpp:35]   --->   Operation 54 'specpipeline' 'specpipeline_ln6' <Predicate = true> <Delay = 0.00>
ST_2 : Operation 55 [1/2] ( I:1.23ns O:1.23ns )   --->   "%pool_value = load i11 %OutConv1_addr" [D:/PhamDuyHoang_LuongVanDai_DA2/CNN_nopad/Pool.cpp:16->D:/PhamDuyHoang_LuongVanDai_DA2/CNN_nopad/CNN.cpp:35]   --->   Operation 55 'load' 'pool_value' <Predicate = true> <Delay = 1.23> <CoreInst = "RAM">   --->   Core 82 'RAM' <Latency = 1> <II = 1> <Delay = 1.23> <Storage> <Opcode : 'load' 'store'> <Ports = 2> <Width = 16> <Depth = 1280> <RAM>
ST_2 : Operation 56 [1/1] (0.85ns)   --->   "%icmp_ln17 = icmp_sgt  i16 %pool_value, i16 62976" [D:/PhamDuyHoang_LuongVanDai_DA2/CNN_nopad/Pool.cpp:17->D:/PhamDuyHoang_LuongVanDai_DA2/CNN_nopad/CNN.cpp:35]   --->   Operation 56 'icmp' 'icmp_ln17' <Predicate = true> <Delay = 0.85> <CoreInst = "Cmp">   --->   Core 9 'Cmp' <Latency = 0> <II = 1> <Delay = 0.85> <FuncUnit> <Opcode : 'seteq' 'setne' 'setle' 'setge' 'setlt' 'setgt'> <InPorts = 2> <OutPorts = 1>
ST_2 : Operation 57 [1/1] (0.35ns)   --->   "%max = select i1 %icmp_ln17, i16 %pool_value, i16 62976" [D:/PhamDuyHoang_LuongVanDai_DA2/CNN_nopad/Pool.cpp:17->D:/PhamDuyHoang_LuongVanDai_DA2/CNN_nopad/CNN.cpp:35]   --->   Operation 57 'select' 'max' <Predicate = true> <Delay = 0.35> <CoreInst = "Sel">   --->   Core 73 'Sel' <Latency = 0> <II = 1> <Delay = 0.35> <FuncUnit> <Opcode : 'select'> <InPorts = 3> <OutPorts = 1>
ST_2 : Operation 58 [1/2] ( I:1.23ns O:1.23ns )   --->   "%pool_value_4 = load i11 %OutConv1_addr_1" [D:/PhamDuyHoang_LuongVanDai_DA2/CNN_nopad/Pool.cpp:16->D:/PhamDuyHoang_LuongVanDai_DA2/CNN_nopad/CNN.cpp:35]   --->   Operation 58 'load' 'pool_value_4' <Predicate = true> <Delay = 1.23> <CoreInst = "RAM">   --->   Core 82 'RAM' <Latency = 1> <II = 1> <Delay = 1.23> <Storage> <Opcode : 'load' 'store'> <Ports = 2> <Width = 16> <Depth = 1280> <RAM>
ST_2 : Operation 59 [1/1] (0.85ns)   --->   "%icmp_ln17_1 = icmp_sgt  i16 %pool_value_4, i16 %max" [D:/PhamDuyHoang_LuongVanDai_DA2/CNN_nopad/Pool.cpp:17->D:/PhamDuyHoang_LuongVanDai_DA2/CNN_nopad/CNN.cpp:35]   --->   Operation 59 'icmp' 'icmp_ln17_1' <Predicate = true> <Delay = 0.85> <CoreInst = "Cmp">   --->   Core 9 'Cmp' <Latency = 0> <II = 1> <Delay = 0.85> <FuncUnit> <Opcode : 'seteq' 'setne' 'setle' 'setge' 'setlt' 'setgt'> <InPorts = 2> <OutPorts = 1>
ST_2 : Operation 60 [1/1] (0.35ns)   --->   "%max_4 = select i1 %icmp_ln17_1, i16 %pool_value_4, i16 %max" [D:/PhamDuyHoang_LuongVanDai_DA2/CNN_nopad/Pool.cpp:17->D:/PhamDuyHoang_LuongVanDai_DA2/CNN_nopad/CNN.cpp:35]   --->   Operation 60 'select' 'max_4' <Predicate = true> <Delay = 0.35> <CoreInst = "Sel">   --->   Core 73 'Sel' <Latency = 0> <II = 1> <Delay = 0.35> <FuncUnit> <Opcode : 'select'> <InPorts = 3> <OutPorts = 1>
ST_2 : Operation 61 [1/1] (0.00ns)   --->   "%zext_ln20 = zext i10 %add_ln19" [D:/PhamDuyHoang_LuongVanDai_DA2/CNN_nopad/Pool.cpp:20->D:/PhamDuyHoang_LuongVanDai_DA2/CNN_nopad/CNN.cpp:35]   --->   Operation 61 'zext' 'zext_ln20' <Predicate = true> <Delay = 0.00>
ST_2 : Operation 62 [1/1] (0.00ns)   --->   "%OutPool0_addr = getelementptr i16 %OutPool0, i64 0, i64 %zext_ln20" [D:/PhamDuyHoang_LuongVanDai_DA2/CNN_nopad/Pool.cpp:20->D:/PhamDuyHoang_LuongVanDai_DA2/CNN_nopad/CNN.cpp:35]   --->   Operation 62 'getelementptr' 'OutPool0_addr' <Predicate = true> <Delay = 0.00>
ST_2 : Operation 63 [1/1] ( I:1.23ns O:1.23ns )   --->   "%store_ln20 = store i16 %max_4, i10 %OutPool0_addr" [D:/PhamDuyHoang_LuongVanDai_DA2/CNN_nopad/Pool.cpp:20->D:/PhamDuyHoang_LuongVanDai_DA2/CNN_nopad/CNN.cpp:35]   --->   Operation 63 'store' 'store_ln20' <Predicate = true> <Delay = 1.23> <CoreInst = "RAM">   --->   Core 82 'RAM' <Latency = 1> <II = 1> <Delay = 1.23> <Storage> <Opcode : 'load' 'store'> <Ports = 2> <Width = 16> <Depth = 640> <RAM>
ST_2 : Operation 64 [1/1] (0.00ns)   --->   "%br_ln11 = br void %if.end.i.i.i.i" [D:/PhamDuyHoang_LuongVanDai_DA2/CNN_nopad/Pool.cpp:11->D:/PhamDuyHoang_LuongVanDai_DA2/CNN_nopad/CNN.cpp:35]   --->   Operation 64 'br' 'br_ln11' <Predicate = true> <Delay = 0.00>


============================================================
+ Verbose Summary: Timing violations
============================================================
Target clock period: 10.000ns, clock uncertainty: 2.700ns.

 <State 1>: 4.211ns
The critical path consists of the following:
	'store' operation 0 bit ('store_ln11', D:/PhamDuyHoang_LuongVanDai_DA2/CNN_nopad/Pool.cpp:11->D:/PhamDuyHoang_LuongVanDai_DA2/CNN_nopad/CNN.cpp:35) of constant 0 on local variable 'y', D:/PhamDuyHoang_LuongVanDai_DA2/CNN_nopad/Pool.cpp:11->D:/PhamDuyHoang_LuongVanDai_DA2/CNN_nopad/CNN.cpp:35 [8]  (0.427 ns)
	'load' operation 8 bit ('y_load', D:/PhamDuyHoang_LuongVanDai_DA2/CNN_nopad/Pool.cpp:11->D:/PhamDuyHoang_LuongVanDai_DA2/CNN_nopad/CNN.cpp:35) on local variable 'y', D:/PhamDuyHoang_LuongVanDai_DA2/CNN_nopad/Pool.cpp:11->D:/PhamDuyHoang_LuongVanDai_DA2/CNN_nopad/CNN.cpp:35 [16]  (0.000 ns)
	'icmp' operation 1 bit ('icmp_ln11', D:/PhamDuyHoang_LuongVanDai_DA2/CNN_nopad/Pool.cpp:11->D:/PhamDuyHoang_LuongVanDai_DA2/CNN_nopad/CNN.cpp:35) [20]  (0.765 ns)
	'select' operation 3 bit ('select_ln8_1', D:/PhamDuyHoang_LuongVanDai_DA2/CNN_nopad/Pool.cpp:8->D:/PhamDuyHoang_LuongVanDai_DA2/CNN_nopad/CNN.cpp:35) [23]  (0.208 ns)
	'add' operation 10 bit ('empty_195', D:/PhamDuyHoang_LuongVanDai_DA2/CNN_nopad/Pool.cpp:8->D:/PhamDuyHoang_LuongVanDai_DA2/CNN_nopad/CNN.cpp:35) [28]  (0.787 ns)
	'add' operation 11 bit ('add_ln15', D:/PhamDuyHoang_LuongVanDai_DA2/CNN_nopad/Pool.cpp:15->D:/PhamDuyHoang_LuongVanDai_DA2/CNN_nopad/CNN.cpp:35) [42]  (0.787 ns)
	'getelementptr' operation 11 bit ('OutConv1_addr', D:/PhamDuyHoang_LuongVanDai_DA2/CNN_nopad/Pool.cpp:16->D:/PhamDuyHoang_LuongVanDai_DA2/CNN_nopad/CNN.cpp:35) [44]  (0.000 ns)
	'load' operation 16 bit ('pool_value', D:/PhamDuyHoang_LuongVanDai_DA2/CNN_nopad/Pool.cpp:16->D:/PhamDuyHoang_LuongVanDai_DA2/CNN_nopad/CNN.cpp:35) on array 'OutConv1' [45]  (1.237 ns)

 <State 2>: 4.894ns
The critical path consists of the following:
	'load' operation 16 bit ('pool_value', D:/PhamDuyHoang_LuongVanDai_DA2/CNN_nopad/Pool.cpp:16->D:/PhamDuyHoang_LuongVanDai_DA2/CNN_nopad/CNN.cpp:35) on array 'OutConv1' [45]  (1.237 ns)
	'icmp' operation 1 bit ('icmp_ln17', D:/PhamDuyHoang_LuongVanDai_DA2/CNN_nopad/Pool.cpp:17->D:/PhamDuyHoang_LuongVanDai_DA2/CNN_nopad/CNN.cpp:35) [46]  (0.853 ns)
	'select' operation 16 bit ('max', D:/PhamDuyHoang_LuongVanDai_DA2/CNN_nopad/Pool.cpp:17->D:/PhamDuyHoang_LuongVanDai_DA2/CNN_nopad/CNN.cpp:35) [47]  (0.357 ns)
	'icmp' operation 1 bit ('icmp_ln17_1', D:/PhamDuyHoang_LuongVanDai_DA2/CNN_nopad/Pool.cpp:17->D:/PhamDuyHoang_LuongVanDai_DA2/CNN_nopad/CNN.cpp:35) [52]  (0.853 ns)
	'select' operation 16 bit ('max', D:/PhamDuyHoang_LuongVanDai_DA2/CNN_nopad/Pool.cpp:17->D:/PhamDuyHoang_LuongVanDai_DA2/CNN_nopad/CNN.cpp:35) [53]  (0.357 ns)
	'store' operation 0 bit ('store_ln20', D:/PhamDuyHoang_LuongVanDai_DA2/CNN_nopad/Pool.cpp:20->D:/PhamDuyHoang_LuongVanDai_DA2/CNN_nopad/CNN.cpp:35) of variable 'max', D:/PhamDuyHoang_LuongVanDai_DA2/CNN_nopad/Pool.cpp:17->D:/PhamDuyHoang_LuongVanDai_DA2/CNN_nopad/CNN.cpp:35 on array 'OutPool0' [57]  (1.237 ns)


============================================================
+ Verbose Summary: Binding
============================================================
N/A
* FSMD analyzer results:
  - Output states:
 - Input state : 
  - Chain level:
	State 1
	State 2


============================================================
+ Verbose Summary: Datapath Resource usage 
============================================================
N/A
