

================================================================
== Vitis HLS Report for 'CNN_Pipeline_loop_for_3_channel_pad_2_loop_for_channel_pad_2'
================================================================
* Date:           Mon Jul 14 02:16:02 2025

* Version:        2025.1 (Build 6135595 on May 21 2025)
* Project:        CNN_HLS
* Solution:       hls (Vivado IP Flow Target)
* Product family: zynquplus
* Target device:  xck26-sfvc784-2LV-c


================================================================
== Performance Estimates
================================================================
+ Timing: 
    * Summary: 
    +--------+----------+----------+------------+
    |  Clock |  Target  | Estimated| Uncertainty|
    +--------+----------+----------+------------+
    |ap_clk  |  10.00 ns|  4.363 ns|     2.70 ns|
    +--------+----------+----------+------------+

+ Latency: 
    * Summary: 
    +---------+---------+----------+----------+-----+-----+------------------------------------------------+
    |  Latency (cycles) |  Latency (absolute) |  Interval |                    Pipeline                    |
    |   min   |   max   |    min   |    max   | min | max |                      Type                      |
    +---------+---------+----------+----------+-----+-----+------------------------------------------------+
    |      658|      658|  6.580 us|  6.580 us|  657|  657|  loop auto-rewind stp (delay=0 clock cycles(s))|
    +---------+---------+----------+----------+-----+-----+------------------------------------------------+

    + Detail: 
        * Instance: 
        N/A

        * Loop: 
        +---------------------------------------------------+---------+---------+----------+-----------+-----------+------+----------+
        |                                                   |  Latency (cycles) | Iteration|  Initiation Interval  | Trip |          |
        |                     Loop Name                     |   min   |   max   |  Latency |  achieved |   target  | Count| Pipelined|
        +---------------------------------------------------+---------+---------+----------+-----------+-----------+------+----------+
        |- loop_for_3_channel_pad_2_loop_for_channel_pad_2  |      656|      656|         2|          1|          1|   656|       yes|
        +---------------------------------------------------+---------+---------+----------+-----------+-----------+------+----------+

============================================================
+ Verbose Summary: Synthesis Manager
============================================================
InlineROM: 1
ExposeGlobal: 0
============================================================
+ Verbose Summary: CDFG Model
============================================================
IsTopModel: 0
ResetActiveHigh: 1
IsCombinational: 0
IsDatapathOnly: 0
HasWiredReturn: 1
HasMFsm: 2
HasVarLatency: 1
IsPipeline: 0
IsRtlPipelined: 0
IsInstanceOverlapped: 0
IsDontTouch: 0
HasImplIP: 0
IsGatedGlobalClock: 0

+ Individual pipeline summary: 
  * Pipeline-0: initiation interval (II) = 1, depth = 2


============================================================
+ Verbose Summary: Schedule
============================================================
* Number of FSM states : 2
* Pipeline : 1
  Pipeline-0 : II = 1, D = 2, States = { 1 2 }
* Dataflow Pipeline: 0

* FSM state transitions: 
1 --> 2 
2 --> 

* FSM state operations: 

State 1 <SV = 0> <Delay = 4.36>
ST_1 : Operation 5 [1/1] (0.00ns)   --->   "%n = alloca i32 1" [D:/PhamDuyHoang_LuongVanDai_DA2/CNN_nopad/Conv.cpp:59->D:/PhamDuyHoang_LuongVanDai_DA2/CNN_nopad/CNN.cpp:36]   --->   Operation 5 'alloca' 'n' <Predicate = true> <Delay = 0.00>
ST_1 : Operation 6 [1/1] (0.00ns)   --->   "%c = alloca i32 1" [D:/PhamDuyHoang_LuongVanDai_DA2/CNN_nopad/Conv.cpp:57->D:/PhamDuyHoang_LuongVanDai_DA2/CNN_nopad/CNN.cpp:36]   --->   Operation 6 'alloca' 'c' <Predicate = true> <Delay = 0.00>
ST_1 : Operation 7 [1/1] (0.00ns)   --->   "%indvar_flatten23 = alloca i32 1"   --->   Operation 7 'alloca' 'indvar_flatten23' <Predicate = true> <Delay = 0.00>
ST_1 : Operation 8 [1/1] (0.42ns)   --->   "%store_ln0 = store i10 0, i10 %indvar_flatten23"   --->   Operation 8 'store' 'store_ln0' <Predicate = true> <Delay = 0.42>
ST_1 : Operation 9 [1/1] (0.42ns)   --->   "%store_ln57 = store i3 0, i3 %c" [D:/PhamDuyHoang_LuongVanDai_DA2/CNN_nopad/Conv.cpp:57->D:/PhamDuyHoang_LuongVanDai_DA2/CNN_nopad/CNN.cpp:36]   --->   Operation 9 'store' 'store_ln57' <Predicate = true> <Delay = 0.42>
ST_1 : Operation 10 [1/1] (0.42ns)   --->   "%store_ln59 = store i8 0, i8 %n" [D:/PhamDuyHoang_LuongVanDai_DA2/CNN_nopad/Conv.cpp:59->D:/PhamDuyHoang_LuongVanDai_DA2/CNN_nopad/CNN.cpp:36]   --->   Operation 10 'store' 'store_ln59' <Predicate = true> <Delay = 0.42>
ST_1 : Operation 11 [1/1] (0.00ns)   --->   "%br_ln0 = br void %for.body4.i65"   --->   Operation 11 'br' 'br_ln0' <Predicate = true> <Delay = 0.00>
ST_1 : Operation 12 [1/1] (0.00ns)   --->   "%indvar_flatten23_load = load i10 %indvar_flatten23" [D:/PhamDuyHoang_LuongVanDai_DA2/CNN_nopad/Conv.cpp:57->D:/PhamDuyHoang_LuongVanDai_DA2/CNN_nopad/CNN.cpp:36]   --->   Operation 12 'load' 'indvar_flatten23_load' <Predicate = true> <Delay = 0.00>
ST_1 : Operation 13 [1/1] (0.78ns)   --->   "%icmp_ln57 = icmp_eq  i10 %indvar_flatten23_load, i10 656" [D:/PhamDuyHoang_LuongVanDai_DA2/CNN_nopad/Conv.cpp:57->D:/PhamDuyHoang_LuongVanDai_DA2/CNN_nopad/CNN.cpp:36]   --->   Operation 13 'icmp' 'icmp_ln57' <Predicate = true> <Delay = 0.78> <CoreInst = "Cmp">   --->   Core 9 'Cmp' <Latency = 0> <II = 1> <Delay = 0.78> <FuncUnit> <Opcode : 'seteq' 'setne' 'setle' 'setge' 'setlt' 'setgt'> <InPorts = 2> <OutPorts = 1>
ST_1 : Operation 14 [1/1] (0.78ns)   --->   "%add_ln57 = add i10 %indvar_flatten23_load, i10 1" [D:/PhamDuyHoang_LuongVanDai_DA2/CNN_nopad/Conv.cpp:57->D:/PhamDuyHoang_LuongVanDai_DA2/CNN_nopad/CNN.cpp:36]   --->   Operation 14 'add' 'add_ln57' <Predicate = true> <Delay = 0.78> <CoreInst = "Adder">   --->   Core 1 'Adder' <Latency = 0> <II = 1> <Delay = 0.78> <FuncUnit> <Opcode : 'add' 'sub'> <InPorts = 2> <OutPorts = 1>
ST_1 : Operation 15 [1/1] (0.00ns)   --->   "%br_ln57 = br i1 %icmp_ln57, void %for.inc15.i77, void %for.body4.i83.preheader.exitStub" [D:/PhamDuyHoang_LuongVanDai_DA2/CNN_nopad/Conv.cpp:57->D:/PhamDuyHoang_LuongVanDai_DA2/CNN_nopad/CNN.cpp:36]   --->   Operation 15 'br' 'br_ln57' <Predicate = true> <Delay = 0.00>
ST_1 : Operation 16 [1/1] (0.00ns)   --->   "%n_load = load i8 %n" [D:/PhamDuyHoang_LuongVanDai_DA2/CNN_nopad/Conv.cpp:59->D:/PhamDuyHoang_LuongVanDai_DA2/CNN_nopad/CNN.cpp:36]   --->   Operation 16 'load' 'n_load' <Predicate = (!icmp_ln57)> <Delay = 0.00>
ST_1 : Operation 17 [1/1] (0.00ns)   --->   "%c_load = load i3 %c" [D:/PhamDuyHoang_LuongVanDai_DA2/CNN_nopad/Conv.cpp:57->D:/PhamDuyHoang_LuongVanDai_DA2/CNN_nopad/CNN.cpp:36]   --->   Operation 17 'load' 'c_load' <Predicate = (!icmp_ln57)> <Delay = 0.00>
ST_1 : Operation 18 [1/1] (0.76ns)   --->   "%icmp_ln59 = icmp_eq  i8 %n_load, i8 164" [D:/PhamDuyHoang_LuongVanDai_DA2/CNN_nopad/Conv.cpp:59->D:/PhamDuyHoang_LuongVanDai_DA2/CNN_nopad/CNN.cpp:36]   --->   Operation 18 'icmp' 'icmp_ln59' <Predicate = (!icmp_ln57)> <Delay = 0.76> <CoreInst = "Cmp">   --->   Core 9 'Cmp' <Latency = 0> <II = 1> <Delay = 0.76> <FuncUnit> <Opcode : 'seteq' 'setne' 'setle' 'setge' 'setlt' 'setgt'> <InPorts = 2> <OutPorts = 1>
ST_1 : Operation 19 [1/1] (0.39ns)   --->   "%select_ln57 = select i1 %icmp_ln59, i8 0, i8 %n_load" [D:/PhamDuyHoang_LuongVanDai_DA2/CNN_nopad/Conv.cpp:57->D:/PhamDuyHoang_LuongVanDai_DA2/CNN_nopad/CNN.cpp:36]   --->   Operation 19 'select' 'select_ln57' <Predicate = (!icmp_ln57)> <Delay = 0.39> <CoreInst = "Sel">   --->   Core 73 'Sel' <Latency = 0> <II = 1> <Delay = 0.39> <FuncUnit> <Opcode : 'select'> <InPorts = 3> <OutPorts = 1>
ST_1 : Operation 20 [1/1] (0.67ns)   --->   "%add_ln57_1 = add i3 %c_load, i3 1" [D:/PhamDuyHoang_LuongVanDai_DA2/CNN_nopad/Conv.cpp:57->D:/PhamDuyHoang_LuongVanDai_DA2/CNN_nopad/CNN.cpp:36]   --->   Operation 20 'add' 'add_ln57_1' <Predicate = (!icmp_ln57)> <Delay = 0.67> <CoreInst = "Adder">   --->   Core 1 'Adder' <Latency = 0> <II = 1> <Delay = 0.67> <FuncUnit> <Opcode : 'add' 'sub'> <InPorts = 2> <OutPorts = 1>
ST_1 : Operation 21 [1/1] (0.20ns)   --->   "%select_ln57_1 = select i1 %icmp_ln59, i3 %add_ln57_1, i3 %c_load" [D:/PhamDuyHoang_LuongVanDai_DA2/CNN_nopad/Conv.cpp:57->D:/PhamDuyHoang_LuongVanDai_DA2/CNN_nopad/CNN.cpp:36]   --->   Operation 21 'select' 'select_ln57_1' <Predicate = (!icmp_ln57)> <Delay = 0.20> <CoreInst = "Sel">   --->   Core 73 'Sel' <Latency = 0> <II = 1> <Delay = 0.20> <FuncUnit> <Opcode : 'select'> <InPorts = 3> <OutPorts = 1>
ST_1 : Operation 22 [1/1] (0.00ns)   --->   "%zext_ln59 = zext i3 %select_ln57_1" [D:/PhamDuyHoang_LuongVanDai_DA2/CNN_nopad/Conv.cpp:59->D:/PhamDuyHoang_LuongVanDai_DA2/CNN_nopad/CNN.cpp:36]   --->   Operation 22 'zext' 'zext_ln59' <Predicate = (!icmp_ln57)> <Delay = 0.00>
ST_1 : Operation 23 [1/1] (0.00ns)   --->   "%empty = trunc i3 %select_ln57_1" [D:/PhamDuyHoang_LuongVanDai_DA2/CNN_nopad/Conv.cpp:57->D:/PhamDuyHoang_LuongVanDai_DA2/CNN_nopad/CNN.cpp:36]   --->   Operation 23 'trunc' 'empty' <Predicate = (!icmp_ln57)> <Delay = 0.00>
ST_1 : Operation 24 [1/1] (0.00ns)   --->   "%p_shl = bitconcatenate i9 @_ssdm_op_BitConcatenate.i9.i2.i7, i2 %empty, i7 0" [D:/PhamDuyHoang_LuongVanDai_DA2/CNN_nopad/Conv.cpp:57->D:/PhamDuyHoang_LuongVanDai_DA2/CNN_nopad/CNN.cpp:36]   --->   Operation 24 'bitconcatenate' 'p_shl' <Predicate = (!icmp_ln57)> <Delay = 0.00>
ST_1 : Operation 25 [1/1] (0.00ns)   --->   "%tmp = bitconcatenate i8 @_ssdm_op_BitConcatenate.i8.i3.i5, i3 %select_ln57_1, i5 0" [D:/PhamDuyHoang_LuongVanDai_DA2/CNN_nopad/Conv.cpp:57->D:/PhamDuyHoang_LuongVanDai_DA2/CNN_nopad/CNN.cpp:36]   --->   Operation 25 'bitconcatenate' 'tmp' <Predicate = (!icmp_ln57)> <Delay = 0.00>
ST_1 : Operation 26 [1/1] (0.00ns)   --->   "%p_shl4 = zext i8 %tmp" [D:/PhamDuyHoang_LuongVanDai_DA2/CNN_nopad/Conv.cpp:57->D:/PhamDuyHoang_LuongVanDai_DA2/CNN_nopad/CNN.cpp:36]   --->   Operation 26 'zext' 'p_shl4' <Predicate = (!icmp_ln57)> <Delay = 0.00>
ST_1 : Operation 27 [1/1] (0.77ns)   --->   "%empty_205 = add i9 %p_shl, i9 %p_shl4" [D:/PhamDuyHoang_LuongVanDai_DA2/CNN_nopad/Conv.cpp:57->D:/PhamDuyHoang_LuongVanDai_DA2/CNN_nopad/CNN.cpp:36]   --->   Operation 27 'add' 'empty_205' <Predicate = (!icmp_ln57)> <Delay = 0.77> <CoreInst = "Adder">   --->   Core 1 'Adder' <Latency = 0> <II = 1> <Delay = 0.77> <FuncUnit> <Opcode : 'add' 'sub'> <InPorts = 2> <OutPorts = 1>
ST_1 : Operation 28 [1/1] (0.00ns)   --->   "%p_cast57_cast = zext i9 %empty_205" [D:/PhamDuyHoang_LuongVanDai_DA2/CNN_nopad/Conv.cpp:57->D:/PhamDuyHoang_LuongVanDai_DA2/CNN_nopad/CNN.cpp:36]   --->   Operation 28 'zext' 'p_cast57_cast' <Predicate = (!icmp_ln57)> <Delay = 0.00>
ST_1 : Operation 29 [1/1] (1.65ns)   --->   "%mul_ln59 = mul i8 %zext_ln59, i8 82" [D:/PhamDuyHoang_LuongVanDai_DA2/CNN_nopad/Conv.cpp:59->D:/PhamDuyHoang_LuongVanDai_DA2/CNN_nopad/CNN.cpp:36]   --->   Operation 29 'mul' 'mul_ln59' <Predicate = (!icmp_ln57)> <Delay = 1.65> <CoreInst = "Multiplier">   --->   Core 3 'Multiplier' <Latency = 0> <II = 1> <Delay = 1.65> <FuncUnit> <Opcode : 'mul'> <InPorts = 2> <OutPorts = 1>
ST_1 : Operation 30 [1/1] (0.00ns)   --->   "%zext_ln59_1 = zext i8 %mul_ln59" [D:/PhamDuyHoang_LuongVanDai_DA2/CNN_nopad/Conv.cpp:59->D:/PhamDuyHoang_LuongVanDai_DA2/CNN_nopad/CNN.cpp:36]   --->   Operation 30 'zext' 'zext_ln59_1' <Predicate = (!icmp_ln57)> <Delay = 0.00>
ST_1 : Operation 31 [1/1] (0.00ns)   --->   "%zext_ln59_2 = zext i8 %select_ln57" [D:/PhamDuyHoang_LuongVanDai_DA2/CNN_nopad/Conv.cpp:59->D:/PhamDuyHoang_LuongVanDai_DA2/CNN_nopad/CNN.cpp:36]   --->   Operation 31 'zext' 'zext_ln59_2' <Predicate = (!icmp_ln57)> <Delay = 0.00>
ST_1 : Operation 32 [1/1] (0.00ns)   --->   "%trunc_ln59 = trunc i8 %select_ln57" [D:/PhamDuyHoang_LuongVanDai_DA2/CNN_nopad/Conv.cpp:59->D:/PhamDuyHoang_LuongVanDai_DA2/CNN_nopad/CNN.cpp:36]   --->   Operation 32 'trunc' 'trunc_ln59' <Predicate = (!icmp_ln57)> <Delay = 0.00>
ST_1 : Operation 33 [1/1] (0.00ns)   --->   "%tmp_18 = partselect i7 @_ssdm_op_PartSelect.i7.i8.i32.i32, i8 %select_ln57, i32 1, i32 7" [D:/PhamDuyHoang_LuongVanDai_DA2/CNN_nopad/Conv.cpp:60->D:/PhamDuyHoang_LuongVanDai_DA2/CNN_nopad/CNN.cpp:36]   --->   Operation 33 'partselect' 'tmp_18' <Predicate = (!icmp_ln57)> <Delay = 0.00>
ST_1 : Operation 34 [1/1] (0.77ns)   --->   "%icmp_ln60 = icmp_eq  i7 %tmp_18, i7 0" [D:/PhamDuyHoang_LuongVanDai_DA2/CNN_nopad/Conv.cpp:60->D:/PhamDuyHoang_LuongVanDai_DA2/CNN_nopad/CNN.cpp:36]   --->   Operation 34 'icmp' 'icmp_ln60' <Predicate = (!icmp_ln57)> <Delay = 0.77> <CoreInst = "Cmp">   --->   Core 9 'Cmp' <Latency = 0> <II = 1> <Delay = 0.77> <FuncUnit> <Opcode : 'seteq' 'setne' 'setle' 'setge' 'setlt' 'setgt'> <InPorts = 2> <OutPorts = 1>
ST_1 : Operation 35 [1/1] (0.76ns)   --->   "%icmp_ln60_1 = icmp_ugt  i8 %select_ln57, i8 161" [D:/PhamDuyHoang_LuongVanDai_DA2/CNN_nopad/Conv.cpp:60->D:/PhamDuyHoang_LuongVanDai_DA2/CNN_nopad/CNN.cpp:36]   --->   Operation 35 'icmp' 'icmp_ln60_1' <Predicate = (!icmp_ln57)> <Delay = 0.76> <CoreInst = "Cmp">   --->   Core 9 'Cmp' <Latency = 0> <II = 1> <Delay = 0.76> <FuncUnit> <Opcode : 'seteq' 'setne' 'setle' 'setge' 'setlt' 'setgt'> <InPorts = 2> <OutPorts = 1>
ST_1 : Operation 36 [1/1] (0.28ns)   --->   "%or_ln60 = or i1 %icmp_ln60, i1 %icmp_ln60_1" [D:/PhamDuyHoang_LuongVanDai_DA2/CNN_nopad/Conv.cpp:60->D:/PhamDuyHoang_LuongVanDai_DA2/CNN_nopad/CNN.cpp:36]   --->   Operation 36 'or' 'or_ln60' <Predicate = (!icmp_ln57)> <Delay = 0.28> <CoreInst = "LogicGate">   --->   Core 74 'LogicGate' <Latency = 0> <II = 1> <Delay = 0.28> <FuncUnit> <Opcode : 'and' 'or' 'xor'> <InPorts = 2> <OutPorts = 1>
ST_1 : Operation 37 [1/1] (0.00ns)   --->   "%zext_ln60 = zext i7 %tmp_18" [D:/PhamDuyHoang_LuongVanDai_DA2/CNN_nopad/Conv.cpp:60->D:/PhamDuyHoang_LuongVanDai_DA2/CNN_nopad/CNN.cpp:36]   --->   Operation 37 'zext' 'zext_ln60' <Predicate = (!icmp_ln57)> <Delay = 0.00>
ST_1 : Operation 38 [1/1] (0.76ns)   --->   "%add_ln60 = add i9 %zext_ln60, i9 %zext_ln59_1" [D:/PhamDuyHoang_LuongVanDai_DA2/CNN_nopad/Conv.cpp:60->D:/PhamDuyHoang_LuongVanDai_DA2/CNN_nopad/CNN.cpp:36]   --->   Operation 38 'add' 'add_ln60' <Predicate = (!icmp_ln57)> <Delay = 0.76> <CoreInst = "Adder">   --->   Core 1 'Adder' <Latency = 0> <II = 1> <Delay = 0.76> <FuncUnit> <Opcode : 'add' 'sub'> <InPorts = 2> <OutPorts = 1>
ST_1 : Operation 39 [1/1] (0.76ns)   --->   "%add_ln60_1 = add i9 %zext_ln59_2, i9 510" [D:/PhamDuyHoang_LuongVanDai_DA2/CNN_nopad/Conv.cpp:60->D:/PhamDuyHoang_LuongVanDai_DA2/CNN_nopad/CNN.cpp:36]   --->   Operation 39 'add' 'add_ln60_1' <Predicate = (!icmp_ln57)> <Delay = 0.76> <CoreInst = "Adder">   --->   Core 1 'Adder' <Latency = 0> <II = 1> <Delay = 0.76> <FuncUnit> <Opcode : 'add' 'sub'> <InPorts = 2> <OutPorts = 1>
ST_1 : Operation 40 [1/1] (0.00ns)   --->   "%sext_ln60 = sext i9 %add_ln60_1" [D:/PhamDuyHoang_LuongVanDai_DA2/CNN_nopad/Conv.cpp:60->D:/PhamDuyHoang_LuongVanDai_DA2/CNN_nopad/CNN.cpp:36]   --->   Operation 40 'sext' 'sext_ln60' <Predicate = (!icmp_ln57)> <Delay = 0.00>
ST_1 : Operation 41 [1/1] (0.77ns)   --->   "%add_ln60_2 = add i10 %sext_ln60, i10 %p_cast57_cast" [D:/PhamDuyHoang_LuongVanDai_DA2/CNN_nopad/Conv.cpp:60->D:/PhamDuyHoang_LuongVanDai_DA2/CNN_nopad/CNN.cpp:36]   --->   Operation 41 'add' 'add_ln60_2' <Predicate = (!icmp_ln57)> <Delay = 0.77> <CoreInst = "Adder">   --->   Core 1 'Adder' <Latency = 0> <II = 1> <Delay = 0.77> <FuncUnit> <Opcode : 'add' 'sub'> <InPorts = 2> <OutPorts = 1>
ST_1 : Operation 42 [1/1] (0.00ns)   --->   "%zext_ln60_2 = zext i10 %add_ln60_2" [D:/PhamDuyHoang_LuongVanDai_DA2/CNN_nopad/Conv.cpp:60->D:/PhamDuyHoang_LuongVanDai_DA2/CNN_nopad/CNN.cpp:36]   --->   Operation 42 'zext' 'zext_ln60_2' <Predicate = (!icmp_ln57)> <Delay = 0.00>
ST_1 : Operation 43 [1/1] (0.00ns)   --->   "%OutPool0_addr = getelementptr i16 %OutPool0, i64 0, i64 %zext_ln60_2" [D:/PhamDuyHoang_LuongVanDai_DA2/CNN_nopad/Conv.cpp:60->D:/PhamDuyHoang_LuongVanDai_DA2/CNN_nopad/CNN.cpp:36]   --->   Operation 43 'getelementptr' 'OutPool0_addr' <Predicate = (!icmp_ln57)> <Delay = 0.00>
ST_1 : Operation 44 [2/2] (1.23ns)   --->   "%OutPool0_load = load i10 %OutPool0_addr" [D:/PhamDuyHoang_LuongVanDai_DA2/CNN_nopad/Conv.cpp:60->D:/PhamDuyHoang_LuongVanDai_DA2/CNN_nopad/CNN.cpp:36]   --->   Operation 44 'load' 'OutPool0_load' <Predicate = (!icmp_ln57)> <Delay = 1.23> <CoreInst = "RAM">   --->   Core 82 'RAM' <Latency = 1> <II = 1> <Delay = 1.23> <Storage> <Opcode : 'load' 'store'> <Ports = 2> <Width = 16> <Depth = 640> <RAM>
ST_1 : Operation 45 [1/1] (0.00ns)   --->   "%br_ln59 = br i1 %trunc_ln59, void %arrayidx.i66563.case.0, void %arrayidx.i66563.case.1" [D:/PhamDuyHoang_LuongVanDai_DA2/CNN_nopad/Conv.cpp:59->D:/PhamDuyHoang_LuongVanDai_DA2/CNN_nopad/CNN.cpp:36]   --->   Operation 45 'br' 'br_ln59' <Predicate = (!icmp_ln57)> <Delay = 0.00>
ST_1 : Operation 46 [1/1] (0.76ns)   --->   "%add_ln59 = add i8 %select_ln57, i8 1" [D:/PhamDuyHoang_LuongVanDai_DA2/CNN_nopad/Conv.cpp:59->D:/PhamDuyHoang_LuongVanDai_DA2/CNN_nopad/CNN.cpp:36]   --->   Operation 46 'add' 'add_ln59' <Predicate = (!icmp_ln57)> <Delay = 0.76> <CoreInst = "Adder">   --->   Core 1 'Adder' <Latency = 0> <II = 1> <Delay = 0.76> <FuncUnit> <Opcode : 'add' 'sub'> <InPorts = 2> <OutPorts = 1>
ST_1 : Operation 47 [1/1] (0.42ns)   --->   "%store_ln57 = store i10 %add_ln57, i10 %indvar_flatten23" [D:/PhamDuyHoang_LuongVanDai_DA2/CNN_nopad/Conv.cpp:57->D:/PhamDuyHoang_LuongVanDai_DA2/CNN_nopad/CNN.cpp:36]   --->   Operation 47 'store' 'store_ln57' <Predicate = (!icmp_ln57)> <Delay = 0.42>
ST_1 : Operation 48 [1/1] (0.42ns)   --->   "%store_ln57 = store i3 %select_ln57_1, i3 %c" [D:/PhamDuyHoang_LuongVanDai_DA2/CNN_nopad/Conv.cpp:57->D:/PhamDuyHoang_LuongVanDai_DA2/CNN_nopad/CNN.cpp:36]   --->   Operation 48 'store' 'store_ln57' <Predicate = (!icmp_ln57)> <Delay = 0.42>
ST_1 : Operation 49 [1/1] (0.42ns)   --->   "%store_ln59 = store i8 %add_ln59, i8 %n" [D:/PhamDuyHoang_LuongVanDai_DA2/CNN_nopad/Conv.cpp:59->D:/PhamDuyHoang_LuongVanDai_DA2/CNN_nopad/CNN.cpp:36]   --->   Operation 49 'store' 'store_ln59' <Predicate = (!icmp_ln57)> <Delay = 0.42>
ST_1 : Operation 50 [1/1] (0.00ns)   --->   "%br_ln59 = br void %for.body4.i65" [D:/PhamDuyHoang_LuongVanDai_DA2/CNN_nopad/Conv.cpp:59->D:/PhamDuyHoang_LuongVanDai_DA2/CNN_nopad/CNN.cpp:36]   --->   Operation 50 'br' 'br_ln59' <Predicate = (!icmp_ln57)> <Delay = 0.00>
ST_1 : Operation 63 [1/1] (0.42ns)   --->   "%ret_ln0 = ret"   --->   Operation 63 'ret' 'ret_ln0' <Predicate = (icmp_ln57)> <Delay = 0.42>

State 2 <SV = 1> <Delay = 2.83>
ST_2 : Operation 51 [1/1] (0.00ns)   --->   "%specloopname_ln0 = specloopname void @_ssdm_op_SpecLoopName, void @loop_for_3_channel_pad_2_loop_for_channel_pad_2_str"   --->   Operation 51 'specloopname' 'specloopname_ln0' <Predicate = true> <Delay = 0.00>
ST_2 : Operation 52 [1/1] (0.00ns)   --->   "%speclooptripcount_ln0 = speclooptripcount void @_ssdm_op_SpecLoopTripCount, i64 656, i64 656, i64 656"   --->   Operation 52 'speclooptripcount' 'speclooptripcount_ln0' <Predicate = true> <Delay = 0.00>
ST_2 : Operation 53 [1/1] (0.00ns)   --->   "%specpipeline_ln59 = specpipeline void @_ssdm_op_SpecPipeline, i32 4294967295, i32 0, i32 0, i32 0, void @empty_12" [D:/PhamDuyHoang_LuongVanDai_DA2/CNN_nopad/Conv.cpp:59->D:/PhamDuyHoang_LuongVanDai_DA2/CNN_nopad/CNN.cpp:36]   --->   Operation 53 'specpipeline' 'specpipeline_ln59' <Predicate = true> <Delay = 0.00>
ST_2 : Operation 54 [1/1] (0.00ns)   --->   "%zext_ln60_1 = zext i9 %add_ln60" [D:/PhamDuyHoang_LuongVanDai_DA2/CNN_nopad/Conv.cpp:60->D:/PhamDuyHoang_LuongVanDai_DA2/CNN_nopad/CNN.cpp:36]   --->   Operation 54 'zext' 'zext_ln60_1' <Predicate = true> <Delay = 0.00>
ST_2 : Operation 55 [1/1] (0.00ns)   --->   "%OutPadConv2_addr = getelementptr i16 %OutPadConv2, i64 0, i64 %zext_ln60_1" [D:/PhamDuyHoang_LuongVanDai_DA2/CNN_nopad/Conv.cpp:60->D:/PhamDuyHoang_LuongVanDai_DA2/CNN_nopad/CNN.cpp:36]   --->   Operation 55 'getelementptr' 'OutPadConv2_addr' <Predicate = true> <Delay = 0.00>
ST_2 : Operation 56 [1/1] (0.00ns)   --->   "%OutPadConv2_1_addr = getelementptr i16 %OutPadConv2_1, i64 0, i64 %zext_ln60_1" [D:/PhamDuyHoang_LuongVanDai_DA2/CNN_nopad/Conv.cpp:60->D:/PhamDuyHoang_LuongVanDai_DA2/CNN_nopad/CNN.cpp:36]   --->   Operation 56 'getelementptr' 'OutPadConv2_1_addr' <Predicate = true> <Delay = 0.00>
ST_2 : Operation 57 [1/2] ( I:1.23ns O:1.23ns )   --->   "%OutPool0_load = load i10 %OutPool0_addr" [D:/PhamDuyHoang_LuongVanDai_DA2/CNN_nopad/Conv.cpp:60->D:/PhamDuyHoang_LuongVanDai_DA2/CNN_nopad/CNN.cpp:36]   --->   Operation 57 'load' 'OutPool0_load' <Predicate = true> <Delay = 1.23> <CoreInst = "RAM">   --->   Core 82 'RAM' <Latency = 1> <II = 1> <Delay = 1.23> <Storage> <Opcode : 'load' 'store'> <Ports = 2> <Width = 16> <Depth = 640> <RAM>
ST_2 : Operation 58 [1/1] (0.35ns)   --->   "%storemerge565 = select i1 %or_ln60, i16 0, i16 %OutPool0_load" [D:/PhamDuyHoang_LuongVanDai_DA2/CNN_nopad/Conv.cpp:60->D:/PhamDuyHoang_LuongVanDai_DA2/CNN_nopad/CNN.cpp:36]   --->   Operation 58 'select' 'storemerge565' <Predicate = true> <Delay = 0.35> <CoreInst = "Sel">   --->   Core 73 'Sel' <Latency = 0> <II = 1> <Delay = 0.35> <FuncUnit> <Opcode : 'select'> <InPorts = 3> <OutPorts = 1>
ST_2 : Operation 59 [1/1] ( I:1.23ns O:1.23ns )   --->   "%store_ln60 = store i16 %storemerge565, i9 %OutPadConv2_addr" [D:/PhamDuyHoang_LuongVanDai_DA2/CNN_nopad/Conv.cpp:60->D:/PhamDuyHoang_LuongVanDai_DA2/CNN_nopad/CNN.cpp:36]   --->   Operation 59 'store' 'store_ln60' <Predicate = (!trunc_ln59)> <Delay = 1.23> <CoreInst = "RAM_1WnR">   --->   Core 83 'RAM_1WnR' <Latency = 1> <II = 1> <Delay = 1.23> <Storage> <Opcode : 'load' 'store'> <Ports = 17> <Width = 16> <Depth = 328> <RAM>
ST_2 : Operation 60 [1/1] (0.00ns)   --->   "%br_ln0 = br void %arrayidx.i66563.exit"   --->   Operation 60 'br' 'br_ln0' <Predicate = (!trunc_ln59)> <Delay = 0.00>
ST_2 : Operation 61 [1/1] ( I:1.23ns O:1.23ns )   --->   "%store_ln60 = store i16 %storemerge565, i9 %OutPadConv2_1_addr" [D:/PhamDuyHoang_LuongVanDai_DA2/CNN_nopad/Conv.cpp:60->D:/PhamDuyHoang_LuongVanDai_DA2/CNN_nopad/CNN.cpp:36]   --->   Operation 61 'store' 'store_ln60' <Predicate = (trunc_ln59)> <Delay = 1.23> <CoreInst = "RAM_1WnR">   --->   Core 83 'RAM_1WnR' <Latency = 1> <II = 1> <Delay = 1.23> <Storage> <Opcode : 'load' 'store'> <Ports = 17> <Width = 16> <Depth = 328> <RAM>
ST_2 : Operation 62 [1/1] (0.00ns)   --->   "%br_ln0 = br void %arrayidx.i66563.exit"   --->   Operation 62 'br' 'br_ln0' <Predicate = (trunc_ln59)> <Delay = 0.00>


============================================================
+ Verbose Summary: Timing violations
============================================================
Target clock period: 10.000ns, clock uncertainty: 2.700ns.

 <State 1>: 4.363ns
The critical path consists of the following:
	'store' operation 0 bit ('store_ln59', D:/PhamDuyHoang_LuongVanDai_DA2/CNN_nopad/Conv.cpp:59->D:/PhamDuyHoang_LuongVanDai_DA2/CNN_nopad/CNN.cpp:36) of constant 0 on local variable 'n', D:/PhamDuyHoang_LuongVanDai_DA2/CNN_nopad/Conv.cpp:59->D:/PhamDuyHoang_LuongVanDai_DA2/CNN_nopad/CNN.cpp:36 [9]  (0.427 ns)
	'load' operation 8 bit ('n_load', D:/PhamDuyHoang_LuongVanDai_DA2/CNN_nopad/Conv.cpp:59->D:/PhamDuyHoang_LuongVanDai_DA2/CNN_nopad/CNN.cpp:36) on local variable 'n', D:/PhamDuyHoang_LuongVanDai_DA2/CNN_nopad/Conv.cpp:59->D:/PhamDuyHoang_LuongVanDai_DA2/CNN_nopad/CNN.cpp:36 [17]  (0.000 ns)
	'icmp' operation 1 bit ('icmp_ln59', D:/PhamDuyHoang_LuongVanDai_DA2/CNN_nopad/Conv.cpp:59->D:/PhamDuyHoang_LuongVanDai_DA2/CNN_nopad/CNN.cpp:36) [21]  (0.765 ns)
	'select' operation 8 bit ('select_ln57', D:/PhamDuyHoang_LuongVanDai_DA2/CNN_nopad/Conv.cpp:57->D:/PhamDuyHoang_LuongVanDai_DA2/CNN_nopad/CNN.cpp:36) [22]  (0.393 ns)
	'add' operation 9 bit ('add_ln60_1', D:/PhamDuyHoang_LuongVanDai_DA2/CNN_nopad/Conv.cpp:60->D:/PhamDuyHoang_LuongVanDai_DA2/CNN_nopad/CNN.cpp:36) [46]  (0.765 ns)
	'add' operation 10 bit ('add_ln60_2', D:/PhamDuyHoang_LuongVanDai_DA2/CNN_nopad/Conv.cpp:60->D:/PhamDuyHoang_LuongVanDai_DA2/CNN_nopad/CNN.cpp:36) [48]  (0.776 ns)
	'getelementptr' operation 10 bit ('OutPool0_addr', D:/PhamDuyHoang_LuongVanDai_DA2/CNN_nopad/Conv.cpp:60->D:/PhamDuyHoang_LuongVanDai_DA2/CNN_nopad/CNN.cpp:36) [50]  (0.000 ns)
	'load' operation 16 bit ('OutPool0_load', D:/PhamDuyHoang_LuongVanDai_DA2/CNN_nopad/Conv.cpp:60->D:/PhamDuyHoang_LuongVanDai_DA2/CNN_nopad/CNN.cpp:36) on array 'OutPool0' [51]  (1.237 ns)

 <State 2>: 2.831ns
The critical path consists of the following:
	'load' operation 16 bit ('OutPool0_load', D:/PhamDuyHoang_LuongVanDai_DA2/CNN_nopad/Conv.cpp:60->D:/PhamDuyHoang_LuongVanDai_DA2/CNN_nopad/CNN.cpp:36) on array 'OutPool0' [51]  (1.237 ns)
	'select' operation 16 bit ('storemerge565', D:/PhamDuyHoang_LuongVanDai_DA2/CNN_nopad/Conv.cpp:60->D:/PhamDuyHoang_LuongVanDai_DA2/CNN_nopad/CNN.cpp:36) [52]  (0.357 ns)
	'store' operation 0 bit ('store_ln60', D:/PhamDuyHoang_LuongVanDai_DA2/CNN_nopad/Conv.cpp:60->D:/PhamDuyHoang_LuongVanDai_DA2/CNN_nopad/CNN.cpp:36) of variable 'storemerge565', D:/PhamDuyHoang_LuongVanDai_DA2/CNN_nopad/Conv.cpp:60->D:/PhamDuyHoang_LuongVanDai_DA2/CNN_nopad/CNN.cpp:36 on array 'OutPadConv2' [55]  (1.237 ns)


============================================================
+ Verbose Summary: Binding
============================================================
N/A
* FSMD analyzer results:
  - Output states:
 - Input state : 
  - Chain level:
	State 1
	State 2


============================================================
+ Verbose Summary: Datapath Resource usage 
============================================================
N/A
