

================================================================
== Vitis HLS Report for 'CNN_Pipeline_loop_for_channel_pad_0'
================================================================
* Date:           Mon Jul 14 02:15:57 2025

* Version:        2025.1 (Build 6135595 on May 21 2025)
* Project:        CNN_HLS
* Solution:       hls (Vivado IP Flow Target)
* Product family: zynquplus
* Target device:  xck26-sfvc784-2LV-c


================================================================
== Performance Estimates
================================================================
+ Timing: 
    * Summary: 
    +--------+----------+----------+------------+
    |  Clock |  Target  | Estimated| Uncertainty|
    +--------+----------+----------+------------+
    |ap_clk  |  10.00 ns|  2.831 ns|     2.70 ns|
    +--------+----------+----------+------------+

+ Latency: 
    * Summary: 
    +---------+---------+----------+----------+-----+-----+------------------------------------------------+
    |  Latency (cycles) |  Latency (absolute) |  Interval |                    Pipeline                    |
    |   min   |   max   |    min   |    max   | min | max |                      Type                      |
    +---------+---------+----------+----------+-----+-----+------------------------------------------------+
    |      326|      326|  3.260 us|  3.260 us|  325|  325|  loop auto-rewind stp (delay=0 clock cycles(s))|
    +---------+---------+----------+----------+-----+-----+------------------------------------------------+

    + Detail: 
        * Instance: 
        N/A

        * Loop: 
        +--------------------------+---------+---------+----------+-----------+-----------+------+----------+
        |                          |  Latency (cycles) | Iteration|  Initiation Interval  | Trip |          |
        |         Loop Name        |   min   |   max   |  Latency |  achieved |   target  | Count| Pipelined|
        +--------------------------+---------+---------+----------+-----------+-----------+------+----------+
        |- loop_for_channel_pad_0  |      324|      324|         2|          1|          1|   324|       yes|
        +--------------------------+---------+---------+----------+-----------+-----------+------+----------+

============================================================
+ Verbose Summary: Synthesis Manager
============================================================
InlineROM: 1
ExposeGlobal: 0
============================================================
+ Verbose Summary: CDFG Model
============================================================
IsTopModel: 0
ResetActiveHigh: 1
IsCombinational: 0
IsDatapathOnly: 0
HasWiredReturn: 1
HasMFsm: 2
HasVarLatency: 1
IsPipeline: 0
IsRtlPipelined: 0
IsInstanceOverlapped: 0
IsDontTouch: 0
HasImplIP: 0
IsGatedGlobalClock: 0

+ Individual pipeline summary: 
  * Pipeline-0: initiation interval (II) = 1, depth = 2


============================================================
+ Verbose Summary: Schedule
============================================================
* Number of FSM states : 2
* Pipeline : 1
  Pipeline-0 : II = 1, D = 2, States = { 1 2 }
* Dataflow Pipeline: 0

* FSM state transitions: 
1 --> 2 
2 --> 

* FSM state operations: 

State 1 <SV = 0> <Delay = 2.44>
ST_1 : Operation 5 [1/1] (0.00ns)   --->   "%n = alloca i32 1" [D:/PhamDuyHoang_LuongVanDai_DA2/CNN_nopad/Conv.cpp:7->D:/PhamDuyHoang_LuongVanDai_DA2/CNN_nopad/CNN.cpp:31]   --->   Operation 5 'alloca' 'n' <Predicate = true> <Delay = 0.00>
ST_1 : Operation 6 [1/1] (0.00ns)   --->   "%specinterface_ln0 = specinterface void @_ssdm_op_SpecInterface, i16 %InModel, void @empty_8, i32 0, i32 0, void @empty_12, i32 4294967295, i32 0, void @empty_12, void @empty_12, void @empty_12, i32 0, i32 0, i32 0, i32 0, void @empty_12, void @empty_12, i32 4294967295, i32 0, i32 0"   --->   Operation 6 'specinterface' 'specinterface_ln0' <Predicate = true> <Delay = 0.00>
ST_1 : Operation 7 [1/1] (0.42ns)   --->   "%store_ln7 = store i9 0, i9 %n" [D:/PhamDuyHoang_LuongVanDai_DA2/CNN_nopad/Conv.cpp:7->D:/PhamDuyHoang_LuongVanDai_DA2/CNN_nopad/CNN.cpp:31]   --->   Operation 7 'store' 'store_ln7' <Predicate = true> <Delay = 0.42>
ST_1 : Operation 8 [1/1] (0.00ns)   --->   "%br_ln0 = br void %for.body4.i"   --->   Operation 8 'br' 'br_ln0' <Predicate = true> <Delay = 0.00>
ST_1 : Operation 9 [1/1] (0.00ns)   --->   "%n_1 = load i9 %n" [D:/PhamDuyHoang_LuongVanDai_DA2/CNN_nopad/Conv.cpp:8->D:/PhamDuyHoang_LuongVanDai_DA2/CNN_nopad/CNN.cpp:31]   --->   Operation 9 'load' 'n_1' <Predicate = true> <Delay = 0.00>
ST_1 : Operation 10 [1/1] (0.77ns)   --->   "%icmp_ln7 = icmp_eq  i9 %n_1, i9 324" [D:/PhamDuyHoang_LuongVanDai_DA2/CNN_nopad/Conv.cpp:7->D:/PhamDuyHoang_LuongVanDai_DA2/CNN_nopad/CNN.cpp:31]   --->   Operation 10 'icmp' 'icmp_ln7' <Predicate = true> <Delay = 0.77> <CoreInst = "Cmp">   --->   Core 9 'Cmp' <Latency = 0> <II = 1> <Delay = 0.77> <FuncUnit> <Opcode : 'seteq' 'setne' 'setle' 'setge' 'setlt' 'setgt'> <InPorts = 2> <OutPorts = 1>
ST_1 : Operation 11 [1/1] (0.77ns)   --->   "%add_ln7 = add i9 %n_1, i9 1" [D:/PhamDuyHoang_LuongVanDai_DA2/CNN_nopad/Conv.cpp:7->D:/PhamDuyHoang_LuongVanDai_DA2/CNN_nopad/CNN.cpp:31]   --->   Operation 11 'add' 'add_ln7' <Predicate = true> <Delay = 0.77> <CoreInst = "Adder">   --->   Core 1 'Adder' <Latency = 0> <II = 1> <Delay = 0.77> <FuncUnit> <Opcode : 'add' 'sub'> <InPorts = 2> <OutPorts = 1>
ST_1 : Operation 12 [1/1] (0.00ns)   --->   "%br_ln7 = br i1 %icmp_ln7, void %for.body4.i.split_ifconv, void %loop_for_ap_0.i.preheader.exitStub" [D:/PhamDuyHoang_LuongVanDai_DA2/CNN_nopad/Conv.cpp:7->D:/PhamDuyHoang_LuongVanDai_DA2/CNN_nopad/CNN.cpp:31]   --->   Operation 12 'br' 'br_ln7' <Predicate = true> <Delay = 0.00>
ST_1 : Operation 13 [1/1] (0.77ns)   --->   "%add_ln8 = add i9 %n_1, i9 510" [D:/PhamDuyHoang_LuongVanDai_DA2/CNN_nopad/Conv.cpp:8->D:/PhamDuyHoang_LuongVanDai_DA2/CNN_nopad/CNN.cpp:31]   --->   Operation 13 'add' 'add_ln8' <Predicate = (!icmp_ln7)> <Delay = 0.77> <CoreInst = "Adder">   --->   Core 1 'Adder' <Latency = 0> <II = 1> <Delay = 0.77> <FuncUnit> <Opcode : 'add' 'sub'> <InPorts = 2> <OutPorts = 1>
ST_1 : Operation 14 [1/1] (0.00ns)   --->   "%zext_ln8 = zext i9 %add_ln8" [D:/PhamDuyHoang_LuongVanDai_DA2/CNN_nopad/Conv.cpp:8->D:/PhamDuyHoang_LuongVanDai_DA2/CNN_nopad/CNN.cpp:31]   --->   Operation 14 'zext' 'zext_ln8' <Predicate = (!icmp_ln7)> <Delay = 0.00>
ST_1 : Operation 15 [1/1] (0.00ns)   --->   "%InModel_addr = getelementptr i16 %InModel, i64 0, i64 %zext_ln8" [D:/PhamDuyHoang_LuongVanDai_DA2/CNN_nopad/Conv.cpp:8->D:/PhamDuyHoang_LuongVanDai_DA2/CNN_nopad/CNN.cpp:31]   --->   Operation 15 'getelementptr' 'InModel_addr' <Predicate = (!icmp_ln7)> <Delay = 0.00>
ST_1 : Operation 16 [2/2] (1.23ns)   --->   "%InModel_load = load i9 %InModel_addr" [D:/PhamDuyHoang_LuongVanDai_DA2/CNN_nopad/Conv.cpp:8->D:/PhamDuyHoang_LuongVanDai_DA2/CNN_nopad/CNN.cpp:31]   --->   Operation 16 'load' 'InModel_load' <Predicate = (!icmp_ln7)> <Delay = 1.23> <CoreInst = "RAM">   --->   Core 82 'RAM' <Latency = 1> <II = 1> <Delay = 1.23> <Storage> <Opcode : 'load' 'store'> <Ports = 2> <Width = 16> <Depth = 320> <RAM>
ST_1 : Operation 17 [1/1] (0.42ns)   --->   "%store_ln7 = store i9 %add_ln7, i9 %n" [D:/PhamDuyHoang_LuongVanDai_DA2/CNN_nopad/Conv.cpp:7->D:/PhamDuyHoang_LuongVanDai_DA2/CNN_nopad/CNN.cpp:31]   --->   Operation 17 'store' 'store_ln7' <Predicate = (!icmp_ln7)> <Delay = 0.42>
ST_1 : Operation 31 [1/1] (0.42ns)   --->   "%ret_ln0 = ret"   --->   Operation 31 'ret' 'ret_ln0' <Predicate = (icmp_ln7)> <Delay = 0.42>

State 2 <SV = 1> <Delay = 2.83>
ST_2 : Operation 18 [1/1] (0.00ns)   --->   "%zext_ln7 = zext i9 %n_1" [D:/PhamDuyHoang_LuongVanDai_DA2/CNN_nopad/Conv.cpp:7->D:/PhamDuyHoang_LuongVanDai_DA2/CNN_nopad/CNN.cpp:31]   --->   Operation 18 'zext' 'zext_ln7' <Predicate = true> <Delay = 0.00>
ST_2 : Operation 19 [1/1] (0.00ns)   --->   "%specpipeline_ln7 = specpipeline void @_ssdm_op_SpecPipeline, i32 4294967295, i32 0, i32 0, i32 0, void @empty_12" [D:/PhamDuyHoang_LuongVanDai_DA2/CNN_nopad/Conv.cpp:7->D:/PhamDuyHoang_LuongVanDai_DA2/CNN_nopad/CNN.cpp:31]   --->   Operation 19 'specpipeline' 'specpipeline_ln7' <Predicate = true> <Delay = 0.00>
ST_2 : Operation 20 [1/1] (0.00ns)   --->   "%speclooptripcount_ln7 = speclooptripcount void @_ssdm_op_SpecLoopTripCount, i64 324, i64 324, i64 324" [D:/PhamDuyHoang_LuongVanDai_DA2/CNN_nopad/Conv.cpp:7->D:/PhamDuyHoang_LuongVanDai_DA2/CNN_nopad/CNN.cpp:31]   --->   Operation 20 'speclooptripcount' 'speclooptripcount_ln7' <Predicate = true> <Delay = 0.00>
ST_2 : Operation 21 [1/1] (0.00ns)   --->   "%specloopname_ln7 = specloopname void @_ssdm_op_SpecLoopName, void @empty_11" [D:/PhamDuyHoang_LuongVanDai_DA2/CNN_nopad/Conv.cpp:7->D:/PhamDuyHoang_LuongVanDai_DA2/CNN_nopad/CNN.cpp:31]   --->   Operation 21 'specloopname' 'specloopname_ln7' <Predicate = true> <Delay = 0.00>
ST_2 : Operation 22 [1/1] (0.00ns)   --->   "%tmp = partselect i8 @_ssdm_op_PartSelect.i8.i9.i32.i32, i9 %n_1, i32 1, i32 8" [D:/PhamDuyHoang_LuongVanDai_DA2/CNN_nopad/Conv.cpp:8->D:/PhamDuyHoang_LuongVanDai_DA2/CNN_nopad/CNN.cpp:31]   --->   Operation 22 'partselect' 'tmp' <Predicate = true> <Delay = 0.00>
ST_2 : Operation 23 [1/1] (0.76ns)   --->   "%icmp_ln8 = icmp_eq  i8 %tmp, i8 0" [D:/PhamDuyHoang_LuongVanDai_DA2/CNN_nopad/Conv.cpp:8->D:/PhamDuyHoang_LuongVanDai_DA2/CNN_nopad/CNN.cpp:31]   --->   Operation 23 'icmp' 'icmp_ln8' <Predicate = true> <Delay = 0.76> <CoreInst = "Cmp">   --->   Core 9 'Cmp' <Latency = 0> <II = 1> <Delay = 0.76> <FuncUnit> <Opcode : 'seteq' 'setne' 'setle' 'setge' 'setlt' 'setgt'> <InPorts = 2> <OutPorts = 1>
ST_2 : Operation 24 [1/1] (0.77ns)   --->   "%icmp_ln8_1 = icmp_ugt  i9 %n_1, i9 321" [D:/PhamDuyHoang_LuongVanDai_DA2/CNN_nopad/Conv.cpp:8->D:/PhamDuyHoang_LuongVanDai_DA2/CNN_nopad/CNN.cpp:31]   --->   Operation 24 'icmp' 'icmp_ln8_1' <Predicate = true> <Delay = 0.77> <CoreInst = "Cmp">   --->   Core 9 'Cmp' <Latency = 0> <II = 1> <Delay = 0.77> <FuncUnit> <Opcode : 'seteq' 'setne' 'setle' 'setge' 'setlt' 'setgt'> <InPorts = 2> <OutPorts = 1>
ST_2 : Operation 25 [1/1] (0.28ns)   --->   "%or_ln8 = or i1 %icmp_ln8, i1 %icmp_ln8_1" [D:/PhamDuyHoang_LuongVanDai_DA2/CNN_nopad/Conv.cpp:8->D:/PhamDuyHoang_LuongVanDai_DA2/CNN_nopad/CNN.cpp:31]   --->   Operation 25 'or' 'or_ln8' <Predicate = true> <Delay = 0.28> <CoreInst = "LogicGate">   --->   Core 74 'LogicGate' <Latency = 0> <II = 1> <Delay = 0.28> <FuncUnit> <Opcode : 'and' 'or' 'xor'> <InPorts = 2> <OutPorts = 1>
ST_2 : Operation 26 [1/1] (0.00ns)   --->   "%OutPadConv0_addr = getelementptr i16 %OutPadConv0, i64 0, i64 %zext_ln7" [D:/PhamDuyHoang_LuongVanDai_DA2/CNN_nopad/Conv.cpp:8->D:/PhamDuyHoang_LuongVanDai_DA2/CNN_nopad/CNN.cpp:31]   --->   Operation 26 'getelementptr' 'OutPadConv0_addr' <Predicate = true> <Delay = 0.00>
ST_2 : Operation 27 [1/2] ( I:1.23ns O:1.23ns )   --->   "%InModel_load = load i9 %InModel_addr" [D:/PhamDuyHoang_LuongVanDai_DA2/CNN_nopad/Conv.cpp:8->D:/PhamDuyHoang_LuongVanDai_DA2/CNN_nopad/CNN.cpp:31]   --->   Operation 27 'load' 'InModel_load' <Predicate = true> <Delay = 1.23> <CoreInst = "RAM">   --->   Core 82 'RAM' <Latency = 1> <II = 1> <Delay = 1.23> <Storage> <Opcode : 'load' 'store'> <Ports = 2> <Width = 16> <Depth = 320> <RAM>
ST_2 : Operation 28 [1/1] (0.35ns)   --->   "%storemerge = select i1 %or_ln8, i16 0, i16 %InModel_load" [D:/PhamDuyHoang_LuongVanDai_DA2/CNN_nopad/Conv.cpp:8->D:/PhamDuyHoang_LuongVanDai_DA2/CNN_nopad/CNN.cpp:31]   --->   Operation 28 'select' 'storemerge' <Predicate = true> <Delay = 0.35> <CoreInst = "Sel">   --->   Core 73 'Sel' <Latency = 0> <II = 1> <Delay = 0.35> <FuncUnit> <Opcode : 'select'> <InPorts = 3> <OutPorts = 1>
ST_2 : Operation 29 [1/1] ( I:1.23ns O:1.23ns )   --->   "%store_ln8 = store i16 %storemerge, i9 %OutPadConv0_addr" [D:/PhamDuyHoang_LuongVanDai_DA2/CNN_nopad/Conv.cpp:8->D:/PhamDuyHoang_LuongVanDai_DA2/CNN_nopad/CNN.cpp:31]   --->   Operation 29 'store' 'store_ln8' <Predicate = true> <Delay = 1.23> <CoreInst = "RAM_1WnR">   --->   Core 83 'RAM_1WnR' <Latency = 1> <II = 1> <Delay = 1.23> <Storage> <Opcode : 'load' 'store'> <Ports = 17> <Width = 16> <Depth = 324> <RAM>
ST_2 : Operation 30 [1/1] (0.00ns)   --->   "%br_ln7 = br void %for.body4.i" [D:/PhamDuyHoang_LuongVanDai_DA2/CNN_nopad/Conv.cpp:7->D:/PhamDuyHoang_LuongVanDai_DA2/CNN_nopad/CNN.cpp:31]   --->   Operation 30 'br' 'br_ln7' <Predicate = true> <Delay = 0.00>


============================================================
+ Verbose Summary: Timing violations
============================================================
Target clock period: 10.000ns, clock uncertainty: 2.700ns.

 <State 1>: 2.440ns
The critical path consists of the following:
	'store' operation 0 bit ('store_ln7', D:/PhamDuyHoang_LuongVanDai_DA2/CNN_nopad/Conv.cpp:7->D:/PhamDuyHoang_LuongVanDai_DA2/CNN_nopad/CNN.cpp:31) of constant 0 on local variable 'n', D:/PhamDuyHoang_LuongVanDai_DA2/CNN_nopad/Conv.cpp:7->D:/PhamDuyHoang_LuongVanDai_DA2/CNN_nopad/CNN.cpp:31 [5]  (0.427 ns)
	'load' operation 9 bit ('n', D:/PhamDuyHoang_LuongVanDai_DA2/CNN_nopad/Conv.cpp:8->D:/PhamDuyHoang_LuongVanDai_DA2/CNN_nopad/CNN.cpp:31) on local variable 'n', D:/PhamDuyHoang_LuongVanDai_DA2/CNN_nopad/Conv.cpp:7->D:/PhamDuyHoang_LuongVanDai_DA2/CNN_nopad/CNN.cpp:31 [8]  (0.000 ns)
	'add' operation 9 bit ('add_ln8', D:/PhamDuyHoang_LuongVanDai_DA2/CNN_nopad/Conv.cpp:8->D:/PhamDuyHoang_LuongVanDai_DA2/CNN_nopad/CNN.cpp:31) [22]  (0.776 ns)
	'getelementptr' operation 9 bit ('InModel_addr', D:/PhamDuyHoang_LuongVanDai_DA2/CNN_nopad/Conv.cpp:8->D:/PhamDuyHoang_LuongVanDai_DA2/CNN_nopad/CNN.cpp:31) [24]  (0.000 ns)
	'load' operation 16 bit ('InModel_load', D:/PhamDuyHoang_LuongVanDai_DA2/CNN_nopad/Conv.cpp:8->D:/PhamDuyHoang_LuongVanDai_DA2/CNN_nopad/CNN.cpp:31) on array 'InModel' [25]  (1.237 ns)

 <State 2>: 2.831ns
The critical path consists of the following:
	'load' operation 16 bit ('InModel_load', D:/PhamDuyHoang_LuongVanDai_DA2/CNN_nopad/Conv.cpp:8->D:/PhamDuyHoang_LuongVanDai_DA2/CNN_nopad/CNN.cpp:31) on array 'InModel' [25]  (1.237 ns)
	'select' operation 16 bit ('storemerge', D:/PhamDuyHoang_LuongVanDai_DA2/CNN_nopad/Conv.cpp:8->D:/PhamDuyHoang_LuongVanDai_DA2/CNN_nopad/CNN.cpp:31) [26]  (0.357 ns)
	'store' operation 0 bit ('store_ln8', D:/PhamDuyHoang_LuongVanDai_DA2/CNN_nopad/Conv.cpp:8->D:/PhamDuyHoang_LuongVanDai_DA2/CNN_nopad/CNN.cpp:31) of variable 'storemerge', D:/PhamDuyHoang_LuongVanDai_DA2/CNN_nopad/Conv.cpp:8->D:/PhamDuyHoang_LuongVanDai_DA2/CNN_nopad/CNN.cpp:31 on array 'OutPadConv0' [27]  (1.237 ns)


============================================================
+ Verbose Summary: Binding
============================================================
N/A
* FSMD analyzer results:
  - Output states:
 - Input state : 
  - Chain level:
	State 1
	State 2


============================================================
+ Verbose Summary: Datapath Resource usage 
============================================================
N/A
