

================================================================
== Vitis HLS Report for 'CNN_Pipeline_loop_for_3_channel_pad_5_loop_for_channel_pad_5'
================================================================
* Date:           Mon Jul 14 02:16:19 2025

* Version:        2025.1 (Build 6135595 on May 21 2025)
* Project:        CNN_HLS
* Solution:       hls (Vivado IP Flow Target)
* Product family: zynquplus
* Target device:  xck26-sfvc784-2LV-c


================================================================
== Performance Estimates
================================================================
+ Timing: 
    * Summary: 
    +--------+----------+----------+------------+
    |  Clock |  Target  | Estimated| Uncertainty|
    +--------+----------+----------+------------+
    |ap_clk  |  10.00 ns|  2.925 ns|     2.70 ns|
    +--------+----------+----------+------------+

+ Latency: 
    * Summary: 
    +---------+---------+-----------+-----------+------+------+------------------------------------------------+
    |  Latency (cycles) |   Latency (absolute)  |   Interval  |                    Pipeline                    |
    |   min   |   max   |    min    |    max    |  min |  max |                      Type                      |
    +---------+---------+-----------+-----------+------+------+------------------------------------------------+
    |     1348|     1348|  13.480 us|  13.480 us|  1345|  1345|  loop auto-rewind stp (delay=0 clock cycles(s))|
    +---------+---------+-----------+-----------+------+------+------------------------------------------------+

    + Detail: 
        * Instance: 
        N/A

        * Loop: 
        +---------------------------------------------------+---------+---------+----------+-----------+-----------+------+----------+
        |                                                   |  Latency (cycles) | Iteration|  Initiation Interval  | Trip |          |
        |                     Loop Name                     |   min   |   max   |  Latency |  achieved |   target  | Count| Pipelined|
        +---------------------------------------------------+---------+---------+----------+-----------+-----------+------+----------+
        |- loop_for_3_channel_pad_5_loop_for_channel_pad_5  |     1346|     1346|         4|          1|          1|  1344|       yes|
        +---------------------------------------------------+---------+---------+----------+-----------+-----------+------+----------+

============================================================
+ Verbose Summary: Synthesis Manager
============================================================
InlineROM: 1
ExposeGlobal: 0
============================================================
+ Verbose Summary: CDFG Model
============================================================
IsTopModel: 0
ResetActiveHigh: 1
IsCombinational: 0
IsDatapathOnly: 0
HasWiredReturn: 1
HasMFsm: 2
HasVarLatency: 1
IsPipeline: 0
IsRtlPipelined: 0
IsInstanceOverlapped: 0
IsDontTouch: 0
HasImplIP: 0
IsGatedGlobalClock: 0

+ Individual pipeline summary: 
  * Pipeline-0: initiation interval (II) = 1, depth = 4


============================================================
+ Verbose Summary: Schedule
============================================================
* Number of FSM states : 4
* Pipeline : 1
  Pipeline-0 : II = 1, D = 4, States = { 1 2 3 4 }
* Dataflow Pipeline: 0

* FSM state transitions: 
1 --> 2 
2 --> 3 
3 --> 4 
4 --> 

* FSM state operations: 

State 1 <SV = 0> <Delay = 2.76>
ST_1 : Operation 7 [1/1] (0.00ns)   --->   "%n = alloca i32 1" [D:/PhamDuyHoang_LuongVanDai_DA2/CNN_nopad/Conv.cpp:137->D:/PhamDuyHoang_LuongVanDai_DA2/CNN_nopad/CNN.cpp:43]   --->   Operation 7 'alloca' 'n' <Predicate = true> <Delay = 0.00>
ST_1 : Operation 8 [1/1] (0.00ns)   --->   "%c = alloca i32 1" [D:/PhamDuyHoang_LuongVanDai_DA2/CNN_nopad/Conv.cpp:135->D:/PhamDuyHoang_LuongVanDai_DA2/CNN_nopad/CNN.cpp:43]   --->   Operation 8 'alloca' 'c' <Predicate = true> <Delay = 0.00>
ST_1 : Operation 9 [1/1] (0.00ns)   --->   "%indvar_flatten72 = alloca i32 1"   --->   Operation 9 'alloca' 'indvar_flatten72' <Predicate = true> <Delay = 0.00>
ST_1 : Operation 10 [1/1] (0.42ns)   --->   "%store_ln0 = store i11 0, i11 %indvar_flatten72"   --->   Operation 10 'store' 'store_ln0' <Predicate = true> <Delay = 0.42>
ST_1 : Operation 11 [1/1] (0.42ns)   --->   "%store_ln135 = store i5 0, i5 %c" [D:/PhamDuyHoang_LuongVanDai_DA2/CNN_nopad/Conv.cpp:135->D:/PhamDuyHoang_LuongVanDai_DA2/CNN_nopad/CNN.cpp:43]   --->   Operation 11 'store' 'store_ln135' <Predicate = true> <Delay = 0.42>
ST_1 : Operation 12 [1/1] (0.42ns)   --->   "%store_ln137 = store i7 0, i7 %n" [D:/PhamDuyHoang_LuongVanDai_DA2/CNN_nopad/Conv.cpp:137->D:/PhamDuyHoang_LuongVanDai_DA2/CNN_nopad/CNN.cpp:43]   --->   Operation 12 'store' 'store_ln137' <Predicate = true> <Delay = 0.42>
ST_1 : Operation 13 [1/1] (0.00ns)   --->   "%br_ln0 = br void %for.body4.i276"   --->   Operation 13 'br' 'br_ln0' <Predicate = true> <Delay = 0.00>
ST_1 : Operation 14 [1/1] (0.00ns)   --->   "%indvar_flatten72_load = load i11 %indvar_flatten72" [D:/PhamDuyHoang_LuongVanDai_DA2/CNN_nopad/Conv.cpp:135->D:/PhamDuyHoang_LuongVanDai_DA2/CNN_nopad/CNN.cpp:43]   --->   Operation 14 'load' 'indvar_flatten72_load' <Predicate = true> <Delay = 0.00>
ST_1 : Operation 15 [1/1] (0.79ns)   --->   "%icmp_ln135 = icmp_eq  i11 %indvar_flatten72_load, i11 1344" [D:/PhamDuyHoang_LuongVanDai_DA2/CNN_nopad/Conv.cpp:135->D:/PhamDuyHoang_LuongVanDai_DA2/CNN_nopad/CNN.cpp:43]   --->   Operation 15 'icmp' 'icmp_ln135' <Predicate = true> <Delay = 0.79> <CoreInst = "Cmp">   --->   Core 9 'Cmp' <Latency = 0> <II = 1> <Delay = 0.79> <FuncUnit> <Opcode : 'seteq' 'setne' 'setle' 'setge' 'setlt' 'setgt'> <InPorts = 2> <OutPorts = 1>
ST_1 : Operation 16 [1/1] (0.79ns)   --->   "%add_ln135 = add i11 %indvar_flatten72_load, i11 1" [D:/PhamDuyHoang_LuongVanDai_DA2/CNN_nopad/Conv.cpp:135->D:/PhamDuyHoang_LuongVanDai_DA2/CNN_nopad/CNN.cpp:43]   --->   Operation 16 'add' 'add_ln135' <Predicate = true> <Delay = 0.79> <CoreInst = "Adder">   --->   Core 1 'Adder' <Latency = 0> <II = 1> <Delay = 0.79> <FuncUnit> <Opcode : 'add' 'sub'> <InPorts = 2> <OutPorts = 1>
ST_1 : Operation 17 [1/1] (0.00ns)   --->   "%br_ln135 = br i1 %icmp_ln135, void %for.inc15.i288, void %loop_for_ap_5.i.preheader.exitStub" [D:/PhamDuyHoang_LuongVanDai_DA2/CNN_nopad/Conv.cpp:135->D:/PhamDuyHoang_LuongVanDai_DA2/CNN_nopad/CNN.cpp:43]   --->   Operation 17 'br' 'br_ln135' <Predicate = true> <Delay = 0.00>
ST_1 : Operation 18 [1/1] (0.00ns)   --->   "%n_load = load i7 %n" [D:/PhamDuyHoang_LuongVanDai_DA2/CNN_nopad/Conv.cpp:137->D:/PhamDuyHoang_LuongVanDai_DA2/CNN_nopad/CNN.cpp:43]   --->   Operation 18 'load' 'n_load' <Predicate = (!icmp_ln135)> <Delay = 0.00>
ST_1 : Operation 19 [1/1] (0.00ns)   --->   "%c_load = load i5 %c" [D:/PhamDuyHoang_LuongVanDai_DA2/CNN_nopad/Conv.cpp:135->D:/PhamDuyHoang_LuongVanDai_DA2/CNN_nopad/CNN.cpp:43]   --->   Operation 19 'load' 'c_load' <Predicate = (!icmp_ln135)> <Delay = 0.00>
ST_1 : Operation 20 [1/1] (0.77ns)   --->   "%icmp_ln137 = icmp_eq  i7 %n_load, i7 84" [D:/PhamDuyHoang_LuongVanDai_DA2/CNN_nopad/Conv.cpp:137->D:/PhamDuyHoang_LuongVanDai_DA2/CNN_nopad/CNN.cpp:43]   --->   Operation 20 'icmp' 'icmp_ln137' <Predicate = (!icmp_ln135)> <Delay = 0.77> <CoreInst = "Cmp">   --->   Core 9 'Cmp' <Latency = 0> <II = 1> <Delay = 0.77> <FuncUnit> <Opcode : 'seteq' 'setne' 'setle' 'setge' 'setlt' 'setgt'> <InPorts = 2> <OutPorts = 1>
ST_1 : Operation 21 [1/1] (0.36ns)   --->   "%select_ln135 = select i1 %icmp_ln137, i7 0, i7 %n_load" [D:/PhamDuyHoang_LuongVanDai_DA2/CNN_nopad/Conv.cpp:135->D:/PhamDuyHoang_LuongVanDai_DA2/CNN_nopad/CNN.cpp:43]   --->   Operation 21 'select' 'select_ln135' <Predicate = (!icmp_ln135)> <Delay = 0.36> <CoreInst = "Sel">   --->   Core 73 'Sel' <Latency = 0> <II = 1> <Delay = 0.36> <FuncUnit> <Opcode : 'select'> <InPorts = 3> <OutPorts = 1>
ST_1 : Operation 22 [1/1] (0.78ns)   --->   "%add_ln135_1 = add i5 %c_load, i5 1" [D:/PhamDuyHoang_LuongVanDai_DA2/CNN_nopad/Conv.cpp:135->D:/PhamDuyHoang_LuongVanDai_DA2/CNN_nopad/CNN.cpp:43]   --->   Operation 22 'add' 'add_ln135_1' <Predicate = (!icmp_ln135)> <Delay = 0.78> <CoreInst = "Adder">   --->   Core 1 'Adder' <Latency = 0> <II = 1> <Delay = 0.78> <FuncUnit> <Opcode : 'add' 'sub'> <InPorts = 2> <OutPorts = 1>
ST_1 : Operation 23 [1/1] (0.41ns)   --->   "%select_ln135_1 = select i1 %icmp_ln137, i5 %add_ln135_1, i5 %c_load" [D:/PhamDuyHoang_LuongVanDai_DA2/CNN_nopad/Conv.cpp:135->D:/PhamDuyHoang_LuongVanDai_DA2/CNN_nopad/CNN.cpp:43]   --->   Operation 23 'select' 'select_ln135_1' <Predicate = (!icmp_ln135)> <Delay = 0.41> <CoreInst = "Sel">   --->   Core 73 'Sel' <Latency = 0> <II = 1> <Delay = 0.41> <FuncUnit> <Opcode : 'select'> <InPorts = 3> <OutPorts = 1>
ST_1 : Operation 24 [1/1] (0.00ns)   --->   "%select_ln135_1_cast = zext i5 %select_ln135_1" [D:/PhamDuyHoang_LuongVanDai_DA2/CNN_nopad/Conv.cpp:135->D:/PhamDuyHoang_LuongVanDai_DA2/CNN_nopad/CNN.cpp:43]   --->   Operation 24 'zext' 'select_ln135_1_cast' <Predicate = (!icmp_ln135)> <Delay = 0.00>
ST_1 : Operation 25 [3/3] (0.99ns) (grouped into DSP with root node add_ln138)   --->   "%p_cast96 = mul i11 %select_ln135_1_cast, i11 84" [D:/PhamDuyHoang_LuongVanDai_DA2/CNN_nopad/Conv.cpp:135->D:/PhamDuyHoang_LuongVanDai_DA2/CNN_nopad/CNN.cpp:43]   --->   Operation 25 'mul' 'p_cast96' <Predicate = (!icmp_ln135)> <Delay = 0.99> <CoreInst = "DSP48">   --->   Core 124 'DSP48' <Latency = 3> <II = 1> <Delay = 0.53> <IPBlock> <Opcode : 'add' 'sub' 'mul' 'select'> <InPorts = 0> <OutPorts = 1> <Sync> <CReg>
ST_1 : Operation 26 [1/1] (0.00ns)   --->   "%tmp_12 = partselect i6 @_ssdm_op_PartSelect.i6.i7.i32.i32, i7 %select_ln135, i32 1, i32 6" [D:/PhamDuyHoang_LuongVanDai_DA2/CNN_nopad/Conv.cpp:138->D:/PhamDuyHoang_LuongVanDai_DA2/CNN_nopad/CNN.cpp:43]   --->   Operation 26 'partselect' 'tmp_12' <Predicate = (!icmp_ln135)> <Delay = 0.00>
ST_1 : Operation 27 [1/1] (0.78ns)   --->   "%icmp_ln138 = icmp_eq  i6 %tmp_12, i6 0" [D:/PhamDuyHoang_LuongVanDai_DA2/CNN_nopad/Conv.cpp:138->D:/PhamDuyHoang_LuongVanDai_DA2/CNN_nopad/CNN.cpp:43]   --->   Operation 27 'icmp' 'icmp_ln138' <Predicate = (!icmp_ln135)> <Delay = 0.78> <CoreInst = "Cmp">   --->   Core 9 'Cmp' <Latency = 0> <II = 1> <Delay = 0.78> <FuncUnit> <Opcode : 'seteq' 'setne' 'setle' 'setge' 'setlt' 'setgt'> <InPorts = 2> <OutPorts = 1>
ST_1 : Operation 28 [1/1] (0.77ns)   --->   "%add_ln137 = add i7 %select_ln135, i7 1" [D:/PhamDuyHoang_LuongVanDai_DA2/CNN_nopad/Conv.cpp:137->D:/PhamDuyHoang_LuongVanDai_DA2/CNN_nopad/CNN.cpp:43]   --->   Operation 28 'add' 'add_ln137' <Predicate = (!icmp_ln135)> <Delay = 0.77> <CoreInst = "Adder">   --->   Core 1 'Adder' <Latency = 0> <II = 1> <Delay = 0.77> <FuncUnit> <Opcode : 'add' 'sub'> <InPorts = 2> <OutPorts = 1>
ST_1 : Operation 29 [1/1] (0.42ns)   --->   "%store_ln135 = store i11 %add_ln135, i11 %indvar_flatten72" [D:/PhamDuyHoang_LuongVanDai_DA2/CNN_nopad/Conv.cpp:135->D:/PhamDuyHoang_LuongVanDai_DA2/CNN_nopad/CNN.cpp:43]   --->   Operation 29 'store' 'store_ln135' <Predicate = (!icmp_ln135)> <Delay = 0.42>
ST_1 : Operation 30 [1/1] (0.42ns)   --->   "%store_ln135 = store i5 %select_ln135_1, i5 %c" [D:/PhamDuyHoang_LuongVanDai_DA2/CNN_nopad/Conv.cpp:135->D:/PhamDuyHoang_LuongVanDai_DA2/CNN_nopad/CNN.cpp:43]   --->   Operation 30 'store' 'store_ln135' <Predicate = (!icmp_ln135)> <Delay = 0.42>
ST_1 : Operation 31 [1/1] (0.42ns)   --->   "%store_ln137 = store i7 %add_ln137, i7 %n" [D:/PhamDuyHoang_LuongVanDai_DA2/CNN_nopad/Conv.cpp:137->D:/PhamDuyHoang_LuongVanDai_DA2/CNN_nopad/CNN.cpp:43]   --->   Operation 31 'store' 'store_ln137' <Predicate = (!icmp_ln135)> <Delay = 0.42>

State 2 <SV = 1> <Delay = 0.99>
ST_2 : Operation 32 [2/3] (0.99ns) (grouped into DSP with root node add_ln138)   --->   "%p_cast96 = mul i11 %select_ln135_1_cast, i11 84" [D:/PhamDuyHoang_LuongVanDai_DA2/CNN_nopad/Conv.cpp:135->D:/PhamDuyHoang_LuongVanDai_DA2/CNN_nopad/CNN.cpp:43]   --->   Operation 32 'mul' 'p_cast96' <Predicate = true> <Delay = 0.99> <CoreInst = "DSP48">   --->   Core 124 'DSP48' <Latency = 3> <II = 1> <Delay = 0.53> <IPBlock> <Opcode : 'add' 'sub' 'mul' 'select'> <InPorts = 0> <OutPorts = 1> <Sync> <CReg>

State 3 <SV = 2> <Delay = 2.92>
ST_3 : Operation 33 [1/3] (0.00ns) (grouped into DSP with root node add_ln138)   --->   "%p_cast96 = mul i11 %select_ln135_1_cast, i11 84" [D:/PhamDuyHoang_LuongVanDai_DA2/CNN_nopad/Conv.cpp:135->D:/PhamDuyHoang_LuongVanDai_DA2/CNN_nopad/CNN.cpp:43]   --->   Operation 33 'mul' 'p_cast96' <Predicate = true> <Delay = 0.00> <CoreInst = "DSP48">   --->   Core 124 'DSP48' <Latency = 3> <II = 1> <Delay = 0.53> <IPBlock> <Opcode : 'add' 'sub' 'mul' 'select'> <InPorts = 0> <OutPorts = 1> <Sync> <CReg>
ST_3 : Operation 34 [1/1] (0.00ns)   --->   "%p_shl = bitconcatenate i11 @_ssdm_op_BitConcatenate.i11.i5.i6, i5 %select_ln135_1, i6 0" [D:/PhamDuyHoang_LuongVanDai_DA2/CNN_nopad/Conv.cpp:137->D:/PhamDuyHoang_LuongVanDai_DA2/CNN_nopad/CNN.cpp:43]   --->   Operation 34 'bitconcatenate' 'p_shl' <Predicate = true> <Delay = 0.00>
ST_3 : Operation 35 [1/1] (0.00ns)   --->   "%tmp = bitconcatenate i9 @_ssdm_op_BitConcatenate.i9.i5.i4, i5 %select_ln135_1, i4 0" [D:/PhamDuyHoang_LuongVanDai_DA2/CNN_nopad/Conv.cpp:137->D:/PhamDuyHoang_LuongVanDai_DA2/CNN_nopad/CNN.cpp:43]   --->   Operation 35 'bitconcatenate' 'tmp' <Predicate = true> <Delay = 0.00>
ST_3 : Operation 36 [1/1] (0.00ns)   --->   "%zext_ln137_2 = zext i9 %tmp" [D:/PhamDuyHoang_LuongVanDai_DA2/CNN_nopad/Conv.cpp:137->D:/PhamDuyHoang_LuongVanDai_DA2/CNN_nopad/CNN.cpp:43]   --->   Operation 36 'zext' 'zext_ln137_2' <Predicate = true> <Delay = 0.00>
ST_3 : Operation 37 [1/1] (0.00ns) (grouped into TernaryAdder)   --->   "%add_ln137_1 = add i11 %p_shl, i11 %zext_ln137_2" [D:/PhamDuyHoang_LuongVanDai_DA2/CNN_nopad/Conv.cpp:137->D:/PhamDuyHoang_LuongVanDai_DA2/CNN_nopad/CNN.cpp:43]   --->   Operation 37 'add' 'add_ln137_1' <Predicate = true> <Delay = 0.00> <CoreInst = "TAddSub">   --->   Core 10 'TAddSub' <Latency = 0> <II = 1> <Delay = 0.45> <IPBlock> <Opcode : 'add' 'sub'> <InPorts = 3> <OutPorts = 1> <Sync> <CReg>
ST_3 : Operation 38 [1/1] (0.00ns)   --->   "%zext_ln137 = zext i7 %select_ln135" [D:/PhamDuyHoang_LuongVanDai_DA2/CNN_nopad/Conv.cpp:137->D:/PhamDuyHoang_LuongVanDai_DA2/CNN_nopad/CNN.cpp:43]   --->   Operation 38 'zext' 'zext_ln137' <Predicate = true> <Delay = 0.00>
ST_3 : Operation 39 [1/1] (0.00ns)   --->   "%zext_ln137_1 = zext i7 %select_ln135" [D:/PhamDuyHoang_LuongVanDai_DA2/CNN_nopad/Conv.cpp:137->D:/PhamDuyHoang_LuongVanDai_DA2/CNN_nopad/CNN.cpp:43]   --->   Operation 39 'zext' 'zext_ln137_1' <Predicate = true> <Delay = 0.00>
ST_3 : Operation 40 [1/1] (0.77ns)   --->   "%icmp_ln138_1 = icmp_ugt  i7 %select_ln135, i7 81" [D:/PhamDuyHoang_LuongVanDai_DA2/CNN_nopad/Conv.cpp:138->D:/PhamDuyHoang_LuongVanDai_DA2/CNN_nopad/CNN.cpp:43]   --->   Operation 40 'icmp' 'icmp_ln138_1' <Predicate = true> <Delay = 0.77> <CoreInst = "Cmp">   --->   Core 9 'Cmp' <Latency = 0> <II = 1> <Delay = 0.77> <FuncUnit> <Opcode : 'seteq' 'setne' 'setle' 'setge' 'setlt' 'setgt'> <InPorts = 2> <OutPorts = 1>
ST_3 : Operation 41 [1/1] (0.28ns)   --->   "%or_ln138 = or i1 %icmp_ln138, i1 %icmp_ln138_1" [D:/PhamDuyHoang_LuongVanDai_DA2/CNN_nopad/Conv.cpp:138->D:/PhamDuyHoang_LuongVanDai_DA2/CNN_nopad/CNN.cpp:43]   --->   Operation 41 'or' 'or_ln138' <Predicate = true> <Delay = 0.28> <CoreInst = "LogicGate">   --->   Core 74 'LogicGate' <Latency = 0> <II = 1> <Delay = 0.28> <FuncUnit> <Opcode : 'and' 'or' 'xor'> <InPorts = 2> <OutPorts = 1>
ST_3 : Operation 42 [2/2] (0.64ns) (root node of the DSP)   --->   "%add_ln138 = add i11 %zext_ln137, i11 %p_cast96" [D:/PhamDuyHoang_LuongVanDai_DA2/CNN_nopad/Conv.cpp:138->D:/PhamDuyHoang_LuongVanDai_DA2/CNN_nopad/CNN.cpp:43]   --->   Operation 42 'add' 'add_ln138' <Predicate = true> <Delay = 0.64> <CoreInst = "DSP48">   --->   Core 124 'DSP48' <Latency = 3> <II = 1> <Delay = 0.53> <IPBlock> <Opcode : 'add' 'sub' 'mul' 'select'> <InPorts = 0> <OutPorts = 1> <Sync> <CReg>
ST_3 : Operation 43 [1/1] (0.77ns)   --->   "%add_ln138_1 = add i8 %zext_ln137_1, i8 254" [D:/PhamDuyHoang_LuongVanDai_DA2/CNN_nopad/Conv.cpp:138->D:/PhamDuyHoang_LuongVanDai_DA2/CNN_nopad/CNN.cpp:43]   --->   Operation 43 'add' 'add_ln138_1' <Predicate = true> <Delay = 0.77> <CoreInst = "Adder">   --->   Core 1 'Adder' <Latency = 0> <II = 1> <Delay = 0.77> <FuncUnit> <Opcode : 'add' 'sub'> <InPorts = 2> <OutPorts = 1>
ST_3 : Operation 44 [1/1] (0.00ns)   --->   "%sext_ln138 = sext i8 %add_ln138_1" [D:/PhamDuyHoang_LuongVanDai_DA2/CNN_nopad/Conv.cpp:138->D:/PhamDuyHoang_LuongVanDai_DA2/CNN_nopad/CNN.cpp:43]   --->   Operation 44 'sext' 'sext_ln138' <Predicate = true> <Delay = 0.00>
ST_3 : Operation 45 [1/1] (0.91ns) (root node of TernaryAdder)   --->   "%add_ln138_2 = add i11 %sext_ln138, i11 %add_ln137_1" [D:/PhamDuyHoang_LuongVanDai_DA2/CNN_nopad/Conv.cpp:138->D:/PhamDuyHoang_LuongVanDai_DA2/CNN_nopad/CNN.cpp:43]   --->   Operation 45 'add' 'add_ln138_2' <Predicate = true> <Delay = 0.91> <CoreInst = "TAddSub">   --->   Core 10 'TAddSub' <Latency = 0> <II = 1> <Delay = 0.45> <IPBlock> <Opcode : 'add' 'sub'> <InPorts = 3> <OutPorts = 1> <Sync> <CReg>
ST_3 : Operation 46 [1/1] (0.00ns)   --->   "%zext_ln138_1 = zext i11 %add_ln138_2" [D:/PhamDuyHoang_LuongVanDai_DA2/CNN_nopad/Conv.cpp:138->D:/PhamDuyHoang_LuongVanDai_DA2/CNN_nopad/CNN.cpp:43]   --->   Operation 46 'zext' 'zext_ln138_1' <Predicate = true> <Delay = 0.00>
ST_3 : Operation 47 [1/1] (0.00ns)   --->   "%OutConv4_addr = getelementptr i16 %OutConv4, i64 0, i64 %zext_ln138_1" [D:/PhamDuyHoang_LuongVanDai_DA2/CNN_nopad/Conv.cpp:138->D:/PhamDuyHoang_LuongVanDai_DA2/CNN_nopad/CNN.cpp:43]   --->   Operation 47 'getelementptr' 'OutConv4_addr' <Predicate = true> <Delay = 0.00>
ST_3 : Operation 48 [2/2] (1.23ns)   --->   "%OutConv4_load = load i11 %OutConv4_addr" [D:/PhamDuyHoang_LuongVanDai_DA2/CNN_nopad/Conv.cpp:138->D:/PhamDuyHoang_LuongVanDai_DA2/CNN_nopad/CNN.cpp:43]   --->   Operation 48 'load' 'OutConv4_load' <Predicate = true> <Delay = 1.23> <CoreInst = "RAM">   --->   Core 82 'RAM' <Latency = 1> <II = 1> <Delay = 1.23> <Storage> <Opcode : 'load' 'store'> <Ports = 2> <Width = 16> <Depth = 1280> <RAM>
ST_3 : Operation 59 [1/1] (0.42ns)   --->   "%ret_ln0 = ret"   --->   Operation 59 'ret' 'ret_ln0' <Predicate = (icmp_ln135)> <Delay = 0.42>

State 4 <SV = 3> <Delay = 2.83>
ST_4 : Operation 49 [1/1] (0.00ns)   --->   "%specloopname_ln0 = specloopname void @_ssdm_op_SpecLoopName, void @loop_for_3_channel_pad_5_loop_for_channel_pad_5_str"   --->   Operation 49 'specloopname' 'specloopname_ln0' <Predicate = true> <Delay = 0.00>
ST_4 : Operation 50 [1/1] (0.00ns)   --->   "%speclooptripcount_ln0 = speclooptripcount void @_ssdm_op_SpecLoopTripCount, i64 1344, i64 1344, i64 1344"   --->   Operation 50 'speclooptripcount' 'speclooptripcount_ln0' <Predicate = true> <Delay = 0.00>
ST_4 : Operation 51 [1/1] (0.00ns)   --->   "%specpipeline_ln137 = specpipeline void @_ssdm_op_SpecPipeline, i32 4294967295, i32 0, i32 0, i32 0, void @empty_12" [D:/PhamDuyHoang_LuongVanDai_DA2/CNN_nopad/Conv.cpp:137->D:/PhamDuyHoang_LuongVanDai_DA2/CNN_nopad/CNN.cpp:43]   --->   Operation 51 'specpipeline' 'specpipeline_ln137' <Predicate = true> <Delay = 0.00>
ST_4 : Operation 52 [1/2] (0.64ns) (root node of the DSP)   --->   "%add_ln138 = add i11 %zext_ln137, i11 %p_cast96" [D:/PhamDuyHoang_LuongVanDai_DA2/CNN_nopad/Conv.cpp:138->D:/PhamDuyHoang_LuongVanDai_DA2/CNN_nopad/CNN.cpp:43]   --->   Operation 52 'add' 'add_ln138' <Predicate = true> <Delay = 0.64> <CoreInst = "DSP48">   --->   Core 124 'DSP48' <Latency = 3> <II = 1> <Delay = 0.53> <IPBlock> <Opcode : 'add' 'sub' 'mul' 'select'> <InPorts = 0> <OutPorts = 1> <Sync> <CReg>
ST_4 : Operation 53 [1/1] (0.00ns)   --->   "%zext_ln138 = zext i11 %add_ln138" [D:/PhamDuyHoang_LuongVanDai_DA2/CNN_nopad/Conv.cpp:138->D:/PhamDuyHoang_LuongVanDai_DA2/CNN_nopad/CNN.cpp:43]   --->   Operation 53 'zext' 'zext_ln138' <Predicate = true> <Delay = 0.00>
ST_4 : Operation 54 [1/1] (0.00ns)   --->   "%OutPadConv5_addr = getelementptr i16 %OutPadConv5, i64 0, i64 %zext_ln138" [D:/PhamDuyHoang_LuongVanDai_DA2/CNN_nopad/Conv.cpp:138->D:/PhamDuyHoang_LuongVanDai_DA2/CNN_nopad/CNN.cpp:43]   --->   Operation 54 'getelementptr' 'OutPadConv5_addr' <Predicate = true> <Delay = 0.00>
ST_4 : Operation 55 [1/2] ( I:1.23ns O:1.23ns )   --->   "%OutConv4_load = load i11 %OutConv4_addr" [D:/PhamDuyHoang_LuongVanDai_DA2/CNN_nopad/Conv.cpp:138->D:/PhamDuyHoang_LuongVanDai_DA2/CNN_nopad/CNN.cpp:43]   --->   Operation 55 'load' 'OutConv4_load' <Predicate = true> <Delay = 1.23> <CoreInst = "RAM">   --->   Core 82 'RAM' <Latency = 1> <II = 1> <Delay = 1.23> <Storage> <Opcode : 'load' 'store'> <Ports = 2> <Width = 16> <Depth = 1280> <RAM>
ST_4 : Operation 56 [1/1] (0.35ns)   --->   "%storemerge591 = select i1 %or_ln138, i16 0, i16 %OutConv4_load" [D:/PhamDuyHoang_LuongVanDai_DA2/CNN_nopad/Conv.cpp:138->D:/PhamDuyHoang_LuongVanDai_DA2/CNN_nopad/CNN.cpp:43]   --->   Operation 56 'select' 'storemerge591' <Predicate = true> <Delay = 0.35> <CoreInst = "Sel">   --->   Core 73 'Sel' <Latency = 0> <II = 1> <Delay = 0.35> <FuncUnit> <Opcode : 'select'> <InPorts = 3> <OutPorts = 1>
ST_4 : Operation 57 [1/1] ( I:1.23ns O:1.23ns )   --->   "%store_ln138 = store i16 %storemerge591, i11 %OutPadConv5_addr" [D:/PhamDuyHoang_LuongVanDai_DA2/CNN_nopad/Conv.cpp:138->D:/PhamDuyHoang_LuongVanDai_DA2/CNN_nopad/CNN.cpp:43]   --->   Operation 57 'store' 'store_ln138' <Predicate = true> <Delay = 1.23> <CoreInst = "RAM">   --->   Core 82 'RAM' <Latency = 1> <II = 1> <Delay = 1.23> <Storage> <Opcode : 'load' 'store'> <Ports = 2> <Width = 16> <Depth = 1344> <RAM>
ST_4 : Operation 58 [1/1] (0.00ns)   --->   "%br_ln137 = br void %for.body4.i276" [D:/PhamDuyHoang_LuongVanDai_DA2/CNN_nopad/Conv.cpp:137->D:/PhamDuyHoang_LuongVanDai_DA2/CNN_nopad/CNN.cpp:43]   --->   Operation 58 'br' 'br_ln137' <Predicate = true> <Delay = 0.00>


============================================================
+ Verbose Summary: Timing violations
============================================================
Target clock period: 10.000ns, clock uncertainty: 2.700ns.

 <State 1>: 2.760ns
The critical path consists of the following:
	'store' operation 0 bit ('store_ln137', D:/PhamDuyHoang_LuongVanDai_DA2/CNN_nopad/Conv.cpp:137->D:/PhamDuyHoang_LuongVanDai_DA2/CNN_nopad/CNN.cpp:43) of constant 0 on local variable 'n', D:/PhamDuyHoang_LuongVanDai_DA2/CNN_nopad/Conv.cpp:137->D:/PhamDuyHoang_LuongVanDai_DA2/CNN_nopad/CNN.cpp:43 [8]  (0.427 ns)
	'load' operation 7 bit ('n_load', D:/PhamDuyHoang_LuongVanDai_DA2/CNN_nopad/Conv.cpp:137->D:/PhamDuyHoang_LuongVanDai_DA2/CNN_nopad/CNN.cpp:43) on local variable 'n', D:/PhamDuyHoang_LuongVanDai_DA2/CNN_nopad/Conv.cpp:137->D:/PhamDuyHoang_LuongVanDai_DA2/CNN_nopad/CNN.cpp:43 [16]  (0.000 ns)
	'icmp' operation 1 bit ('icmp_ln137', D:/PhamDuyHoang_LuongVanDai_DA2/CNN_nopad/Conv.cpp:137->D:/PhamDuyHoang_LuongVanDai_DA2/CNN_nopad/CNN.cpp:43) [20]  (0.773 ns)
	'select' operation 7 bit ('select_ln135', D:/PhamDuyHoang_LuongVanDai_DA2/CNN_nopad/Conv.cpp:135->D:/PhamDuyHoang_LuongVanDai_DA2/CNN_nopad/CNN.cpp:43) [21]  (0.360 ns)
	'add' operation 7 bit ('add_ln137', D:/PhamDuyHoang_LuongVanDai_DA2/CNN_nopad/Conv.cpp:137->D:/PhamDuyHoang_LuongVanDai_DA2/CNN_nopad/CNN.cpp:43) [48]  (0.773 ns)
	'store' operation 0 bit ('store_ln137', D:/PhamDuyHoang_LuongVanDai_DA2/CNN_nopad/Conv.cpp:137->D:/PhamDuyHoang_LuongVanDai_DA2/CNN_nopad/CNN.cpp:43) of variable 'add_ln137', D:/PhamDuyHoang_LuongVanDai_DA2/CNN_nopad/Conv.cpp:137->D:/PhamDuyHoang_LuongVanDai_DA2/CNN_nopad/CNN.cpp:43 on local variable 'n', D:/PhamDuyHoang_LuongVanDai_DA2/CNN_nopad/Conv.cpp:137->D:/PhamDuyHoang_LuongVanDai_DA2/CNN_nopad/CNN.cpp:43 [51]  (0.427 ns)

 <State 2>: 0.996ns
The critical path consists of the following:
	'mul' operation 11 bit of DSP[37] ('p_cast96', D:/PhamDuyHoang_LuongVanDai_DA2/CNN_nopad/Conv.cpp:135->D:/PhamDuyHoang_LuongVanDai_DA2/CNN_nopad/CNN.cpp:43) [25]  (0.996 ns)

 <State 3>: 2.925ns
The critical path consists of the following:
	'add' operation 8 bit ('add_ln138_1', D:/PhamDuyHoang_LuongVanDai_DA2/CNN_nopad/Conv.cpp:138->D:/PhamDuyHoang_LuongVanDai_DA2/CNN_nopad/CNN.cpp:43) [40]  (0.773 ns)
	'add' operation 11 bit ('add_ln138_2', D:/PhamDuyHoang_LuongVanDai_DA2/CNN_nopad/Conv.cpp:138->D:/PhamDuyHoang_LuongVanDai_DA2/CNN_nopad/CNN.cpp:43) [42]  (0.914 ns)
	'getelementptr' operation 11 bit ('OutConv4_addr', D:/PhamDuyHoang_LuongVanDai_DA2/CNN_nopad/Conv.cpp:138->D:/PhamDuyHoang_LuongVanDai_DA2/CNN_nopad/CNN.cpp:43) [44]  (0.000 ns)
	'load' operation 16 bit ('OutConv4_load', D:/PhamDuyHoang_LuongVanDai_DA2/CNN_nopad/Conv.cpp:138->D:/PhamDuyHoang_LuongVanDai_DA2/CNN_nopad/CNN.cpp:43) on array 'OutConv4' [45]  (1.237 ns)

 <State 4>: 2.831ns
The critical path consists of the following:
	'load' operation 16 bit ('OutConv4_load', D:/PhamDuyHoang_LuongVanDai_DA2/CNN_nopad/Conv.cpp:138->D:/PhamDuyHoang_LuongVanDai_DA2/CNN_nopad/CNN.cpp:43) on array 'OutConv4' [45]  (1.237 ns)
	'select' operation 16 bit ('storemerge591', D:/PhamDuyHoang_LuongVanDai_DA2/CNN_nopad/Conv.cpp:138->D:/PhamDuyHoang_LuongVanDai_DA2/CNN_nopad/CNN.cpp:43) [46]  (0.357 ns)
	'store' operation 0 bit ('store_ln138', D:/PhamDuyHoang_LuongVanDai_DA2/CNN_nopad/Conv.cpp:138->D:/PhamDuyHoang_LuongVanDai_DA2/CNN_nopad/CNN.cpp:43) of variable 'storemerge591', D:/PhamDuyHoang_LuongVanDai_DA2/CNN_nopad/Conv.cpp:138->D:/PhamDuyHoang_LuongVanDai_DA2/CNN_nopad/CNN.cpp:43 on array 'OutPadConv5' [47]  (1.237 ns)


============================================================
+ Verbose Summary: Binding
============================================================
N/A
* FSMD analyzer results:
  - Output states:
 - Input state : 
  - Chain level:
	State 1
	State 2
	State 3
	State 4


============================================================
+ Verbose Summary: Datapath Resource usage 
============================================================
N/A
