

================================================================
== Vitis HLS Report for 'CNN_Pipeline_loop_for_3_channel_pad_6_loop_for_channel_pad_6'
================================================================
* Date:           Mon Jul 14 02:16:20 2025

* Version:        2025.1 (Build 6135595 on May 21 2025)
* Project:        CNN_HLS
* Solution:       hls (Vivado IP Flow Target)
* Product family: zynquplus
* Target device:  xck26-sfvc784-2LV-c


================================================================
== Performance Estimates
================================================================
+ Timing: 
    * Summary: 
    +--------+----------+----------+------------+
    |  Clock |  Target  | Estimated| Uncertainty|
    +--------+----------+----------+------------+
    |ap_clk  |  10.00 ns|  2.978 ns|     2.70 ns|
    +--------+----------+----------+------------+

+ Latency: 
    * Summary: 
    +---------+---------+----------+----------+-----+-----+------------------------------------------------+
    |  Latency (cycles) |  Latency (absolute) |  Interval |                    Pipeline                    |
    |   min   |   max   |    min   |    max   | min | max |                      Type                      |
    +---------+---------+----------+----------+-----+-----+------------------------------------------------+
    |      708|      708|  7.080 us|  7.080 us|  705|  705|  loop auto-rewind stp (delay=0 clock cycles(s))|
    +---------+---------+----------+----------+-----+-----+------------------------------------------------+

    + Detail: 
        * Instance: 
        N/A

        * Loop: 
        +---------------------------------------------------+---------+---------+----------+-----------+-----------+------+----------+
        |                                                   |  Latency (cycles) | Iteration|  Initiation Interval  | Trip |          |
        |                     Loop Name                     |   min   |   max   |  Latency |  achieved |   target  | Count| Pipelined|
        +---------------------------------------------------+---------+---------+----------+-----------+-----------+------+----------+
        |- loop_for_3_channel_pad_6_loop_for_channel_pad_6  |      706|      706|         4|          1|          1|   704|       yes|
        +---------------------------------------------------+---------+---------+----------+-----------+-----------+------+----------+

============================================================
+ Verbose Summary: Synthesis Manager
============================================================
InlineROM: 1
ExposeGlobal: 0
============================================================
+ Verbose Summary: CDFG Model
============================================================
IsTopModel: 0
ResetActiveHigh: 1
IsCombinational: 0
IsDatapathOnly: 0
HasWiredReturn: 1
HasMFsm: 2
HasVarLatency: 1
IsPipeline: 0
IsRtlPipelined: 0
IsInstanceOverlapped: 0
IsDontTouch: 0
HasImplIP: 0
IsGatedGlobalClock: 0

+ Individual pipeline summary: 
  * Pipeline-0: initiation interval (II) = 1, depth = 4


============================================================
+ Verbose Summary: Schedule
============================================================
* Number of FSM states : 4
* Pipeline : 1
  Pipeline-0 : II = 1, D = 4, States = { 1 2 3 4 }
* Dataflow Pipeline: 0

* FSM state transitions: 
1 --> 2 
2 --> 3 
3 --> 4 
4 --> 

* FSM state operations: 

State 1 <SV = 0> <Delay = 2.80>
ST_1 : Operation 7 [1/1] (0.00ns)   --->   "%n = alloca i32 1" [D:/PhamDuyHoang_LuongVanDai_DA2/CNN_nopad/Conv.cpp:163->D:/PhamDuyHoang_LuongVanDai_DA2/CNN_nopad/CNN.cpp:46]   --->   Operation 7 'alloca' 'n' <Predicate = true> <Delay = 0.00>
ST_1 : Operation 8 [1/1] (0.00ns)   --->   "%c = alloca i32 1" [D:/PhamDuyHoang_LuongVanDai_DA2/CNN_nopad/Conv.cpp:161->D:/PhamDuyHoang_LuongVanDai_DA2/CNN_nopad/CNN.cpp:46]   --->   Operation 8 'alloca' 'c' <Predicate = true> <Delay = 0.00>
ST_1 : Operation 9 [1/1] (0.00ns)   --->   "%indvar_flatten113 = alloca i32 1"   --->   Operation 9 'alloca' 'indvar_flatten113' <Predicate = true> <Delay = 0.00>
ST_1 : Operation 10 [1/1] (0.42ns)   --->   "%store_ln0 = store i10 0, i10 %indvar_flatten113"   --->   Operation 10 'store' 'store_ln0' <Predicate = true> <Delay = 0.42>
ST_1 : Operation 11 [1/1] (0.42ns)   --->   "%store_ln161 = store i5 0, i5 %c" [D:/PhamDuyHoang_LuongVanDai_DA2/CNN_nopad/Conv.cpp:161->D:/PhamDuyHoang_LuongVanDai_DA2/CNN_nopad/CNN.cpp:46]   --->   Operation 11 'store' 'store_ln161' <Predicate = true> <Delay = 0.42>
ST_1 : Operation 12 [1/1] (0.42ns)   --->   "%store_ln163 = store i6 0, i6 %n" [D:/PhamDuyHoang_LuongVanDai_DA2/CNN_nopad/Conv.cpp:163->D:/PhamDuyHoang_LuongVanDai_DA2/CNN_nopad/CNN.cpp:46]   --->   Operation 12 'store' 'store_ln163' <Predicate = true> <Delay = 0.42>
ST_1 : Operation 13 [1/1] (0.00ns)   --->   "%br_ln0 = br void %for.body4.i358"   --->   Operation 13 'br' 'br_ln0' <Predicate = true> <Delay = 0.00>
ST_1 : Operation 14 [1/1] (0.00ns)   --->   "%indvar_flatten113_load = load i10 %indvar_flatten113" [D:/PhamDuyHoang_LuongVanDai_DA2/CNN_nopad/Conv.cpp:161->D:/PhamDuyHoang_LuongVanDai_DA2/CNN_nopad/CNN.cpp:46]   --->   Operation 14 'load' 'indvar_flatten113_load' <Predicate = true> <Delay = 0.00>
ST_1 : Operation 15 [1/1] (0.78ns)   --->   "%icmp_ln161 = icmp_eq  i10 %indvar_flatten113_load, i10 704" [D:/PhamDuyHoang_LuongVanDai_DA2/CNN_nopad/Conv.cpp:161->D:/PhamDuyHoang_LuongVanDai_DA2/CNN_nopad/CNN.cpp:46]   --->   Operation 15 'icmp' 'icmp_ln161' <Predicate = true> <Delay = 0.78> <CoreInst = "Cmp">   --->   Core 9 'Cmp' <Latency = 0> <II = 1> <Delay = 0.78> <FuncUnit> <Opcode : 'seteq' 'setne' 'setle' 'setge' 'setlt' 'setgt'> <InPorts = 2> <OutPorts = 1>
ST_1 : Operation 16 [1/1] (0.78ns)   --->   "%add_ln161 = add i10 %indvar_flatten113_load, i10 1" [D:/PhamDuyHoang_LuongVanDai_DA2/CNN_nopad/Conv.cpp:161->D:/PhamDuyHoang_LuongVanDai_DA2/CNN_nopad/CNN.cpp:46]   --->   Operation 16 'add' 'add_ln161' <Predicate = true> <Delay = 0.78> <CoreInst = "Adder">   --->   Core 1 'Adder' <Latency = 0> <II = 1> <Delay = 0.78> <FuncUnit> <Opcode : 'add' 'sub'> <InPorts = 2> <OutPorts = 1>
ST_1 : Operation 17 [1/1] (0.00ns)   --->   "%br_ln161 = br i1 %icmp_ln161, void %for.inc15.i370, void %loop_for_ap_6.i.preheader.exitStub" [D:/PhamDuyHoang_LuongVanDai_DA2/CNN_nopad/Conv.cpp:161->D:/PhamDuyHoang_LuongVanDai_DA2/CNN_nopad/CNN.cpp:46]   --->   Operation 17 'br' 'br_ln161' <Predicate = true> <Delay = 0.00>
ST_1 : Operation 18 [1/1] (0.00ns)   --->   "%n_load = load i6 %n" [D:/PhamDuyHoang_LuongVanDai_DA2/CNN_nopad/Conv.cpp:163->D:/PhamDuyHoang_LuongVanDai_DA2/CNN_nopad/CNN.cpp:46]   --->   Operation 18 'load' 'n_load' <Predicate = (!icmp_ln161)> <Delay = 0.00>
ST_1 : Operation 19 [1/1] (0.00ns)   --->   "%c_load = load i5 %c" [D:/PhamDuyHoang_LuongVanDai_DA2/CNN_nopad/Conv.cpp:161->D:/PhamDuyHoang_LuongVanDai_DA2/CNN_nopad/CNN.cpp:46]   --->   Operation 19 'load' 'c_load' <Predicate = (!icmp_ln161)> <Delay = 0.00>
ST_1 : Operation 20 [1/1] (0.78ns)   --->   "%icmp_ln163 = icmp_eq  i6 %n_load, i6 44" [D:/PhamDuyHoang_LuongVanDai_DA2/CNN_nopad/Conv.cpp:163->D:/PhamDuyHoang_LuongVanDai_DA2/CNN_nopad/CNN.cpp:46]   --->   Operation 20 'icmp' 'icmp_ln163' <Predicate = (!icmp_ln161)> <Delay = 0.78> <CoreInst = "Cmp">   --->   Core 9 'Cmp' <Latency = 0> <II = 1> <Delay = 0.78> <FuncUnit> <Opcode : 'seteq' 'setne' 'setle' 'setge' 'setlt' 'setgt'> <InPorts = 2> <OutPorts = 1>
ST_1 : Operation 21 [1/1] (0.38ns)   --->   "%select_ln161 = select i1 %icmp_ln163, i6 0, i6 %n_load" [D:/PhamDuyHoang_LuongVanDai_DA2/CNN_nopad/Conv.cpp:161->D:/PhamDuyHoang_LuongVanDai_DA2/CNN_nopad/CNN.cpp:46]   --->   Operation 21 'select' 'select_ln161' <Predicate = (!icmp_ln161)> <Delay = 0.38> <CoreInst = "Sel">   --->   Core 73 'Sel' <Latency = 0> <II = 1> <Delay = 0.38> <FuncUnit> <Opcode : 'select'> <InPorts = 3> <OutPorts = 1>
ST_1 : Operation 22 [1/1] (0.78ns)   --->   "%add_ln161_1 = add i5 %c_load, i5 1" [D:/PhamDuyHoang_LuongVanDai_DA2/CNN_nopad/Conv.cpp:161->D:/PhamDuyHoang_LuongVanDai_DA2/CNN_nopad/CNN.cpp:46]   --->   Operation 22 'add' 'add_ln161_1' <Predicate = (!icmp_ln161)> <Delay = 0.78> <CoreInst = "Adder">   --->   Core 1 'Adder' <Latency = 0> <II = 1> <Delay = 0.78> <FuncUnit> <Opcode : 'add' 'sub'> <InPorts = 2> <OutPorts = 1>
ST_1 : Operation 23 [1/1] (0.41ns)   --->   "%select_ln161_1 = select i1 %icmp_ln163, i5 %add_ln161_1, i5 %c_load" [D:/PhamDuyHoang_LuongVanDai_DA2/CNN_nopad/Conv.cpp:161->D:/PhamDuyHoang_LuongVanDai_DA2/CNN_nopad/CNN.cpp:46]   --->   Operation 23 'select' 'select_ln161_1' <Predicate = (!icmp_ln161)> <Delay = 0.41> <CoreInst = "Sel">   --->   Core 73 'Sel' <Latency = 0> <II = 1> <Delay = 0.41> <FuncUnit> <Opcode : 'select'> <InPorts = 3> <OutPorts = 1>
ST_1 : Operation 24 [1/1] (0.00ns)   --->   "%select_ln161_1_cast = zext i5 %select_ln161_1" [D:/PhamDuyHoang_LuongVanDai_DA2/CNN_nopad/Conv.cpp:161->D:/PhamDuyHoang_LuongVanDai_DA2/CNN_nopad/CNN.cpp:46]   --->   Operation 24 'zext' 'select_ln161_1_cast' <Predicate = (!icmp_ln161)> <Delay = 0.00>
ST_1 : Operation 25 [3/3] (0.99ns) (grouped into DSP with root node add_ln164)   --->   "%p_cast103 = mul i10 %select_ln161_1_cast, i10 44" [D:/PhamDuyHoang_LuongVanDai_DA2/CNN_nopad/Conv.cpp:161->D:/PhamDuyHoang_LuongVanDai_DA2/CNN_nopad/CNN.cpp:46]   --->   Operation 25 'mul' 'p_cast103' <Predicate = (!icmp_ln161)> <Delay = 0.99> <CoreInst = "DSP48">   --->   Core 124 'DSP48' <Latency = 3> <II = 1> <Delay = 0.53> <IPBlock> <Opcode : 'add' 'sub' 'mul' 'select'> <InPorts = 0> <OutPorts = 1> <Sync> <CReg>
ST_1 : Operation 26 [1/1] (0.00ns)   --->   "%tmp_11 = partselect i5 @_ssdm_op_PartSelect.i5.i6.i32.i32, i6 %select_ln161, i32 1, i32 5" [D:/PhamDuyHoang_LuongVanDai_DA2/CNN_nopad/Conv.cpp:164->D:/PhamDuyHoang_LuongVanDai_DA2/CNN_nopad/CNN.cpp:46]   --->   Operation 26 'partselect' 'tmp_11' <Predicate = (!icmp_ln161)> <Delay = 0.00>
ST_1 : Operation 27 [1/1] (0.78ns)   --->   "%icmp_ln164 = icmp_eq  i5 %tmp_11, i5 0" [D:/PhamDuyHoang_LuongVanDai_DA2/CNN_nopad/Conv.cpp:164->D:/PhamDuyHoang_LuongVanDai_DA2/CNN_nopad/CNN.cpp:46]   --->   Operation 27 'icmp' 'icmp_ln164' <Predicate = (!icmp_ln161)> <Delay = 0.78> <CoreInst = "Cmp">   --->   Core 9 'Cmp' <Latency = 0> <II = 1> <Delay = 0.78> <FuncUnit> <Opcode : 'seteq' 'setne' 'setle' 'setge' 'setlt' 'setgt'> <InPorts = 2> <OutPorts = 1>
ST_1 : Operation 28 [1/1] (0.78ns)   --->   "%add_ln163 = add i6 %select_ln161, i6 1" [D:/PhamDuyHoang_LuongVanDai_DA2/CNN_nopad/Conv.cpp:163->D:/PhamDuyHoang_LuongVanDai_DA2/CNN_nopad/CNN.cpp:46]   --->   Operation 28 'add' 'add_ln163' <Predicate = (!icmp_ln161)> <Delay = 0.78> <CoreInst = "Adder">   --->   Core 1 'Adder' <Latency = 0> <II = 1> <Delay = 0.78> <FuncUnit> <Opcode : 'add' 'sub'> <InPorts = 2> <OutPorts = 1>
ST_1 : Operation 29 [1/1] (0.42ns)   --->   "%store_ln161 = store i10 %add_ln161, i10 %indvar_flatten113" [D:/PhamDuyHoang_LuongVanDai_DA2/CNN_nopad/Conv.cpp:161->D:/PhamDuyHoang_LuongVanDai_DA2/CNN_nopad/CNN.cpp:46]   --->   Operation 29 'store' 'store_ln161' <Predicate = (!icmp_ln161)> <Delay = 0.42>
ST_1 : Operation 30 [1/1] (0.42ns)   --->   "%store_ln161 = store i5 %select_ln161_1, i5 %c" [D:/PhamDuyHoang_LuongVanDai_DA2/CNN_nopad/Conv.cpp:161->D:/PhamDuyHoang_LuongVanDai_DA2/CNN_nopad/CNN.cpp:46]   --->   Operation 30 'store' 'store_ln161' <Predicate = (!icmp_ln161)> <Delay = 0.42>
ST_1 : Operation 31 [1/1] (0.42ns)   --->   "%store_ln163 = store i6 %add_ln163, i6 %n" [D:/PhamDuyHoang_LuongVanDai_DA2/CNN_nopad/Conv.cpp:163->D:/PhamDuyHoang_LuongVanDai_DA2/CNN_nopad/CNN.cpp:46]   --->   Operation 31 'store' 'store_ln163' <Predicate = (!icmp_ln161)> <Delay = 0.42>

State 2 <SV = 1> <Delay = 0.99>
ST_2 : Operation 32 [2/3] (0.99ns) (grouped into DSP with root node add_ln164)   --->   "%p_cast103 = mul i10 %select_ln161_1_cast, i10 44" [D:/PhamDuyHoang_LuongVanDai_DA2/CNN_nopad/Conv.cpp:161->D:/PhamDuyHoang_LuongVanDai_DA2/CNN_nopad/CNN.cpp:46]   --->   Operation 32 'mul' 'p_cast103' <Predicate = true> <Delay = 0.99> <CoreInst = "DSP48">   --->   Core 124 'DSP48' <Latency = 3> <II = 1> <Delay = 0.53> <IPBlock> <Opcode : 'add' 'sub' 'mul' 'select'> <InPorts = 0> <OutPorts = 1> <Sync> <CReg>

State 3 <SV = 2> <Delay = 2.97>
ST_3 : Operation 33 [1/3] (0.00ns) (grouped into DSP with root node add_ln164)   --->   "%p_cast103 = mul i10 %select_ln161_1_cast, i10 44" [D:/PhamDuyHoang_LuongVanDai_DA2/CNN_nopad/Conv.cpp:161->D:/PhamDuyHoang_LuongVanDai_DA2/CNN_nopad/CNN.cpp:46]   --->   Operation 33 'mul' 'p_cast103' <Predicate = true> <Delay = 0.00> <CoreInst = "DSP48">   --->   Core 124 'DSP48' <Latency = 3> <II = 1> <Delay = 0.53> <IPBlock> <Opcode : 'add' 'sub' 'mul' 'select'> <InPorts = 0> <OutPorts = 1> <Sync> <CReg>
ST_3 : Operation 34 [1/1] (0.00ns)   --->   "%p_shl = bitconcatenate i10 @_ssdm_op_BitConcatenate.i10.i5.i5, i5 %select_ln161_1, i5 0" [D:/PhamDuyHoang_LuongVanDai_DA2/CNN_nopad/Conv.cpp:163->D:/PhamDuyHoang_LuongVanDai_DA2/CNN_nopad/CNN.cpp:46]   --->   Operation 34 'bitconcatenate' 'p_shl' <Predicate = true> <Delay = 0.00>
ST_3 : Operation 35 [1/1] (0.00ns)   --->   "%tmp = bitconcatenate i8 @_ssdm_op_BitConcatenate.i8.i5.i3, i5 %select_ln161_1, i3 0" [D:/PhamDuyHoang_LuongVanDai_DA2/CNN_nopad/Conv.cpp:163->D:/PhamDuyHoang_LuongVanDai_DA2/CNN_nopad/CNN.cpp:46]   --->   Operation 35 'bitconcatenate' 'tmp' <Predicate = true> <Delay = 0.00>
ST_3 : Operation 36 [1/1] (0.00ns)   --->   "%zext_ln163_2 = zext i8 %tmp" [D:/PhamDuyHoang_LuongVanDai_DA2/CNN_nopad/Conv.cpp:163->D:/PhamDuyHoang_LuongVanDai_DA2/CNN_nopad/CNN.cpp:46]   --->   Operation 36 'zext' 'zext_ln163_2' <Predicate = true> <Delay = 0.00>
ST_3 : Operation 37 [1/1] (0.00ns) (grouped into TernaryAdder)   --->   "%add_ln163_1 = add i10 %p_shl, i10 %zext_ln163_2" [D:/PhamDuyHoang_LuongVanDai_DA2/CNN_nopad/Conv.cpp:163->D:/PhamDuyHoang_LuongVanDai_DA2/CNN_nopad/CNN.cpp:46]   --->   Operation 37 'add' 'add_ln163_1' <Predicate = true> <Delay = 0.00> <CoreInst = "TAddSub">   --->   Core 10 'TAddSub' <Latency = 0> <II = 1> <Delay = 0.48> <IPBlock> <Opcode : 'add' 'sub'> <InPorts = 3> <OutPorts = 1> <Sync> <CReg>
ST_3 : Operation 38 [1/1] (0.00ns)   --->   "%zext_ln163 = zext i6 %select_ln161" [D:/PhamDuyHoang_LuongVanDai_DA2/CNN_nopad/Conv.cpp:163->D:/PhamDuyHoang_LuongVanDai_DA2/CNN_nopad/CNN.cpp:46]   --->   Operation 38 'zext' 'zext_ln163' <Predicate = true> <Delay = 0.00>
ST_3 : Operation 39 [1/1] (0.00ns)   --->   "%zext_ln163_1 = zext i6 %select_ln161" [D:/PhamDuyHoang_LuongVanDai_DA2/CNN_nopad/Conv.cpp:163->D:/PhamDuyHoang_LuongVanDai_DA2/CNN_nopad/CNN.cpp:46]   --->   Operation 39 'zext' 'zext_ln163_1' <Predicate = true> <Delay = 0.00>
ST_3 : Operation 40 [1/1] (0.78ns)   --->   "%icmp_ln164_1 = icmp_ugt  i6 %select_ln161, i6 41" [D:/PhamDuyHoang_LuongVanDai_DA2/CNN_nopad/Conv.cpp:164->D:/PhamDuyHoang_LuongVanDai_DA2/CNN_nopad/CNN.cpp:46]   --->   Operation 40 'icmp' 'icmp_ln164_1' <Predicate = true> <Delay = 0.78> <CoreInst = "Cmp">   --->   Core 9 'Cmp' <Latency = 0> <II = 1> <Delay = 0.78> <FuncUnit> <Opcode : 'seteq' 'setne' 'setle' 'setge' 'setlt' 'setgt'> <InPorts = 2> <OutPorts = 1>
ST_3 : Operation 41 [1/1] (0.28ns)   --->   "%or_ln164 = or i1 %icmp_ln164, i1 %icmp_ln164_1" [D:/PhamDuyHoang_LuongVanDai_DA2/CNN_nopad/Conv.cpp:164->D:/PhamDuyHoang_LuongVanDai_DA2/CNN_nopad/CNN.cpp:46]   --->   Operation 41 'or' 'or_ln164' <Predicate = true> <Delay = 0.28> <CoreInst = "LogicGate">   --->   Core 74 'LogicGate' <Latency = 0> <II = 1> <Delay = 0.28> <FuncUnit> <Opcode : 'and' 'or' 'xor'> <InPorts = 2> <OutPorts = 1>
ST_3 : Operation 42 [2/2] (0.64ns) (root node of the DSP)   --->   "%add_ln164 = add i10 %zext_ln163, i10 %p_cast103" [D:/PhamDuyHoang_LuongVanDai_DA2/CNN_nopad/Conv.cpp:164->D:/PhamDuyHoang_LuongVanDai_DA2/CNN_nopad/CNN.cpp:46]   --->   Operation 42 'add' 'add_ln164' <Predicate = true> <Delay = 0.64> <CoreInst = "DSP48">   --->   Core 124 'DSP48' <Latency = 3> <II = 1> <Delay = 0.53> <IPBlock> <Opcode : 'add' 'sub' 'mul' 'select'> <InPorts = 0> <OutPorts = 1> <Sync> <CReg>
ST_3 : Operation 43 [1/1] (0.78ns)   --->   "%add_ln164_1 = add i7 %zext_ln163_1, i7 126" [D:/PhamDuyHoang_LuongVanDai_DA2/CNN_nopad/Conv.cpp:164->D:/PhamDuyHoang_LuongVanDai_DA2/CNN_nopad/CNN.cpp:46]   --->   Operation 43 'add' 'add_ln164_1' <Predicate = true> <Delay = 0.78> <CoreInst = "Adder">   --->   Core 1 'Adder' <Latency = 0> <II = 1> <Delay = 0.78> <FuncUnit> <Opcode : 'add' 'sub'> <InPorts = 2> <OutPorts = 1>
ST_3 : Operation 44 [1/1] (0.00ns)   --->   "%sext_ln164 = sext i7 %add_ln164_1" [D:/PhamDuyHoang_LuongVanDai_DA2/CNN_nopad/Conv.cpp:164->D:/PhamDuyHoang_LuongVanDai_DA2/CNN_nopad/CNN.cpp:46]   --->   Operation 44 'sext' 'sext_ln164' <Predicate = true> <Delay = 0.00>
ST_3 : Operation 45 [1/1] (0.96ns) (root node of TernaryAdder)   --->   "%add_ln164_2 = add i10 %sext_ln164, i10 %add_ln163_1" [D:/PhamDuyHoang_LuongVanDai_DA2/CNN_nopad/Conv.cpp:164->D:/PhamDuyHoang_LuongVanDai_DA2/CNN_nopad/CNN.cpp:46]   --->   Operation 45 'add' 'add_ln164_2' <Predicate = true> <Delay = 0.96> <CoreInst = "TAddSub">   --->   Core 10 'TAddSub' <Latency = 0> <II = 1> <Delay = 0.48> <IPBlock> <Opcode : 'add' 'sub'> <InPorts = 3> <OutPorts = 1> <Sync> <CReg>
ST_3 : Operation 46 [1/1] (0.00ns)   --->   "%zext_ln164_1 = zext i10 %add_ln164_2" [D:/PhamDuyHoang_LuongVanDai_DA2/CNN_nopad/Conv.cpp:164->D:/PhamDuyHoang_LuongVanDai_DA2/CNN_nopad/CNN.cpp:46]   --->   Operation 46 'zext' 'zext_ln164_1' <Predicate = true> <Delay = 0.00>
ST_3 : Operation 47 [1/1] (0.00ns)   --->   "%OutPool2_addr = getelementptr i16 %OutPool2, i64 0, i64 %zext_ln164_1" [D:/PhamDuyHoang_LuongVanDai_DA2/CNN_nopad/Conv.cpp:164->D:/PhamDuyHoang_LuongVanDai_DA2/CNN_nopad/CNN.cpp:46]   --->   Operation 47 'getelementptr' 'OutPool2_addr' <Predicate = true> <Delay = 0.00>
ST_3 : Operation 48 [2/2] (1.23ns)   --->   "%OutPool2_load = load i10 %OutPool2_addr" [D:/PhamDuyHoang_LuongVanDai_DA2/CNN_nopad/Conv.cpp:164->D:/PhamDuyHoang_LuongVanDai_DA2/CNN_nopad/CNN.cpp:46]   --->   Operation 48 'load' 'OutPool2_load' <Predicate = true> <Delay = 1.23> <CoreInst = "RAM">   --->   Core 82 'RAM' <Latency = 1> <II = 1> <Delay = 1.23> <Storage> <Opcode : 'load' 'store'> <Ports = 2> <Width = 16> <Depth = 640> <RAM>
ST_3 : Operation 59 [1/1] (0.42ns)   --->   "%ret_ln0 = ret"   --->   Operation 59 'ret' 'ret_ln0' <Predicate = (icmp_ln161)> <Delay = 0.42>

State 4 <SV = 3> <Delay = 2.83>
ST_4 : Operation 49 [1/1] (0.00ns)   --->   "%specloopname_ln0 = specloopname void @_ssdm_op_SpecLoopName, void @loop_for_3_channel_pad_6_loop_for_channel_pad_6_str"   --->   Operation 49 'specloopname' 'specloopname_ln0' <Predicate = true> <Delay = 0.00>
ST_4 : Operation 50 [1/1] (0.00ns)   --->   "%speclooptripcount_ln0 = speclooptripcount void @_ssdm_op_SpecLoopTripCount, i64 704, i64 704, i64 704"   --->   Operation 50 'speclooptripcount' 'speclooptripcount_ln0' <Predicate = true> <Delay = 0.00>
ST_4 : Operation 51 [1/1] (0.00ns)   --->   "%specpipeline_ln163 = specpipeline void @_ssdm_op_SpecPipeline, i32 4294967295, i32 0, i32 0, i32 0, void @empty_12" [D:/PhamDuyHoang_LuongVanDai_DA2/CNN_nopad/Conv.cpp:163->D:/PhamDuyHoang_LuongVanDai_DA2/CNN_nopad/CNN.cpp:46]   --->   Operation 51 'specpipeline' 'specpipeline_ln163' <Predicate = true> <Delay = 0.00>
ST_4 : Operation 52 [1/2] (0.64ns) (root node of the DSP)   --->   "%add_ln164 = add i10 %zext_ln163, i10 %p_cast103" [D:/PhamDuyHoang_LuongVanDai_DA2/CNN_nopad/Conv.cpp:164->D:/PhamDuyHoang_LuongVanDai_DA2/CNN_nopad/CNN.cpp:46]   --->   Operation 52 'add' 'add_ln164' <Predicate = true> <Delay = 0.64> <CoreInst = "DSP48">   --->   Core 124 'DSP48' <Latency = 3> <II = 1> <Delay = 0.53> <IPBlock> <Opcode : 'add' 'sub' 'mul' 'select'> <InPorts = 0> <OutPorts = 1> <Sync> <CReg>
ST_4 : Operation 53 [1/1] (0.00ns)   --->   "%zext_ln164 = zext i10 %add_ln164" [D:/PhamDuyHoang_LuongVanDai_DA2/CNN_nopad/Conv.cpp:164->D:/PhamDuyHoang_LuongVanDai_DA2/CNN_nopad/CNN.cpp:46]   --->   Operation 53 'zext' 'zext_ln164' <Predicate = true> <Delay = 0.00>
ST_4 : Operation 54 [1/1] (0.00ns)   --->   "%OutPadConv6_addr = getelementptr i16 %OutPadConv6, i64 0, i64 %zext_ln164" [D:/PhamDuyHoang_LuongVanDai_DA2/CNN_nopad/Conv.cpp:164->D:/PhamDuyHoang_LuongVanDai_DA2/CNN_nopad/CNN.cpp:46]   --->   Operation 54 'getelementptr' 'OutPadConv6_addr' <Predicate = true> <Delay = 0.00>
ST_4 : Operation 55 [1/2] ( I:1.23ns O:1.23ns )   --->   "%OutPool2_load = load i10 %OutPool2_addr" [D:/PhamDuyHoang_LuongVanDai_DA2/CNN_nopad/Conv.cpp:164->D:/PhamDuyHoang_LuongVanDai_DA2/CNN_nopad/CNN.cpp:46]   --->   Operation 55 'load' 'OutPool2_load' <Predicate = true> <Delay = 1.23> <CoreInst = "RAM">   --->   Core 82 'RAM' <Latency = 1> <II = 1> <Delay = 1.23> <Storage> <Opcode : 'load' 'store'> <Ports = 2> <Width = 16> <Depth = 640> <RAM>
ST_4 : Operation 56 [1/1] (0.35ns)   --->   "%storemerge601 = select i1 %or_ln164, i16 0, i16 %OutPool2_load" [D:/PhamDuyHoang_LuongVanDai_DA2/CNN_nopad/Conv.cpp:164->D:/PhamDuyHoang_LuongVanDai_DA2/CNN_nopad/CNN.cpp:46]   --->   Operation 56 'select' 'storemerge601' <Predicate = true> <Delay = 0.35> <CoreInst = "Sel">   --->   Core 73 'Sel' <Latency = 0> <II = 1> <Delay = 0.35> <FuncUnit> <Opcode : 'select'> <InPorts = 3> <OutPorts = 1>
ST_4 : Operation 57 [1/1] ( I:1.23ns O:1.23ns )   --->   "%store_ln164 = store i16 %storemerge601, i10 %OutPadConv6_addr" [D:/PhamDuyHoang_LuongVanDai_DA2/CNN_nopad/Conv.cpp:164->D:/PhamDuyHoang_LuongVanDai_DA2/CNN_nopad/CNN.cpp:46]   --->   Operation 57 'store' 'store_ln164' <Predicate = true> <Delay = 1.23> <CoreInst = "RAM">   --->   Core 82 'RAM' <Latency = 1> <II = 1> <Delay = 1.23> <Storage> <Opcode : 'load' 'store'> <Ports = 2> <Width = 16> <Depth = 704> <RAM>
ST_4 : Operation 58 [1/1] (0.00ns)   --->   "%br_ln163 = br void %for.body4.i358" [D:/PhamDuyHoang_LuongVanDai_DA2/CNN_nopad/Conv.cpp:163->D:/PhamDuyHoang_LuongVanDai_DA2/CNN_nopad/CNN.cpp:46]   --->   Operation 58 'br' 'br_ln163' <Predicate = true> <Delay = 0.00>


============================================================
+ Verbose Summary: Timing violations
============================================================
Target clock period: 10.000ns, clock uncertainty: 2.700ns.

 <State 1>: 2.800ns
The critical path consists of the following:
	'store' operation 0 bit ('store_ln163', D:/PhamDuyHoang_LuongVanDai_DA2/CNN_nopad/Conv.cpp:163->D:/PhamDuyHoang_LuongVanDai_DA2/CNN_nopad/CNN.cpp:46) of constant 0 on local variable 'n', D:/PhamDuyHoang_LuongVanDai_DA2/CNN_nopad/Conv.cpp:163->D:/PhamDuyHoang_LuongVanDai_DA2/CNN_nopad/CNN.cpp:46 [8]  (0.427 ns)
	'load' operation 6 bit ('n_load', D:/PhamDuyHoang_LuongVanDai_DA2/CNN_nopad/Conv.cpp:163->D:/PhamDuyHoang_LuongVanDai_DA2/CNN_nopad/CNN.cpp:46) on local variable 'n', D:/PhamDuyHoang_LuongVanDai_DA2/CNN_nopad/Conv.cpp:163->D:/PhamDuyHoang_LuongVanDai_DA2/CNN_nopad/CNN.cpp:46 [16]  (0.000 ns)
	'icmp' operation 1 bit ('icmp_ln163', D:/PhamDuyHoang_LuongVanDai_DA2/CNN_nopad/Conv.cpp:163->D:/PhamDuyHoang_LuongVanDai_DA2/CNN_nopad/CNN.cpp:46) [20]  (0.781 ns)
	'select' operation 6 bit ('select_ln161', D:/PhamDuyHoang_LuongVanDai_DA2/CNN_nopad/Conv.cpp:161->D:/PhamDuyHoang_LuongVanDai_DA2/CNN_nopad/CNN.cpp:46) [21]  (0.384 ns)
	'add' operation 6 bit ('add_ln163', D:/PhamDuyHoang_LuongVanDai_DA2/CNN_nopad/Conv.cpp:163->D:/PhamDuyHoang_LuongVanDai_DA2/CNN_nopad/CNN.cpp:46) [48]  (0.781 ns)
	'store' operation 0 bit ('store_ln163', D:/PhamDuyHoang_LuongVanDai_DA2/CNN_nopad/Conv.cpp:163->D:/PhamDuyHoang_LuongVanDai_DA2/CNN_nopad/CNN.cpp:46) of variable 'add_ln163', D:/PhamDuyHoang_LuongVanDai_DA2/CNN_nopad/Conv.cpp:163->D:/PhamDuyHoang_LuongVanDai_DA2/CNN_nopad/CNN.cpp:46 on local variable 'n', D:/PhamDuyHoang_LuongVanDai_DA2/CNN_nopad/Conv.cpp:163->D:/PhamDuyHoang_LuongVanDai_DA2/CNN_nopad/CNN.cpp:46 [51]  (0.427 ns)

 <State 2>: 0.996ns
The critical path consists of the following:
	'mul' operation 10 bit of DSP[37] ('p_cast103', D:/PhamDuyHoang_LuongVanDai_DA2/CNN_nopad/Conv.cpp:161->D:/PhamDuyHoang_LuongVanDai_DA2/CNN_nopad/CNN.cpp:46) [25]  (0.996 ns)

 <State 3>: 2.978ns
The critical path consists of the following:
	'add' operation 7 bit ('add_ln164_1', D:/PhamDuyHoang_LuongVanDai_DA2/CNN_nopad/Conv.cpp:164->D:/PhamDuyHoang_LuongVanDai_DA2/CNN_nopad/CNN.cpp:46) [40]  (0.781 ns)
	'add' operation 10 bit ('add_ln164_2', D:/PhamDuyHoang_LuongVanDai_DA2/CNN_nopad/Conv.cpp:164->D:/PhamDuyHoang_LuongVanDai_DA2/CNN_nopad/CNN.cpp:46) [42]  (0.960 ns)
	'getelementptr' operation 10 bit ('OutPool2_addr', D:/PhamDuyHoang_LuongVanDai_DA2/CNN_nopad/Conv.cpp:164->D:/PhamDuyHoang_LuongVanDai_DA2/CNN_nopad/CNN.cpp:46) [44]  (0.000 ns)
	'load' operation 16 bit ('OutPool2_load', D:/PhamDuyHoang_LuongVanDai_DA2/CNN_nopad/Conv.cpp:164->D:/PhamDuyHoang_LuongVanDai_DA2/CNN_nopad/CNN.cpp:46) on array 'OutPool2' [45]  (1.237 ns)

 <State 4>: 2.831ns
The critical path consists of the following:
	'load' operation 16 bit ('OutPool2_load', D:/PhamDuyHoang_LuongVanDai_DA2/CNN_nopad/Conv.cpp:164->D:/PhamDuyHoang_LuongVanDai_DA2/CNN_nopad/CNN.cpp:46) on array 'OutPool2' [45]  (1.237 ns)
	'select' operation 16 bit ('storemerge601', D:/PhamDuyHoang_LuongVanDai_DA2/CNN_nopad/Conv.cpp:164->D:/PhamDuyHoang_LuongVanDai_DA2/CNN_nopad/CNN.cpp:46) [46]  (0.357 ns)
	'store' operation 0 bit ('store_ln164', D:/PhamDuyHoang_LuongVanDai_DA2/CNN_nopad/Conv.cpp:164->D:/PhamDuyHoang_LuongVanDai_DA2/CNN_nopad/CNN.cpp:46) of variable 'storemerge601', D:/PhamDuyHoang_LuongVanDai_DA2/CNN_nopad/Conv.cpp:164->D:/PhamDuyHoang_LuongVanDai_DA2/CNN_nopad/CNN.cpp:46 on array 'OutPadConv6' [47]  (1.237 ns)


============================================================
+ Verbose Summary: Binding
============================================================
N/A
* FSMD analyzer results:
  - Output states:
 - Input state : 
  - Chain level:
	State 1
	State 2
	State 3
	State 4


============================================================
+ Verbose Summary: Datapath Resource usage 
============================================================
N/A
