

================================================================
== Vitis HLS Report for 'CNN_Pipeline_loop_for_ap_7_loop_for_fc_7_loop_for_fa_7'
================================================================
* Date:           Mon Jul 14 02:16:22 2025

* Version:        2025.1 (Build 6135595 on May 21 2025)
* Project:        CNN_HLS
* Solution:       hls (Vivado IP Flow Target)
* Product family: zynquplus
* Target device:  xck26-sfvc784-2LV-c


================================================================
== Performance Estimates
================================================================
+ Timing: 
    * Summary: 
    +--------+----------+----------+------------+
    |  Clock |  Target  | Estimated| Uncertainty|
    +--------+----------+----------+------------+
    |ap_clk  |  10.00 ns|  3.748 ns|     2.70 ns|
    +--------+----------+----------+------------+

+ Latency: 
    * Summary: 
    +---------+---------+-----------+-----------+------+------+------------------------------------------------+
    |  Latency (cycles) |   Latency (absolute)  |   Interval  |                    Pipeline                    |
    |   min   |   max   |    min    |    max    |  min |  max |                      Type                      |
    +---------+---------+-----------+-----------+------+------+------------------------------------------------+
    |     6408|     6408|  64.080 us|  64.080 us|  6401|  6401|  loop auto-rewind stp (delay=0 clock cycles(s))|
    +---------+---------+-----------+-----------+------+------+------------------------------------------------+

    + Detail: 
        * Instance: 
        N/A

        * Loop: 
        +---------------------------------------------+---------+---------+----------+-----------+-----------+------+----------+
        |                                             |  Latency (cycles) | Iteration|  Initiation Interval  | Trip |          |
        |                  Loop Name                  |   min   |   max   |  Latency |  achieved |   target  | Count| Pipelined|
        +---------------------------------------------+---------+---------+----------+-----------+-----------+------+----------+
        |- loop_for_ap_7_loop_for_fc_7_loop_for_fa_7  |     6406|     6406|         8|          1|          1|  6400|       yes|
        +---------------------------------------------+---------+---------+----------+-----------+-----------+------+----------+

============================================================
+ Verbose Summary: Synthesis Manager
============================================================
InlineROM: 1
ExposeGlobal: 0
============================================================
+ Verbose Summary: CDFG Model
============================================================
IsTopModel: 0
ResetActiveHigh: 1
IsCombinational: 0
IsDatapathOnly: 0
HasWiredReturn: 1
HasMFsm: 2
HasVarLatency: 1
IsPipeline: 0
IsRtlPipelined: 0
IsInstanceOverlapped: 0
IsDontTouch: 0
HasImplIP: 0
IsGatedGlobalClock: 0

+ Individual pipeline summary: 
  * Pipeline-0: initiation interval (II) = 1, depth = 8


============================================================
+ Verbose Summary: Schedule
============================================================
* Number of FSM states : 8
* Pipeline : 1
  Pipeline-0 : II = 1, D = 8, States = { 1 2 3 4 5 6 7 8 }
* Dataflow Pipeline: 0

* FSM state transitions: 
1 --> 2 
2 --> 3 
3 --> 4 
4 --> 5 
5 --> 6 
6 --> 7 
7 --> 8 
8 --> 

* FSM state operations: 

State 1 <SV = 0> <Delay = 3.74>
ST_1 : Operation 11 [1/1] (0.00ns)   --->   "%s = alloca i32 1" [D:/PhamDuyHoang_LuongVanDai_DA2/CNN_nopad/Conv.cpp:200->D:/PhamDuyHoang_LuongVanDai_DA2/CNN_nopad/CNN.cpp:49]   --->   Operation 11 'alloca' 's' <Predicate = true> <Delay = 0.00>
ST_1 : Operation 12 [1/1] (0.00ns)   --->   "%j = alloca i32 1" [D:/PhamDuyHoang_LuongVanDai_DA2/CNN_nopad/Conv.cpp:204->D:/PhamDuyHoang_LuongVanDai_DA2/CNN_nopad/CNN.cpp:49]   --->   Operation 12 'alloca' 'j' <Predicate = true> <Delay = 0.00>
ST_1 : Operation 13 [1/1] (0.00ns)   --->   "%k = alloca i32 1" [D:/PhamDuyHoang_LuongVanDai_DA2/CNN_nopad/Conv.cpp:202->D:/PhamDuyHoang_LuongVanDai_DA2/CNN_nopad/CNN.cpp:49]   --->   Operation 13 'alloca' 'k' <Predicate = true> <Delay = 0.00>
ST_1 : Operation 14 [1/1] (0.00ns)   --->   "%indvar_flatten154 = alloca i32 1"   --->   Operation 14 'alloca' 'indvar_flatten154' <Predicate = true> <Delay = 0.00>
ST_1 : Operation 15 [1/1] (0.00ns)   --->   "%y = alloca i32 1" [D:/PhamDuyHoang_LuongVanDai_DA2/CNN_nopad/Conv.cpp:199->D:/PhamDuyHoang_LuongVanDai_DA2/CNN_nopad/CNN.cpp:49]   --->   Operation 15 'alloca' 'y' <Predicate = true> <Delay = 0.00>
ST_1 : Operation 16 [1/1] (0.00ns)   --->   "%indvar_flatten174 = alloca i32 1"   --->   Operation 16 'alloca' 'indvar_flatten174' <Predicate = true> <Delay = 0.00>
ST_1 : Operation 17 [1/1] (0.00ns)   --->   "%Weights_load_133_read = read i16 @_ssdm_op_Read.ap_auto.i16, i16 %Weights_load_133"   --->   Operation 17 'read' 'Weights_load_133_read' <Predicate = true> <Delay = 0.00>
ST_1 : Operation 18 [1/1] (0.00ns)   --->   "%mul_ln199_read = read i11 @_ssdm_op_Read.ap_auto.i11, i11 %mul_ln199"   --->   Operation 18 'read' 'mul_ln199_read' <Predicate = true> <Delay = 0.00>
ST_1 : Operation 19 [1/1] (0.00ns)   --->   "%conv_i_i16_i86_i437_read = read i16 @_ssdm_op_Read.ap_auto.i16, i16 %conv_i_i16_i86_i437"   --->   Operation 19 'read' 'conv_i_i16_i86_i437_read' <Predicate = true> <Delay = 0.00>
ST_1 : Operation 20 [1/1] (0.00ns)   --->   "%p_cast125_read = read i13 @_ssdm_op_Read.ap_auto.i13, i13 %p_cast125"   --->   Operation 20 'read' 'p_cast125_read' <Predicate = true> <Delay = 0.00>
ST_1 : Operation 21 [1/1] (0.00ns)   --->   "%conv_i_i16_i86_i437_cast = sext i16 %conv_i_i16_i86_i437_read"   --->   Operation 21 'sext' 'conv_i_i16_i86_i437_cast' <Predicate = true> <Delay = 0.00>
ST_1 : Operation 22 [1/1] (0.00ns)   --->   "%specinterface_ln0 = specinterface void @_ssdm_op_SpecInterface, i16 %Weights, void @empty_8, i32 0, i32 0, void @empty_12, i32 4294967295, i32 0, void @empty_12, void @empty_12, void @empty_12, i32 0, i32 0, i32 0, i32 0, void @empty_12, void @empty_12, i32 4294967295, i32 0, i32 0"   --->   Operation 22 'specinterface' 'specinterface_ln0' <Predicate = true> <Delay = 0.00>
ST_1 : Operation 23 [1/1] (0.42ns)   --->   "%store_ln0 = store i13 0, i13 %indvar_flatten174"   --->   Operation 23 'store' 'store_ln0' <Predicate = true> <Delay = 0.42>
ST_1 : Operation 24 [1/1] (0.42ns)   --->   "%store_ln199 = store i6 0, i6 %y" [D:/PhamDuyHoang_LuongVanDai_DA2/CNN_nopad/Conv.cpp:199->D:/PhamDuyHoang_LuongVanDai_DA2/CNN_nopad/CNN.cpp:49]   --->   Operation 24 'store' 'store_ln199' <Predicate = true> <Delay = 0.42>
ST_1 : Operation 25 [1/1] (0.42ns)   --->   "%store_ln0 = store i9 0, i9 %indvar_flatten154"   --->   Operation 25 'store' 'store_ln0' <Predicate = true> <Delay = 0.42>
ST_1 : Operation 26 [1/1] (0.42ns)   --->   "%store_ln202 = store i6 0, i6 %k" [D:/PhamDuyHoang_LuongVanDai_DA2/CNN_nopad/Conv.cpp:202->D:/PhamDuyHoang_LuongVanDai_DA2/CNN_nopad/CNN.cpp:49]   --->   Operation 26 'store' 'store_ln202' <Predicate = true> <Delay = 0.42>
ST_1 : Operation 27 [1/1] (0.42ns)   --->   "%store_ln204 = store i3 0, i3 %j" [D:/PhamDuyHoang_LuongVanDai_DA2/CNN_nopad/Conv.cpp:204->D:/PhamDuyHoang_LuongVanDai_DA2/CNN_nopad/CNN.cpp:49]   --->   Operation 27 'store' 'store_ln204' <Predicate = true> <Delay = 0.42>
ST_1 : Operation 28 [1/1] (0.42ns)   --->   "%store_ln200 = store i16 0, i16 %s" [D:/PhamDuyHoang_LuongVanDai_DA2/CNN_nopad/Conv.cpp:200->D:/PhamDuyHoang_LuongVanDai_DA2/CNN_nopad/CNN.cpp:49]   --->   Operation 28 'store' 'store_ln200' <Predicate = true> <Delay = 0.42>
ST_1 : Operation 29 [1/1] (0.00ns)   --->   "%br_ln0 = br void %for.body12.i457"   --->   Operation 29 'br' 'br_ln0' <Predicate = true> <Delay = 0.00>
ST_1 : Operation 30 [1/1] (0.00ns)   --->   "%indvar_flatten154_load = load i9 %indvar_flatten154" [D:/PhamDuyHoang_LuongVanDai_DA2/CNN_nopad/Conv.cpp:202->D:/PhamDuyHoang_LuongVanDai_DA2/CNN_nopad/CNN.cpp:49]   --->   Operation 30 'load' 'indvar_flatten154_load' <Predicate = true> <Delay = 0.00>
ST_1 : Operation 31 [1/1] (0.00ns)   --->   "%indvar_flatten174_load = load i13 %indvar_flatten174" [D:/PhamDuyHoang_LuongVanDai_DA2/CNN_nopad/Conv.cpp:199->D:/PhamDuyHoang_LuongVanDai_DA2/CNN_nopad/CNN.cpp:49]   --->   Operation 31 'load' 'indvar_flatten174_load' <Predicate = true> <Delay = 0.00>
ST_1 : Operation 32 [1/1] (0.82ns)   --->   "%icmp_ln199 = icmp_eq  i13 %indvar_flatten174_load, i13 6400" [D:/PhamDuyHoang_LuongVanDai_DA2/CNN_nopad/Conv.cpp:199->D:/PhamDuyHoang_LuongVanDai_DA2/CNN_nopad/CNN.cpp:49]   --->   Operation 32 'icmp' 'icmp_ln199' <Predicate = true> <Delay = 0.82> <CoreInst = "Cmp">   --->   Core 9 'Cmp' <Latency = 0> <II = 1> <Delay = 0.82> <FuncUnit> <Opcode : 'seteq' 'setne' 'setle' 'setge' 'setlt' 'setgt'> <InPorts = 2> <OutPorts = 1>
ST_1 : Operation 33 [1/1] (0.82ns)   --->   "%add_ln199 = add i13 %indvar_flatten174_load, i13 1" [D:/PhamDuyHoang_LuongVanDai_DA2/CNN_nopad/Conv.cpp:199->D:/PhamDuyHoang_LuongVanDai_DA2/CNN_nopad/CNN.cpp:49]   --->   Operation 33 'add' 'add_ln199' <Predicate = true> <Delay = 0.82> <CoreInst = "Adder">   --->   Core 1 'Adder' <Latency = 0> <II = 1> <Delay = 0.82> <FuncUnit> <Opcode : 'add' 'sub'> <InPorts = 2> <OutPorts = 1>
ST_1 : Operation 34 [1/1] (0.00ns)   --->   "%br_ln199 = br i1 %icmp_ln199, void %for.end25.i466, void %for.inc45.i480.exitStub" [D:/PhamDuyHoang_LuongVanDai_DA2/CNN_nopad/Conv.cpp:199->D:/PhamDuyHoang_LuongVanDai_DA2/CNN_nopad/CNN.cpp:49]   --->   Operation 34 'br' 'br_ln199' <Predicate = true> <Delay = 0.00>
ST_1 : Operation 35 [1/1] (0.00ns)   --->   "%j_load = load i3 %j" [D:/PhamDuyHoang_LuongVanDai_DA2/CNN_nopad/Conv.cpp:204->D:/PhamDuyHoang_LuongVanDai_DA2/CNN_nopad/CNN.cpp:49]   --->   Operation 35 'load' 'j_load' <Predicate = (!icmp_ln199)> <Delay = 0.00>
ST_1 : Operation 36 [1/1] (0.00ns)   --->   "%k_load = load i6 %k" [D:/PhamDuyHoang_LuongVanDai_DA2/CNN_nopad/Conv.cpp:199->D:/PhamDuyHoang_LuongVanDai_DA2/CNN_nopad/CNN.cpp:49]   --->   Operation 36 'load' 'k_load' <Predicate = (!icmp_ln199)> <Delay = 0.00>
ST_1 : Operation 37 [1/1] (0.77ns)   --->   "%icmp_ln202 = icmp_eq  i9 %indvar_flatten154_load, i9 160" [D:/PhamDuyHoang_LuongVanDai_DA2/CNN_nopad/Conv.cpp:202->D:/PhamDuyHoang_LuongVanDai_DA2/CNN_nopad/CNN.cpp:49]   --->   Operation 37 'icmp' 'icmp_ln202' <Predicate = (!icmp_ln199)> <Delay = 0.77> <CoreInst = "Cmp">   --->   Core 9 'Cmp' <Latency = 0> <II = 1> <Delay = 0.77> <FuncUnit> <Opcode : 'seteq' 'setne' 'setle' 'setge' 'setlt' 'setgt'> <InPorts = 2> <OutPorts = 1>
ST_1 : Operation 38 [1/1] (0.38ns)   --->   "%select_ln199 = select i1 %icmp_ln202, i6 0, i6 %k_load" [D:/PhamDuyHoang_LuongVanDai_DA2/CNN_nopad/Conv.cpp:199->D:/PhamDuyHoang_LuongVanDai_DA2/CNN_nopad/CNN.cpp:49]   --->   Operation 38 'select' 'select_ln199' <Predicate = (!icmp_ln199)> <Delay = 0.38> <CoreInst = "Sel">   --->   Core 73 'Sel' <Latency = 0> <II = 1> <Delay = 0.38> <FuncUnit> <Opcode : 'select'> <InPorts = 3> <OutPorts = 1>
ST_1 : Operation 39 [1/1] (0.00ns) (grouped into LUT with out node and_ln199)   --->   "%xor_ln199 = xor i1 %icmp_ln202, i1 1" [D:/PhamDuyHoang_LuongVanDai_DA2/CNN_nopad/Conv.cpp:199->D:/PhamDuyHoang_LuongVanDai_DA2/CNN_nopad/CNN.cpp:49]   --->   Operation 39 'xor' 'xor_ln199' <Predicate = (!icmp_ln199)> <Delay = 0.00> <CoreInst = "LogicGate">   --->   Core 74 'LogicGate' <Latency = 0> <II = 1> <Delay = 0.28> <FuncUnit> <Opcode : 'and' 'or' 'xor'> <InPorts = 2> <OutPorts = 1>
ST_1 : Operation 40 [1/1] (0.67ns)   --->   "%icmp_ln204 = icmp_eq  i3 %j_load, i3 5" [D:/PhamDuyHoang_LuongVanDai_DA2/CNN_nopad/Conv.cpp:204->D:/PhamDuyHoang_LuongVanDai_DA2/CNN_nopad/CNN.cpp:49]   --->   Operation 40 'icmp' 'icmp_ln204' <Predicate = (!icmp_ln199)> <Delay = 0.67> <CoreInst = "Cmp">   --->   Core 9 'Cmp' <Latency = 0> <II = 1> <Delay = 0.67> <FuncUnit> <Opcode : 'seteq' 'setne' 'setle' 'setge' 'setlt' 'setgt'> <InPorts = 2> <OutPorts = 1>
ST_1 : Operation 41 [1/1] (0.28ns) (out node of the LUT)   --->   "%and_ln199 = and i1 %icmp_ln204, i1 %xor_ln199" [D:/PhamDuyHoang_LuongVanDai_DA2/CNN_nopad/Conv.cpp:199->D:/PhamDuyHoang_LuongVanDai_DA2/CNN_nopad/CNN.cpp:49]   --->   Operation 41 'and' 'and_ln199' <Predicate = (!icmp_ln199)> <Delay = 0.28> <CoreInst = "LogicGate">   --->   Core 74 'LogicGate' <Latency = 0> <II = 1> <Delay = 0.28> <FuncUnit> <Opcode : 'and' 'or' 'xor'> <InPorts = 2> <OutPorts = 1>
ST_1 : Operation 42 [1/1] (0.78ns)   --->   "%add_ln202 = add i6 %select_ln199, i6 1" [D:/PhamDuyHoang_LuongVanDai_DA2/CNN_nopad/Conv.cpp:202->D:/PhamDuyHoang_LuongVanDai_DA2/CNN_nopad/CNN.cpp:49]   --->   Operation 42 'add' 'add_ln202' <Predicate = (!icmp_ln199)> <Delay = 0.78> <CoreInst = "Adder">   --->   Core 1 'Adder' <Latency = 0> <II = 1> <Delay = 0.78> <FuncUnit> <Opcode : 'add' 'sub'> <InPorts = 2> <OutPorts = 1>
ST_1 : Operation 43 [1/1] (0.00ns) (grouped into LUT with out node j_2_mid2)   --->   "%empty = or i1 %and_ln199, i1 %icmp_ln202" [D:/PhamDuyHoang_LuongVanDai_DA2/CNN_nopad/Conv.cpp:199->D:/PhamDuyHoang_LuongVanDai_DA2/CNN_nopad/CNN.cpp:49]   --->   Operation 43 'or' 'empty' <Predicate = (!icmp_ln199)> <Delay = 0.00> <CoreInst = "LogicGate">   --->   Core 74 'LogicGate' <Latency = 0> <II = 1> <Delay = 0.28> <FuncUnit> <Opcode : 'and' 'or' 'xor'> <InPorts = 2> <OutPorts = 1>
ST_1 : Operation 44 [1/1] (0.28ns) (out node of the LUT)   --->   "%j_2_mid2 = select i1 %empty, i3 0, i3 %j_load" [D:/PhamDuyHoang_LuongVanDai_DA2/CNN_nopad/Conv.cpp:199->D:/PhamDuyHoang_LuongVanDai_DA2/CNN_nopad/CNN.cpp:49]   --->   Operation 44 'select' 'j_2_mid2' <Predicate = (!icmp_ln199)> <Delay = 0.28> <CoreInst = "Sel">   --->   Core 73 'Sel' <Latency = 0> <II = 1> <Delay = 0.20> <FuncUnit> <Opcode : 'select'> <InPorts = 3> <OutPorts = 1>
ST_1 : Operation 45 [1/1] (0.38ns)   --->   "%select_ln202 = select i1 %and_ln199, i6 %add_ln202, i6 %select_ln199" [D:/PhamDuyHoang_LuongVanDai_DA2/CNN_nopad/Conv.cpp:202->D:/PhamDuyHoang_LuongVanDai_DA2/CNN_nopad/CNN.cpp:49]   --->   Operation 45 'select' 'select_ln202' <Predicate = (!icmp_ln199)> <Delay = 0.38> <CoreInst = "Sel">   --->   Core 73 'Sel' <Latency = 0> <II = 1> <Delay = 0.38> <FuncUnit> <Opcode : 'select'> <InPorts = 3> <OutPorts = 1>
ST_1 : Operation 46 [1/1] (0.00ns)   --->   "%zext_ln204 = zext i6 %select_ln202" [D:/PhamDuyHoang_LuongVanDai_DA2/CNN_nopad/Conv.cpp:204->D:/PhamDuyHoang_LuongVanDai_DA2/CNN_nopad/CNN.cpp:49]   --->   Operation 46 'zext' 'zext_ln204' <Predicate = (!icmp_ln199)> <Delay = 0.00>
ST_1 : Operation 47 [3/3] (0.99ns) (grouped into DSP with root node add_ln205_1)   --->   "%mul_ln204 = mul i11 %zext_ln204, i11 44" [D:/PhamDuyHoang_LuongVanDai_DA2/CNN_nopad/Conv.cpp:204->D:/PhamDuyHoang_LuongVanDai_DA2/CNN_nopad/CNN.cpp:49]   --->   Operation 47 'mul' 'mul_ln204' <Predicate = (!icmp_ln199)> <Delay = 0.99> <CoreInst = "DSP48">   --->   Core 124 'DSP48' <Latency = 3> <II = 1> <Delay = 0.53> <IPBlock> <Opcode : 'add' 'sub' 'mul' 'select'> <InPorts = 0> <OutPorts = 1> <Sync> <CReg>
ST_1 : Operation 48 [1/1] (0.67ns)   --->   "%add_ln204 = add i3 %j_2_mid2, i3 1" [D:/PhamDuyHoang_LuongVanDai_DA2/CNN_nopad/Conv.cpp:204->D:/PhamDuyHoang_LuongVanDai_DA2/CNN_nopad/CNN.cpp:49]   --->   Operation 48 'add' 'add_ln204' <Predicate = (!icmp_ln199)> <Delay = 0.67> <CoreInst = "Adder">   --->   Core 1 'Adder' <Latency = 0> <II = 1> <Delay = 0.67> <FuncUnit> <Opcode : 'add' 'sub'> <InPorts = 2> <OutPorts = 1>
ST_1 : Operation 49 [1/1] (0.67ns)   --->   "%icmp_ln204_1 = icmp_eq  i3 %add_ln204, i3 5" [D:/PhamDuyHoang_LuongVanDai_DA2/CNN_nopad/Conv.cpp:204->D:/PhamDuyHoang_LuongVanDai_DA2/CNN_nopad/CNN.cpp:49]   --->   Operation 49 'icmp' 'icmp_ln204_1' <Predicate = (!icmp_ln199)> <Delay = 0.67> <CoreInst = "Cmp">   --->   Core 9 'Cmp' <Latency = 0> <II = 1> <Delay = 0.67> <FuncUnit> <Opcode : 'seteq' 'setne' 'setle' 'setge' 'setlt' 'setgt'> <InPorts = 2> <OutPorts = 1>
ST_1 : Operation 50 [1/1] (0.78ns)   --->   "%icmp_ln202_1 = icmp_eq  i6 %select_ln202, i6 31" [D:/PhamDuyHoang_LuongVanDai_DA2/CNN_nopad/Conv.cpp:202->D:/PhamDuyHoang_LuongVanDai_DA2/CNN_nopad/CNN.cpp:49]   --->   Operation 50 'icmp' 'icmp_ln202_1' <Predicate = (!icmp_ln199)> <Delay = 0.78> <CoreInst = "Cmp">   --->   Core 9 'Cmp' <Latency = 0> <II = 1> <Delay = 0.78> <FuncUnit> <Opcode : 'seteq' 'setne' 'setle' 'setge' 'setlt' 'setgt'> <InPorts = 2> <OutPorts = 1>
ST_1 : Operation 51 [1/1] (0.00ns)   --->   "%br_ln204 = br i1 %icmp_ln204_1, void %new.latch.for.body12.i457.split, void %last.iter.for.body12.i457.split" [D:/PhamDuyHoang_LuongVanDai_DA2/CNN_nopad/Conv.cpp:204->D:/PhamDuyHoang_LuongVanDai_DA2/CNN_nopad/CNN.cpp:49]   --->   Operation 51 'br' 'br_ln204' <Predicate = (!icmp_ln199)> <Delay = 0.00>
ST_1 : Operation 52 [1/1] (0.00ns)   --->   "%br_ln204 = br i1 %icmp_ln202_1, void %new.latch.for.inc23.i460, void %last.iter.for.inc23.i460" [D:/PhamDuyHoang_LuongVanDai_DA2/CNN_nopad/Conv.cpp:204->D:/PhamDuyHoang_LuongVanDai_DA2/CNN_nopad/CNN.cpp:49]   --->   Operation 52 'br' 'br_ln204' <Predicate = (!icmp_ln199 & icmp_ln204_1)> <Delay = 0.00>
ST_1 : Operation 53 [1/1] (0.00ns)   --->   "%br_ln204 = br void %new.latch.for.body12.i457.split" [D:/PhamDuyHoang_LuongVanDai_DA2/CNN_nopad/Conv.cpp:204->D:/PhamDuyHoang_LuongVanDai_DA2/CNN_nopad/CNN.cpp:49]   --->   Operation 53 'br' 'br_ln204' <Predicate = (!icmp_ln199 & icmp_ln204_1)> <Delay = 0.00>
ST_1 : Operation 54 [1/1] (0.77ns)   --->   "%add_ln202_1 = add i9 %indvar_flatten154_load, i9 1" [D:/PhamDuyHoang_LuongVanDai_DA2/CNN_nopad/Conv.cpp:202->D:/PhamDuyHoang_LuongVanDai_DA2/CNN_nopad/CNN.cpp:49]   --->   Operation 54 'add' 'add_ln202_1' <Predicate = (!icmp_ln199)> <Delay = 0.77> <CoreInst = "Adder">   --->   Core 1 'Adder' <Latency = 0> <II = 1> <Delay = 0.77> <FuncUnit> <Opcode : 'add' 'sub'> <InPorts = 2> <OutPorts = 1>
ST_1 : Operation 55 [1/1] (0.39ns)   --->   "%select_ln202_1 = select i1 %icmp_ln202, i9 1, i9 %add_ln202_1" [D:/PhamDuyHoang_LuongVanDai_DA2/CNN_nopad/Conv.cpp:202->D:/PhamDuyHoang_LuongVanDai_DA2/CNN_nopad/CNN.cpp:49]   --->   Operation 55 'select' 'select_ln202_1' <Predicate = (!icmp_ln199)> <Delay = 0.39> <CoreInst = "Sel">   --->   Core 73 'Sel' <Latency = 0> <II = 1> <Delay = 0.39> <FuncUnit> <Opcode : 'select'> <InPorts = 3> <OutPorts = 1>
ST_1 : Operation 56 [1/1] (0.42ns)   --->   "%store_ln199 = store i13 %add_ln199, i13 %indvar_flatten174" [D:/PhamDuyHoang_LuongVanDai_DA2/CNN_nopad/Conv.cpp:199->D:/PhamDuyHoang_LuongVanDai_DA2/CNN_nopad/CNN.cpp:49]   --->   Operation 56 'store' 'store_ln199' <Predicate = (!icmp_ln199)> <Delay = 0.42>
ST_1 : Operation 57 [1/1] (0.42ns)   --->   "%store_ln202 = store i9 %select_ln202_1, i9 %indvar_flatten154" [D:/PhamDuyHoang_LuongVanDai_DA2/CNN_nopad/Conv.cpp:202->D:/PhamDuyHoang_LuongVanDai_DA2/CNN_nopad/CNN.cpp:49]   --->   Operation 57 'store' 'store_ln202' <Predicate = (!icmp_ln199)> <Delay = 0.42>
ST_1 : Operation 58 [1/1] (0.42ns)   --->   "%store_ln202 = store i6 %select_ln202, i6 %k" [D:/PhamDuyHoang_LuongVanDai_DA2/CNN_nopad/Conv.cpp:202->D:/PhamDuyHoang_LuongVanDai_DA2/CNN_nopad/CNN.cpp:49]   --->   Operation 58 'store' 'store_ln202' <Predicate = (!icmp_ln199)> <Delay = 0.42>
ST_1 : Operation 59 [1/1] (0.42ns)   --->   "%store_ln204 = store i3 %add_ln204, i3 %j" [D:/PhamDuyHoang_LuongVanDai_DA2/CNN_nopad/Conv.cpp:204->D:/PhamDuyHoang_LuongVanDai_DA2/CNN_nopad/CNN.cpp:49]   --->   Operation 59 'store' 'store_ln204' <Predicate = (!icmp_ln199)> <Delay = 0.42>

State 2 <SV = 1> <Delay = 0.99>
ST_2 : Operation 60 [2/3] (0.99ns) (grouped into DSP with root node add_ln205_1)   --->   "%mul_ln204 = mul i11 %zext_ln204, i11 44" [D:/PhamDuyHoang_LuongVanDai_DA2/CNN_nopad/Conv.cpp:204->D:/PhamDuyHoang_LuongVanDai_DA2/CNN_nopad/CNN.cpp:49]   --->   Operation 60 'mul' 'mul_ln204' <Predicate = true> <Delay = 0.99> <CoreInst = "DSP48">   --->   Core 124 'DSP48' <Latency = 3> <II = 1> <Delay = 0.53> <IPBlock> <Opcode : 'add' 'sub' 'mul' 'select'> <InPorts = 0> <OutPorts = 1> <Sync> <CReg>

State 3 <SV = 2> <Delay = 2.59>
ST_3 : Operation 61 [1/1] (0.00ns)   --->   "%y_load = load i6 %y" [D:/PhamDuyHoang_LuongVanDai_DA2/CNN_nopad/Conv.cpp:199->D:/PhamDuyHoang_LuongVanDai_DA2/CNN_nopad/CNN.cpp:49]   --->   Operation 61 'load' 'y_load' <Predicate = true> <Delay = 0.00>
ST_3 : Operation 62 [1/1] (0.78ns)   --->   "%add_ln199_1 = add i6 %y_load, i6 1" [D:/PhamDuyHoang_LuongVanDai_DA2/CNN_nopad/Conv.cpp:199->D:/PhamDuyHoang_LuongVanDai_DA2/CNN_nopad/CNN.cpp:49]   --->   Operation 62 'add' 'add_ln199_1' <Predicate = (icmp_ln202)> <Delay = 0.78> <CoreInst = "Adder">   --->   Core 1 'Adder' <Latency = 0> <II = 1> <Delay = 0.78> <FuncUnit> <Opcode : 'add' 'sub'> <InPorts = 2> <OutPorts = 1>
ST_3 : Operation 63 [1/1] (0.38ns)   --->   "%select_ln199_1 = select i1 %icmp_ln202, i6 %add_ln199_1, i6 %y_load" [D:/PhamDuyHoang_LuongVanDai_DA2/CNN_nopad/Conv.cpp:199->D:/PhamDuyHoang_LuongVanDai_DA2/CNN_nopad/CNN.cpp:49]   --->   Operation 63 'select' 'select_ln199_1' <Predicate = true> <Delay = 0.38> <CoreInst = "Sel">   --->   Core 73 'Sel' <Latency = 0> <II = 1> <Delay = 0.38> <FuncUnit> <Opcode : 'select'> <InPorts = 3> <OutPorts = 1>
ST_3 : Operation 64 [1/3] (0.00ns) (grouped into DSP with root node add_ln205_1)   --->   "%mul_ln204 = mul i11 %zext_ln204, i11 44" [D:/PhamDuyHoang_LuongVanDai_DA2/CNN_nopad/Conv.cpp:204->D:/PhamDuyHoang_LuongVanDai_DA2/CNN_nopad/CNN.cpp:49]   --->   Operation 64 'mul' 'mul_ln204' <Predicate = true> <Delay = 0.00> <CoreInst = "DSP48">   --->   Core 124 'DSP48' <Latency = 3> <II = 1> <Delay = 0.53> <IPBlock> <Opcode : 'add' 'sub' 'mul' 'select'> <InPorts = 0> <OutPorts = 1> <Sync> <CReg>
ST_3 : Operation 65 [1/1] (0.00ns)   --->   "%zext_ln204_2 = zext i3 %j_2_mid2" [D:/PhamDuyHoang_LuongVanDai_DA2/CNN_nopad/Conv.cpp:204->D:/PhamDuyHoang_LuongVanDai_DA2/CNN_nopad/CNN.cpp:49]   --->   Operation 65 'zext' 'zext_ln204_2' <Predicate = true> <Delay = 0.00>
ST_3 : Operation 66 [1/1] (0.78ns)   --->   "%add_ln205 = add i6 %select_ln199_1, i6 %zext_ln204_2" [D:/PhamDuyHoang_LuongVanDai_DA2/CNN_nopad/Conv.cpp:205->D:/PhamDuyHoang_LuongVanDai_DA2/CNN_nopad/CNN.cpp:49]   --->   Operation 66 'add' 'add_ln205' <Predicate = true> <Delay = 0.78> <CoreInst = "Adder">   --->   Core 1 'Adder' <Latency = 0> <II = 1> <Delay = 0.78> <FuncUnit> <Opcode : 'add' 'sub'> <InPorts = 2> <OutPorts = 1>
ST_3 : Operation 67 [1/1] (0.00ns)   --->   "%zext_ln205 = zext i6 %add_ln205" [D:/PhamDuyHoang_LuongVanDai_DA2/CNN_nopad/Conv.cpp:205->D:/PhamDuyHoang_LuongVanDai_DA2/CNN_nopad/CNN.cpp:49]   --->   Operation 67 'zext' 'zext_ln205' <Predicate = true> <Delay = 0.00>
ST_3 : Operation 68 [2/2] (0.64ns) (root node of the DSP)   --->   "%add_ln205_1 = add i11 %zext_ln205, i11 %mul_ln204" [D:/PhamDuyHoang_LuongVanDai_DA2/CNN_nopad/Conv.cpp:205->D:/PhamDuyHoang_LuongVanDai_DA2/CNN_nopad/CNN.cpp:49]   --->   Operation 68 'add' 'add_ln205_1' <Predicate = true> <Delay = 0.64> <CoreInst = "DSP48">   --->   Core 124 'DSP48' <Latency = 3> <II = 1> <Delay = 0.53> <IPBlock> <Opcode : 'add' 'sub' 'mul' 'select'> <InPorts = 0> <OutPorts = 1> <Sync> <CReg>
ST_3 : Operation 69 [1/1] (0.42ns)   --->   "%store_ln199 = store i6 %select_ln199_1, i6 %y" [D:/PhamDuyHoang_LuongVanDai_DA2/CNN_nopad/Conv.cpp:199->D:/PhamDuyHoang_LuongVanDai_DA2/CNN_nopad/CNN.cpp:49]   --->   Operation 69 'store' 'store_ln199' <Predicate = true> <Delay = 0.42>

State 4 <SV = 3> <Delay = 3.64>
ST_4 : Operation 70 [1/1] (0.00ns)   --->   "%zext_ln202 = zext i6 %select_ln202" [D:/PhamDuyHoang_LuongVanDai_DA2/CNN_nopad/Conv.cpp:202->D:/PhamDuyHoang_LuongVanDai_DA2/CNN_nopad/CNN.cpp:49]   --->   Operation 70 'zext' 'zext_ln202' <Predicate = true> <Delay = 0.00>
ST_4 : Operation 71 [1/1] (0.00ns)   --->   "%tmp = bitconcatenate i8 @_ssdm_op_BitConcatenate.i8.i6.i2, i6 %select_ln202, i2 0" [D:/PhamDuyHoang_LuongVanDai_DA2/CNN_nopad/Conv.cpp:202->D:/PhamDuyHoang_LuongVanDai_DA2/CNN_nopad/CNN.cpp:49]   --->   Operation 71 'bitconcatenate' 'tmp' <Predicate = true> <Delay = 0.00>
ST_4 : Operation 72 [1/1] (0.00ns)   --->   "%p_shl = zext i8 %tmp" [D:/PhamDuyHoang_LuongVanDai_DA2/CNN_nopad/Conv.cpp:202->D:/PhamDuyHoang_LuongVanDai_DA2/CNN_nopad/CNN.cpp:49]   --->   Operation 72 'zext' 'p_shl' <Predicate = true> <Delay = 0.00>
ST_4 : Operation 73 [1/1] (0.76ns)   --->   "%empty_197 = add i9 %p_shl, i9 %zext_ln202" [D:/PhamDuyHoang_LuongVanDai_DA2/CNN_nopad/Conv.cpp:202->D:/PhamDuyHoang_LuongVanDai_DA2/CNN_nopad/CNN.cpp:49]   --->   Operation 73 'add' 'empty_197' <Predicate = true> <Delay = 0.76> <CoreInst = "Adder">   --->   Core 1 'Adder' <Latency = 0> <II = 1> <Delay = 0.76> <FuncUnit> <Opcode : 'add' 'sub'> <InPorts = 2> <OutPorts = 1>
ST_4 : Operation 74 [1/1] (0.00ns)   --->   "%p_cast126 = zext i9 %empty_197" [D:/PhamDuyHoang_LuongVanDai_DA2/CNN_nopad/Conv.cpp:202->D:/PhamDuyHoang_LuongVanDai_DA2/CNN_nopad/CNN.cpp:49]   --->   Operation 74 'zext' 'p_cast126' <Predicate = true> <Delay = 0.00>
ST_4 : Operation 75 [1/1] (0.00ns)   --->   "%zext_ln204_1 = zext i3 %j_2_mid2" [D:/PhamDuyHoang_LuongVanDai_DA2/CNN_nopad/Conv.cpp:204->D:/PhamDuyHoang_LuongVanDai_DA2/CNN_nopad/CNN.cpp:49]   --->   Operation 75 'zext' 'zext_ln204_1' <Predicate = true> <Delay = 0.00>
ST_4 : Operation 76 [1/2] (0.64ns) (root node of the DSP)   --->   "%add_ln205_1 = add i11 %zext_ln205, i11 %mul_ln204" [D:/PhamDuyHoang_LuongVanDai_DA2/CNN_nopad/Conv.cpp:205->D:/PhamDuyHoang_LuongVanDai_DA2/CNN_nopad/CNN.cpp:49]   --->   Operation 76 'add' 'add_ln205_1' <Predicate = true> <Delay = 0.64> <CoreInst = "DSP48">   --->   Core 124 'DSP48' <Latency = 3> <II = 1> <Delay = 0.53> <IPBlock> <Opcode : 'add' 'sub' 'mul' 'select'> <InPorts = 0> <OutPorts = 1> <Sync> <CReg>
ST_4 : Operation 77 [1/1] (0.00ns)   --->   "%zext_ln205_1 = zext i11 %add_ln205_1" [D:/PhamDuyHoang_LuongVanDai_DA2/CNN_nopad/Conv.cpp:205->D:/PhamDuyHoang_LuongVanDai_DA2/CNN_nopad/CNN.cpp:49]   --->   Operation 77 'zext' 'zext_ln205_1' <Predicate = true> <Delay = 0.00>
ST_4 : Operation 78 [1/1] (0.82ns)   --->   "%add_ln205_2 = add i13 %p_cast125_read, i13 %p_cast126" [D:/PhamDuyHoang_LuongVanDai_DA2/CNN_nopad/Conv.cpp:205->D:/PhamDuyHoang_LuongVanDai_DA2/CNN_nopad/CNN.cpp:49]   --->   Operation 78 'add' 'add_ln205_2' <Predicate = true> <Delay = 0.82> <CoreInst = "Adder">   --->   Core 1 'Adder' <Latency = 0> <II = 1> <Delay = 0.82> <FuncUnit> <Opcode : 'add' 'sub'> <InPorts = 2> <OutPorts = 1>
ST_4 : Operation 79 [1/1] (0.00ns)   --->   "%zext_ln205_2 = zext i13 %add_ln205_2" [D:/PhamDuyHoang_LuongVanDai_DA2/CNN_nopad/Conv.cpp:205->D:/PhamDuyHoang_LuongVanDai_DA2/CNN_nopad/CNN.cpp:49]   --->   Operation 79 'zext' 'zext_ln205_2' <Predicate = true> <Delay = 0.00>
ST_4 : Operation 80 [1/1] (0.82ns)   --->   "%add_ln205_5 = add i13 %zext_ln204_1, i13 5148" [D:/PhamDuyHoang_LuongVanDai_DA2/CNN_nopad/Conv.cpp:205->D:/PhamDuyHoang_LuongVanDai_DA2/CNN_nopad/CNN.cpp:49]   --->   Operation 80 'add' 'add_ln205_5' <Predicate = true> <Delay = 0.82> <CoreInst = "Adder">   --->   Core 1 'Adder' <Latency = 0> <II = 1> <Delay = 0.82> <FuncUnit> <Opcode : 'add' 'sub'> <InPorts = 2> <OutPorts = 1>
ST_4 : Operation 81 [1/1] (0.00ns)   --->   "%zext_ln205_3 = zext i13 %add_ln205_5" [D:/PhamDuyHoang_LuongVanDai_DA2/CNN_nopad/Conv.cpp:205->D:/PhamDuyHoang_LuongVanDai_DA2/CNN_nopad/CNN.cpp:49]   --->   Operation 81 'zext' 'zext_ln205_3' <Predicate = true> <Delay = 0.00>
ST_4 : Operation 82 [1/1] (0.82ns)   --->   "%add_ln205_3 = add i14 %zext_ln205_3, i14 %zext_ln205_2" [D:/PhamDuyHoang_LuongVanDai_DA2/CNN_nopad/Conv.cpp:205->D:/PhamDuyHoang_LuongVanDai_DA2/CNN_nopad/CNN.cpp:49]   --->   Operation 82 'add' 'add_ln205_3' <Predicate = true> <Delay = 0.82> <CoreInst = "Adder">   --->   Core 1 'Adder' <Latency = 0> <II = 1> <Delay = 0.82> <FuncUnit> <Opcode : 'add' 'sub'> <InPorts = 2> <OutPorts = 1>
ST_4 : Operation 83 [1/1] (0.00ns)   --->   "%zext_ln205_4 = zext i14 %add_ln205_3" [D:/PhamDuyHoang_LuongVanDai_DA2/CNN_nopad/Conv.cpp:205->D:/PhamDuyHoang_LuongVanDai_DA2/CNN_nopad/CNN.cpp:49]   --->   Operation 83 'zext' 'zext_ln205_4' <Predicate = true> <Delay = 0.00>
ST_4 : Operation 84 [1/1] (0.00ns)   --->   "%Weights_addr = getelementptr i16 %Weights, i64 0, i64 %zext_ln205_4" [D:/PhamDuyHoang_LuongVanDai_DA2/CNN_nopad/Conv.cpp:205->D:/PhamDuyHoang_LuongVanDai_DA2/CNN_nopad/CNN.cpp:49]   --->   Operation 84 'getelementptr' 'Weights_addr' <Predicate = true> <Delay = 0.00>
ST_4 : Operation 85 [2/2] (1.23ns)   --->   "%Weights_load = load i14 %Weights_addr" [D:/PhamDuyHoang_LuongVanDai_DA2/CNN_nopad/Conv.cpp:205->D:/PhamDuyHoang_LuongVanDai_DA2/CNN_nopad/CNN.cpp:49]   --->   Operation 85 'load' 'Weights_load' <Predicate = true> <Delay = 1.23> <CoreInst = "RAM">   --->   Core 82 'RAM' <Latency = 1> <II = 1> <Delay = 1.23> <Storage> <Opcode : 'load' 'store'> <Ports = 2> <Width = 16> <Depth = 11065> <RAM>
ST_4 : Operation 86 [1/1] (0.00ns)   --->   "%OutPadConv7_addr = getelementptr i16 %OutPadConv7, i64 0, i64 %zext_ln205_1" [D:/PhamDuyHoang_LuongVanDai_DA2/CNN_nopad/Conv.cpp:205->D:/PhamDuyHoang_LuongVanDai_DA2/CNN_nopad/CNN.cpp:49]   --->   Operation 86 'getelementptr' 'OutPadConv7_addr' <Predicate = true> <Delay = 0.00>
ST_4 : Operation 87 [2/2] (1.23ns)   --->   "%OutPadConv7_load = load i11 %OutPadConv7_addr" [D:/PhamDuyHoang_LuongVanDai_DA2/CNN_nopad/Conv.cpp:205->D:/PhamDuyHoang_LuongVanDai_DA2/CNN_nopad/CNN.cpp:49]   --->   Operation 87 'load' 'OutPadConv7_load' <Predicate = true> <Delay = 1.23> <CoreInst = "RAM">   --->   Core 82 'RAM' <Latency = 1> <II = 1> <Delay = 1.23> <Storage> <Opcode : 'load' 'store'> <Ports = 2> <Width = 16> <Depth = 1408> <RAM>

State 5 <SV = 4> <Delay = 2.23>
ST_5 : Operation 88 [1/2] ( I:1.23ns O:1.23ns )   --->   "%Weights_load = load i14 %Weights_addr" [D:/PhamDuyHoang_LuongVanDai_DA2/CNN_nopad/Conv.cpp:205->D:/PhamDuyHoang_LuongVanDai_DA2/CNN_nopad/CNN.cpp:49]   --->   Operation 88 'load' 'Weights_load' <Predicate = true> <Delay = 1.23> <CoreInst = "RAM">   --->   Core 82 'RAM' <Latency = 1> <II = 1> <Delay = 1.23> <Storage> <Opcode : 'load' 'store'> <Ports = 2> <Width = 16> <Depth = 11065> <RAM>
ST_5 : Operation 89 [1/1] (0.00ns)   --->   "%sext_ln205 = sext i16 %Weights_load" [D:/PhamDuyHoang_LuongVanDai_DA2/CNN_nopad/Conv.cpp:205->D:/PhamDuyHoang_LuongVanDai_DA2/CNN_nopad/CNN.cpp:49]   --->   Operation 89 'sext' 'sext_ln205' <Predicate = true> <Delay = 0.00>
ST_5 : Operation 90 [1/2] ( I:1.23ns O:1.23ns )   --->   "%OutPadConv7_load = load i11 %OutPadConv7_addr" [D:/PhamDuyHoang_LuongVanDai_DA2/CNN_nopad/Conv.cpp:205->D:/PhamDuyHoang_LuongVanDai_DA2/CNN_nopad/CNN.cpp:49]   --->   Operation 90 'load' 'OutPadConv7_load' <Predicate = true> <Delay = 1.23> <CoreInst = "RAM">   --->   Core 82 'RAM' <Latency = 1> <II = 1> <Delay = 1.23> <Storage> <Opcode : 'load' 'store'> <Ports = 2> <Width = 16> <Depth = 1408> <RAM>
ST_5 : Operation 91 [1/1] (0.00ns)   --->   "%sext_ln205_1 = sext i16 %OutPadConv7_load" [D:/PhamDuyHoang_LuongVanDai_DA2/CNN_nopad/Conv.cpp:205->D:/PhamDuyHoang_LuongVanDai_DA2/CNN_nopad/CNN.cpp:49]   --->   Operation 91 'sext' 'sext_ln205_1' <Predicate = true> <Delay = 0.00>
ST_5 : Operation 92 [3/3] (0.99ns) (grouped into DSP with root node add_ln205_4)   --->   "%mul_ln205 = mul i24 %sext_ln205_1, i24 %sext_ln205" [D:/PhamDuyHoang_LuongVanDai_DA2/CNN_nopad/Conv.cpp:205->D:/PhamDuyHoang_LuongVanDai_DA2/CNN_nopad/CNN.cpp:49]   --->   Operation 92 'mul' 'mul_ln205' <Predicate = true> <Delay = 0.99> <CoreInst = "DSP48">   --->   Core 124 'DSP48' <Latency = 3> <II = 1> <Delay = 0.53> <IPBlock> <Opcode : 'add' 'sub' 'mul' 'select'> <InPorts = 0> <OutPorts = 1> <Sync> <CReg>

State 6 <SV = 5> <Delay = 0.99>
ST_6 : Operation 93 [2/3] (0.99ns) (grouped into DSP with root node add_ln205_4)   --->   "%mul_ln205 = mul i24 %sext_ln205_1, i24 %sext_ln205" [D:/PhamDuyHoang_LuongVanDai_DA2/CNN_nopad/Conv.cpp:205->D:/PhamDuyHoang_LuongVanDai_DA2/CNN_nopad/CNN.cpp:49]   --->   Operation 93 'mul' 'mul_ln205' <Predicate = true> <Delay = 0.99> <CoreInst = "DSP48">   --->   Core 124 'DSP48' <Latency = 3> <II = 1> <Delay = 0.53> <IPBlock> <Opcode : 'add' 'sub' 'mul' 'select'> <InPorts = 0> <OutPorts = 1> <Sync> <CReg>

State 7 <SV = 6> <Delay = 1.00>
ST_7 : Operation 94 [1/1] (0.00ns)   --->   "%s_load = load i16 %s"   --->   Operation 94 'load' 's_load' <Predicate = true> <Delay = 0.00>
ST_7 : Operation 95 [1/3] (0.00ns) (grouped into DSP with root node add_ln205_4)   --->   "%mul_ln205 = mul i24 %sext_ln205_1, i24 %sext_ln205" [D:/PhamDuyHoang_LuongVanDai_DA2/CNN_nopad/Conv.cpp:205->D:/PhamDuyHoang_LuongVanDai_DA2/CNN_nopad/CNN.cpp:49]   --->   Operation 95 'mul' 'mul_ln205' <Predicate = true> <Delay = 0.00> <CoreInst = "DSP48">   --->   Core 124 'DSP48' <Latency = 3> <II = 1> <Delay = 0.53> <IPBlock> <Opcode : 'add' 'sub' 'mul' 'select'> <InPorts = 0> <OutPorts = 1> <Sync> <CReg>
ST_7 : Operation 96 [1/1] (0.00ns) (grouped into LUT with out node empty_198)   --->   "%select_ln199_2 = select i1 %icmp_ln202, i16 0, i16 %s_load" [D:/PhamDuyHoang_LuongVanDai_DA2/CNN_nopad/Conv.cpp:199->D:/PhamDuyHoang_LuongVanDai_DA2/CNN_nopad/CNN.cpp:49]   --->   Operation 96 'select' 'select_ln199_2' <Predicate = (!and_ln199)> <Delay = 0.00> <CoreInst = "Sel">   --->   Core 73 'Sel' <Latency = 0> <II = 1> <Delay = 0.35> <FuncUnit> <Opcode : 'select'> <InPorts = 3> <OutPorts = 1>
ST_7 : Operation 97 [1/1] (0.35ns) (out node of the LUT)   --->   "%empty_198 = select i1 %and_ln199, i16 %s_load, i16 %select_ln199_2" [D:/PhamDuyHoang_LuongVanDai_DA2/CNN_nopad/Conv.cpp:199->D:/PhamDuyHoang_LuongVanDai_DA2/CNN_nopad/CNN.cpp:49]   --->   Operation 97 'select' 'empty_198' <Predicate = true> <Delay = 0.35> <CoreInst = "Sel">   --->   Core 73 'Sel' <Latency = 0> <II = 1> <Delay = 0.35> <FuncUnit> <Opcode : 'select'> <InPorts = 3> <OutPorts = 1>
ST_7 : Operation 98 [1/1] (0.00ns)   --->   "%shl_ln7 = bitconcatenate i24 @_ssdm_op_BitConcatenate.i24.i16.i8, i16 %empty_198, i8 0" [D:/PhamDuyHoang_LuongVanDai_DA2/CNN_nopad/Conv.cpp:205->D:/PhamDuyHoang_LuongVanDai_DA2/CNN_nopad/CNN.cpp:49]   --->   Operation 98 'bitconcatenate' 'shl_ln7' <Predicate = true> <Delay = 0.00>
ST_7 : Operation 99 [2/2] (0.64ns) (root node of the DSP)   --->   "%add_ln205_4 = add i24 %shl_ln7, i24 %mul_ln205" [D:/PhamDuyHoang_LuongVanDai_DA2/CNN_nopad/Conv.cpp:205->D:/PhamDuyHoang_LuongVanDai_DA2/CNN_nopad/CNN.cpp:49]   --->   Operation 99 'add' 'add_ln205_4' <Predicate = true> <Delay = 0.64> <CoreInst = "DSP48">   --->   Core 124 'DSP48' <Latency = 3> <II = 1> <Delay = 0.53> <IPBlock> <Opcode : 'add' 'sub' 'mul' 'select'> <InPorts = 0> <OutPorts = 1> <Sync> <CReg>
ST_7 : Operation 118 [1/1] (0.42ns)   --->   "%ret_ln0 = ret"   --->   Operation 118 'ret' 'ret_ln0' <Predicate = (icmp_ln199)> <Delay = 0.42>

State 8 <SV = 7> <Delay = 3.09>
ST_8 : Operation 100 [1/1] (0.00ns)   --->   "%specloopname_ln0 = specloopname void @_ssdm_op_SpecLoopName, void @loop_for_ap_7_loop_for_fc_7_loop_for_fa_7_str"   --->   Operation 100 'specloopname' 'specloopname_ln0' <Predicate = true> <Delay = 0.00>
ST_8 : Operation 101 [1/1] (0.00ns)   --->   "%speclooptripcount_ln0 = speclooptripcount void @_ssdm_op_SpecLoopTripCount, i64 6400, i64 6400, i64 6400"   --->   Operation 101 'speclooptripcount' 'speclooptripcount_ln0' <Predicate = true> <Delay = 0.00>
ST_8 : Operation 102 [1/1] (0.00ns)   --->   "%zext_ln199 = zext i6 %select_ln199_1" [D:/PhamDuyHoang_LuongVanDai_DA2/CNN_nopad/Conv.cpp:199->D:/PhamDuyHoang_LuongVanDai_DA2/CNN_nopad/CNN.cpp:49]   --->   Operation 102 'zext' 'zext_ln199' <Predicate = true> <Delay = 0.00>
ST_8 : Operation 103 [1/1] (0.00ns)   --->   "%specpipeline_ln200 = specpipeline void @_ssdm_op_SpecPipeline, i32 4294967295, i32 0, i32 0, i32 0, void @empty_12" [D:/PhamDuyHoang_LuongVanDai_DA2/CNN_nopad/Conv.cpp:200->D:/PhamDuyHoang_LuongVanDai_DA2/CNN_nopad/CNN.cpp:49]   --->   Operation 103 'specpipeline' 'specpipeline_ln200' <Predicate = true> <Delay = 0.00>
ST_8 : Operation 104 [1/2] (0.64ns) (root node of the DSP)   --->   "%add_ln205_4 = add i24 %shl_ln7, i24 %mul_ln205" [D:/PhamDuyHoang_LuongVanDai_DA2/CNN_nopad/Conv.cpp:205->D:/PhamDuyHoang_LuongVanDai_DA2/CNN_nopad/CNN.cpp:49]   --->   Operation 104 'add' 'add_ln205_4' <Predicate = true> <Delay = 0.64> <CoreInst = "DSP48">   --->   Core 124 'DSP48' <Latency = 3> <II = 1> <Delay = 0.53> <IPBlock> <Opcode : 'add' 'sub' 'mul' 'select'> <InPorts = 0> <OutPorts = 1> <Sync> <CReg>
ST_8 : Operation 105 [1/1] (0.00ns)   --->   "%s_1 = partselect i16 @_ssdm_op_PartSelect.i16.i24.i32.i32, i24 %add_ln205_4, i32 8, i32 23" [D:/PhamDuyHoang_LuongVanDai_DA2/CNN_nopad/Conv.cpp:205->D:/PhamDuyHoang_LuongVanDai_DA2/CNN_nopad/CNN.cpp:49]   --->   Operation 105 'partselect' 's_1' <Predicate = true> <Delay = 0.00>
ST_8 : Operation 106 [1/1] (0.00ns)   --->   "%sext_ln207 = sext i16 %s_1" [D:/PhamDuyHoang_LuongVanDai_DA2/CNN_nopad/Conv.cpp:207->D:/PhamDuyHoang_LuongVanDai_DA2/CNN_nopad/CNN.cpp:49]   --->   Operation 106 'sext' 'sext_ln207' <Predicate = true> <Delay = 0.00>
ST_8 : Operation 107 [1/1] (0.85ns)   --->   "%add_ln207 = add i17 %sext_ln207, i17 %conv_i_i16_i86_i437_cast" [D:/PhamDuyHoang_LuongVanDai_DA2/CNN_nopad/Conv.cpp:207->D:/PhamDuyHoang_LuongVanDai_DA2/CNN_nopad/CNN.cpp:49]   --->   Operation 107 'add' 'add_ln207' <Predicate = true> <Delay = 0.85> <CoreInst = "Adder">   --->   Core 1 'Adder' <Latency = 0> <II = 1> <Delay = 0.85> <FuncUnit> <Opcode : 'add' 'sub'> <InPorts = 2> <OutPorts = 1>
ST_8 : Operation 108 [1/1] (0.00ns)   --->   "%tmp_7 = bitselect i1 @_ssdm_op_BitSelect.i1.i17.i32, i17 %add_ln207, i32 16" [D:/PhamDuyHoang_LuongVanDai_DA2/CNN_nopad/Conv.cpp:207->D:/PhamDuyHoang_LuongVanDai_DA2/CNN_nopad/CNN.cpp:49]   --->   Operation 108 'bitselect' 'tmp_7' <Predicate = true> <Delay = 0.00>
ST_8 : Operation 109 [1/1] (0.79ns)   --->   "%add_ln207_1 = add i11 %zext_ln199, i11 %mul_ln199_read" [D:/PhamDuyHoang_LuongVanDai_DA2/CNN_nopad/Conv.cpp:207->D:/PhamDuyHoang_LuongVanDai_DA2/CNN_nopad/CNN.cpp:49]   --->   Operation 109 'add' 'add_ln207_1' <Predicate = true> <Delay = 0.79> <CoreInst = "Adder">   --->   Core 1 'Adder' <Latency = 0> <II = 1> <Delay = 0.79> <FuncUnit> <Opcode : 'add' 'sub'> <InPorts = 2> <OutPorts = 1>
ST_8 : Operation 110 [1/1] (0.00ns)   --->   "%zext_ln207 = zext i11 %add_ln207_1" [D:/PhamDuyHoang_LuongVanDai_DA2/CNN_nopad/Conv.cpp:207->D:/PhamDuyHoang_LuongVanDai_DA2/CNN_nopad/CNN.cpp:49]   --->   Operation 110 'zext' 'zext_ln207' <Predicate = true> <Delay = 0.00>
ST_8 : Operation 111 [1/1] (0.00ns)   --->   "%OutConv7_addr = getelementptr i16 %OutConv7, i64 0, i64 %zext_ln207" [D:/PhamDuyHoang_LuongVanDai_DA2/CNN_nopad/Conv.cpp:207->D:/PhamDuyHoang_LuongVanDai_DA2/CNN_nopad/CNN.cpp:49]   --->   Operation 111 'getelementptr' 'OutConv7_addr' <Predicate = true> <Delay = 0.00>
ST_8 : Operation 112 [1/1] (0.85ns)   --->   "%add_ln207_2 = add i16 %Weights_load_133_read, i16 %s_1" [D:/PhamDuyHoang_LuongVanDai_DA2/CNN_nopad/Conv.cpp:207->D:/PhamDuyHoang_LuongVanDai_DA2/CNN_nopad/CNN.cpp:49]   --->   Operation 112 'add' 'add_ln207_2' <Predicate = true> <Delay = 0.85> <CoreInst = "Adder">   --->   Core 1 'Adder' <Latency = 0> <II = 1> <Delay = 0.85> <FuncUnit> <Opcode : 'add' 'sub'> <InPorts = 2> <OutPorts = 1>
ST_8 : Operation 113 [1/1] (0.35ns)   --->   "%select_ln207 = select i1 %tmp_7, i16 0, i16 %add_ln207_2" [D:/PhamDuyHoang_LuongVanDai_DA2/CNN_nopad/Conv.cpp:207->D:/PhamDuyHoang_LuongVanDai_DA2/CNN_nopad/CNN.cpp:49]   --->   Operation 113 'select' 'select_ln207' <Predicate = true> <Delay = 0.35> <CoreInst = "Sel">   --->   Core 73 'Sel' <Latency = 0> <II = 1> <Delay = 0.35> <FuncUnit> <Opcode : 'select'> <InPorts = 3> <OutPorts = 1>
ST_8 : Operation 114 [1/1] ( I:1.23ns O:1.23ns )   --->   "%store_ln207 = store i16 %select_ln207, i11 %OutConv7_addr" [D:/PhamDuyHoang_LuongVanDai_DA2/CNN_nopad/Conv.cpp:207->D:/PhamDuyHoang_LuongVanDai_DA2/CNN_nopad/CNN.cpp:49]   --->   Operation 114 'store' 'store_ln207' <Predicate = (icmp_ln204_1 & icmp_ln202_1)> <Delay = 1.23> <CoreInst = "RAM">   --->   Core 82 'RAM' <Latency = 1> <II = 1> <Delay = 1.23> <Storage> <Opcode : 'load' 'store'> <Ports = 2> <Width = 16> <Depth = 1280> <RAM>
ST_8 : Operation 115 [1/1] (0.00ns)   --->   "%br_ln204 = br void %new.latch.for.inc23.i460" [D:/PhamDuyHoang_LuongVanDai_DA2/CNN_nopad/Conv.cpp:204->D:/PhamDuyHoang_LuongVanDai_DA2/CNN_nopad/CNN.cpp:49]   --->   Operation 115 'br' 'br_ln204' <Predicate = (icmp_ln204_1 & icmp_ln202_1)> <Delay = 0.00>
ST_8 : Operation 116 [1/1] (0.42ns)   --->   "%store_ln200 = store i16 %s_1, i16 %s" [D:/PhamDuyHoang_LuongVanDai_DA2/CNN_nopad/Conv.cpp:200->D:/PhamDuyHoang_LuongVanDai_DA2/CNN_nopad/CNN.cpp:49]   --->   Operation 116 'store' 'store_ln200' <Predicate = true> <Delay = 0.42>
ST_8 : Operation 117 [1/1] (0.00ns)   --->   "%br_ln204 = br void %for.body12.i457" [D:/PhamDuyHoang_LuongVanDai_DA2/CNN_nopad/Conv.cpp:204->D:/PhamDuyHoang_LuongVanDai_DA2/CNN_nopad/CNN.cpp:49]   --->   Operation 117 'br' 'br_ln204' <Predicate = true> <Delay = 0.00>


============================================================
+ Verbose Summary: Timing violations
============================================================
Target clock period: 10.000ns, clock uncertainty: 2.700ns.

 <State 1>: 3.748ns
The critical path consists of the following:
	'store' operation 0 bit ('store_ln0') of constant 0 on local variable 'indvar_flatten154' [22]  (0.427 ns)
	'load' operation 9 bit ('indvar_flatten154_load', D:/PhamDuyHoang_LuongVanDai_DA2/CNN_nopad/Conv.cpp:202->D:/PhamDuyHoang_LuongVanDai_DA2/CNN_nopad/CNN.cpp:49) on local variable 'indvar_flatten154' [28]  (0.000 ns)
	'icmp' operation 1 bit ('icmp_ln202', D:/PhamDuyHoang_LuongVanDai_DA2/CNN_nopad/Conv.cpp:202->D:/PhamDuyHoang_LuongVanDai_DA2/CNN_nopad/CNN.cpp:49) [40]  (0.776 ns)
	'select' operation 6 bit ('select_ln199', D:/PhamDuyHoang_LuongVanDai_DA2/CNN_nopad/Conv.cpp:199->D:/PhamDuyHoang_LuongVanDai_DA2/CNN_nopad/CNN.cpp:49) [41]  (0.384 ns)
	'add' operation 6 bit ('add_ln202', D:/PhamDuyHoang_LuongVanDai_DA2/CNN_nopad/Conv.cpp:202->D:/PhamDuyHoang_LuongVanDai_DA2/CNN_nopad/CNN.cpp:49) [47]  (0.781 ns)
	'select' operation 6 bit ('select_ln202', D:/PhamDuyHoang_LuongVanDai_DA2/CNN_nopad/Conv.cpp:202->D:/PhamDuyHoang_LuongVanDai_DA2/CNN_nopad/CNN.cpp:49) [50]  (0.384 ns)
	'mul' operation 11 bit of DSP[64] ('mul_ln204', D:/PhamDuyHoang_LuongVanDai_DA2/CNN_nopad/Conv.cpp:204->D:/PhamDuyHoang_LuongVanDai_DA2/CNN_nopad/CNN.cpp:49) [58]  (0.996 ns)

 <State 2>: 0.996ns
The critical path consists of the following:
	'mul' operation 11 bit of DSP[64] ('mul_ln204', D:/PhamDuyHoang_LuongVanDai_DA2/CNN_nopad/Conv.cpp:204->D:/PhamDuyHoang_LuongVanDai_DA2/CNN_nopad/CNN.cpp:49) [58]  (0.996 ns)

 <State 3>: 2.591ns
The critical path consists of the following:
	'load' operation 6 bit ('y_load', D:/PhamDuyHoang_LuongVanDai_DA2/CNN_nopad/Conv.cpp:199->D:/PhamDuyHoang_LuongVanDai_DA2/CNN_nopad/CNN.cpp:49) on local variable 'y', D:/PhamDuyHoang_LuongVanDai_DA2/CNN_nopad/Conv.cpp:199->D:/PhamDuyHoang_LuongVanDai_DA2/CNN_nopad/CNN.cpp:49 [37]  (0.000 ns)
	'add' operation 6 bit ('add_ln199_1', D:/PhamDuyHoang_LuongVanDai_DA2/CNN_nopad/Conv.cpp:199->D:/PhamDuyHoang_LuongVanDai_DA2/CNN_nopad/CNN.cpp:49) [45]  (0.781 ns)
	'select' operation 6 bit ('select_ln199_1', D:/PhamDuyHoang_LuongVanDai_DA2/CNN_nopad/Conv.cpp:199->D:/PhamDuyHoang_LuongVanDai_DA2/CNN_nopad/CNN.cpp:49) [46]  (0.384 ns)
	'add' operation 6 bit ('add_ln205', D:/PhamDuyHoang_LuongVanDai_DA2/CNN_nopad/Conv.cpp:205->D:/PhamDuyHoang_LuongVanDai_DA2/CNN_nopad/CNN.cpp:49) [62]  (0.781 ns)
	'add' operation 11 bit of DSP[64] ('add_ln205_1', D:/PhamDuyHoang_LuongVanDai_DA2/CNN_nopad/Conv.cpp:205->D:/PhamDuyHoang_LuongVanDai_DA2/CNN_nopad/CNN.cpp:49) [64]  (0.645 ns)

 <State 4>: 3.642ns
The critical path consists of the following:
	'add' operation 9 bit ('empty_197', D:/PhamDuyHoang_LuongVanDai_DA2/CNN_nopad/Conv.cpp:202->D:/PhamDuyHoang_LuongVanDai_DA2/CNN_nopad/CNN.cpp:49) [56]  (0.765 ns)
	'add' operation 13 bit ('add_ln205_2', D:/PhamDuyHoang_LuongVanDai_DA2/CNN_nopad/Conv.cpp:205->D:/PhamDuyHoang_LuongVanDai_DA2/CNN_nopad/CNN.cpp:49) [66]  (0.820 ns)
	'add' operation 14 bit ('add_ln205_3', D:/PhamDuyHoang_LuongVanDai_DA2/CNN_nopad/Conv.cpp:205->D:/PhamDuyHoang_LuongVanDai_DA2/CNN_nopad/CNN.cpp:49) [70]  (0.820 ns)
	'getelementptr' operation 14 bit ('Weights_addr', D:/PhamDuyHoang_LuongVanDai_DA2/CNN_nopad/Conv.cpp:205->D:/PhamDuyHoang_LuongVanDai_DA2/CNN_nopad/CNN.cpp:49) [72]  (0.000 ns)
	'load' operation 16 bit ('Weights_load', D:/PhamDuyHoang_LuongVanDai_DA2/CNN_nopad/Conv.cpp:205->D:/PhamDuyHoang_LuongVanDai_DA2/CNN_nopad/CNN.cpp:49) on array 'Weights' [73]  (1.237 ns)

 <State 5>: 2.233ns
The critical path consists of the following:
	'load' operation 16 bit ('Weights_load', D:/PhamDuyHoang_LuongVanDai_DA2/CNN_nopad/Conv.cpp:205->D:/PhamDuyHoang_LuongVanDai_DA2/CNN_nopad/CNN.cpp:49) on array 'Weights' [73]  (1.237 ns)
	'mul' operation 24 bit of DSP[82] ('mul_ln205', D:/PhamDuyHoang_LuongVanDai_DA2/CNN_nopad/Conv.cpp:205->D:/PhamDuyHoang_LuongVanDai_DA2/CNN_nopad/CNN.cpp:49) [78]  (0.996 ns)

 <State 6>: 0.996ns
The critical path consists of the following:
	'mul' operation 24 bit of DSP[82] ('mul_ln205', D:/PhamDuyHoang_LuongVanDai_DA2/CNN_nopad/Conv.cpp:205->D:/PhamDuyHoang_LuongVanDai_DA2/CNN_nopad/CNN.cpp:49) [78]  (0.996 ns)

 <State 7>: 1.002ns
The critical path consists of the following:
	'load' operation 16 bit ('s_load') on local variable 's', D:/PhamDuyHoang_LuongVanDai_DA2/CNN_nopad/Conv.cpp:200->D:/PhamDuyHoang_LuongVanDai_DA2/CNN_nopad/CNN.cpp:49 [34]  (0.000 ns)
	'select' operation 16 bit ('empty_198', D:/PhamDuyHoang_LuongVanDai_DA2/CNN_nopad/Conv.cpp:199->D:/PhamDuyHoang_LuongVanDai_DA2/CNN_nopad/CNN.cpp:49) [80]  (0.357 ns)
	'add' operation 24 bit of DSP[82] ('add_ln205_4', D:/PhamDuyHoang_LuongVanDai_DA2/CNN_nopad/Conv.cpp:205->D:/PhamDuyHoang_LuongVanDai_DA2/CNN_nopad/CNN.cpp:49) [82]  (0.645 ns)

 <State 8>: 3.092ns
The critical path consists of the following:
	'add' operation 24 bit of DSP[82] ('add_ln205_4', D:/PhamDuyHoang_LuongVanDai_DA2/CNN_nopad/Conv.cpp:205->D:/PhamDuyHoang_LuongVanDai_DA2/CNN_nopad/CNN.cpp:49) [82]  (0.645 ns)
	'add' operation 17 bit ('add_ln207', D:/PhamDuyHoang_LuongVanDai_DA2/CNN_nopad/Conv.cpp:207->D:/PhamDuyHoang_LuongVanDai_DA2/CNN_nopad/CNN.cpp:49) [88]  (0.853 ns)
	'select' operation 16 bit ('select_ln207', D:/PhamDuyHoang_LuongVanDai_DA2/CNN_nopad/Conv.cpp:207->D:/PhamDuyHoang_LuongVanDai_DA2/CNN_nopad/CNN.cpp:49) [94]  (0.357 ns)
	'store' operation 0 bit ('store_ln207', D:/PhamDuyHoang_LuongVanDai_DA2/CNN_nopad/Conv.cpp:207->D:/PhamDuyHoang_LuongVanDai_DA2/CNN_nopad/CNN.cpp:49) of variable 'select_ln207', D:/PhamDuyHoang_LuongVanDai_DA2/CNN_nopad/Conv.cpp:207->D:/PhamDuyHoang_LuongVanDai_DA2/CNN_nopad/CNN.cpp:49 on array 'OutConv7' [99]  (1.237 ns)


============================================================
+ Verbose Summary: Binding
============================================================
N/A
* FSMD analyzer results:
  - Output states:
 - Input state : 
  - Chain level:
	State 1
	State 2
	State 3
	State 4
	State 5
	State 6
	State 7
	State 8


============================================================
+ Verbose Summary: Datapath Resource usage 
============================================================
N/A
