

================================================================
== Vitis HLS Report for 'CNN_Pipeline_loop_for_channel_pool_0_loop_for_weight_pool_0'
================================================================
* Date:           Mon Jul 14 02:16:02 2025

* Version:        2025.1 (Build 6135595 on May 21 2025)
* Project:        CNN_HLS
* Solution:       hls (Vivado IP Flow Target)
* Product family: zynquplus
* Target device:  xck26-sfvc784-2LV-c


================================================================
== Performance Estimates
================================================================
+ Timing: 
    * Summary: 
    +--------+----------+----------+------------+
    |  Clock |  Target  | Estimated| Uncertainty|
    +--------+----------+----------+------------+
    |ap_clk  |  10.00 ns|  4.894 ns|     2.70 ns|
    +--------+----------+----------+------------+

+ Latency: 
    * Summary: 
    +---------+---------+----------+----------+-----+-----+------------------------------------------------+
    |  Latency (cycles) |  Latency (absolute) |  Interval |                    Pipeline                    |
    |   min   |   max   |    min   |    max   | min | max |                      Type                      |
    +---------+---------+----------+----------+-----+-----+------------------------------------------------+
    |      642|      642|  6.420 us|  6.420 us|  641|  641|  loop auto-rewind stp (delay=0 clock cycles(s))|
    +---------+---------+----------+----------+-----+-----+------------------------------------------------+

    + Detail: 
        * Instance: 
        N/A

        * Loop: 
        +--------------------------------------------------+---------+---------+----------+-----------+-----------+------+----------+
        |                                                  |  Latency (cycles) | Iteration|  Initiation Interval  | Trip |          |
        |                     Loop Name                    |   min   |   max   |  Latency |  achieved |   target  | Count| Pipelined|
        +--------------------------------------------------+---------+---------+----------+-----------+-----------+------+----------+
        |- loop_for_channel_pool_0_loop_for_weight_pool_0  |      640|      640|         2|          1|          1|   640|       yes|
        +--------------------------------------------------+---------+---------+----------+-----------+-----------+------+----------+

============================================================
+ Verbose Summary: Synthesis Manager
============================================================
InlineROM: 1
ExposeGlobal: 0
============================================================
+ Verbose Summary: CDFG Model
============================================================
IsTopModel: 0
ResetActiveHigh: 1
IsCombinational: 0
IsDatapathOnly: 0
HasWiredReturn: 1
HasMFsm: 2
HasVarLatency: 1
IsPipeline: 0
IsRtlPipelined: 0
IsInstanceOverlapped: 0
IsDontTouch: 0
HasImplIP: 0
IsGatedGlobalClock: 0

+ Individual pipeline summary: 
  * Pipeline-0: initiation interval (II) = 1, depth = 2


============================================================
+ Verbose Summary: Schedule
============================================================
* Number of FSM states : 2
* Pipeline : 1
  Pipeline-0 : II = 1, D = 2, States = { 1 2 }
* Dataflow Pipeline: 0

* FSM state transitions: 
1 --> 2 
2 --> 

* FSM state operations: 

State 1 <SV = 0> <Delay = 4.21>
ST_1 : Operation 5 [1/1] (0.00ns)   --->   "%y = alloca i32 1" [D:/PhamDuyHoang_LuongVanDai_DA2/CNN_nopad/Pool.cpp:11->D:/PhamDuyHoang_LuongVanDai_DA2/CNN_nopad/CNN.cpp:35]   --->   Operation 5 'alloca' 'y' <Predicate = true> <Delay = 0.00>
ST_1 : Operation 6 [1/1] (0.00ns)   --->   "%z = alloca i32 1" [D:/PhamDuyHoang_LuongVanDai_DA2/CNN_nopad/Pool.cpp:8->D:/PhamDuyHoang_LuongVanDai_DA2/CNN_nopad/CNN.cpp:35]   --->   Operation 6 'alloca' 'z' <Predicate = true> <Delay = 0.00>
ST_1 : Operation 7 [1/1] (0.00ns)   --->   "%indvar_flatten16 = alloca i32 1"   --->   Operation 7 'alloca' 'indvar_flatten16' <Predicate = true> <Delay = 0.00>
ST_1 : Operation 8 [1/1] (0.42ns)   --->   "%store_ln0 = store i10 0, i10 %indvar_flatten16"   --->   Operation 8 'store' 'store_ln0' <Predicate = true> <Delay = 0.42>
ST_1 : Operation 9 [1/1] (0.42ns)   --->   "%store_ln8 = store i3 0, i3 %z" [D:/PhamDuyHoang_LuongVanDai_DA2/CNN_nopad/Pool.cpp:8->D:/PhamDuyHoang_LuongVanDai_DA2/CNN_nopad/CNN.cpp:35]   --->   Operation 9 'store' 'store_ln8' <Predicate = true> <Delay = 0.42>
ST_1 : Operation 10 [1/1] (0.42ns)   --->   "%store_ln11 = store i8 0, i8 %y" [D:/PhamDuyHoang_LuongVanDai_DA2/CNN_nopad/Pool.cpp:11->D:/PhamDuyHoang_LuongVanDai_DA2/CNN_nopad/CNN.cpp:35]   --->   Operation 10 'store' 'store_ln11' <Predicate = true> <Delay = 0.42>
ST_1 : Operation 11 [1/1] (0.00ns)   --->   "%br_ln0 = br void %if.end.i.i.i.i"   --->   Operation 11 'br' 'br_ln0' <Predicate = true> <Delay = 0.00>
ST_1 : Operation 12 [1/1] (0.00ns)   --->   "%indvar_flatten16_load = load i10 %indvar_flatten16" [D:/PhamDuyHoang_LuongVanDai_DA2/CNN_nopad/Pool.cpp:8->D:/PhamDuyHoang_LuongVanDai_DA2/CNN_nopad/CNN.cpp:35]   --->   Operation 12 'load' 'indvar_flatten16_load' <Predicate = true> <Delay = 0.00>
ST_1 : Operation 13 [1/1] (0.78ns)   --->   "%icmp_ln8 = icmp_eq  i10 %indvar_flatten16_load, i10 640" [D:/PhamDuyHoang_LuongVanDai_DA2/CNN_nopad/Pool.cpp:8->D:/PhamDuyHoang_LuongVanDai_DA2/CNN_nopad/CNN.cpp:35]   --->   Operation 13 'icmp' 'icmp_ln8' <Predicate = true> <Delay = 0.78> <CoreInst = "Cmp">   --->   Core 9 'Cmp' <Latency = 0> <II = 1> <Delay = 0.78> <FuncUnit> <Opcode : 'seteq' 'setne' 'setle' 'setge' 'setlt' 'setgt'> <InPorts = 2> <OutPorts = 1>
ST_1 : Operation 14 [1/1] (0.78ns)   --->   "%add_ln8 = add i10 %indvar_flatten16_load, i10 1" [D:/PhamDuyHoang_LuongVanDai_DA2/CNN_nopad/Pool.cpp:8->D:/PhamDuyHoang_LuongVanDai_DA2/CNN_nopad/CNN.cpp:35]   --->   Operation 14 'add' 'add_ln8' <Predicate = true> <Delay = 0.78> <CoreInst = "Adder">   --->   Core 1 'Adder' <Latency = 0> <II = 1> <Delay = 0.78> <FuncUnit> <Opcode : 'add' 'sub'> <InPorts = 2> <OutPorts = 1>
ST_1 : Operation 15 [1/1] (0.00ns)   --->   "%br_ln8 = br i1 %icmp_ln8, void %for.inc19.i, void %for.body4.i65.preheader.exitStub" [D:/PhamDuyHoang_LuongVanDai_DA2/CNN_nopad/Pool.cpp:8->D:/PhamDuyHoang_LuongVanDai_DA2/CNN_nopad/CNN.cpp:35]   --->   Operation 15 'br' 'br_ln8' <Predicate = true> <Delay = 0.00>
ST_1 : Operation 16 [1/1] (0.00ns)   --->   "%y_load = load i8 %y" [D:/PhamDuyHoang_LuongVanDai_DA2/CNN_nopad/Pool.cpp:11->D:/PhamDuyHoang_LuongVanDai_DA2/CNN_nopad/CNN.cpp:35]   --->   Operation 16 'load' 'y_load' <Predicate = (!icmp_ln8)> <Delay = 0.00>
ST_1 : Operation 17 [1/1] (0.00ns)   --->   "%z_load = load i3 %z" [D:/PhamDuyHoang_LuongVanDai_DA2/CNN_nopad/Pool.cpp:8->D:/PhamDuyHoang_LuongVanDai_DA2/CNN_nopad/CNN.cpp:35]   --->   Operation 17 'load' 'z_load' <Predicate = (!icmp_ln8)> <Delay = 0.00>
ST_1 : Operation 18 [1/1] (0.76ns)   --->   "%icmp_ln11 = icmp_eq  i8 %y_load, i8 160" [D:/PhamDuyHoang_LuongVanDai_DA2/CNN_nopad/Pool.cpp:11->D:/PhamDuyHoang_LuongVanDai_DA2/CNN_nopad/CNN.cpp:35]   --->   Operation 18 'icmp' 'icmp_ln11' <Predicate = (!icmp_ln8)> <Delay = 0.76> <CoreInst = "Cmp">   --->   Core 9 'Cmp' <Latency = 0> <II = 1> <Delay = 0.76> <FuncUnit> <Opcode : 'seteq' 'setne' 'setle' 'setge' 'setlt' 'setgt'> <InPorts = 2> <OutPorts = 1>
ST_1 : Operation 19 [1/1] (0.39ns)   --->   "%select_ln8 = select i1 %icmp_ln11, i8 0, i8 %y_load" [D:/PhamDuyHoang_LuongVanDai_DA2/CNN_nopad/Pool.cpp:8->D:/PhamDuyHoang_LuongVanDai_DA2/CNN_nopad/CNN.cpp:35]   --->   Operation 19 'select' 'select_ln8' <Predicate = (!icmp_ln8)> <Delay = 0.39> <CoreInst = "Sel">   --->   Core 73 'Sel' <Latency = 0> <II = 1> <Delay = 0.39> <FuncUnit> <Opcode : 'select'> <InPorts = 3> <OutPorts = 1>
ST_1 : Operation 20 [1/1] (0.67ns)   --->   "%add_ln8_1 = add i3 %z_load, i3 1" [D:/PhamDuyHoang_LuongVanDai_DA2/CNN_nopad/Pool.cpp:8->D:/PhamDuyHoang_LuongVanDai_DA2/CNN_nopad/CNN.cpp:35]   --->   Operation 20 'add' 'add_ln8_1' <Predicate = (!icmp_ln8)> <Delay = 0.67> <CoreInst = "Adder">   --->   Core 1 'Adder' <Latency = 0> <II = 1> <Delay = 0.67> <FuncUnit> <Opcode : 'add' 'sub'> <InPorts = 2> <OutPorts = 1>
ST_1 : Operation 21 [1/1] (0.20ns)   --->   "%select_ln8_1 = select i1 %icmp_ln11, i3 %add_ln8_1, i3 %z_load" [D:/PhamDuyHoang_LuongVanDai_DA2/CNN_nopad/Pool.cpp:8->D:/PhamDuyHoang_LuongVanDai_DA2/CNN_nopad/CNN.cpp:35]   --->   Operation 21 'select' 'select_ln8_1' <Predicate = (!icmp_ln8)> <Delay = 0.20> <CoreInst = "Sel">   --->   Core 73 'Sel' <Latency = 0> <II = 1> <Delay = 0.20> <FuncUnit> <Opcode : 'select'> <InPorts = 3> <OutPorts = 1>
ST_1 : Operation 22 [1/1] (0.00ns)   --->   "%empty = trunc i3 %select_ln8_1" [D:/PhamDuyHoang_LuongVanDai_DA2/CNN_nopad/Pool.cpp:8->D:/PhamDuyHoang_LuongVanDai_DA2/CNN_nopad/CNN.cpp:35]   --->   Operation 22 'trunc' 'empty' <Predicate = (!icmp_ln8)> <Delay = 0.00>
ST_1 : Operation 23 [1/1] (0.00ns)   --->   "%p_shl2 = bitconcatenate i10 @_ssdm_op_BitConcatenate.i10.i2.i8, i2 %empty, i8 0" [D:/PhamDuyHoang_LuongVanDai_DA2/CNN_nopad/Pool.cpp:8->D:/PhamDuyHoang_LuongVanDai_DA2/CNN_nopad/CNN.cpp:35]   --->   Operation 23 'bitconcatenate' 'p_shl2' <Predicate = (!icmp_ln8)> <Delay = 0.00>
ST_1 : Operation 24 [1/1] (0.00ns)   --->   "%tmp = bitconcatenate i9 @_ssdm_op_BitConcatenate.i9.i3.i6, i3 %select_ln8_1, i6 0" [D:/PhamDuyHoang_LuongVanDai_DA2/CNN_nopad/Pool.cpp:8->D:/PhamDuyHoang_LuongVanDai_DA2/CNN_nopad/CNN.cpp:35]   --->   Operation 24 'bitconcatenate' 'tmp' <Predicate = (!icmp_ln8)> <Delay = 0.00>
ST_1 : Operation 25 [1/1] (0.00ns)   --->   "%p_shl3 = zext i9 %tmp" [D:/PhamDuyHoang_LuongVanDai_DA2/CNN_nopad/Pool.cpp:8->D:/PhamDuyHoang_LuongVanDai_DA2/CNN_nopad/CNN.cpp:35]   --->   Operation 25 'zext' 'p_shl3' <Predicate = (!icmp_ln8)> <Delay = 0.00>
ST_1 : Operation 26 [1/1] (0.78ns)   --->   "%empty_195 = add i10 %p_shl2, i10 %p_shl3" [D:/PhamDuyHoang_LuongVanDai_DA2/CNN_nopad/Pool.cpp:8->D:/PhamDuyHoang_LuongVanDai_DA2/CNN_nopad/CNN.cpp:35]   --->   Operation 26 'add' 'empty_195' <Predicate = (!icmp_ln8)> <Delay = 0.78> <CoreInst = "Adder">   --->   Core 1 'Adder' <Latency = 0> <II = 1> <Delay = 0.78> <FuncUnit> <Opcode : 'add' 'sub'> <InPorts = 2> <OutPorts = 1>
ST_1 : Operation 27 [1/1] (0.00ns)   --->   "%p_cast52_cast = zext i10 %empty_195" [D:/PhamDuyHoang_LuongVanDai_DA2/CNN_nopad/Pool.cpp:8->D:/PhamDuyHoang_LuongVanDai_DA2/CNN_nopad/CNN.cpp:35]   --->   Operation 27 'zext' 'p_cast52_cast' <Predicate = (!icmp_ln8)> <Delay = 0.00>
ST_1 : Operation 28 [1/1] (0.00ns)   --->   "%p_shl = bitconcatenate i9 @_ssdm_op_BitConcatenate.i9.i2.i7, i2 %empty, i7 0" [D:/PhamDuyHoang_LuongVanDai_DA2/CNN_nopad/Pool.cpp:8->D:/PhamDuyHoang_LuongVanDai_DA2/CNN_nopad/CNN.cpp:35]   --->   Operation 28 'bitconcatenate' 'p_shl' <Predicate = (!icmp_ln8)> <Delay = 0.00>
ST_1 : Operation 29 [1/1] (0.00ns)   --->   "%tmp_6 = bitconcatenate i8 @_ssdm_op_BitConcatenate.i8.i3.i5, i3 %select_ln8_1, i5 0" [D:/PhamDuyHoang_LuongVanDai_DA2/CNN_nopad/Pool.cpp:8->D:/PhamDuyHoang_LuongVanDai_DA2/CNN_nopad/CNN.cpp:35]   --->   Operation 29 'bitconcatenate' 'tmp_6' <Predicate = (!icmp_ln8)> <Delay = 0.00>
ST_1 : Operation 30 [1/1] (0.00ns)   --->   "%p_shl1 = zext i8 %tmp_6" [D:/PhamDuyHoang_LuongVanDai_DA2/CNN_nopad/Pool.cpp:8->D:/PhamDuyHoang_LuongVanDai_DA2/CNN_nopad/CNN.cpp:35]   --->   Operation 30 'zext' 'p_shl1' <Predicate = (!icmp_ln8)> <Delay = 0.00>
ST_1 : Operation 31 [1/1] (0.77ns)   --->   "%empty_196 = add i9 %p_shl, i9 %p_shl1" [D:/PhamDuyHoang_LuongVanDai_DA2/CNN_nopad/Pool.cpp:8->D:/PhamDuyHoang_LuongVanDai_DA2/CNN_nopad/CNN.cpp:35]   --->   Operation 31 'add' 'empty_196' <Predicate = (!icmp_ln8)> <Delay = 0.77> <CoreInst = "Adder">   --->   Core 1 'Adder' <Latency = 0> <II = 1> <Delay = 0.77> <FuncUnit> <Opcode : 'add' 'sub'> <InPorts = 2> <OutPorts = 1>
ST_1 : Operation 32 [1/1] (0.00ns)   --->   "%p_cast55_cast = zext i9 %empty_196" [D:/PhamDuyHoang_LuongVanDai_DA2/CNN_nopad/Pool.cpp:8->D:/PhamDuyHoang_LuongVanDai_DA2/CNN_nopad/CNN.cpp:35]   --->   Operation 32 'zext' 'p_cast55_cast' <Predicate = (!icmp_ln8)> <Delay = 0.00>
ST_1 : Operation 33 [1/1] (0.00ns)   --->   "%tmp_s = partselect i9 @_ssdm_op_PartSelect.i9.i10.i32.i32, i10 %empty_195, i32 1, i32 9" [D:/PhamDuyHoang_LuongVanDai_DA2/CNN_nopad/Pool.cpp:8->D:/PhamDuyHoang_LuongVanDai_DA2/CNN_nopad/CNN.cpp:35]   --->   Operation 33 'partselect' 'tmp_s' <Predicate = (!icmp_ln8)> <Delay = 0.00>
ST_1 : Operation 34 [1/1] (0.00ns)   --->   "%tmp_8 = bitconcatenate i10 @_ssdm_op_BitConcatenate.i10.i9.i1, i9 %tmp_s, i1 1" [D:/PhamDuyHoang_LuongVanDai_DA2/CNN_nopad/Pool.cpp:8->D:/PhamDuyHoang_LuongVanDai_DA2/CNN_nopad/CNN.cpp:35]   --->   Operation 34 'bitconcatenate' 'tmp_8' <Predicate = (!icmp_ln8)> <Delay = 0.00>
ST_1 : Operation 35 [1/1] (0.00ns)   --->   "%zext_ln11 = zext i10 %tmp_8" [D:/PhamDuyHoang_LuongVanDai_DA2/CNN_nopad/Pool.cpp:11->D:/PhamDuyHoang_LuongVanDai_DA2/CNN_nopad/CNN.cpp:35]   --->   Operation 35 'zext' 'zext_ln11' <Predicate = (!icmp_ln8)> <Delay = 0.00>
ST_1 : Operation 36 [1/1] (0.00ns)   --->   "%zext_ln11_1 = zext i8 %select_ln8" [D:/PhamDuyHoang_LuongVanDai_DA2/CNN_nopad/Pool.cpp:11->D:/PhamDuyHoang_LuongVanDai_DA2/CNN_nopad/CNN.cpp:35]   --->   Operation 36 'zext' 'zext_ln11_1' <Predicate = (!icmp_ln8)> <Delay = 0.00>
ST_1 : Operation 37 [1/1] (0.00ns)   --->   "%tmp_9 = bitconcatenate i9 @_ssdm_op_BitConcatenate.i9.i8.i1, i8 %select_ln8, i1 0" [D:/PhamDuyHoang_LuongVanDai_DA2/CNN_nopad/Pool.cpp:8->D:/PhamDuyHoang_LuongVanDai_DA2/CNN_nopad/CNN.cpp:35]   --->   Operation 37 'bitconcatenate' 'tmp_9' <Predicate = (!icmp_ln8)> <Delay = 0.00>
ST_1 : Operation 38 [1/1] (0.00ns)   --->   "%zext_ln15 = zext i9 %tmp_9" [D:/PhamDuyHoang_LuongVanDai_DA2/CNN_nopad/Pool.cpp:15->D:/PhamDuyHoang_LuongVanDai_DA2/CNN_nopad/CNN.cpp:35]   --->   Operation 38 'zext' 'zext_ln15' <Predicate = (!icmp_ln8)> <Delay = 0.00>
ST_1 : Operation 39 [1/1] (0.78ns)   --->   "%add_ln15 = add i11 %zext_ln15, i11 %p_cast52_cast" [D:/PhamDuyHoang_LuongVanDai_DA2/CNN_nopad/Pool.cpp:15->D:/PhamDuyHoang_LuongVanDai_DA2/CNN_nopad/CNN.cpp:35]   --->   Operation 39 'add' 'add_ln15' <Predicate = (!icmp_ln8)> <Delay = 0.78> <CoreInst = "Adder">   --->   Core 1 'Adder' <Latency = 0> <II = 1> <Delay = 0.78> <FuncUnit> <Opcode : 'add' 'sub'> <InPorts = 2> <OutPorts = 1>
ST_1 : Operation 40 [1/1] (0.00ns)   --->   "%zext_ln16 = zext i11 %add_ln15" [D:/PhamDuyHoang_LuongVanDai_DA2/CNN_nopad/Pool.cpp:16->D:/PhamDuyHoang_LuongVanDai_DA2/CNN_nopad/CNN.cpp:35]   --->   Operation 40 'zext' 'zext_ln16' <Predicate = (!icmp_ln8)> <Delay = 0.00>
ST_1 : Operation 41 [1/1] (0.00ns)   --->   "%OutConv1_addr = getelementptr i16 %OutConv1, i64 0, i64 %zext_ln16" [D:/PhamDuyHoang_LuongVanDai_DA2/CNN_nopad/Pool.cpp:16->D:/PhamDuyHoang_LuongVanDai_DA2/CNN_nopad/CNN.cpp:35]   --->   Operation 41 'getelementptr' 'OutConv1_addr' <Predicate = (!icmp_ln8)> <Delay = 0.00>
ST_1 : Operation 42 [2/2] (1.23ns)   --->   "%pool_value = load i11 %OutConv1_addr" [D:/PhamDuyHoang_LuongVanDai_DA2/CNN_nopad/Pool.cpp:16->D:/PhamDuyHoang_LuongVanDai_DA2/CNN_nopad/CNN.cpp:35]   --->   Operation 42 'load' 'pool_value' <Predicate = (!icmp_ln8)> <Delay = 1.23> <CoreInst = "RAM">   --->   Core 82 'RAM' <Latency = 1> <II = 1> <Delay = 1.23> <Storage> <Opcode : 'load' 'store'> <Ports = 2> <Width = 16> <Depth = 1280> <RAM>
ST_1 : Operation 43 [1/1] (0.78ns)   --->   "%add_ln15_1 = add i11 %zext_ln15, i11 %zext_ln11" [D:/PhamDuyHoang_LuongVanDai_DA2/CNN_nopad/Pool.cpp:15->D:/PhamDuyHoang_LuongVanDai_DA2/CNN_nopad/CNN.cpp:35]   --->   Operation 43 'add' 'add_ln15_1' <Predicate = (!icmp_ln8)> <Delay = 0.78> <CoreInst = "Adder">   --->   Core 1 'Adder' <Latency = 0> <II = 1> <Delay = 0.78> <FuncUnit> <Opcode : 'add' 'sub'> <InPorts = 2> <OutPorts = 1>
ST_1 : Operation 44 [1/1] (0.00ns)   --->   "%zext_ln16_1 = zext i11 %add_ln15_1" [D:/PhamDuyHoang_LuongVanDai_DA2/CNN_nopad/Pool.cpp:16->D:/PhamDuyHoang_LuongVanDai_DA2/CNN_nopad/CNN.cpp:35]   --->   Operation 44 'zext' 'zext_ln16_1' <Predicate = (!icmp_ln8)> <Delay = 0.00>
ST_1 : Operation 45 [1/1] (0.00ns)   --->   "%OutConv1_addr_1 = getelementptr i16 %OutConv1, i64 0, i64 %zext_ln16_1" [D:/PhamDuyHoang_LuongVanDai_DA2/CNN_nopad/Pool.cpp:16->D:/PhamDuyHoang_LuongVanDai_DA2/CNN_nopad/CNN.cpp:35]   --->   Operation 45 'getelementptr' 'OutConv1_addr_1' <Predicate = (!icmp_ln8)> <Delay = 0.00>
ST_1 : Operation 46 [2/2] (1.23ns)   --->   "%pool_value_4 = load i11 %OutConv1_addr_1" [D:/PhamDuyHoang_LuongVanDai_DA2/CNN_nopad/Pool.cpp:16->D:/PhamDuyHoang_LuongVanDai_DA2/CNN_nopad/CNN.cpp:35]   --->   Operation 46 'load' 'pool_value_4' <Predicate = (!icmp_ln8)> <Delay = 1.23> <CoreInst = "RAM">   --->   Core 82 'RAM' <Latency = 1> <II = 1> <Delay = 1.23> <Storage> <Opcode : 'load' 'store'> <Ports = 2> <Width = 16> <Depth = 1280> <RAM>
ST_1 : Operation 47 [1/1] (0.77ns)   --->   "%add_ln19 = add i10 %zext_ln11_1, i10 %p_cast55_cast" [D:/PhamDuyHoang_LuongVanDai_DA2/CNN_nopad/Pool.cpp:19->D:/PhamDuyHoang_LuongVanDai_DA2/CNN_nopad/CNN.cpp:35]   --->   Operation 47 'add' 'add_ln19' <Predicate = (!icmp_ln8)> <Delay = 0.77> <CoreInst = "Adder">   --->   Core 1 'Adder' <Latency = 0> <II = 1> <Delay = 0.77> <FuncUnit> <Opcode : 'add' 'sub'> <InPorts = 2> <OutPorts = 1>
ST_1 : Operation 48 [1/1] (0.76ns)   --->   "%add_ln21 = add i8 %select_ln8, i8 1" [D:/PhamDuyHoang_LuongVanDai_DA2/CNN_nopad/Pool.cpp:21->D:/PhamDuyHoang_LuongVanDai_DA2/CNN_nopad/CNN.cpp:35]   --->   Operation 48 'add' 'add_ln21' <Predicate = (!icmp_ln8)> <Delay = 0.76> <CoreInst = "Adder">   --->   Core 1 'Adder' <Latency = 0> <II = 1> <Delay = 0.76> <FuncUnit> <Opcode : 'add' 'sub'> <InPorts = 2> <OutPorts = 1>
ST_1 : Operation 49 [1/1] (0.42ns)   --->   "%store_ln8 = store i10 %add_ln8, i10 %indvar_flatten16" [D:/PhamDuyHoang_LuongVanDai_DA2/CNN_nopad/Pool.cpp:8->D:/PhamDuyHoang_LuongVanDai_DA2/CNN_nopad/CNN.cpp:35]   --->   Operation 49 'store' 'store_ln8' <Predicate = (!icmp_ln8)> <Delay = 0.42>
ST_1 : Operation 50 [1/1] (0.42ns)   --->   "%store_ln8 = store i3 %select_ln8_1, i3 %z" [D:/PhamDuyHoang_LuongVanDai_DA2/CNN_nopad/Pool.cpp:8->D:/PhamDuyHoang_LuongVanDai_DA2/CNN_nopad/CNN.cpp:35]   --->   Operation 50 'store' 'store_ln8' <Predicate = (!icmp_ln8)> <Delay = 0.42>
ST_1 : Operation 51 [1/1] (0.42ns)   --->   "%store_ln11 = store i8 %add_ln21, i8 %y" [D:/PhamDuyHoang_LuongVanDai_DA2/CNN_nopad/Pool.cpp:11->D:/PhamDuyHoang_LuongVanDai_DA2/CNN_nopad/CNN.cpp:35]   --->   Operation 51 'store' 'store_ln11' <Predicate = (!icmp_ln8)> <Delay = 0.42>
ST_1 : Operation 65 [1/1] (0.42ns)   --->   "%ret_ln0 = ret"   --->   Operation 65 'ret' 'ret_ln0' <Predicate = (icmp_ln8)> <Delay = 0.42>

State 2 <SV = 1> <Delay = 4.89>
ST_2 : Operation 52 [1/1] (0.00ns)   --->   "%specloopname_ln0 = specloopname void @_ssdm_op_SpecLoopName, void @loop_for_channel_pool_0_loop_for_weight_pool_0_str"   --->   Operation 52 'specloopname' 'specloopname_ln0' <Predicate = true> <Delay = 0.00>
ST_2 : Operation 53 [1/1] (0.00ns)   --->   "%speclooptripcount_ln0 = speclooptripcount void @_ssdm_op_SpecLoopTripCount, i64 640, i64 640, i64 640"   --->   Operation 53 'speclooptripcount' 'speclooptripcount_ln0' <Predicate = true> <Delay = 0.00>
ST_2 : Operation 54 [1/1] (0.00ns)   --->   "%specpipeline_ln6 = specpipeline void @_ssdm_op_SpecPipeline, i32 4294967295, i32 0, i32 0, i32 0, void @empty_12" [D:/PhamDuyHoang_LuongVanDai_DA2/CNN_nopad/Pool.cpp:6->D:/PhamDuyHoang_LuongVanDai_DA2/CNN_nopad/CNN.cpp:35]   --->   Operation 54 'specpipeline' 'specpipeline_ln6' <Predicate = true> <Delay = 0.00>
ST_2 : Operation 55 [1/2] ( I:1.23ns O:1.23ns )   --->   "%pool_value = load i11 %OutConv1_addr" [D:/PhamDuyHoang_LuongVanDai_DA2/CNN_nopad/Pool.cpp:16->D:/PhamDuyHoang_LuongVanDai_DA2/CNN_nopad/CNN.cpp:35]   --->   Operation 55 'load' 'pool_value' <Predicate = true> <Delay = 1.23> <CoreInst = "RAM">   --->   Core 82 'RAM' <Latency = 1> <II = 1> <Delay = 1.23> <Storage> <Opcode : 'load' 'store'> <Ports = 2> <Width = 16> <Depth = 1280> <RAM>
ST_2 : Operation 56 [1/1] (0.85ns)   --->   "%icmp_ln17 = icmp_sgt  i16 %pool_value, i16 62976" [D:/PhamDuyHoang_LuongVanDai_DA2/CNN_nopad/Pool.cpp:17->D:/PhamDuyHoang_LuongVanDai_DA2/CNN_nopad/CNN.cpp:35]   --->   Operation 56 'icmp' 'icmp_ln17' <Predicate = true> <Delay = 0.85> <CoreInst = "Cmp">   --->   Core 9 'Cmp' <Latency = 0> <II = 1> <Delay = 0.85> <FuncUnit> <Opcode : 'seteq' 'setne' 'setle' 'setge' 'setlt' 'setgt'> <InPorts = 2> <OutPorts = 1>
ST_2 : Operation 57 [1/1] (0.35ns)   --->   "%max = select i1 %icmp_ln17, i16 %pool_value, i16 62976" [D:/PhamDuyHoang_LuongVanDai_DA2/CNN_nopad/Pool.cpp:17->D:/PhamDuyHoang_LuongVanDai_DA2/CNN_nopad/CNN.cpp:35]   --->   Operation 57 'select' 'max' <Predicate = true> <Delay = 0.35> <CoreInst = "Sel">   --->   Core 73 'Sel' <Latency = 0> <II = 1> <Delay = 0.35> <FuncUnit> <Opcode : 'select'> <InPorts = 3> <OutPorts = 1>
ST_2 : Operation 58 [1/2] ( I:1.23ns O:1.23ns )   --->   "%pool_value_4 = load i11 %OutConv1_addr_1" [D:/PhamDuyHoang_LuongVanDai_DA2/CNN_nopad/Pool.cpp:16->D:/PhamDuyHoang_LuongVanDai_DA2/CNN_nopad/CNN.cpp:35]   --->   Operation 58 'load' 'pool_value_4' <Predicate = true> <Delay = 1.23> <CoreInst = "RAM">   --->   Core 82 'RAM' <Latency = 1> <II = 1> <Delay = 1.23> <Storage> <Opcode : 'load' 'store'> <Ports = 2> <Width = 16> <Depth = 1280> <RAM>
ST_2 : Operation 59 [1/1] (0.85ns)   --->   "%icmp_ln17_1 = icmp_sgt  i16 %pool_value_4, i16 %max" [D:/PhamDuyHoang_LuongVanDai_DA2/CNN_nopad/Pool.cpp:17->D:/PhamDuyHoang_LuongVanDai_DA2/CNN_nopad/CNN.cpp:35]   --->   Operation 59 'icmp' 'icmp_ln17_1' <Predicate = true> <Delay = 0.85> <CoreInst = "Cmp">   --->   Core 9 'Cmp' <Latency = 0> <II = 1> <Delay = 0.85> <FuncUnit> <Opcode : 'seteq' 'setne' 'setle' 'setge' 'setlt' 'setgt'> <InPorts = 2> <OutPorts = 1>
ST_2 : Operation 60 [1/1] (0.35ns)   --->   "%max_4 = select i1 %icmp_ln17_1, i16 %pool_value_4, i16 %max" [D:/PhamDuyHoang_LuongVanDai_DA2/CNN_nopad/Pool.cpp:17->D:/PhamDuyHoang_LuongVanDai_DA2/CNN_nopad/CNN.cpp:35]   --->   Operation 60 'select' 'max_4' <Predicate = true> <Delay = 0.35> <CoreInst = "Sel">   --->   Core 73 'Sel' <Latency = 0> <II = 1> <Delay = 0.35> <FuncUnit> <Opcode : 'select'> <InPorts = 3> <OutPorts = 1>
ST_2 : Operation 61 [1/1] (0.00ns)   --->   "%zext_ln20 = zext i10 %add_ln19" [D:/PhamDuyHoang_LuongVanDai_DA2/CNN_nopad/Pool.cpp:20->D:/PhamDuyHoang_LuongVanDai_DA2/CNN_nopad/CNN.cpp:35]   --->   Operation 61 'zext' 'zext_ln20' <Predicate = true> <Delay = 0.00>
ST_2 : Operation 62 [1/1] (0.00ns)   --->   "%OutPool0_addr = getelementptr i16 %OutPool0, i64 0, i64 %zext_ln20" [D:/PhamDuyHoang_LuongVanDai_DA2/CNN_nopad/Pool.cpp:20->D:/PhamDuyHoang_LuongVanDai_DA2/CNN_nopad/CNN.cpp:35]   --->   Operation 62 'getelementptr' 'OutPool0_addr' <Predicate = true> <Delay = 0.00>
ST_2 : Operation 63 [1/1] ( I:1.23ns O:1.23ns )   --->   "%store_ln20 = store i16 %max_4, i10 %OutPool0_addr" [D:/PhamDuyHoang_LuongVanDai_DA2/CNN_nopad/Pool.cpp:20->D:/PhamDuyHoang_LuongVanDai_DA2/CNN_nopad/CNN.cpp:35]   --->   Operation 63 'store' 'store_ln20' <Predicate = true> <Delay = 1.23> <CoreInst = "RAM">   --->   Core 82 'RAM' <Latency = 1> <II = 1> <Delay = 1.23> <Storage> <Opcode : 'load' 'store'> <Ports = 2> <Width = 16> <Depth = 640> <RAM>
ST_2 : Operation 64 [1/1] (0.00ns)   --->   "%br_ln11 = br void %if.end.i.i.i.i" [D:/PhamDuyHoang_LuongVanDai_DA2/CNN_nopad/Pool.cpp:11->D:/PhamDuyHoang_LuongVanDai_DA2/CNN_nopad/CNN.cpp:35]   --->   Operation 64 'br' 'br_ln11' <Predicate = true> <Delay = 0.00>


============================================================
+ Verbose Summary: Binding
============================================================
STG Binding: 
---------------- STG Properties BEGIN ----------------
- Is combinational: 0
- Is one-state seq: 0
- Is datapath-only: 0
- Is pipelined: 0
- Is top level: 0
Port [ Return ] is wired: 1; IO mode=ap_ctrl_hs:ce=0
Port [ OutConv1]:  wired=1; compound=1; hidden=0; nouse=0; global=0; static=0; extern=0; dir=0; type=1; pingpong=0; private_global=0; MemPort=[11]; IO mode=ap_memory:ce=0
Port [ OutPool0]:  wired=1; compound=1; hidden=0; nouse=0; global=0; static=0; extern=0; dir=1; type=1; pingpong=0; private_global=0; MemPort=[03]; IO mode=ap_memory:ce=0
---------------- STG Properties END ------------------

---------------- Datapath Model BEGIN ----------------

<LifeTime>
<method=bitvector/>
y                     (alloca           ) [ 010]
z                     (alloca           ) [ 010]
indvar_flatten16      (alloca           ) [ 010]
store_ln0             (store            ) [ 000]
store_ln8             (store            ) [ 000]
store_ln11            (store            ) [ 000]
br_ln0                (br               ) [ 000]
indvar_flatten16_load (load             ) [ 000]
icmp_ln8              (icmp             ) [ 010]
add_ln8               (add              ) [ 000]
br_ln8                (br               ) [ 000]
y_load                (load             ) [ 000]
z_load                (load             ) [ 000]
icmp_ln11             (icmp             ) [ 000]
select_ln8            (select           ) [ 000]
add_ln8_1             (add              ) [ 000]
select_ln8_1          (select           ) [ 000]
empty                 (trunc            ) [ 000]
p_shl2                (bitconcatenate   ) [ 000]
tmp                   (bitconcatenate   ) [ 000]
p_shl3                (zext             ) [ 000]
empty_195             (add              ) [ 000]
p_cast52_cast         (zext             ) [ 000]
p_shl                 (bitconcatenate   ) [ 000]
tmp_6                 (bitconcatenate   ) [ 000]
p_shl1                (zext             ) [ 000]
empty_196             (add              ) [ 000]
p_cast55_cast         (zext             ) [ 000]
tmp_s                 (partselect       ) [ 000]
tmp_8                 (bitconcatenate   ) [ 000]
zext_ln11             (zext             ) [ 000]
zext_ln11_1           (zext             ) [ 000]
tmp_9                 (bitconcatenate   ) [ 000]
zext_ln15             (zext             ) [ 000]
add_ln15              (add              ) [ 000]
zext_ln16             (zext             ) [ 000]
OutConv1_addr         (getelementptr    ) [ 011]
add_ln15_1            (add              ) [ 000]
zext_ln16_1           (zext             ) [ 000]
OutConv1_addr_1       (getelementptr    ) [ 011]
add_ln19              (add              ) [ 011]
add_ln21              (add              ) [ 000]
store_ln8             (store            ) [ 000]
store_ln8             (store            ) [ 000]
store_ln11            (store            ) [ 000]
specloopname_ln0      (specloopname     ) [ 000]
speclooptripcount_ln0 (speclooptripcount) [ 000]
specpipeline_ln6      (specpipeline     ) [ 000]
pool_value            (load             ) [ 000]
icmp_ln17             (icmp             ) [ 000]
max                   (select           ) [ 000]
pool_value_4          (load             ) [ 000]
icmp_ln17_1           (icmp             ) [ 000]
max_4                 (select           ) [ 000]
zext_ln20             (zext             ) [ 000]
OutPool0_addr         (getelementptr    ) [ 000]
store_ln20            (store            ) [ 000]
br_ln11               (br               ) [ 000]
ret_ln0               (ret              ) [ 000]
</LifeTime>

<model>

<comp_list>
<comp id="0" class="1000" name="OutConv1">
<pin_list>
<pin id="1" dir="1" index="0" bw="1" slack="0"/>
</pin_list>
<bind>
<StgValue><ssdm name="OutConv1"/><MemPortTyVec>1 1 </MemPortTyVec>
</StgValue>
</bind>
</comp>

<comp id="2" class="1000" name="OutPool0">
<pin_list>
<pin id="3" dir="1" index="0" bw="1" slack="0"/>
</pin_list>
<bind>
<StgValue><ssdm name="OutPool0"/><MemPortTyVec>0 3 </MemPortTyVec>
</StgValue>
</bind>
</comp>

<comp id="4" class="1001" name="const_4">
<pin_list>
<pin id="5" dir="1" index="0" bw="1" slack="0"/>
</pin_list>
<bind>
<StgValue><ssdm name=""/></StgValue>
</bind>
</comp>

<comp id="6" class="1001" name="const_6">
<pin_list>
<pin id="7" dir="1" index="0" bw="1" slack="0"/>
</pin_list>
<bind>
<StgValue><ssdm name=""/></StgValue>
</bind>
</comp>

<comp id="8" class="1001" name="const_8">
<pin_list>
<pin id="9" dir="1" index="0" bw="1" slack="0"/>
</pin_list>
<bind>
<StgValue><ssdm name=""/></StgValue>
</bind>
</comp>

<comp id="10" class="1001" name="const_10">
<pin_list>
<pin id="11" dir="1" index="0" bw="1" slack="0"/>
</pin_list>
<bind>
<StgValue><ssdm name=""/></StgValue>
</bind>
</comp>

<comp id="12" class="1001" name="const_12">
<pin_list>
<pin id="13" dir="1" index="0" bw="1" slack="0"/>
</pin_list>
<bind>
<StgValue><ssdm name=""/></StgValue>
</bind>
</comp>

<comp id="14" class="1001" name="const_14">
<pin_list>
<pin id="15" dir="1" index="0" bw="1" slack="0"/>
</pin_list>
<bind>
<StgValue><ssdm name=""/></StgValue>
</bind>
</comp>

<comp id="16" class="1001" name="const_16">
<pin_list>
<pin id="17" dir="1" index="0" bw="1" slack="0"/>
</pin_list>
<bind>
<StgValue><ssdm name=""/></StgValue>
</bind>
</comp>

<comp id="18" class="1001" name="const_18">
<pin_list>
<pin id="19" dir="1" index="0" bw="1" slack="0"/>
</pin_list>
<bind>
<StgValue><ssdm name=""/></StgValue>
</bind>
</comp>

<comp id="20" class="1001" name="const_20">
<pin_list>
<pin id="21" dir="1" index="0" bw="1" slack="0"/>
</pin_list>
<bind>
<StgValue><ssdm name="_ssdm_op_BitConcatenate.i10.i2.i8"/></StgValue>
</bind>
</comp>

<comp id="22" class="1001" name="const_22">
<pin_list>
<pin id="23" dir="1" index="0" bw="1" slack="0"/>
</pin_list>
<bind>
<StgValue><ssdm name="_ssdm_op_BitConcatenate.i9.i3.i6"/></StgValue>
</bind>
</comp>

<comp id="24" class="1001" name="const_24">
<pin_list>
<pin id="25" dir="1" index="0" bw="1" slack="0"/>
</pin_list>
<bind>
<StgValue><ssdm name=""/></StgValue>
</bind>
</comp>

<comp id="26" class="1001" name="const_26">
<pin_list>
<pin id="27" dir="1" index="0" bw="1" slack="0"/>
</pin_list>
<bind>
<StgValue><ssdm name="_ssdm_op_BitConcatenate.i9.i2.i7"/></StgValue>
</bind>
</comp>

<comp id="28" class="1001" name="const_28">
<pin_list>
<pin id="29" dir="1" index="0" bw="1" slack="0"/>
</pin_list>
<bind>
<StgValue><ssdm name=""/></StgValue>
</bind>
</comp>

<comp id="30" class="1001" name="const_30">
<pin_list>
<pin id="31" dir="1" index="0" bw="1" slack="0"/>
</pin_list>
<bind>
<StgValue><ssdm name="_ssdm_op_BitConcatenate.i8.i3.i5"/></StgValue>
</bind>
</comp>

<comp id="32" class="1001" name="const_32">
<pin_list>
<pin id="33" dir="1" index="0" bw="1" slack="0"/>
</pin_list>
<bind>
<StgValue><ssdm name=""/></StgValue>
</bind>
</comp>

<comp id="34" class="1001" name="const_34">
<pin_list>
<pin id="35" dir="1" index="0" bw="1" slack="0"/>
</pin_list>
<bind>
<StgValue><ssdm name="_ssdm_op_PartSelect.i9.i10.i32.i32"/></StgValue>
</bind>
</comp>

<comp id="36" class="1001" name="const_36">
<pin_list>
<pin id="37" dir="1" index="0" bw="1" slack="0"/>
</pin_list>
<bind>
<StgValue><ssdm name=""/></StgValue>
</bind>
</comp>

<comp id="38" class="1001" name="const_38">
<pin_list>
<pin id="39" dir="1" index="0" bw="1" slack="0"/>
</pin_list>
<bind>
<StgValue><ssdm name="_ssdm_op_BitConcatenate.i10.i9.i1"/></StgValue>
</bind>
</comp>

<comp id="40" class="1001" name="const_40">
<pin_list>
<pin id="41" dir="1" index="0" bw="1" slack="0"/>
</pin_list>
<bind>
<StgValue><ssdm name=""/></StgValue>
</bind>
</comp>

<comp id="42" class="1001" name="const_42">
<pin_list>
<pin id="43" dir="1" index="0" bw="1" slack="0"/>
</pin_list>
<bind>
<StgValue><ssdm name="_ssdm_op_BitConcatenate.i9.i8.i1"/></StgValue>
</bind>
</comp>

<comp id="44" class="1001" name="const_44">
<pin_list>
<pin id="45" dir="1" index="0" bw="1" slack="0"/>
</pin_list>
<bind>
<StgValue><ssdm name=""/></StgValue>
</bind>
</comp>

<comp id="46" class="1001" name="const_46">
<pin_list>
<pin id="47" dir="1" index="0" bw="1" slack="0"/>
</pin_list>
<bind>
<StgValue><ssdm name=""/></StgValue>
</bind>
</comp>

<comp id="48" class="1001" name="const_48">
<pin_list>
<pin id="49" dir="1" index="0" bw="1" slack="0"/>
</pin_list>
<bind>
<StgValue><ssdm name=""/></StgValue>
</bind>
</comp>

<comp id="50" class="1001" name="const_50">
<pin_list>
<pin id="51" dir="1" index="0" bw="1" slack="2147483647"/>
</pin_list>
<bind>
<StgValue><ssdm name="_ssdm_op_SpecLoopName"/></StgValue>
</bind>
</comp>

<comp id="52" class="1001" name="const_52">
<pin_list>
<pin id="53" dir="1" index="0" bw="1" slack="2147483647"/>
</pin_list>
<bind>
<StgValue><ssdm name="loop_for_channel_pool_0_loop_for_weight_pool_0_str"/></StgValue>
</bind>
</comp>

<comp id="54" class="1001" name="const_54">
<pin_list>
<pin id="55" dir="1" index="0" bw="1" slack="2147483647"/>
</pin_list>
<bind>
<StgValue><ssdm name="_ssdm_op_SpecLoopTripCount"/></StgValue>
</bind>
</comp>

<comp id="56" class="1001" name="const_56">
<pin_list>
<pin id="57" dir="1" index="0" bw="1" slack="2147483647"/>
</pin_list>
<bind>
<StgValue><ssdm name=""/></StgValue>
</bind>
</comp>

<comp id="58" class="1001" name="const_58">
<pin_list>
<pin id="59" dir="1" index="0" bw="1" slack="2147483647"/>
</pin_list>
<bind>
<StgValue><ssdm name="_ssdm_op_SpecPipeline"/></StgValue>
</bind>
</comp>

<comp id="60" class="1001" name="const_60">
<pin_list>
<pin id="61" dir="1" index="0" bw="1" slack="2147483647"/>
</pin_list>
<bind>
<StgValue><ssdm name=""/></StgValue>
</bind>
</comp>

<comp id="62" class="1001" name="const_62">
<pin_list>
<pin id="63" dir="1" index="0" bw="1" slack="2147483647"/>
</pin_list>
<bind>
<StgValue><ssdm name=""/></StgValue>
</bind>
</comp>

<comp id="64" class="1001" name="const_64">
<pin_list>
<pin id="65" dir="1" index="0" bw="1" slack="2147483647"/>
</pin_list>
<bind>
<StgValue><ssdm name="empty_12"/></StgValue>
</bind>
</comp>

<comp id="66" class="1001" name="const_66">
<pin_list>
<pin id="67" dir="1" index="0" bw="1" slack="0"/>
</pin_list>
<bind>
<StgValue><ssdm name=""/></StgValue>
</bind>
</comp>

<comp id="68" class="1004" name="y_fu_68">
<pin_list>
<pin id="69" dir="0" index="0" bw="1" slack="0"/>
<pin id="70" dir="1" index="1" bw="8" slack="0"/>
</pin_list>
<bind>
<opcode="alloca(26) " fcode="alloca"/>
<opset="y/1 "/>
</bind>
</comp>

<comp id="72" class="1004" name="z_fu_72">
<pin_list>
<pin id="73" dir="0" index="0" bw="1" slack="0"/>
<pin id="74" dir="1" index="1" bw="3" slack="0"/>
</pin_list>
<bind>
<opcode="alloca(26) " fcode="alloca"/>
<opset="z/1 "/>
</bind>
</comp>

<comp id="76" class="1004" name="indvar_flatten16_fu_76">
<pin_list>
<pin id="77" dir="0" index="0" bw="1" slack="0"/>
<pin id="78" dir="1" index="1" bw="10" slack="0"/>
</pin_list>
<bind>
<opcode="alloca(26) " fcode="alloca"/>
<opset="indvar_flatten16/1 "/>
</bind>
</comp>

<comp id="80" class="1004" name="OutConv1_addr_gep_fu_80">
<pin_list>
<pin id="81" dir="0" index="0" bw="16" slack="0"/>
<pin id="82" dir="0" index="1" bw="1" slack="0"/>
<pin id="83" dir="0" index="2" bw="11" slack="0"/>
<pin id="84" dir="1" index="3" bw="11" slack="0"/>
</pin_list>
<bind>
<opcode="getelementptr(29) " fcode="getelementptr"/>
<opset="OutConv1_addr/1 "/>
</bind>
</comp>

<comp id="87" class="1004" name="grp_access_fu_87">
<pin_list>
<pin id="88" dir="0" index="0" bw="11" slack="0"/>
<pin id="89" dir="0" index="1" bw="16" slack="2147483647"/>
<pin id="90" dir="0" index="2" bw="0" slack="0"/>
<pin id="92" dir="0" index="4" bw="11" slack="2147483647"/>
<pin id="93" dir="0" index="5" bw="16" slack="2147483647"/>
<pin id="94" dir="0" index="6" bw="0" slack="2147483647"/>
<pin id="91" dir="1" index="3" bw="16" slack="0"/>
<pin id="95" dir="1" index="7" bw="16" slack="0"/>
</pin_list>
<bind>
<opcode="load(27) " fcode="load"/>
<opset="pool_value/1 pool_value_4/1 "/>
</bind>
</comp>

<comp id="97" class="1004" name="OutConv1_addr_1_gep_fu_97">
<pin_list>
<pin id="98" dir="0" index="0" bw="16" slack="0"/>
<pin id="99" dir="0" index="1" bw="1" slack="0"/>
<pin id="100" dir="0" index="2" bw="11" slack="0"/>
<pin id="101" dir="1" index="3" bw="11" slack="0"/>
</pin_list>
<bind>
<opcode="getelementptr(29) " fcode="getelementptr"/>
<opset="OutConv1_addr_1/1 "/>
</bind>
</comp>

<comp id="105" class="1004" name="OutPool0_addr_gep_fu_105">
<pin_list>
<pin id="106" dir="0" index="0" bw="16" slack="0"/>
<pin id="107" dir="0" index="1" bw="1" slack="0"/>
<pin id="108" dir="0" index="2" bw="10" slack="0"/>
<pin id="109" dir="1" index="3" bw="10" slack="0"/>
</pin_list>
<bind>
<opcode="getelementptr(29) " fcode="getelementptr"/>
<opset="OutPool0_addr/2 "/>
</bind>
</comp>

<comp id="112" class="1004" name="store_ln20_access_fu_112">
<pin_list>
<pin id="113" dir="0" index="0" bw="10" slack="0"/>
<pin id="114" dir="0" index="1" bw="16" slack="0"/>
<pin id="115" dir="0" index="2" bw="0" slack="2147483647"/>
<pin id="116" dir="1" index="3" bw="16" slack="2147483647"/>
</pin_list>
<bind>
<opcode="store(28) " fcode="store"/>
<opset="store_ln20/2 "/>
</bind>
</comp>

<comp id="118" class="1004" name="store_ln0_store_fu_118">
<pin_list>
<pin id="119" dir="0" index="0" bw="1" slack="0"/>
<pin id="120" dir="0" index="1" bw="10" slack="0"/>
<pin id="121" dir="1" index="2" bw="0" slack="2147483647"/>
</pin_list>
<bind>
<opcode="store(28) " fcode="store"/>
<opset="store_ln0/1 "/>
</bind>
</comp>

<comp id="123" class="1004" name="store_ln8_store_fu_123">
<pin_list>
<pin id="124" dir="0" index="0" bw="1" slack="0"/>
<pin id="125" dir="0" index="1" bw="3" slack="0"/>
<pin id="126" dir="1" index="2" bw="0" slack="2147483647"/>
</pin_list>
<bind>
<opcode="store(28) " fcode="store"/>
<opset="store_ln8/1 "/>
</bind>
</comp>

<comp id="128" class="1004" name="store_ln11_store_fu_128">
<pin_list>
<pin id="129" dir="0" index="0" bw="1" slack="0"/>
<pin id="130" dir="0" index="1" bw="8" slack="0"/>
<pin id="131" dir="1" index="2" bw="0" slack="2147483647"/>
</pin_list>
<bind>
<opcode="store(28) " fcode="store"/>
<opset="store_ln11/1 "/>
</bind>
</comp>

<comp id="133" class="1004" name="indvar_flatten16_load_load_fu_133">
<pin_list>
<pin id="134" dir="0" index="0" bw="10" slack="0"/>
<pin id="135" dir="1" index="1" bw="10" slack="0"/>
</pin_list>
<bind>
<opcode="load(27) " fcode="load"/>
<opset="indvar_flatten16_load/1 "/>
</bind>
</comp>

<comp id="136" class="1004" name="icmp_ln8_fu_136">
<pin_list>
<pin id="137" dir="0" index="0" bw="10" slack="0"/>
<pin id="138" dir="0" index="1" bw="10" slack="0"/>
<pin id="139" dir="1" index="2" bw="1" slack="2147483647"/>
</pin_list>
<bind>
<opcode="icmp(45) " fcode="icmp"/>
<opset="icmp_ln8/1 "/>
</bind>
</comp>

<comp id="142" class="1004" name="add_ln8_fu_142">
<pin_list>
<pin id="143" dir="0" index="0" bw="10" slack="0"/>
<pin id="144" dir="0" index="1" bw="1" slack="0"/>
<pin id="145" dir="1" index="2" bw="10" slack="0"/>
</pin_list>
<bind>
<opcode="add(8) " fcode="add"/>
<opset="add_ln8/1 "/>
</bind>
</comp>

<comp id="148" class="1004" name="y_load_load_fu_148">
<pin_list>
<pin id="149" dir="0" index="0" bw="8" slack="0"/>
<pin id="150" dir="1" index="1" bw="8" slack="0"/>
</pin_list>
<bind>
<opcode="load(27) " fcode="load"/>
<opset="y_load/1 "/>
</bind>
</comp>

<comp id="151" class="1004" name="z_load_load_fu_151">
<pin_list>
<pin id="152" dir="0" index="0" bw="3" slack="0"/>
<pin id="153" dir="1" index="1" bw="3" slack="0"/>
</pin_list>
<bind>
<opcode="load(27) " fcode="load"/>
<opset="z_load/1 "/>
</bind>
</comp>

<comp id="154" class="1004" name="icmp_ln11_fu_154">
<pin_list>
<pin id="155" dir="0" index="0" bw="8" slack="0"/>
<pin id="156" dir="0" index="1" bw="8" slack="0"/>
<pin id="157" dir="1" index="2" bw="1" slack="0"/>
</pin_list>
<bind>
<opcode="icmp(45) " fcode="icmp"/>
<opset="icmp_ln11/1 "/>
</bind>
</comp>

<comp id="160" class="1004" name="select_ln8_fu_160">
<pin_list>
<pin id="161" dir="0" index="0" bw="1" slack="0"/>
<pin id="162" dir="0" index="1" bw="1" slack="0"/>
<pin id="163" dir="0" index="2" bw="8" slack="0"/>
<pin id="164" dir="1" index="3" bw="8" slack="0"/>
</pin_list>
<bind>
<opcode="select(49) " fcode="select"/>
<opset="select_ln8/1 "/>
</bind>
</comp>

<comp id="168" class="1004" name="add_ln8_1_fu_168">
<pin_list>
<pin id="169" dir="0" index="0" bw="3" slack="0"/>
<pin id="170" dir="0" index="1" bw="1" slack="0"/>
<pin id="171" dir="1" index="2" bw="3" slack="0"/>
</pin_list>
<bind>
<opcode="add(8) " fcode="add"/>
<opset="add_ln8_1/1 "/>
</bind>
</comp>

<comp id="174" class="1004" name="select_ln8_1_fu_174">
<pin_list>
<pin id="175" dir="0" index="0" bw="1" slack="0"/>
<pin id="176" dir="0" index="1" bw="3" slack="0"/>
<pin id="177" dir="0" index="2" bw="3" slack="0"/>
<pin id="178" dir="1" index="3" bw="3" slack="0"/>
</pin_list>
<bind>
<opcode="select(49) " fcode="select"/>
<opset="select_ln8_1/1 "/>
</bind>
</comp>

<comp id="182" class="1004" name="empty_fu_182">
<pin_list>
<pin id="183" dir="0" index="0" bw="3" slack="0"/>
<pin id="184" dir="1" index="1" bw="2" slack="0"/>
</pin_list>
<bind>
<opcode="trunc(33) " fcode="trunc"/>
<opset="empty/1 "/>
</bind>
</comp>

<comp id="186" class="1004" name="p_shl2_fu_186">
<pin_list>
<pin id="187" dir="0" index="0" bw="10" slack="0"/>
<pin id="188" dir="0" index="1" bw="2" slack="0"/>
<pin id="189" dir="0" index="2" bw="1" slack="0"/>
<pin id="190" dir="1" index="3" bw="10" slack="0"/>
</pin_list>
<bind>
<opcode="bitconcatenate(1004) " fcode="bitconcatenate"/>
<opset="p_shl2/1 "/>
</bind>
</comp>

<comp id="194" class="1004" name="tmp_fu_194">
<pin_list>
<pin id="195" dir="0" index="0" bw="9" slack="0"/>
<pin id="196" dir="0" index="1" bw="3" slack="0"/>
<pin id="197" dir="0" index="2" bw="1" slack="0"/>
<pin id="198" dir="1" index="3" bw="9" slack="0"/>
</pin_list>
<bind>
<opcode="bitconcatenate(1004) " fcode="bitconcatenate"/>
<opset="tmp/1 "/>
</bind>
</comp>

<comp id="202" class="1004" name="p_shl3_fu_202">
<pin_list>
<pin id="203" dir="0" index="0" bw="9" slack="0"/>
<pin id="204" dir="1" index="1" bw="10" slack="0"/>
</pin_list>
<bind>
<opcode="zext(34) " fcode="zext"/>
<opset="p_shl3/1 "/>
</bind>
</comp>

<comp id="206" class="1004" name="empty_195_fu_206">
<pin_list>
<pin id="207" dir="0" index="0" bw="10" slack="0"/>
<pin id="208" dir="0" index="1" bw="9" slack="0"/>
<pin id="209" dir="1" index="2" bw="10" slack="0"/>
</pin_list>
<bind>
<opcode="add(8) " fcode="add"/>
<opset="empty_195/1 "/>
</bind>
</comp>

<comp id="212" class="1004" name="p_cast52_cast_fu_212">
<pin_list>
<pin id="213" dir="0" index="0" bw="10" slack="0"/>
<pin id="214" dir="1" index="1" bw="11" slack="0"/>
</pin_list>
<bind>
<opcode="zext(34) " fcode="zext"/>
<opset="p_cast52_cast/1 "/>
</bind>
</comp>

<comp id="216" class="1004" name="p_shl_fu_216">
<pin_list>
<pin id="217" dir="0" index="0" bw="9" slack="0"/>
<pin id="218" dir="0" index="1" bw="2" slack="0"/>
<pin id="219" dir="0" index="2" bw="1" slack="0"/>
<pin id="220" dir="1" index="3" bw="9" slack="0"/>
</pin_list>
<bind>
<opcode="bitconcatenate(1004) " fcode="bitconcatenate"/>
<opset="p_shl/1 "/>
</bind>
</comp>

<comp id="224" class="1004" name="tmp_6_fu_224">
<pin_list>
<pin id="225" dir="0" index="0" bw="8" slack="0"/>
<pin id="226" dir="0" index="1" bw="3" slack="0"/>
<pin id="227" dir="0" index="2" bw="1" slack="0"/>
<pin id="228" dir="1" index="3" bw="8" slack="0"/>
</pin_list>
<bind>
<opcode="bitconcatenate(1004) " fcode="bitconcatenate"/>
<opset="tmp_6/1 "/>
</bind>
</comp>

<comp id="232" class="1004" name="p_shl1_fu_232">
<pin_list>
<pin id="233" dir="0" index="0" bw="8" slack="0"/>
<pin id="234" dir="1" index="1" bw="9" slack="0"/>
</pin_list>
<bind>
<opcode="zext(34) " fcode="zext"/>
<opset="p_shl1/1 "/>
</bind>
</comp>

<comp id="236" class="1004" name="empty_196_fu_236">
<pin_list>
<pin id="237" dir="0" index="0" bw="9" slack="0"/>
<pin id="238" dir="0" index="1" bw="8" slack="0"/>
<pin id="239" dir="1" index="2" bw="9" slack="0"/>
</pin_list>
<bind>
<opcode="add(8) " fcode="add"/>
<opset="empty_196/1 "/>
</bind>
</comp>

<comp id="242" class="1004" name="p_cast55_cast_fu_242">
<pin_list>
<pin id="243" dir="0" index="0" bw="9" slack="0"/>
<pin id="244" dir="1" index="1" bw="10" slack="0"/>
</pin_list>
<bind>
<opcode="zext(34) " fcode="zext"/>
<opset="p_cast55_cast/1 "/>
</bind>
</comp>

<comp id="246" class="1004" name="tmp_s_fu_246">
<pin_list>
<pin id="247" dir="0" index="0" bw="9" slack="0"/>
<pin id="248" dir="0" index="1" bw="10" slack="0"/>
<pin id="249" dir="0" index="2" bw="1" slack="0"/>
<pin id="250" dir="0" index="3" bw="5" slack="0"/>
<pin id="251" dir="1" index="4" bw="9" slack="0"/>
</pin_list>
<bind>
<opcode="partselect(1002) " fcode="partselect"/>
<opset="tmp_s/1 "/>
</bind>
</comp>

<comp id="256" class="1004" name="tmp_8_fu_256">
<pin_list>
<pin id="257" dir="0" index="0" bw="10" slack="0"/>
<pin id="258" dir="0" index="1" bw="9" slack="0"/>
<pin id="259" dir="0" index="2" bw="1" slack="0"/>
<pin id="260" dir="1" index="3" bw="10" slack="0"/>
</pin_list>
<bind>
<opcode="bitconcatenate(1004) " fcode="bitconcatenate"/>
<opset="tmp_8/1 "/>
</bind>
</comp>

<comp id="264" class="1004" name="zext_ln11_fu_264">
<pin_list>
<pin id="265" dir="0" index="0" bw="10" slack="0"/>
<pin id="266" dir="1" index="1" bw="11" slack="0"/>
</pin_list>
<bind>
<opcode="zext(34) " fcode="zext"/>
<opset="zext_ln11/1 "/>
</bind>
</comp>

<comp id="268" class="1004" name="zext_ln11_1_fu_268">
<pin_list>
<pin id="269" dir="0" index="0" bw="8" slack="0"/>
<pin id="270" dir="1" index="1" bw="10" slack="0"/>
</pin_list>
<bind>
<opcode="zext(34) " fcode="zext"/>
<opset="zext_ln11_1/1 "/>
</bind>
</comp>

<comp id="272" class="1004" name="tmp_9_fu_272">
<pin_list>
<pin id="273" dir="0" index="0" bw="9" slack="0"/>
<pin id="274" dir="0" index="1" bw="8" slack="0"/>
<pin id="275" dir="0" index="2" bw="1" slack="0"/>
<pin id="276" dir="1" index="3" bw="9" slack="0"/>
</pin_list>
<bind>
<opcode="bitconcatenate(1004) " fcode="bitconcatenate"/>
<opset="tmp_9/1 "/>
</bind>
</comp>

<comp id="280" class="1004" name="zext_ln15_fu_280">
<pin_list>
<pin id="281" dir="0" index="0" bw="9" slack="0"/>
<pin id="282" dir="1" index="1" bw="11" slack="0"/>
</pin_list>
<bind>
<opcode="zext(34) " fcode="zext"/>
<opset="zext_ln15/1 "/>
</bind>
</comp>

<comp id="284" class="1004" name="add_ln15_fu_284">
<pin_list>
<pin id="285" dir="0" index="0" bw="9" slack="0"/>
<pin id="286" dir="0" index="1" bw="10" slack="0"/>
<pin id="287" dir="1" index="2" bw="11" slack="0"/>
</pin_list>
<bind>
<opcode="add(8) " fcode="add"/>
<opset="add_ln15/1 "/>
</bind>
</comp>

<comp id="290" class="1004" name="zext_ln16_fu_290">
<pin_list>
<pin id="291" dir="0" index="0" bw="11" slack="0"/>
<pin id="292" dir="1" index="1" bw="64" slack="0"/>
</pin_list>
<bind>
<opcode="zext(34) " fcode="zext"/>
<opset="zext_ln16/1 "/>
</bind>
</comp>

<comp id="295" class="1004" name="add_ln15_1_fu_295">
<pin_list>
<pin id="296" dir="0" index="0" bw="9" slack="0"/>
<pin id="297" dir="0" index="1" bw="10" slack="0"/>
<pin id="298" dir="1" index="2" bw="11" slack="0"/>
</pin_list>
<bind>
<opcode="add(8) " fcode="add"/>
<opset="add_ln15_1/1 "/>
</bind>
</comp>

<comp id="301" class="1004" name="zext_ln16_1_fu_301">
<pin_list>
<pin id="302" dir="0" index="0" bw="11" slack="0"/>
<pin id="303" dir="1" index="1" bw="64" slack="0"/>
</pin_list>
<bind>
<opcode="zext(34) " fcode="zext"/>
<opset="zext_ln16_1/1 "/>
</bind>
</comp>

<comp id="306" class="1004" name="add_ln19_fu_306">
<pin_list>
<pin id="307" dir="0" index="0" bw="8" slack="0"/>
<pin id="308" dir="0" index="1" bw="9" slack="0"/>
<pin id="309" dir="1" index="2" bw="10" slack="1"/>
</pin_list>
<bind>
<opcode="add(8) " fcode="add"/>
<opset="add_ln19/1 "/>
</bind>
</comp>

<comp id="312" class="1004" name="add_ln21_fu_312">
<pin_list>
<pin id="313" dir="0" index="0" bw="8" slack="0"/>
<pin id="314" dir="0" index="1" bw="1" slack="0"/>
<pin id="315" dir="1" index="2" bw="8" slack="0"/>
</pin_list>
<bind>
<opcode="add(8) " fcode="add"/>
<opset="add_ln21/1 "/>
</bind>
</comp>

<comp id="318" class="1004" name="store_ln8_store_fu_318">
<pin_list>
<pin id="319" dir="0" index="0" bw="10" slack="0"/>
<pin id="320" dir="0" index="1" bw="10" slack="0"/>
<pin id="321" dir="1" index="2" bw="0" slack="2147483647"/>
</pin_list>
<bind>
<opcode="store(28) " fcode="store"/>
<opset="store_ln8/1 "/>
</bind>
</comp>

<comp id="323" class="1004" name="store_ln8_store_fu_323">
<pin_list>
<pin id="324" dir="0" index="0" bw="3" slack="0"/>
<pin id="325" dir="0" index="1" bw="3" slack="0"/>
<pin id="326" dir="1" index="2" bw="0" slack="2147483647"/>
</pin_list>
<bind>
<opcode="store(28) " fcode="store"/>
<opset="store_ln8/1 "/>
</bind>
</comp>

<comp id="328" class="1004" name="store_ln11_store_fu_328">
<pin_list>
<pin id="329" dir="0" index="0" bw="8" slack="0"/>
<pin id="330" dir="0" index="1" bw="8" slack="0"/>
<pin id="331" dir="1" index="2" bw="0" slack="2147483647"/>
</pin_list>
<bind>
<opcode="store(28) " fcode="store"/>
<opset="store_ln11/1 "/>
</bind>
</comp>

<comp id="333" class="1004" name="icmp_ln17_fu_333">
<pin_list>
<pin id="334" dir="0" index="0" bw="16" slack="0"/>
<pin id="335" dir="0" index="1" bw="13" slack="0"/>
<pin id="336" dir="1" index="2" bw="1" slack="0"/>
</pin_list>
<bind>
<opcode="icmp(45) " fcode="icmp"/>
<opset="icmp_ln17/2 "/>
</bind>
</comp>

<comp id="339" class="1004" name="max_fu_339">
<pin_list>
<pin id="340" dir="0" index="0" bw="1" slack="0"/>
<pin id="341" dir="0" index="1" bw="16" slack="0"/>
<pin id="342" dir="0" index="2" bw="13" slack="0"/>
<pin id="343" dir="1" index="3" bw="16" slack="0"/>
</pin_list>
<bind>
<opcode="select(49) " fcode="select"/>
<opset="max/2 "/>
</bind>
</comp>

<comp id="347" class="1004" name="icmp_ln17_1_fu_347">
<pin_list>
<pin id="348" dir="0" index="0" bw="16" slack="0"/>
<pin id="349" dir="0" index="1" bw="16" slack="0"/>
<pin id="350" dir="1" index="2" bw="1" slack="0"/>
</pin_list>
<bind>
<opcode="icmp(45) " fcode="icmp"/>
<opset="icmp_ln17_1/2 "/>
</bind>
</comp>

<comp id="353" class="1004" name="max_4_fu_353">
<pin_list>
<pin id="354" dir="0" index="0" bw="1" slack="0"/>
<pin id="355" dir="0" index="1" bw="16" slack="0"/>
<pin id="356" dir="0" index="2" bw="16" slack="0"/>
<pin id="357" dir="1" index="3" bw="16" slack="0"/>
</pin_list>
<bind>
<opcode="select(49) " fcode="select"/>
<opset="max_4/2 "/>
</bind>
</comp>

<comp id="362" class="1004" name="zext_ln20_fu_362">
<pin_list>
<pin id="363" dir="0" index="0" bw="10" slack="1"/>
<pin id="364" dir="1" index="1" bw="64" slack="0"/>
</pin_list>
<bind>
<opcode="zext(34) " fcode="zext"/>
<opset="zext_ln20/2 "/>
</bind>
</comp>

<comp id="366" class="1005" name="y_reg_366">
<pin_list>
<pin id="367" dir="0" index="0" bw="8" slack="0"/>
<pin id="368" dir="1" index="1" bw="8" slack="0"/>
</pin_list>
<bind>
<opset="y "/>
</bind>
</comp>

<comp id="373" class="1005" name="z_reg_373">
<pin_list>
<pin id="374" dir="0" index="0" bw="3" slack="0"/>
<pin id="375" dir="1" index="1" bw="3" slack="0"/>
</pin_list>
<bind>
<opset="z "/>
</bind>
</comp>

<comp id="380" class="1005" name="indvar_flatten16_reg_380">
<pin_list>
<pin id="381" dir="0" index="0" bw="10" slack="0"/>
<pin id="382" dir="1" index="1" bw="10" slack="0"/>
</pin_list>
<bind>
<opset="indvar_flatten16 "/>
</bind>
</comp>

<comp id="390" class="1005" name="OutConv1_addr_reg_390">
<pin_list>
<pin id="391" dir="0" index="0" bw="11" slack="1"/>
<pin id="392" dir="1" index="1" bw="11" slack="1"/>
</pin_list>
<bind>
<opset="OutConv1_addr "/>
</bind>
</comp>

<comp id="395" class="1005" name="OutConv1_addr_1_reg_395">
<pin_list>
<pin id="396" dir="0" index="0" bw="11" slack="1"/>
<pin id="397" dir="1" index="1" bw="11" slack="1"/>
</pin_list>
<bind>
<opset="OutConv1_addr_1 "/>
</bind>
</comp>

<comp id="400" class="1005" name="add_ln19_reg_400">
<pin_list>
<pin id="401" dir="0" index="0" bw="10" slack="1"/>
<pin id="402" dir="1" index="1" bw="10" slack="1"/>
</pin_list>
<bind>
<opset="add_ln19 "/>
</bind>
</comp>

</comp_list>

<net_list>
<net id="71"><net_src comp="4" pin="0"/><net_sink comp="68" pin=0"/></net>

<net id="75"><net_src comp="4" pin="0"/><net_sink comp="72" pin=0"/></net>

<net id="79"><net_src comp="4" pin="0"/><net_sink comp="76" pin=0"/></net>

<net id="85"><net_src comp="0" pin="0"/><net_sink comp="80" pin=0"/></net>

<net id="86"><net_src comp="46" pin="0"/><net_sink comp="80" pin=1"/></net>

<net id="96"><net_src comp="80" pin="3"/><net_sink comp="87" pin=2"/></net>

<net id="102"><net_src comp="0" pin="0"/><net_sink comp="97" pin=0"/></net>

<net id="103"><net_src comp="46" pin="0"/><net_sink comp="97" pin=1"/></net>

<net id="104"><net_src comp="97" pin="3"/><net_sink comp="87" pin=0"/></net>

<net id="110"><net_src comp="2" pin="0"/><net_sink comp="105" pin=0"/></net>

<net id="111"><net_src comp="46" pin="0"/><net_sink comp="105" pin=1"/></net>

<net id="117"><net_src comp="105" pin="3"/><net_sink comp="112" pin=0"/></net>

<net id="122"><net_src comp="6" pin="0"/><net_sink comp="118" pin=0"/></net>

<net id="127"><net_src comp="8" pin="0"/><net_sink comp="123" pin=0"/></net>

<net id="132"><net_src comp="10" pin="0"/><net_sink comp="128" pin=0"/></net>

<net id="140"><net_src comp="133" pin="1"/><net_sink comp="136" pin=0"/></net>

<net id="141"><net_src comp="12" pin="0"/><net_sink comp="136" pin=1"/></net>

<net id="146"><net_src comp="133" pin="1"/><net_sink comp="142" pin=0"/></net>

<net id="147"><net_src comp="14" pin="0"/><net_sink comp="142" pin=1"/></net>

<net id="158"><net_src comp="148" pin="1"/><net_sink comp="154" pin=0"/></net>

<net id="159"><net_src comp="16" pin="0"/><net_sink comp="154" pin=1"/></net>

<net id="165"><net_src comp="154" pin="2"/><net_sink comp="160" pin=0"/></net>

<net id="166"><net_src comp="10" pin="0"/><net_sink comp="160" pin=1"/></net>

<net id="167"><net_src comp="148" pin="1"/><net_sink comp="160" pin=2"/></net>

<net id="172"><net_src comp="151" pin="1"/><net_sink comp="168" pin=0"/></net>

<net id="173"><net_src comp="18" pin="0"/><net_sink comp="168" pin=1"/></net>

<net id="179"><net_src comp="154" pin="2"/><net_sink comp="174" pin=0"/></net>

<net id="180"><net_src comp="168" pin="2"/><net_sink comp="174" pin=1"/></net>

<net id="181"><net_src comp="151" pin="1"/><net_sink comp="174" pin=2"/></net>

<net id="185"><net_src comp="174" pin="3"/><net_sink comp="182" pin=0"/></net>

<net id="191"><net_src comp="20" pin="0"/><net_sink comp="186" pin=0"/></net>

<net id="192"><net_src comp="182" pin="1"/><net_sink comp="186" pin=1"/></net>

<net id="193"><net_src comp="10" pin="0"/><net_sink comp="186" pin=2"/></net>

<net id="199"><net_src comp="22" pin="0"/><net_sink comp="194" pin=0"/></net>

<net id="200"><net_src comp="174" pin="3"/><net_sink comp="194" pin=1"/></net>

<net id="201"><net_src comp="24" pin="0"/><net_sink comp="194" pin=2"/></net>

<net id="205"><net_src comp="194" pin="3"/><net_sink comp="202" pin=0"/></net>

<net id="210"><net_src comp="186" pin="3"/><net_sink comp="206" pin=0"/></net>

<net id="211"><net_src comp="202" pin="1"/><net_sink comp="206" pin=1"/></net>

<net id="215"><net_src comp="206" pin="2"/><net_sink comp="212" pin=0"/></net>

<net id="221"><net_src comp="26" pin="0"/><net_sink comp="216" pin=0"/></net>

<net id="222"><net_src comp="182" pin="1"/><net_sink comp="216" pin=1"/></net>

<net id="223"><net_src comp="28" pin="0"/><net_sink comp="216" pin=2"/></net>

<net id="229"><net_src comp="30" pin="0"/><net_sink comp="224" pin=0"/></net>

<net id="230"><net_src comp="174" pin="3"/><net_sink comp="224" pin=1"/></net>

<net id="231"><net_src comp="32" pin="0"/><net_sink comp="224" pin=2"/></net>

<net id="235"><net_src comp="224" pin="3"/><net_sink comp="232" pin=0"/></net>

<net id="240"><net_src comp="216" pin="3"/><net_sink comp="236" pin=0"/></net>

<net id="241"><net_src comp="232" pin="1"/><net_sink comp="236" pin=1"/></net>

<net id="245"><net_src comp="236" pin="2"/><net_sink comp="242" pin=0"/></net>

<net id="252"><net_src comp="34" pin="0"/><net_sink comp="246" pin=0"/></net>

<net id="253"><net_src comp="206" pin="2"/><net_sink comp="246" pin=1"/></net>

<net id="254"><net_src comp="4" pin="0"/><net_sink comp="246" pin=2"/></net>

<net id="255"><net_src comp="36" pin="0"/><net_sink comp="246" pin=3"/></net>

<net id="261"><net_src comp="38" pin="0"/><net_sink comp="256" pin=0"/></net>

<net id="262"><net_src comp="246" pin="4"/><net_sink comp="256" pin=1"/></net>

<net id="263"><net_src comp="40" pin="0"/><net_sink comp="256" pin=2"/></net>

<net id="267"><net_src comp="256" pin="3"/><net_sink comp="264" pin=0"/></net>

<net id="271"><net_src comp="160" pin="3"/><net_sink comp="268" pin=0"/></net>

<net id="277"><net_src comp="42" pin="0"/><net_sink comp="272" pin=0"/></net>

<net id="278"><net_src comp="160" pin="3"/><net_sink comp="272" pin=1"/></net>

<net id="279"><net_src comp="44" pin="0"/><net_sink comp="272" pin=2"/></net>

<net id="283"><net_src comp="272" pin="3"/><net_sink comp="280" pin=0"/></net>

<net id="288"><net_src comp="280" pin="1"/><net_sink comp="284" pin=0"/></net>

<net id="289"><net_src comp="212" pin="1"/><net_sink comp="284" pin=1"/></net>

<net id="293"><net_src comp="284" pin="2"/><net_sink comp="290" pin=0"/></net>

<net id="294"><net_src comp="290" pin="1"/><net_sink comp="80" pin=2"/></net>

<net id="299"><net_src comp="280" pin="1"/><net_sink comp="295" pin=0"/></net>

<net id="300"><net_src comp="264" pin="1"/><net_sink comp="295" pin=1"/></net>

<net id="304"><net_src comp="295" pin="2"/><net_sink comp="301" pin=0"/></net>

<net id="305"><net_src comp="301" pin="1"/><net_sink comp="97" pin=2"/></net>

<net id="310"><net_src comp="268" pin="1"/><net_sink comp="306" pin=0"/></net>

<net id="311"><net_src comp="242" pin="1"/><net_sink comp="306" pin=1"/></net>

<net id="316"><net_src comp="160" pin="3"/><net_sink comp="312" pin=0"/></net>

<net id="317"><net_src comp="48" pin="0"/><net_sink comp="312" pin=1"/></net>

<net id="322"><net_src comp="142" pin="2"/><net_sink comp="318" pin=0"/></net>

<net id="327"><net_src comp="174" pin="3"/><net_sink comp="323" pin=0"/></net>

<net id="332"><net_src comp="312" pin="2"/><net_sink comp="328" pin=0"/></net>

<net id="337"><net_src comp="87" pin="7"/><net_sink comp="333" pin=0"/></net>

<net id="338"><net_src comp="66" pin="0"/><net_sink comp="333" pin=1"/></net>

<net id="344"><net_src comp="333" pin="2"/><net_sink comp="339" pin=0"/></net>

<net id="345"><net_src comp="87" pin="7"/><net_sink comp="339" pin=1"/></net>

<net id="346"><net_src comp="66" pin="0"/><net_sink comp="339" pin=2"/></net>

<net id="351"><net_src comp="87" pin="3"/><net_sink comp="347" pin=0"/></net>

<net id="352"><net_src comp="339" pin="3"/><net_sink comp="347" pin=1"/></net>

<net id="358"><net_src comp="347" pin="2"/><net_sink comp="353" pin=0"/></net>

<net id="359"><net_src comp="87" pin="3"/><net_sink comp="353" pin=1"/></net>

<net id="360"><net_src comp="339" pin="3"/><net_sink comp="353" pin=2"/></net>

<net id="361"><net_src comp="353" pin="3"/><net_sink comp="112" pin=1"/></net>

<net id="365"><net_src comp="362" pin="1"/><net_sink comp="105" pin=2"/></net>

<net id="369"><net_src comp="68" pin="1"/><net_sink comp="366" pin=0"/></net>

<net id="370"><net_src comp="366" pin="1"/><net_sink comp="128" pin=1"/></net>

<net id="371"><net_src comp="366" pin="1"/><net_sink comp="148" pin=0"/></net>

<net id="372"><net_src comp="366" pin="1"/><net_sink comp="328" pin=1"/></net>

<net id="376"><net_src comp="72" pin="1"/><net_sink comp="373" pin=0"/></net>

<net id="377"><net_src comp="373" pin="1"/><net_sink comp="123" pin=1"/></net>

<net id="378"><net_src comp="373" pin="1"/><net_sink comp="151" pin=0"/></net>

<net id="379"><net_src comp="373" pin="1"/><net_sink comp="323" pin=1"/></net>

<net id="383"><net_src comp="76" pin="1"/><net_sink comp="380" pin=0"/></net>

<net id="384"><net_src comp="380" pin="1"/><net_sink comp="118" pin=1"/></net>

<net id="385"><net_src comp="380" pin="1"/><net_sink comp="133" pin=0"/></net>

<net id="386"><net_src comp="380" pin="1"/><net_sink comp="318" pin=1"/></net>

<net id="393"><net_src comp="80" pin="3"/><net_sink comp="390" pin=0"/></net>

<net id="394"><net_src comp="390" pin="1"/><net_sink comp="87" pin=2"/></net>

<net id="398"><net_src comp="97" pin="3"/><net_sink comp="395" pin=0"/></net>

<net id="399"><net_src comp="395" pin="1"/><net_sink comp="87" pin=0"/></net>

<net id="403"><net_src comp="306" pin="2"/><net_sink comp="400" pin=0"/></net>

<net id="404"><net_src comp="400" pin="1"/><net_sink comp="362" pin=0"/></net>

</net_list>

</model> 
---------------- Datapath Model END ------------------

* FSMD analyzer results:
  - Output states:
	Port: OutPool0 | {2 }
 - Input state : 
	Port: CNN_Pipeline_loop_for_channel_pool_0_loop_for_weight_pool_0 : OutConv1 | {1 2 }
  - Chain level:
	State 1
		store_ln0 : 1
		store_ln8 : 1
		store_ln11 : 1
		indvar_flatten16_load : 1
		icmp_ln8 : 2
		add_ln8 : 2
		br_ln8 : 3
		y_load : 1
		z_load : 1
		icmp_ln11 : 2
		select_ln8 : 3
		add_ln8_1 : 2
		select_ln8_1 : 3
		empty : 4
		p_shl2 : 5
		tmp : 4
		p_shl3 : 5
		empty_195 : 6
		p_cast52_cast : 7
		p_shl : 5
		tmp_6 : 4
		p_shl1 : 5
		empty_196 : 6
		p_cast55_cast : 7
		tmp_s : 7
		tmp_8 : 8
		zext_ln11 : 9
		zext_ln11_1 : 4
		tmp_9 : 4
		zext_ln15 : 5
		add_ln15 : 8
		zext_ln16 : 9
		OutConv1_addr : 10
		pool_value : 11
		add_ln15_1 : 10
		zext_ln16_1 : 11
		OutConv1_addr_1 : 12
		pool_value_4 : 13
		add_ln19 : 8
		add_ln21 : 4
		store_ln8 : 3
		store_ln8 : 4
		store_ln11 : 5
	State 2
		icmp_ln17 : 1
		max : 2
		icmp_ln17_1 : 3
		max_4 : 4
		OutPool0_addr : 1
		store_ln20 : 5


============================================================
+ Verbose Summary: Datapath Resource usage 
============================================================

* Functional unit list:
|----------|----------------------|---------|---------|
| Operation|    Functional Unit   |    FF   |   LUT   |
|----------|----------------------|---------|---------|
|          |    add_ln8_fu_142    |    0    |    17   |
|          |   add_ln8_1_fu_168   |    0    |    10   |
|          |   empty_195_fu_206   |    0    |    17   |
|    add   |   empty_196_fu_236   |    0    |    16   |
|          |    add_ln15_fu_284   |    0    |    17   |
|          |   add_ln15_1_fu_295  |    0    |    17   |
|          |    add_ln19_fu_306   |    0    |    16   |
|          |    add_ln21_fu_312   |    0    |    15   |
|----------|----------------------|---------|---------|
|          |    icmp_ln8_fu_136   |    0    |    17   |
|   icmp   |   icmp_ln11_fu_154   |    0    |    15   |
|          |   icmp_ln17_fu_333   |    0    |    23   |
|          |  icmp_ln17_1_fu_347  |    0    |    23   |
|----------|----------------------|---------|---------|
|          |   select_ln8_fu_160  |    0    |    8    |
|  select  |  select_ln8_1_fu_174 |    0    |    3    |
|          |      max_fu_339      |    0    |    16   |
|          |     max_4_fu_353     |    0    |    16   |
|----------|----------------------|---------|---------|
|   trunc  |     empty_fu_182     |    0    |    0    |
|----------|----------------------|---------|---------|
|          |     p_shl2_fu_186    |    0    |    0    |
|          |      tmp_fu_194      |    0    |    0    |
|bitconcatenate|     p_shl_fu_216     |    0    |    0    |
|          |     tmp_6_fu_224     |    0    |    0    |
|          |     tmp_8_fu_256     |    0    |    0    |
|          |     tmp_9_fu_272     |    0    |    0    |
|----------|----------------------|---------|---------|
|          |     p_shl3_fu_202    |    0    |    0    |
|          | p_cast52_cast_fu_212 |    0    |    0    |
|          |     p_shl1_fu_232    |    0    |    0    |
|          | p_cast55_cast_fu_242 |    0    |    0    |
|   zext   |   zext_ln11_fu_264   |    0    |    0    |
|          |  zext_ln11_1_fu_268  |    0    |    0    |
|          |   zext_ln15_fu_280   |    0    |    0    |
|          |   zext_ln16_fu_290   |    0    |    0    |
|          |  zext_ln16_1_fu_301  |    0    |    0    |
|          |   zext_ln20_fu_362   |    0    |    0    |
|----------|----------------------|---------|---------|
|partselect|     tmp_s_fu_246     |    0    |    0    |
|----------|----------------------|---------|---------|
|   Total  |                      |    0    |   246   |
|----------|----------------------|---------|---------|

Memories:
N/A

* Register list:
+------------------------+--------+
|                        |   FF   |
+------------------------+--------+
| OutConv1_addr_1_reg_395|   11   |
|  OutConv1_addr_reg_390 |   11   |
|    add_ln19_reg_400    |   10   |
|indvar_flatten16_reg_380|   10   |
|        y_reg_366       |    8   |
|        z_reg_373       |    3   |
+------------------------+--------+
|          Total         |   53   |
+------------------------+--------+

* Multiplexer (MUX) list: 
|------------------|------|------|------|--------||---------||---------||---------|
|       Comp       |  Pin | Size |  BW  | S x BW ||  Delay  ||    FF   ||   LUT   |
|------------------|------|------|------|--------||---------||---------||---------|
| grp_access_fu_87 |  p0  |   2  |  11  |   22   ||    0    ||    9    |
| grp_access_fu_87 |  p2  |   2  |   0  |    0   ||    0    ||    9    |
|------------------|------|------|------|--------||---------||---------||---------|
|       Total      |      |      |      |   22   ||  0.854  ||    0    ||    18   |
|------------------|------|------|------|--------||---------||---------||---------|



* Summary:
+-----------+--------+--------+--------+
|           |  Delay |   FF   |   LUT  |
+-----------+--------+--------+--------+
|  Function |    -   |    0   |   246  |
|   Memory  |    -   |    -   |    -   |
|Multiplexer|    0   |    0   |   18   |
|  Register |    -   |   53   |    -   |
+-----------+--------+--------+--------+
|   Total   |    0   |   53   |   264  |
+-----------+--------+--------+--------+
