

================================================================
== Vitis HLS Report for 'CNN_Pipeline_loop_for_3_channel_pad_7_loop_for_channel_pad_7'
================================================================
* Date:           Mon Jul 14 02:16:40 2025

* Version:        2025.1 (Build 6135595 on May 21 2025)
* Project:        CNN_HLS
* Solution:       hls (Vivado IP Flow Target)
* Product family: zynquplus
* Target device:  xck26-sfvc784-2LV-c


================================================================
== Performance Estimates
================================================================
+ Timing: 
    * Summary: 
    +--------+----------+----------+------------+
    |  Clock |  Target  | Estimated| Uncertainty|
    +--------+----------+----------+------------+
    |ap_clk  |  10.00 ns|  2.933 ns|     2.70 ns|
    +--------+----------+----------+------------+

+ Latency: 
    * Summary: 
    +---------+---------+-----------+-----------+------+------+------------------------------------------------+
    |  Latency (cycles) |   Latency (absolute)  |   Interval  |                    Pipeline                    |
    |   min   |   max   |    min    |    max    |  min |  max |                      Type                      |
    +---------+---------+-----------+-----------+------+------+------------------------------------------------+
    |     1412|     1412|  14.120 us|  14.120 us|  1409|  1409|  loop auto-rewind stp (delay=0 clock cycles(s))|
    +---------+---------+-----------+-----------+------+------+------------------------------------------------+

    + Detail: 
        * Instance: 
        N/A

        * Loop: 
        +---------------------------------------------------+---------+---------+----------+-----------+-----------+------+----------+
        |                                                   |  Latency (cycles) | Iteration|  Initiation Interval  | Trip |          |
        |                     Loop Name                     |   min   |   max   |  Latency |  achieved |   target  | Count| Pipelined|
        +---------------------------------------------------+---------+---------+----------+-----------+-----------+------+----------+
        |- loop_for_3_channel_pad_7_loop_for_channel_pad_7  |     1410|     1410|         4|          1|          1|  1408|       yes|
        +---------------------------------------------------+---------+---------+----------+-----------+-----------+------+----------+



================================================================
== Utilization Estimates
================================================================
* Summary: 
+-----------------+---------+------+--------+--------+-----+
|       Name      | BRAM_18K|  DSP |   FF   |   LUT  | URAM|
+-----------------+---------+------+--------+--------+-----+
|DSP              |        -|     1|       -|       -|    -|
|Expression       |        -|     -|       0|     180|    -|
|FIFO             |        -|     -|       -|       -|    -|
|Instance         |        -|     -|       -|       -|    -|
|Memory           |        -|     -|       -|       -|    -|
|Multiplexer      |        -|     -|       0|      72|    -|
|Register         |        -|     -|      57|       -|    -|
+-----------------+---------+------+--------+--------+-----+
|Total            |        0|     1|      57|     252|    0|
+-----------------+---------+------+--------+--------+-----+
|Available        |      288|  1248|  234240|  117120|   64|
+-----------------+---------+------+--------+--------+-----+
|Utilization (%)  |        0|    ~0|      ~0|      ~0|    0|
+-----------------+---------+------+--------+--------+-----+

+ Detail: 
    * Instance: 
    N/A

    * DSP: 
    +------------------------------------+-------------------------------+--------------+
    |              Instance              |             Module            |  Expression  |
    +------------------------------------+-------------------------------+--------------+
    |mac_muladd_6ns_6ns_6ns_11_4_1_U374  |mac_muladd_6ns_6ns_6ns_11_4_1  |  i0 + i1 * i2|
    +------------------------------------+-------------------------------+--------------+

    * Memory: 
    N/A

    * FIFO: 
    N/A

    * Expression: 
    +--------------------------+----------+----+---+----+------------+------------+
    |       Variable Name      | Operation| DSP| FF| LUT| Bitwidth P0| Bitwidth P1|
    +--------------------------+----------+----+---+----+------------+------------+
    |add_ln187_1_fu_144_p2     |         +|   0|  0|  13|           6|           1|
    |add_ln187_fu_118_p2       |         +|   0|  0|  18|          11|           1|
    |add_ln189_1_fu_217_p2     |         +|   0|  0|  17|          11|          11|
    |add_ln189_fu_178_p2       |         +|   0|  0|  13|           6|           1|
    |add_ln190_1_fu_239_p2     |         +|   0|  0|  14|           7|           3|
    |add_ln190_2_fu_249_p2     |         +|   0|  0|  17|          11|          11|
    |icmp_ln187_fu_112_p2      |      icmp|   0|  0|  18|          11|          11|
    |icmp_ln189_fu_130_p2      |      icmp|   0|  0|  13|           6|           6|
    |icmp_ln190_1_fu_229_p2    |      icmp|   0|  0|  13|           6|           6|
    |icmp_ln190_fu_172_p2      |      icmp|   0|  0|  12|           5|           1|
    |or_ln190_fu_234_p2        |        or|   0|  0|   2|           1|           1|
    |select_ln187_1_fu_150_p3  |    select|   0|  0|   6|           1|           6|
    |select_ln187_fu_136_p3    |    select|   0|  0|   6|           1|           1|
    |storemerge609_fu_264_p3   |    select|   0|  0|  16|           1|           1|
    |ap_enable_pp0             |       xor|   0|  0|   2|           1|           2|
    +--------------------------+----------+----+---+----+------------+------------+
    |Total                     |          |   0|  0| 180|          85|          63|
    +--------------------------+----------+----+---+----+------------+------------+

    * Multiplexer: 
    +-----------------------------------------+----+-----------+-----+-----------+
    |                   Name                  | LUT| Input Size| Bits| Total Bits|
    +-----------------------------------------+----+-----------+-----+-----------+
    |ap_done_int                              |   9|          2|    1|          2|
    |ap_enable_reg_pp0_iter1                  |   9|          2|    1|          2|
    |ap_sig_allocacmp_c_load                  |   9|          2|    6|         12|
    |ap_sig_allocacmp_indvar_flatten147_load  |   9|          2|   11|         22|
    |ap_sig_allocacmp_n_load                  |   9|          2|    6|         12|
    |c_fu_60                                  |   9|          2|    6|         12|
    |indvar_flatten147_fu_64                  |   9|          2|   11|         22|
    |n_fu_56                                  |   9|          2|    6|         12|
    +-----------------------------------------+----+-----------+-----+-----------+
    |Total                                    |  72|         16|   48|         96|
    +-----------------------------------------+----+-----------+-----+-----------+

    * Register: 
    +--------------------------------------+----+----+-----+-----------+
    |                 Name                 | FF | LUT| Bits| Const Bits|
    +--------------------------------------+----+----+-----+-----------+
    |ap_CS_fsm                             |   1|   0|    1|          0|
    |ap_done_reg                           |   1|   0|    1|          0|
    |ap_enable_reg_pp0_iter1               |   1|   0|    1|          0|
    |ap_enable_reg_pp0_iter2               |   1|   0|    1|          0|
    |ap_enable_reg_pp0_iter3               |   1|   0|    1|          0|
    |ap_loop_exit_ready_pp0_iter1_reg      |   1|   0|    1|          0|
    |ap_loop_exit_ready_pp0_iter2_reg      |   1|   0|    1|          0|
    |c_fu_60                               |   6|   0|    6|          0|
    |icmp_ln190_reg_324                    |   1|   0|    1|          0|
    |icmp_ln190_reg_324_pp0_iter1_reg      |   1|   0|    1|          0|
    |indvar_flatten147_fu_64               |  11|   0|   11|          0|
    |n_fu_56                               |   6|   0|    6|          0|
    |or_ln190_reg_334                      |   1|   0|    1|          0|
    |select_ln187_1_reg_313                |   6|   0|    6|          0|
    |select_ln187_1_reg_313_pp0_iter1_reg  |   6|   0|    6|          0|
    |select_ln187_reg_306                  |   6|   0|    6|          0|
    |select_ln187_reg_306_pp0_iter1_reg    |   6|   0|    6|          0|
    +--------------------------------------+----+----+-----+-----------+
    |Total                                 |  57|   0|   57|          0|
    +--------------------------------------+----+----+-----+-----------+



================================================================
== Interface
================================================================
* Summary: 
+----------------------+-----+-----+------------+--------------------------------------------------------------+--------------+
|       RTL Ports      | Dir | Bits|  Protocol  |                         Source Object                        |    C Type    |
+----------------------+-----+-----+------------+--------------------------------------------------------------+--------------+
|ap_clk                |   in|    1|  ap_ctrl_hs|  CNN_Pipeline_loop_for_3_channel_pad_7_loop_for_channel_pad_7|  return value|
|ap_rst                |   in|    1|  ap_ctrl_hs|  CNN_Pipeline_loop_for_3_channel_pad_7_loop_for_channel_pad_7|  return value|
|ap_start              |   in|    1|  ap_ctrl_hs|  CNN_Pipeline_loop_for_3_channel_pad_7_loop_for_channel_pad_7|  return value|
|ap_done               |  out|    1|  ap_ctrl_hs|  CNN_Pipeline_loop_for_3_channel_pad_7_loop_for_channel_pad_7|  return value|
|ap_idle               |  out|    1|  ap_ctrl_hs|  CNN_Pipeline_loop_for_3_channel_pad_7_loop_for_channel_pad_7|  return value|
|ap_ready              |  out|    1|  ap_ctrl_hs|  CNN_Pipeline_loop_for_3_channel_pad_7_loop_for_channel_pad_7|  return value|
|OutPadConv7_address0  |  out|   11|   ap_memory|                                                   OutPadConv7|         array|
|OutPadConv7_ce0       |  out|    1|   ap_memory|                                                   OutPadConv7|         array|
|OutPadConv7_we0       |  out|    1|   ap_memory|                                                   OutPadConv7|         array|
|OutPadConv7_d0        |  out|   16|   ap_memory|                                                   OutPadConv7|         array|
|OutConv6_address0     |  out|   11|   ap_memory|                                                      OutConv6|         array|
|OutConv6_ce0          |  out|    1|   ap_memory|                                                      OutConv6|         array|
|OutConv6_q0           |   in|   16|   ap_memory|                                                      OutConv6|         array|
+----------------------+-----+-----+------------+--------------------------------------------------------------+--------------+

============================================================
+ Verbose Summary: Synthesis Manager
============================================================
InlineROM: 1
ExposeGlobal: 0
============================================================
+ Verbose Summary: CDFG Model
============================================================
IsTopModel: 0
ResetActiveHigh: 1
IsCombinational: 2
IsDatapathOnly: 2
HasWiredReturn: 1
HasMFsm: 2
HasVarLatency: 1
IsPipeline: 0
IsRtlPipelined: 0
IsInstanceOverlapped: 0
IsDontTouch: 0
HasImplIP: 0
IsGatedGlobalClock: 0

+ Individual pipeline summary: 
  * Pipeline-0: initiation interval (II) = 1, depth = 4


============================================================
+ Verbose Summary: Schedule
============================================================
* Number of FSM states : 4
* Pipeline : 1
  Pipeline-0 : II = 1, D = 4, States = { 1 2 3 4 }
* Dataflow Pipeline: 0

* FSM state transitions: 
1 --> 2 
2 --> 3 
3 --> 4 
4 --> 

* FSM state operations: 

State 1 <SV = 0> <Delay = 2.80>
ST_1 : Operation 7 [1/1] (0.00ns)   --->   "%n = alloca i32 1" [D:/PhamDuyHoang_LuongVanDai_DA2/CNN_nopad/Conv.cpp:189->D:/PhamDuyHoang_LuongVanDai_DA2/CNN_nopad/CNN.cpp:48]   --->   Operation 7 'alloca' 'n' <Predicate = true> <Delay = 0.00>
ST_1 : Operation 8 [1/1] (0.00ns)   --->   "%c = alloca i32 1" [D:/PhamDuyHoang_LuongVanDai_DA2/CNN_nopad/Conv.cpp:187->D:/PhamDuyHoang_LuongVanDai_DA2/CNN_nopad/CNN.cpp:48]   --->   Operation 8 'alloca' 'c' <Predicate = true> <Delay = 0.00>
ST_1 : Operation 9 [1/1] (0.00ns)   --->   "%indvar_flatten147 = alloca i32 1"   --->   Operation 9 'alloca' 'indvar_flatten147' <Predicate = true> <Delay = 0.00>
ST_1 : Operation 10 [1/1] (0.42ns)   --->   "%store_ln0 = store i11 0, i11 %indvar_flatten147"   --->   Operation 10 'store' 'store_ln0' <Predicate = true> <Delay = 0.42>
ST_1 : Operation 11 [1/1] (0.42ns)   --->   "%store_ln187 = store i6 0, i6 %c" [D:/PhamDuyHoang_LuongVanDai_DA2/CNN_nopad/Conv.cpp:187->D:/PhamDuyHoang_LuongVanDai_DA2/CNN_nopad/CNN.cpp:48]   --->   Operation 11 'store' 'store_ln187' <Predicate = true> <Delay = 0.42>
ST_1 : Operation 12 [1/1] (0.42ns)   --->   "%store_ln189 = store i6 0, i6 %n" [D:/PhamDuyHoang_LuongVanDai_DA2/CNN_nopad/Conv.cpp:189->D:/PhamDuyHoang_LuongVanDai_DA2/CNN_nopad/CNN.cpp:48]   --->   Operation 12 'store' 'store_ln189' <Predicate = true> <Delay = 0.42>
ST_1 : Operation 13 [1/1] (0.00ns)   --->   "%br_ln0 = br void %for.body4.i422"   --->   Operation 13 'br' 'br_ln0' <Predicate = true> <Delay = 0.00>
ST_1 : Operation 14 [1/1] (0.00ns)   --->   "%indvar_flatten147_load = load i11 %indvar_flatten147" [D:/PhamDuyHoang_LuongVanDai_DA2/CNN_nopad/Conv.cpp:187->D:/PhamDuyHoang_LuongVanDai_DA2/CNN_nopad/CNN.cpp:48]   --->   Operation 14 'load' 'indvar_flatten147_load' <Predicate = true> <Delay = 0.00>
ST_1 : Operation 15 [1/1] (0.79ns)   --->   "%icmp_ln187 = icmp_eq  i11 %indvar_flatten147_load, i11 1408" [D:/PhamDuyHoang_LuongVanDai_DA2/CNN_nopad/Conv.cpp:187->D:/PhamDuyHoang_LuongVanDai_DA2/CNN_nopad/CNN.cpp:48]   --->   Operation 15 'icmp' 'icmp_ln187' <Predicate = true> <Delay = 0.79> <CoreInst = "Cmp">   --->   Core 9 'Cmp' <Latency = 0> <II = 1> <Delay = 0.79> <FuncUnit> <Opcode : 'seteq' 'setne' 'setle' 'setge' 'setlt' 'setgt'> <InPorts = 2> <OutPorts = 1>
ST_1 : Operation 16 [1/1] (0.79ns)   --->   "%add_ln187 = add i11 %indvar_flatten147_load, i11 1" [D:/PhamDuyHoang_LuongVanDai_DA2/CNN_nopad/Conv.cpp:187->D:/PhamDuyHoang_LuongVanDai_DA2/CNN_nopad/CNN.cpp:48]   --->   Operation 16 'add' 'add_ln187' <Predicate = true> <Delay = 0.79> <CoreInst = "Adder">   --->   Core 1 'Adder' <Latency = 0> <II = 1> <Delay = 0.79> <FuncUnit> <Opcode : 'add' 'sub'> <InPorts = 2> <OutPorts = 1>
ST_1 : Operation 17 [1/1] (0.00ns)   --->   "%br_ln187 = br i1 %icmp_ln187, void %for.inc15.i434, void %loop_for_ap_7.i.preheader.exitStub" [D:/PhamDuyHoang_LuongVanDai_DA2/CNN_nopad/Conv.cpp:187->D:/PhamDuyHoang_LuongVanDai_DA2/CNN_nopad/CNN.cpp:48]   --->   Operation 17 'br' 'br_ln187' <Predicate = true> <Delay = 0.00>
ST_1 : Operation 18 [1/1] (0.00ns)   --->   "%n_load = load i6 %n" [D:/PhamDuyHoang_LuongVanDai_DA2/CNN_nopad/Conv.cpp:189->D:/PhamDuyHoang_LuongVanDai_DA2/CNN_nopad/CNN.cpp:48]   --->   Operation 18 'load' 'n_load' <Predicate = (!icmp_ln187)> <Delay = 0.00>
ST_1 : Operation 19 [1/1] (0.00ns)   --->   "%c_load = load i6 %c" [D:/PhamDuyHoang_LuongVanDai_DA2/CNN_nopad/Conv.cpp:187->D:/PhamDuyHoang_LuongVanDai_DA2/CNN_nopad/CNN.cpp:48]   --->   Operation 19 'load' 'c_load' <Predicate = (!icmp_ln187)> <Delay = 0.00>
ST_1 : Operation 20 [1/1] (0.78ns)   --->   "%icmp_ln189 = icmp_eq  i6 %n_load, i6 44" [D:/PhamDuyHoang_LuongVanDai_DA2/CNN_nopad/Conv.cpp:189->D:/PhamDuyHoang_LuongVanDai_DA2/CNN_nopad/CNN.cpp:48]   --->   Operation 20 'icmp' 'icmp_ln189' <Predicate = (!icmp_ln187)> <Delay = 0.78> <CoreInst = "Cmp">   --->   Core 9 'Cmp' <Latency = 0> <II = 1> <Delay = 0.78> <FuncUnit> <Opcode : 'seteq' 'setne' 'setle' 'setge' 'setlt' 'setgt'> <InPorts = 2> <OutPorts = 1>
ST_1 : Operation 21 [1/1] (0.38ns)   --->   "%select_ln187 = select i1 %icmp_ln189, i6 0, i6 %n_load" [D:/PhamDuyHoang_LuongVanDai_DA2/CNN_nopad/Conv.cpp:187->D:/PhamDuyHoang_LuongVanDai_DA2/CNN_nopad/CNN.cpp:48]   --->   Operation 21 'select' 'select_ln187' <Predicate = (!icmp_ln187)> <Delay = 0.38> <CoreInst = "Sel">   --->   Core 73 'Sel' <Latency = 0> <II = 1> <Delay = 0.38> <FuncUnit> <Opcode : 'select'> <InPorts = 3> <OutPorts = 1>
ST_1 : Operation 22 [1/1] (0.78ns)   --->   "%add_ln187_1 = add i6 %c_load, i6 1" [D:/PhamDuyHoang_LuongVanDai_DA2/CNN_nopad/Conv.cpp:187->D:/PhamDuyHoang_LuongVanDai_DA2/CNN_nopad/CNN.cpp:48]   --->   Operation 22 'add' 'add_ln187_1' <Predicate = (!icmp_ln187)> <Delay = 0.78> <CoreInst = "Adder">   --->   Core 1 'Adder' <Latency = 0> <II = 1> <Delay = 0.78> <FuncUnit> <Opcode : 'add' 'sub'> <InPorts = 2> <OutPorts = 1>
ST_1 : Operation 23 [1/1] (0.38ns)   --->   "%select_ln187_1 = select i1 %icmp_ln189, i6 %add_ln187_1, i6 %c_load" [D:/PhamDuyHoang_LuongVanDai_DA2/CNN_nopad/Conv.cpp:187->D:/PhamDuyHoang_LuongVanDai_DA2/CNN_nopad/CNN.cpp:48]   --->   Operation 23 'select' 'select_ln187_1' <Predicate = (!icmp_ln187)> <Delay = 0.38> <CoreInst = "Sel">   --->   Core 73 'Sel' <Latency = 0> <II = 1> <Delay = 0.38> <FuncUnit> <Opcode : 'select'> <InPorts = 3> <OutPorts = 1>
ST_1 : Operation 24 [1/1] (0.00ns)   --->   "%select_ln187_1_cast = zext i6 %select_ln187_1" [D:/PhamDuyHoang_LuongVanDai_DA2/CNN_nopad/Conv.cpp:187->D:/PhamDuyHoang_LuongVanDai_DA2/CNN_nopad/CNN.cpp:48]   --->   Operation 24 'zext' 'select_ln187_1_cast' <Predicate = (!icmp_ln187)> <Delay = 0.00>
ST_1 : Operation 25 [3/3] (0.99ns) (grouped into DSP with root node add_ln190)   --->   "%p_cast110 = mul i11 %select_ln187_1_cast, i11 44" [D:/PhamDuyHoang_LuongVanDai_DA2/CNN_nopad/Conv.cpp:187->D:/PhamDuyHoang_LuongVanDai_DA2/CNN_nopad/CNN.cpp:48]   --->   Operation 25 'mul' 'p_cast110' <Predicate = (!icmp_ln187)> <Delay = 0.99> <CoreInst = "DSP48">   --->   Core 124 'DSP48' <Latency = 3> <II = 1> <Delay = 0.53> <IPBlock> <Opcode : 'add' 'sub' 'mul' 'select'> <InPorts = 0> <OutPorts = 1> <Sync> <CReg>
ST_1 : Operation 26 [1/1] (0.00ns)   --->   "%tmp_10 = partselect i5 @_ssdm_op_PartSelect.i5.i6.i32.i32, i6 %select_ln187, i32 1, i32 5" [D:/PhamDuyHoang_LuongVanDai_DA2/CNN_nopad/Conv.cpp:190->D:/PhamDuyHoang_LuongVanDai_DA2/CNN_nopad/CNN.cpp:48]   --->   Operation 26 'partselect' 'tmp_10' <Predicate = (!icmp_ln187)> <Delay = 0.00>
ST_1 : Operation 27 [1/1] (0.78ns)   --->   "%icmp_ln190 = icmp_eq  i5 %tmp_10, i5 0" [D:/PhamDuyHoang_LuongVanDai_DA2/CNN_nopad/Conv.cpp:190->D:/PhamDuyHoang_LuongVanDai_DA2/CNN_nopad/CNN.cpp:48]   --->   Operation 27 'icmp' 'icmp_ln190' <Predicate = (!icmp_ln187)> <Delay = 0.78> <CoreInst = "Cmp">   --->   Core 9 'Cmp' <Latency = 0> <II = 1> <Delay = 0.78> <FuncUnit> <Opcode : 'seteq' 'setne' 'setle' 'setge' 'setlt' 'setgt'> <InPorts = 2> <OutPorts = 1>
ST_1 : Operation 28 [1/1] (0.78ns)   --->   "%add_ln189 = add i6 %select_ln187, i6 1" [D:/PhamDuyHoang_LuongVanDai_DA2/CNN_nopad/Conv.cpp:189->D:/PhamDuyHoang_LuongVanDai_DA2/CNN_nopad/CNN.cpp:48]   --->   Operation 28 'add' 'add_ln189' <Predicate = (!icmp_ln187)> <Delay = 0.78> <CoreInst = "Adder">   --->   Core 1 'Adder' <Latency = 0> <II = 1> <Delay = 0.78> <FuncUnit> <Opcode : 'add' 'sub'> <InPorts = 2> <OutPorts = 1>
ST_1 : Operation 29 [1/1] (0.42ns)   --->   "%store_ln187 = store i11 %add_ln187, i11 %indvar_flatten147" [D:/PhamDuyHoang_LuongVanDai_DA2/CNN_nopad/Conv.cpp:187->D:/PhamDuyHoang_LuongVanDai_DA2/CNN_nopad/CNN.cpp:48]   --->   Operation 29 'store' 'store_ln187' <Predicate = (!icmp_ln187)> <Delay = 0.42>
ST_1 : Operation 30 [1/1] (0.42ns)   --->   "%store_ln187 = store i6 %select_ln187_1, i6 %c" [D:/PhamDuyHoang_LuongVanDai_DA2/CNN_nopad/Conv.cpp:187->D:/PhamDuyHoang_LuongVanDai_DA2/CNN_nopad/CNN.cpp:48]   --->   Operation 30 'store' 'store_ln187' <Predicate = (!icmp_ln187)> <Delay = 0.42>
ST_1 : Operation 31 [1/1] (0.42ns)   --->   "%store_ln189 = store i6 %add_ln189, i6 %n" [D:/PhamDuyHoang_LuongVanDai_DA2/CNN_nopad/Conv.cpp:189->D:/PhamDuyHoang_LuongVanDai_DA2/CNN_nopad/CNN.cpp:48]   --->   Operation 31 'store' 'store_ln189' <Predicate = (!icmp_ln187)> <Delay = 0.42>

State 2 <SV = 1> <Delay = 0.99>
ST_2 : Operation 32 [2/3] (0.99ns) (grouped into DSP with root node add_ln190)   --->   "%p_cast110 = mul i11 %select_ln187_1_cast, i11 44" [D:/PhamDuyHoang_LuongVanDai_DA2/CNN_nopad/Conv.cpp:187->D:/PhamDuyHoang_LuongVanDai_DA2/CNN_nopad/CNN.cpp:48]   --->   Operation 32 'mul' 'p_cast110' <Predicate = true> <Delay = 0.99> <CoreInst = "DSP48">   --->   Core 124 'DSP48' <Latency = 3> <II = 1> <Delay = 0.53> <IPBlock> <Opcode : 'add' 'sub' 'mul' 'select'> <InPorts = 0> <OutPorts = 1> <Sync> <CReg>

State 3 <SV = 2> <Delay = 2.93>
ST_3 : Operation 33 [1/3] (0.00ns) (grouped into DSP with root node add_ln190)   --->   "%p_cast110 = mul i11 %select_ln187_1_cast, i11 44" [D:/PhamDuyHoang_LuongVanDai_DA2/CNN_nopad/Conv.cpp:187->D:/PhamDuyHoang_LuongVanDai_DA2/CNN_nopad/CNN.cpp:48]   --->   Operation 33 'mul' 'p_cast110' <Predicate = true> <Delay = 0.00> <CoreInst = "DSP48">   --->   Core 124 'DSP48' <Latency = 3> <II = 1> <Delay = 0.53> <IPBlock> <Opcode : 'add' 'sub' 'mul' 'select'> <InPorts = 0> <OutPorts = 1> <Sync> <CReg>
ST_3 : Operation 34 [1/1] (0.00ns)   --->   "%p_shl = bitconcatenate i11 @_ssdm_op_BitConcatenate.i11.i6.i5, i6 %select_ln187_1, i5 0" [D:/PhamDuyHoang_LuongVanDai_DA2/CNN_nopad/Conv.cpp:189->D:/PhamDuyHoang_LuongVanDai_DA2/CNN_nopad/CNN.cpp:48]   --->   Operation 34 'bitconcatenate' 'p_shl' <Predicate = true> <Delay = 0.00>
ST_3 : Operation 35 [1/1] (0.00ns)   --->   "%tmp = bitconcatenate i9 @_ssdm_op_BitConcatenate.i9.i6.i3, i6 %select_ln187_1, i3 0" [D:/PhamDuyHoang_LuongVanDai_DA2/CNN_nopad/Conv.cpp:189->D:/PhamDuyHoang_LuongVanDai_DA2/CNN_nopad/CNN.cpp:48]   --->   Operation 35 'bitconcatenate' 'tmp' <Predicate = true> <Delay = 0.00>
ST_3 : Operation 36 [1/1] (0.00ns)   --->   "%zext_ln189_2 = zext i9 %tmp" [D:/PhamDuyHoang_LuongVanDai_DA2/CNN_nopad/Conv.cpp:189->D:/PhamDuyHoang_LuongVanDai_DA2/CNN_nopad/CNN.cpp:48]   --->   Operation 36 'zext' 'zext_ln189_2' <Predicate = true> <Delay = 0.00>
ST_3 : Operation 37 [1/1] (0.00ns) (grouped into TernaryAdder)   --->   "%add_ln189_1 = add i11 %p_shl, i11 %zext_ln189_2" [D:/PhamDuyHoang_LuongVanDai_DA2/CNN_nopad/Conv.cpp:189->D:/PhamDuyHoang_LuongVanDai_DA2/CNN_nopad/CNN.cpp:48]   --->   Operation 37 'add' 'add_ln189_1' <Predicate = true> <Delay = 0.00> <CoreInst = "TAddSub">   --->   Core 10 'TAddSub' <Latency = 0> <II = 1> <Delay = 0.45> <IPBlock> <Opcode : 'add' 'sub'> <InPorts = 3> <OutPorts = 1> <Sync> <CReg>
ST_3 : Operation 38 [1/1] (0.00ns)   --->   "%zext_ln189 = zext i6 %select_ln187" [D:/PhamDuyHoang_LuongVanDai_DA2/CNN_nopad/Conv.cpp:189->D:/PhamDuyHoang_LuongVanDai_DA2/CNN_nopad/CNN.cpp:48]   --->   Operation 38 'zext' 'zext_ln189' <Predicate = true> <Delay = 0.00>
ST_3 : Operation 39 [1/1] (0.00ns)   --->   "%zext_ln189_1 = zext i6 %select_ln187" [D:/PhamDuyHoang_LuongVanDai_DA2/CNN_nopad/Conv.cpp:189->D:/PhamDuyHoang_LuongVanDai_DA2/CNN_nopad/CNN.cpp:48]   --->   Operation 39 'zext' 'zext_ln189_1' <Predicate = true> <Delay = 0.00>
ST_3 : Operation 40 [1/1] (0.78ns)   --->   "%icmp_ln190_1 = icmp_ugt  i6 %select_ln187, i6 41" [D:/PhamDuyHoang_LuongVanDai_DA2/CNN_nopad/Conv.cpp:190->D:/PhamDuyHoang_LuongVanDai_DA2/CNN_nopad/CNN.cpp:48]   --->   Operation 40 'icmp' 'icmp_ln190_1' <Predicate = true> <Delay = 0.78> <CoreInst = "Cmp">   --->   Core 9 'Cmp' <Latency = 0> <II = 1> <Delay = 0.78> <FuncUnit> <Opcode : 'seteq' 'setne' 'setle' 'setge' 'setlt' 'setgt'> <InPorts = 2> <OutPorts = 1>
ST_3 : Operation 41 [1/1] (0.28ns)   --->   "%or_ln190 = or i1 %icmp_ln190, i1 %icmp_ln190_1" [D:/PhamDuyHoang_LuongVanDai_DA2/CNN_nopad/Conv.cpp:190->D:/PhamDuyHoang_LuongVanDai_DA2/CNN_nopad/CNN.cpp:48]   --->   Operation 41 'or' 'or_ln190' <Predicate = true> <Delay = 0.28> <CoreInst = "LogicGate">   --->   Core 74 'LogicGate' <Latency = 0> <II = 1> <Delay = 0.28> <FuncUnit> <Opcode : 'and' 'or' 'xor'> <InPorts = 2> <OutPorts = 1>
ST_3 : Operation 42 [2/2] (0.64ns) (root node of the DSP)   --->   "%add_ln190 = add i11 %zext_ln189, i11 %p_cast110" [D:/PhamDuyHoang_LuongVanDai_DA2/CNN_nopad/Conv.cpp:190->D:/PhamDuyHoang_LuongVanDai_DA2/CNN_nopad/CNN.cpp:48]   --->   Operation 42 'add' 'add_ln190' <Predicate = true> <Delay = 0.64> <CoreInst = "DSP48">   --->   Core 124 'DSP48' <Latency = 3> <II = 1> <Delay = 0.53> <IPBlock> <Opcode : 'add' 'sub' 'mul' 'select'> <InPorts = 0> <OutPorts = 1> <Sync> <CReg>
ST_3 : Operation 43 [1/1] (0.78ns)   --->   "%add_ln190_1 = add i7 %zext_ln189_1, i7 126" [D:/PhamDuyHoang_LuongVanDai_DA2/CNN_nopad/Conv.cpp:190->D:/PhamDuyHoang_LuongVanDai_DA2/CNN_nopad/CNN.cpp:48]   --->   Operation 43 'add' 'add_ln190_1' <Predicate = true> <Delay = 0.78> <CoreInst = "Adder">   --->   Core 1 'Adder' <Latency = 0> <II = 1> <Delay = 0.77> <FuncUnit> <Opcode : 'add' 'sub'> <InPorts = 2> <OutPorts = 1>
ST_3 : Operation 44 [1/1] (0.00ns)   --->   "%sext_ln190 = sext i7 %add_ln190_1" [D:/PhamDuyHoang_LuongVanDai_DA2/CNN_nopad/Conv.cpp:190->D:/PhamDuyHoang_LuongVanDai_DA2/CNN_nopad/CNN.cpp:48]   --->   Operation 44 'sext' 'sext_ln190' <Predicate = true> <Delay = 0.00>
ST_3 : Operation 45 [1/1] (0.91ns) (root node of TernaryAdder)   --->   "%add_ln190_2 = add i11 %sext_ln190, i11 %add_ln189_1" [D:/PhamDuyHoang_LuongVanDai_DA2/CNN_nopad/Conv.cpp:190->D:/PhamDuyHoang_LuongVanDai_DA2/CNN_nopad/CNN.cpp:48]   --->   Operation 45 'add' 'add_ln190_2' <Predicate = true> <Delay = 0.91> <CoreInst = "TAddSub">   --->   Core 10 'TAddSub' <Latency = 0> <II = 1> <Delay = 0.45> <IPBlock> <Opcode : 'add' 'sub'> <InPorts = 3> <OutPorts = 1> <Sync> <CReg>
ST_3 : Operation 46 [1/1] (0.00ns)   --->   "%zext_ln190_1 = zext i11 %add_ln190_2" [D:/PhamDuyHoang_LuongVanDai_DA2/CNN_nopad/Conv.cpp:190->D:/PhamDuyHoang_LuongVanDai_DA2/CNN_nopad/CNN.cpp:48]   --->   Operation 46 'zext' 'zext_ln190_1' <Predicate = true> <Delay = 0.00>
ST_3 : Operation 47 [1/1] (0.00ns)   --->   "%OutConv6_addr = getelementptr i16 %OutConv6, i64 0, i64 %zext_ln190_1" [D:/PhamDuyHoang_LuongVanDai_DA2/CNN_nopad/Conv.cpp:190->D:/PhamDuyHoang_LuongVanDai_DA2/CNN_nopad/CNN.cpp:48]   --->   Operation 47 'getelementptr' 'OutConv6_addr' <Predicate = true> <Delay = 0.00>
ST_3 : Operation 48 [2/2] (1.23ns)   --->   "%OutConv6_load = load i11 %OutConv6_addr" [D:/PhamDuyHoang_LuongVanDai_DA2/CNN_nopad/Conv.cpp:190->D:/PhamDuyHoang_LuongVanDai_DA2/CNN_nopad/CNN.cpp:48]   --->   Operation 48 'load' 'OutConv6_load' <Predicate = true> <Delay = 1.23> <CoreInst = "RAM">   --->   Core 82 'RAM' <Latency = 1> <II = 1> <Delay = 1.23> <Storage> <Opcode : 'load' 'store'> <Ports = 2> <Width = 16> <Depth = 1280> <RAM>
ST_3 : Operation 59 [1/1] (0.42ns)   --->   "%ret_ln0 = ret"   --->   Operation 59 'ret' 'ret_ln0' <Predicate = (icmp_ln187)> <Delay = 0.42>

State 4 <SV = 3> <Delay = 2.83>
ST_4 : Operation 49 [1/1] (0.00ns)   --->   "%specloopname_ln0 = specloopname void @_ssdm_op_SpecLoopName, void @loop_for_3_channel_pad_7_loop_for_channel_pad_7_str"   --->   Operation 49 'specloopname' 'specloopname_ln0' <Predicate = true> <Delay = 0.00>
ST_4 : Operation 50 [1/1] (0.00ns)   --->   "%speclooptripcount_ln0 = speclooptripcount void @_ssdm_op_SpecLoopTripCount, i64 1408, i64 1408, i64 1408"   --->   Operation 50 'speclooptripcount' 'speclooptripcount_ln0' <Predicate = true> <Delay = 0.00>
ST_4 : Operation 51 [1/1] (0.00ns)   --->   "%specpipeline_ln189 = specpipeline void @_ssdm_op_SpecPipeline, i32 4294967295, i32 0, i32 0, i32 0, void @empty_12" [D:/PhamDuyHoang_LuongVanDai_DA2/CNN_nopad/Conv.cpp:189->D:/PhamDuyHoang_LuongVanDai_DA2/CNN_nopad/CNN.cpp:48]   --->   Operation 51 'specpipeline' 'specpipeline_ln189' <Predicate = true> <Delay = 0.00>
ST_4 : Operation 52 [1/2] (0.64ns) (root node of the DSP)   --->   "%add_ln190 = add i11 %zext_ln189, i11 %p_cast110" [D:/PhamDuyHoang_LuongVanDai_DA2/CNN_nopad/Conv.cpp:190->D:/PhamDuyHoang_LuongVanDai_DA2/CNN_nopad/CNN.cpp:48]   --->   Operation 52 'add' 'add_ln190' <Predicate = true> <Delay = 0.64> <CoreInst = "DSP48">   --->   Core 124 'DSP48' <Latency = 3> <II = 1> <Delay = 0.53> <IPBlock> <Opcode : 'add' 'sub' 'mul' 'select'> <InPorts = 0> <OutPorts = 1> <Sync> <CReg>
ST_4 : Operation 53 [1/1] (0.00ns)   --->   "%zext_ln190 = zext i11 %add_ln190" [D:/PhamDuyHoang_LuongVanDai_DA2/CNN_nopad/Conv.cpp:190->D:/PhamDuyHoang_LuongVanDai_DA2/CNN_nopad/CNN.cpp:48]   --->   Operation 53 'zext' 'zext_ln190' <Predicate = true> <Delay = 0.00>
ST_4 : Operation 54 [1/1] (0.00ns)   --->   "%OutPadConv7_addr = getelementptr i16 %OutPadConv7, i64 0, i64 %zext_ln190" [D:/PhamDuyHoang_LuongVanDai_DA2/CNN_nopad/Conv.cpp:190->D:/PhamDuyHoang_LuongVanDai_DA2/CNN_nopad/CNN.cpp:48]   --->   Operation 54 'getelementptr' 'OutPadConv7_addr' <Predicate = true> <Delay = 0.00>
ST_4 : Operation 55 [1/2] ( I:1.23ns O:1.23ns )   --->   "%OutConv6_load = load i11 %OutConv6_addr" [D:/PhamDuyHoang_LuongVanDai_DA2/CNN_nopad/Conv.cpp:190->D:/PhamDuyHoang_LuongVanDai_DA2/CNN_nopad/CNN.cpp:48]   --->   Operation 55 'load' 'OutConv6_load' <Predicate = true> <Delay = 1.23> <CoreInst = "RAM">   --->   Core 82 'RAM' <Latency = 1> <II = 1> <Delay = 1.23> <Storage> <Opcode : 'load' 'store'> <Ports = 2> <Width = 16> <Depth = 1280> <RAM>
ST_4 : Operation 56 [1/1] (0.35ns)   --->   "%storemerge609 = select i1 %or_ln190, i16 0, i16 %OutConv6_load" [D:/PhamDuyHoang_LuongVanDai_DA2/CNN_nopad/Conv.cpp:190->D:/PhamDuyHoang_LuongVanDai_DA2/CNN_nopad/CNN.cpp:48]   --->   Operation 56 'select' 'storemerge609' <Predicate = true> <Delay = 0.35> <CoreInst = "Sel">   --->   Core 73 'Sel' <Latency = 0> <II = 1> <Delay = 0.35> <FuncUnit> <Opcode : 'select'> <InPorts = 3> <OutPorts = 1>
ST_4 : Operation 57 [1/1] ( I:1.23ns O:1.23ns )   --->   "%store_ln190 = store i16 %storemerge609, i11 %OutPadConv7_addr" [D:/PhamDuyHoang_LuongVanDai_DA2/CNN_nopad/Conv.cpp:190->D:/PhamDuyHoang_LuongVanDai_DA2/CNN_nopad/CNN.cpp:48]   --->   Operation 57 'store' 'store_ln190' <Predicate = true> <Delay = 1.23> <CoreInst = "RAM">   --->   Core 82 'RAM' <Latency = 1> <II = 1> <Delay = 1.23> <Storage> <Opcode : 'load' 'store'> <Ports = 2> <Width = 16> <Depth = 1408> <RAM>
ST_4 : Operation 58 [1/1] (0.00ns)   --->   "%br_ln189 = br void %for.body4.i422" [D:/PhamDuyHoang_LuongVanDai_DA2/CNN_nopad/Conv.cpp:189->D:/PhamDuyHoang_LuongVanDai_DA2/CNN_nopad/CNN.cpp:48]   --->   Operation 58 'br' 'br_ln189' <Predicate = true> <Delay = 0.00>


============================================================
+ Verbose Summary: Binding
============================================================
STG Binding: 
---------------- STG Properties BEGIN ----------------
- Is combinational: 0
- Is one-state seq: 0
- Is datapath-only: 0
- Is pipelined: 0
- Is top level: 0
Port [ Return ] is wired: 1; IO mode=ap_ctrl_hs:ce=0
Port [ OutPadConv7]:  wired=1; compound=1; hidden=0; nouse=0; global=0; static=0; extern=0; dir=1; type=1; pingpong=0; private_global=0; MemPort=[03]; IO mode=ap_memory:ce=0
Port [ OutConv6]:  wired=1; compound=1; hidden=0; nouse=0; global=0; static=0; extern=0; dir=0; type=1; pingpong=0; private_global=0; MemPort=[13]; IO mode=ap_memory:ce=0
---------------- STG Properties END ------------------

---------------- Datapath Model BEGIN ----------------

<LifeTime>
<method=bitvector/>
n                      (alloca           ) [ 01000]
c                      (alloca           ) [ 01000]
indvar_flatten147      (alloca           ) [ 01000]
store_ln0              (store            ) [ 00000]
store_ln187            (store            ) [ 00000]
store_ln189            (store            ) [ 00000]
br_ln0                 (br               ) [ 00000]
indvar_flatten147_load (load             ) [ 00000]
icmp_ln187             (icmp             ) [ 01110]
add_ln187              (add              ) [ 00000]
br_ln187               (br               ) [ 00000]
n_load                 (load             ) [ 00000]
c_load                 (load             ) [ 00000]
icmp_ln189             (icmp             ) [ 00000]
select_ln187           (select           ) [ 01110]
add_ln187_1            (add              ) [ 00000]
select_ln187_1         (select           ) [ 01110]
select_ln187_1_cast    (zext             ) [ 01110]
tmp_10                 (partselect       ) [ 00000]
icmp_ln190             (icmp             ) [ 01110]
add_ln189              (add              ) [ 00000]
store_ln187            (store            ) [ 00000]
store_ln187            (store            ) [ 00000]
store_ln189            (store            ) [ 00000]
p_cast110              (mul              ) [ 01001]
p_shl                  (bitconcatenate   ) [ 00000]
tmp                    (bitconcatenate   ) [ 00000]
zext_ln189_2           (zext             ) [ 00000]
add_ln189_1            (add              ) [ 00000]
zext_ln189             (zext             ) [ 01001]
zext_ln189_1           (zext             ) [ 00000]
icmp_ln190_1           (icmp             ) [ 00000]
or_ln190               (or               ) [ 01001]
add_ln190_1            (add              ) [ 00000]
sext_ln190             (sext             ) [ 00000]
add_ln190_2            (add              ) [ 00000]
zext_ln190_1           (zext             ) [ 00000]
OutConv6_addr          (getelementptr    ) [ 01001]
specloopname_ln0       (specloopname     ) [ 00000]
speclooptripcount_ln0  (speclooptripcount) [ 00000]
specpipeline_ln189     (specpipeline     ) [ 00000]
add_ln190              (add              ) [ 00000]
zext_ln190             (zext             ) [ 00000]
OutPadConv7_addr       (getelementptr    ) [ 00000]
OutConv6_load          (load             ) [ 00000]
storemerge609          (select           ) [ 00000]
store_ln190            (store            ) [ 00000]
br_ln189               (br               ) [ 00000]
ret_ln0                (ret              ) [ 00000]
</LifeTime>

<model>

<comp_list>
<comp id="0" class="1000" name="OutPadConv7">
<pin_list>
<pin id="1" dir="1" index="0" bw="1" slack="0"/>
</pin_list>
<bind>
<StgValue><ssdm name="OutPadConv7"/><MemPortTyVec>0 3 </MemPortTyVec>
</StgValue>
</bind>
</comp>

<comp id="2" class="1000" name="OutConv6">
<pin_list>
<pin id="3" dir="1" index="0" bw="1" slack="0"/>
</pin_list>
<bind>
<StgValue><ssdm name="OutConv6"/><MemPortTyVec>1 3 </MemPortTyVec>
</StgValue>
</bind>
</comp>

<comp id="4" class="1001" name="const_4">
<pin_list>
<pin id="5" dir="1" index="0" bw="1" slack="0"/>
</pin_list>
<bind>
<StgValue><ssdm name=""/></StgValue>
</bind>
</comp>

<comp id="6" class="1001" name="const_6">
<pin_list>
<pin id="7" dir="1" index="0" bw="1" slack="0"/>
</pin_list>
<bind>
<StgValue><ssdm name=""/></StgValue>
</bind>
</comp>

<comp id="8" class="1001" name="const_8">
<pin_list>
<pin id="9" dir="1" index="0" bw="1" slack="0"/>
</pin_list>
<bind>
<StgValue><ssdm name=""/></StgValue>
</bind>
</comp>

<comp id="10" class="1001" name="const_10">
<pin_list>
<pin id="11" dir="1" index="0" bw="1" slack="0"/>
</pin_list>
<bind>
<StgValue><ssdm name=""/></StgValue>
</bind>
</comp>

<comp id="12" class="1001" name="const_12">
<pin_list>
<pin id="13" dir="1" index="0" bw="1" slack="0"/>
</pin_list>
<bind>
<StgValue><ssdm name=""/></StgValue>
</bind>
</comp>

<comp id="14" class="1001" name="const_14">
<pin_list>
<pin id="15" dir="1" index="0" bw="1" slack="0"/>
</pin_list>
<bind>
<StgValue><ssdm name=""/></StgValue>
</bind>
</comp>

<comp id="16" class="1001" name="const_16">
<pin_list>
<pin id="17" dir="1" index="0" bw="1" slack="0"/>
</pin_list>
<bind>
<StgValue><ssdm name=""/></StgValue>
</bind>
</comp>

<comp id="18" class="1001" name="const_18">
<pin_list>
<pin id="19" dir="1" index="0" bw="1" slack="0"/>
</pin_list>
<bind>
<StgValue><ssdm name=""/></StgValue>
</bind>
</comp>

<comp id="20" class="1001" name="const_20">
<pin_list>
<pin id="21" dir="1" index="0" bw="1" slack="0"/>
</pin_list>
<bind>
<StgValue><ssdm name="_ssdm_op_PartSelect.i5.i6.i32.i32"/></StgValue>
</bind>
</comp>

<comp id="22" class="1001" name="const_22">
<pin_list>
<pin id="23" dir="1" index="0" bw="1" slack="0"/>
</pin_list>
<bind>
<StgValue><ssdm name=""/></StgValue>
</bind>
</comp>

<comp id="24" class="1001" name="const_24">
<pin_list>
<pin id="25" dir="1" index="0" bw="1" slack="0"/>
</pin_list>
<bind>
<StgValue><ssdm name=""/></StgValue>
</bind>
</comp>

<comp id="26" class="1001" name="const_26">
<pin_list>
<pin id="27" dir="1" index="0" bw="1" slack="0"/>
</pin_list>
<bind>
<StgValue><ssdm name="_ssdm_op_BitConcatenate.i11.i6.i5"/></StgValue>
</bind>
</comp>

<comp id="28" class="1001" name="const_28">
<pin_list>
<pin id="29" dir="1" index="0" bw="1" slack="0"/>
</pin_list>
<bind>
<StgValue><ssdm name="_ssdm_op_BitConcatenate.i9.i6.i3"/></StgValue>
</bind>
</comp>

<comp id="30" class="1001" name="const_30">
<pin_list>
<pin id="31" dir="1" index="0" bw="1" slack="0"/>
</pin_list>
<bind>
<StgValue><ssdm name=""/></StgValue>
</bind>
</comp>

<comp id="32" class="1001" name="const_32">
<pin_list>
<pin id="33" dir="1" index="0" bw="1" slack="0"/>
</pin_list>
<bind>
<StgValue><ssdm name=""/></StgValue>
</bind>
</comp>

<comp id="34" class="1001" name="const_34">
<pin_list>
<pin id="35" dir="1" index="0" bw="1" slack="0"/>
</pin_list>
<bind>
<StgValue><ssdm name=""/></StgValue>
</bind>
</comp>

<comp id="36" class="1001" name="const_36">
<pin_list>
<pin id="37" dir="1" index="0" bw="1" slack="0"/>
</pin_list>
<bind>
<StgValue><ssdm name=""/></StgValue>
</bind>
</comp>

<comp id="38" class="1001" name="const_38">
<pin_list>
<pin id="39" dir="1" index="0" bw="1" slack="2147483647"/>
</pin_list>
<bind>
<StgValue><ssdm name="_ssdm_op_SpecLoopName"/></StgValue>
</bind>
</comp>

<comp id="40" class="1001" name="const_40">
<pin_list>
<pin id="41" dir="1" index="0" bw="1" slack="2147483647"/>
</pin_list>
<bind>
<StgValue><ssdm name="loop_for_3_channel_pad_7_loop_for_channel_pad_7_str"/></StgValue>
</bind>
</comp>

<comp id="42" class="1001" name="const_42">
<pin_list>
<pin id="43" dir="1" index="0" bw="1" slack="2147483647"/>
</pin_list>
<bind>
<StgValue><ssdm name="_ssdm_op_SpecLoopTripCount"/></StgValue>
</bind>
</comp>

<comp id="44" class="1001" name="const_44">
<pin_list>
<pin id="45" dir="1" index="0" bw="1" slack="2147483647"/>
</pin_list>
<bind>
<StgValue><ssdm name=""/></StgValue>
</bind>
</comp>

<comp id="46" class="1001" name="const_46">
<pin_list>
<pin id="47" dir="1" index="0" bw="1" slack="2147483647"/>
</pin_list>
<bind>
<StgValue><ssdm name="_ssdm_op_SpecPipeline"/></StgValue>
</bind>
</comp>

<comp id="48" class="1001" name="const_48">
<pin_list>
<pin id="49" dir="1" index="0" bw="1" slack="2147483647"/>
</pin_list>
<bind>
<StgValue><ssdm name=""/></StgValue>
</bind>
</comp>

<comp id="50" class="1001" name="const_50">
<pin_list>
<pin id="51" dir="1" index="0" bw="1" slack="2147483647"/>
</pin_list>
<bind>
<StgValue><ssdm name=""/></StgValue>
</bind>
</comp>

<comp id="52" class="1001" name="const_52">
<pin_list>
<pin id="53" dir="1" index="0" bw="1" slack="2147483647"/>
</pin_list>
<bind>
<StgValue><ssdm name="empty_12"/></StgValue>
</bind>
</comp>

<comp id="54" class="1001" name="const_54">
<pin_list>
<pin id="55" dir="1" index="0" bw="1" slack="0"/>
</pin_list>
<bind>
<StgValue><ssdm name=""/></StgValue>
</bind>
</comp>

<comp id="56" class="1004" name="n_fu_56">
<pin_list>
<pin id="57" dir="0" index="0" bw="1" slack="0"/>
<pin id="58" dir="1" index="1" bw="6" slack="0"/>
</pin_list>
<bind>
<opcode="alloca(26) " fcode="alloca"/>
<opset="n/1 "/>
</bind>
</comp>

<comp id="60" class="1004" name="c_fu_60">
<pin_list>
<pin id="61" dir="0" index="0" bw="1" slack="0"/>
<pin id="62" dir="1" index="1" bw="6" slack="0"/>
</pin_list>
<bind>
<opcode="alloca(26) " fcode="alloca"/>
<opset="c/1 "/>
</bind>
</comp>

<comp id="64" class="1004" name="indvar_flatten147_fu_64">
<pin_list>
<pin id="65" dir="0" index="0" bw="1" slack="0"/>
<pin id="66" dir="1" index="1" bw="11" slack="0"/>
</pin_list>
<bind>
<opcode="alloca(26) " fcode="alloca"/>
<opset="indvar_flatten147/1 "/>
</bind>
</comp>

<comp id="68" class="1004" name="OutConv6_addr_gep_fu_68">
<pin_list>
<pin id="69" dir="0" index="0" bw="16" slack="0"/>
<pin id="70" dir="0" index="1" bw="1" slack="0"/>
<pin id="71" dir="0" index="2" bw="11" slack="0"/>
<pin id="72" dir="1" index="3" bw="11" slack="0"/>
</pin_list>
<bind>
<opcode="getelementptr(29) " fcode="getelementptr"/>
<opset="OutConv6_addr/3 "/>
</bind>
</comp>

<comp id="75" class="1004" name="grp_access_fu_75">
<pin_list>
<pin id="76" dir="0" index="0" bw="11" slack="0"/>
<pin id="77" dir="0" index="1" bw="16" slack="2147483647"/>
<pin id="78" dir="0" index="2" bw="0" slack="2147483647"/>
<pin id="79" dir="1" index="3" bw="16" slack="0"/>
</pin_list>
<bind>
<opcode="load(27) " fcode="load"/>
<opset="OutConv6_load/3 "/>
</bind>
</comp>

<comp id="81" class="1004" name="OutPadConv7_addr_gep_fu_81">
<pin_list>
<pin id="82" dir="0" index="0" bw="16" slack="0"/>
<pin id="83" dir="0" index="1" bw="1" slack="0"/>
<pin id="84" dir="0" index="2" bw="11" slack="0"/>
<pin id="85" dir="1" index="3" bw="11" slack="0"/>
</pin_list>
<bind>
<opcode="getelementptr(29) " fcode="getelementptr"/>
<opset="OutPadConv7_addr/4 "/>
</bind>
</comp>

<comp id="88" class="1004" name="store_ln190_access_fu_88">
<pin_list>
<pin id="89" dir="0" index="0" bw="11" slack="0"/>
<pin id="90" dir="0" index="1" bw="16" slack="0"/>
<pin id="91" dir="0" index="2" bw="0" slack="2147483647"/>
<pin id="92" dir="1" index="3" bw="16" slack="2147483647"/>
</pin_list>
<bind>
<opcode="store(28) " fcode="store"/>
<opset="store_ln190/4 "/>
</bind>
</comp>

<comp id="94" class="1004" name="store_ln0_store_fu_94">
<pin_list>
<pin id="95" dir="0" index="0" bw="1" slack="0"/>
<pin id="96" dir="0" index="1" bw="11" slack="0"/>
<pin id="97" dir="1" index="2" bw="0" slack="2147483647"/>
</pin_list>
<bind>
<opcode="store(28) " fcode="store"/>
<opset="store_ln0/1 "/>
</bind>
</comp>

<comp id="99" class="1004" name="store_ln187_store_fu_99">
<pin_list>
<pin id="100" dir="0" index="0" bw="1" slack="0"/>
<pin id="101" dir="0" index="1" bw="6" slack="0"/>
<pin id="102" dir="1" index="2" bw="0" slack="2147483647"/>
</pin_list>
<bind>
<opcode="store(28) " fcode="store"/>
<opset="store_ln187/1 "/>
</bind>
</comp>

<comp id="104" class="1004" name="store_ln189_store_fu_104">
<pin_list>
<pin id="105" dir="0" index="0" bw="1" slack="0"/>
<pin id="106" dir="0" index="1" bw="6" slack="0"/>
<pin id="107" dir="1" index="2" bw="0" slack="2147483647"/>
</pin_list>
<bind>
<opcode="store(28) " fcode="store"/>
<opset="store_ln189/1 "/>
</bind>
</comp>

<comp id="109" class="1004" name="indvar_flatten147_load_load_fu_109">
<pin_list>
<pin id="110" dir="0" index="0" bw="11" slack="0"/>
<pin id="111" dir="1" index="1" bw="11" slack="0"/>
</pin_list>
<bind>
<opcode="load(27) " fcode="load"/>
<opset="indvar_flatten147_load/1 "/>
</bind>
</comp>

<comp id="112" class="1004" name="icmp_ln187_fu_112">
<pin_list>
<pin id="113" dir="0" index="0" bw="11" slack="0"/>
<pin id="114" dir="0" index="1" bw="11" slack="0"/>
<pin id="115" dir="1" index="2" bw="1" slack="2"/>
</pin_list>
<bind>
<opcode="icmp(45) " fcode="icmp"/>
<opset="icmp_ln187/1 "/>
</bind>
</comp>

<comp id="118" class="1004" name="add_ln187_fu_118">
<pin_list>
<pin id="119" dir="0" index="0" bw="11" slack="0"/>
<pin id="120" dir="0" index="1" bw="1" slack="0"/>
<pin id="121" dir="1" index="2" bw="11" slack="0"/>
</pin_list>
<bind>
<opcode="add(8) " fcode="add"/>
<opset="add_ln187/1 "/>
</bind>
</comp>

<comp id="124" class="1004" name="n_load_load_fu_124">
<pin_list>
<pin id="125" dir="0" index="0" bw="6" slack="0"/>
<pin id="126" dir="1" index="1" bw="6" slack="0"/>
</pin_list>
<bind>
<opcode="load(27) " fcode="load"/>
<opset="n_load/1 "/>
</bind>
</comp>

<comp id="127" class="1004" name="c_load_load_fu_127">
<pin_list>
<pin id="128" dir="0" index="0" bw="6" slack="0"/>
<pin id="129" dir="1" index="1" bw="6" slack="0"/>
</pin_list>
<bind>
<opcode="load(27) " fcode="load"/>
<opset="c_load/1 "/>
</bind>
</comp>

<comp id="130" class="1004" name="icmp_ln189_fu_130">
<pin_list>
<pin id="131" dir="0" index="0" bw="6" slack="0"/>
<pin id="132" dir="0" index="1" bw="6" slack="0"/>
<pin id="133" dir="1" index="2" bw="1" slack="0"/>
</pin_list>
<bind>
<opcode="icmp(45) " fcode="icmp"/>
<opset="icmp_ln189/1 "/>
</bind>
</comp>

<comp id="136" class="1004" name="select_ln187_fu_136">
<pin_list>
<pin id="137" dir="0" index="0" bw="1" slack="0"/>
<pin id="138" dir="0" index="1" bw="6" slack="0"/>
<pin id="139" dir="0" index="2" bw="6" slack="0"/>
<pin id="140" dir="1" index="3" bw="6" slack="0"/>
</pin_list>
<bind>
<opcode="select(49) " fcode="select"/>
<opset="select_ln187/1 "/>
</bind>
</comp>

<comp id="144" class="1004" name="add_ln187_1_fu_144">
<pin_list>
<pin id="145" dir="0" index="0" bw="6" slack="0"/>
<pin id="146" dir="0" index="1" bw="1" slack="0"/>
<pin id="147" dir="1" index="2" bw="6" slack="0"/>
</pin_list>
<bind>
<opcode="add(8) " fcode="add"/>
<opset="add_ln187_1/1 "/>
</bind>
</comp>

<comp id="150" class="1004" name="select_ln187_1_fu_150">
<pin_list>
<pin id="151" dir="0" index="0" bw="1" slack="0"/>
<pin id="152" dir="0" index="1" bw="6" slack="0"/>
<pin id="153" dir="0" index="2" bw="6" slack="0"/>
<pin id="154" dir="1" index="3" bw="6" slack="0"/>
</pin_list>
<bind>
<opcode="select(49) " fcode="select"/>
<opset="select_ln187_1/1 "/>
</bind>
</comp>

<comp id="158" class="1004" name="select_ln187_1_cast_fu_158">
<pin_list>
<pin id="159" dir="0" index="0" bw="6" slack="0"/>
<pin id="160" dir="1" index="1" bw="11" slack="0"/>
</pin_list>
<bind>
<opcode="zext(34) " fcode="zext"/>
<opset="select_ln187_1_cast/1 "/>
</bind>
</comp>

<comp id="162" class="1004" name="tmp_10_fu_162">
<pin_list>
<pin id="163" dir="0" index="0" bw="5" slack="0"/>
<pin id="164" dir="0" index="1" bw="6" slack="0"/>
<pin id="165" dir="0" index="2" bw="1" slack="0"/>
<pin id="166" dir="0" index="3" bw="4" slack="0"/>
<pin id="167" dir="1" index="4" bw="5" slack="0"/>
</pin_list>
<bind>
<opcode="partselect(1002) " fcode="partselect"/>
<opset="tmp_10/1 "/>
</bind>
</comp>

<comp id="172" class="1004" name="icmp_ln190_fu_172">
<pin_list>
<pin id="173" dir="0" index="0" bw="5" slack="0"/>
<pin id="174" dir="0" index="1" bw="5" slack="0"/>
<pin id="175" dir="1" index="2" bw="1" slack="2"/>
</pin_list>
<bind>
<opcode="icmp(45) " fcode="icmp"/>
<opset="icmp_ln190/1 "/>
</bind>
</comp>

<comp id="178" class="1004" name="add_ln189_fu_178">
<pin_list>
<pin id="179" dir="0" index="0" bw="6" slack="0"/>
<pin id="180" dir="0" index="1" bw="1" slack="0"/>
<pin id="181" dir="1" index="2" bw="6" slack="0"/>
</pin_list>
<bind>
<opcode="add(8) " fcode="add"/>
<opset="add_ln189/1 "/>
</bind>
</comp>

<comp id="184" class="1004" name="store_ln187_store_fu_184">
<pin_list>
<pin id="185" dir="0" index="0" bw="11" slack="0"/>
<pin id="186" dir="0" index="1" bw="11" slack="0"/>
<pin id="187" dir="1" index="2" bw="0" slack="2147483647"/>
</pin_list>
<bind>
<opcode="store(28) " fcode="store"/>
<opset="store_ln187/1 "/>
</bind>
</comp>

<comp id="189" class="1004" name="store_ln187_store_fu_189">
<pin_list>
<pin id="190" dir="0" index="0" bw="6" slack="0"/>
<pin id="191" dir="0" index="1" bw="6" slack="0"/>
<pin id="192" dir="1" index="2" bw="0" slack="2147483647"/>
</pin_list>
<bind>
<opcode="store(28) " fcode="store"/>
<opset="store_ln187/1 "/>
</bind>
</comp>

<comp id="194" class="1004" name="store_ln189_store_fu_194">
<pin_list>
<pin id="195" dir="0" index="0" bw="6" slack="0"/>
<pin id="196" dir="0" index="1" bw="6" slack="0"/>
<pin id="197" dir="1" index="2" bw="0" slack="2147483647"/>
</pin_list>
<bind>
<opcode="store(28) " fcode="store"/>
<opset="store_ln189/1 "/>
</bind>
</comp>

<comp id="199" class="1004" name="p_shl_fu_199">
<pin_list>
<pin id="200" dir="0" index="0" bw="11" slack="0"/>
<pin id="201" dir="0" index="1" bw="6" slack="2"/>
<pin id="202" dir="0" index="2" bw="1" slack="0"/>
<pin id="203" dir="1" index="3" bw="11" slack="0"/>
</pin_list>
<bind>
<opcode="bitconcatenate(1004) " fcode="bitconcatenate"/>
<opset="p_shl/3 "/>
</bind>
</comp>

<comp id="206" class="1004" name="tmp_fu_206">
<pin_list>
<pin id="207" dir="0" index="0" bw="9" slack="0"/>
<pin id="208" dir="0" index="1" bw="6" slack="2"/>
<pin id="209" dir="0" index="2" bw="1" slack="0"/>
<pin id="210" dir="1" index="3" bw="9" slack="0"/>
</pin_list>
<bind>
<opcode="bitconcatenate(1004) " fcode="bitconcatenate"/>
<opset="tmp/3 "/>
</bind>
</comp>

<comp id="213" class="1004" name="zext_ln189_2_fu_213">
<pin_list>
<pin id="214" dir="0" index="0" bw="9" slack="0"/>
<pin id="215" dir="1" index="1" bw="11" slack="0"/>
</pin_list>
<bind>
<opcode="zext(34) " fcode="zext"/>
<opset="zext_ln189_2/3 "/>
</bind>
</comp>

<comp id="217" class="1004" name="add_ln189_1_fu_217">
<pin_list>
<pin id="218" dir="0" index="0" bw="11" slack="0"/>
<pin id="219" dir="0" index="1" bw="9" slack="0"/>
<pin id="220" dir="1" index="2" bw="11" slack="0"/>
</pin_list>
<bind>
<opcode="add(8) " fcode="add"/>
<opset="add_ln189_1/3 "/>
</bind>
</comp>

<comp id="223" class="1004" name="zext_ln189_fu_223">
<pin_list>
<pin id="224" dir="0" index="0" bw="6" slack="2"/>
<pin id="225" dir="1" index="1" bw="11" slack="0"/>
</pin_list>
<bind>
<opcode="zext(34) " fcode="zext"/>
<opset="zext_ln189/3 "/>
</bind>
</comp>

<comp id="226" class="1004" name="zext_ln189_1_fu_226">
<pin_list>
<pin id="227" dir="0" index="0" bw="6" slack="2"/>
<pin id="228" dir="1" index="1" bw="7" slack="0"/>
</pin_list>
<bind>
<opcode="zext(34) " fcode="zext"/>
<opset="zext_ln189_1/3 "/>
</bind>
</comp>

<comp id="229" class="1004" name="icmp_ln190_1_fu_229">
<pin_list>
<pin id="230" dir="0" index="0" bw="6" slack="2"/>
<pin id="231" dir="0" index="1" bw="6" slack="0"/>
<pin id="232" dir="1" index="2" bw="1" slack="0"/>
</pin_list>
<bind>
<opcode="icmp(45) " fcode="icmp"/>
<opset="icmp_ln190_1/3 "/>
</bind>
</comp>

<comp id="234" class="1004" name="or_ln190_fu_234">
<pin_list>
<pin id="235" dir="0" index="0" bw="1" slack="2"/>
<pin id="236" dir="0" index="1" bw="1" slack="0"/>
<pin id="237" dir="1" index="2" bw="1" slack="1"/>
</pin_list>
<bind>
<opcode="or(24) " fcode="or"/>
<opset="or_ln190/3 "/>
</bind>
</comp>

<comp id="239" class="1004" name="add_ln190_1_fu_239">
<pin_list>
<pin id="240" dir="0" index="0" bw="6" slack="0"/>
<pin id="241" dir="0" index="1" bw="2" slack="0"/>
<pin id="242" dir="1" index="2" bw="7" slack="0"/>
</pin_list>
<bind>
<opcode="add(8) " fcode="add"/>
<opset="add_ln190_1/3 "/>
</bind>
</comp>

<comp id="245" class="1004" name="sext_ln190_fu_245">
<pin_list>
<pin id="246" dir="0" index="0" bw="7" slack="0"/>
<pin id="247" dir="1" index="1" bw="11" slack="0"/>
</pin_list>
<bind>
<opcode="sext(35) " fcode="sext"/>
<opset="sext_ln190/3 "/>
</bind>
</comp>

<comp id="249" class="1004" name="add_ln190_2_fu_249">
<pin_list>
<pin id="250" dir="0" index="0" bw="7" slack="0"/>
<pin id="251" dir="0" index="1" bw="11" slack="0"/>
<pin id="252" dir="1" index="2" bw="11" slack="0"/>
</pin_list>
<bind>
<opcode="add(8) " fcode="add"/>
<opset="add_ln190_2/3 "/>
</bind>
</comp>

<comp id="255" class="1004" name="zext_ln190_1_fu_255">
<pin_list>
<pin id="256" dir="0" index="0" bw="11" slack="0"/>
<pin id="257" dir="1" index="1" bw="64" slack="0"/>
</pin_list>
<bind>
<opcode="zext(34) " fcode="zext"/>
<opset="zext_ln190_1/3 "/>
</bind>
</comp>

<comp id="260" class="1004" name="zext_ln190_fu_260">
<pin_list>
<pin id="261" dir="0" index="0" bw="11" slack="0"/>
<pin id="262" dir="1" index="1" bw="64" slack="0"/>
</pin_list>
<bind>
<opcode="zext(34) " fcode="zext"/>
<opset="zext_ln190/4 "/>
</bind>
</comp>

<comp id="264" class="1004" name="storemerge609_fu_264">
<pin_list>
<pin id="265" dir="0" index="0" bw="1" slack="1"/>
<pin id="266" dir="0" index="1" bw="16" slack="0"/>
<pin id="267" dir="0" index="2" bw="16" slack="0"/>
<pin id="268" dir="1" index="3" bw="16" slack="0"/>
</pin_list>
<bind>
<opcode="select(49) " fcode="select"/>
<opset="storemerge609/4 "/>
</bind>
</comp>

<comp id="272" class="1007" name="grp_fu_272">
<pin_list>
<pin id="273" dir="0" index="0" bw="6" slack="0"/>
<pin id="274" dir="0" index="1" bw="6" slack="0"/>
<pin id="275" dir="0" index="2" bw="6" slack="0"/>
<pin id="276" dir="1" index="3" bw="11" slack="0"/>
</pin_list>
<bind>
<opcode="muladd(1172) " fcode="muladd"/>
<opset="p_cast110/1 add_ln190/3 "/>
</bind>
</comp>

<comp id="281" class="1005" name="n_reg_281">
<pin_list>
<pin id="282" dir="0" index="0" bw="6" slack="0"/>
<pin id="283" dir="1" index="1" bw="6" slack="0"/>
</pin_list>
<bind>
<opset="n "/>
</bind>
</comp>

<comp id="288" class="1005" name="c_reg_288">
<pin_list>
<pin id="289" dir="0" index="0" bw="6" slack="0"/>
<pin id="290" dir="1" index="1" bw="6" slack="0"/>
</pin_list>
<bind>
<opset="c "/>
</bind>
</comp>

<comp id="295" class="1005" name="indvar_flatten147_reg_295">
<pin_list>
<pin id="296" dir="0" index="0" bw="11" slack="0"/>
<pin id="297" dir="1" index="1" bw="11" slack="0"/>
</pin_list>
<bind>
<opset="indvar_flatten147 "/>
</bind>
</comp>

<comp id="302" class="1005" name="icmp_ln187_reg_302">
<pin_list>
<pin id="303" dir="0" index="0" bw="1" slack="2"/>
<pin id="304" dir="1" index="1" bw="1" slack="2147483647"/>
</pin_list>
<bind>
<opset="icmp_ln187 "/>
</bind>
</comp>

<comp id="306" class="1005" name="select_ln187_reg_306">
<pin_list>
<pin id="307" dir="0" index="0" bw="6" slack="2"/>
<pin id="308" dir="1" index="1" bw="6" slack="2"/>
</pin_list>
<bind>
<opset="select_ln187 "/>
</bind>
</comp>

<comp id="313" class="1005" name="select_ln187_1_reg_313">
<pin_list>
<pin id="314" dir="0" index="0" bw="6" slack="2"/>
<pin id="315" dir="1" index="1" bw="6" slack="2"/>
</pin_list>
<bind>
<opset="select_ln187_1 "/>
</bind>
</comp>

<comp id="319" class="1005" name="select_ln187_1_cast_reg_319">
<pin_list>
<pin id="320" dir="0" index="0" bw="11" slack="1"/>
<pin id="321" dir="1" index="1" bw="11" slack="1"/>
</pin_list>
<bind>
<opset="select_ln187_1_cast "/>
</bind>
</comp>

<comp id="324" class="1005" name="icmp_ln190_reg_324">
<pin_list>
<pin id="325" dir="0" index="0" bw="1" slack="2"/>
<pin id="326" dir="1" index="1" bw="1" slack="2"/>
</pin_list>
<bind>
<opset="icmp_ln190 "/>
</bind>
</comp>

<comp id="329" class="1005" name="zext_ln189_reg_329">
<pin_list>
<pin id="330" dir="0" index="0" bw="11" slack="1"/>
<pin id="331" dir="1" index="1" bw="11" slack="1"/>
</pin_list>
<bind>
<opset="zext_ln189 "/>
</bind>
</comp>

<comp id="334" class="1005" name="or_ln190_reg_334">
<pin_list>
<pin id="335" dir="0" index="0" bw="1" slack="1"/>
<pin id="336" dir="1" index="1" bw="1" slack="1"/>
</pin_list>
<bind>
<opset="or_ln190 "/>
</bind>
</comp>

<comp id="339" class="1005" name="OutConv6_addr_reg_339">
<pin_list>
<pin id="340" dir="0" index="0" bw="11" slack="1"/>
<pin id="341" dir="1" index="1" bw="11" slack="1"/>
</pin_list>
<bind>
<opset="OutConv6_addr "/>
</bind>
</comp>

</comp_list>

<net_list>
<net id="59"><net_src comp="4" pin="0"/><net_sink comp="56" pin=0"/></net>

<net id="63"><net_src comp="4" pin="0"/><net_sink comp="60" pin=0"/></net>

<net id="67"><net_src comp="4" pin="0"/><net_sink comp="64" pin=0"/></net>

<net id="73"><net_src comp="2" pin="0"/><net_sink comp="68" pin=0"/></net>

<net id="74"><net_src comp="36" pin="0"/><net_sink comp="68" pin=1"/></net>

<net id="80"><net_src comp="68" pin="3"/><net_sink comp="75" pin=0"/></net>

<net id="86"><net_src comp="0" pin="0"/><net_sink comp="81" pin=0"/></net>

<net id="87"><net_src comp="36" pin="0"/><net_sink comp="81" pin=1"/></net>

<net id="93"><net_src comp="81" pin="3"/><net_sink comp="88" pin=0"/></net>

<net id="98"><net_src comp="6" pin="0"/><net_sink comp="94" pin=0"/></net>

<net id="103"><net_src comp="8" pin="0"/><net_sink comp="99" pin=0"/></net>

<net id="108"><net_src comp="8" pin="0"/><net_sink comp="104" pin=0"/></net>

<net id="116"><net_src comp="109" pin="1"/><net_sink comp="112" pin=0"/></net>

<net id="117"><net_src comp="10" pin="0"/><net_sink comp="112" pin=1"/></net>

<net id="122"><net_src comp="109" pin="1"/><net_sink comp="118" pin=0"/></net>

<net id="123"><net_src comp="12" pin="0"/><net_sink comp="118" pin=1"/></net>

<net id="134"><net_src comp="124" pin="1"/><net_sink comp="130" pin=0"/></net>

<net id="135"><net_src comp="14" pin="0"/><net_sink comp="130" pin=1"/></net>

<net id="141"><net_src comp="130" pin="2"/><net_sink comp="136" pin=0"/></net>

<net id="142"><net_src comp="8" pin="0"/><net_sink comp="136" pin=1"/></net>

<net id="143"><net_src comp="124" pin="1"/><net_sink comp="136" pin=2"/></net>

<net id="148"><net_src comp="127" pin="1"/><net_sink comp="144" pin=0"/></net>

<net id="149"><net_src comp="16" pin="0"/><net_sink comp="144" pin=1"/></net>

<net id="155"><net_src comp="130" pin="2"/><net_sink comp="150" pin=0"/></net>

<net id="156"><net_src comp="144" pin="2"/><net_sink comp="150" pin=1"/></net>

<net id="157"><net_src comp="127" pin="1"/><net_sink comp="150" pin=2"/></net>

<net id="161"><net_src comp="150" pin="3"/><net_sink comp="158" pin=0"/></net>

<net id="168"><net_src comp="20" pin="0"/><net_sink comp="162" pin=0"/></net>

<net id="169"><net_src comp="136" pin="3"/><net_sink comp="162" pin=1"/></net>

<net id="170"><net_src comp="4" pin="0"/><net_sink comp="162" pin=2"/></net>

<net id="171"><net_src comp="22" pin="0"/><net_sink comp="162" pin=3"/></net>

<net id="176"><net_src comp="162" pin="4"/><net_sink comp="172" pin=0"/></net>

<net id="177"><net_src comp="24" pin="0"/><net_sink comp="172" pin=1"/></net>

<net id="182"><net_src comp="136" pin="3"/><net_sink comp="178" pin=0"/></net>

<net id="183"><net_src comp="16" pin="0"/><net_sink comp="178" pin=1"/></net>

<net id="188"><net_src comp="118" pin="2"/><net_sink comp="184" pin=0"/></net>

<net id="193"><net_src comp="150" pin="3"/><net_sink comp="189" pin=0"/></net>

<net id="198"><net_src comp="178" pin="2"/><net_sink comp="194" pin=0"/></net>

<net id="204"><net_src comp="26" pin="0"/><net_sink comp="199" pin=0"/></net>

<net id="205"><net_src comp="24" pin="0"/><net_sink comp="199" pin=2"/></net>

<net id="211"><net_src comp="28" pin="0"/><net_sink comp="206" pin=0"/></net>

<net id="212"><net_src comp="30" pin="0"/><net_sink comp="206" pin=2"/></net>

<net id="216"><net_src comp="206" pin="3"/><net_sink comp="213" pin=0"/></net>

<net id="221"><net_src comp="199" pin="3"/><net_sink comp="217" pin=0"/></net>

<net id="222"><net_src comp="213" pin="1"/><net_sink comp="217" pin=1"/></net>

<net id="233"><net_src comp="32" pin="0"/><net_sink comp="229" pin=1"/></net>

<net id="238"><net_src comp="229" pin="2"/><net_sink comp="234" pin=1"/></net>

<net id="243"><net_src comp="226" pin="1"/><net_sink comp="239" pin=0"/></net>

<net id="244"><net_src comp="34" pin="0"/><net_sink comp="239" pin=1"/></net>

<net id="248"><net_src comp="239" pin="2"/><net_sink comp="245" pin=0"/></net>

<net id="253"><net_src comp="245" pin="1"/><net_sink comp="249" pin=0"/></net>

<net id="254"><net_src comp="217" pin="2"/><net_sink comp="249" pin=1"/></net>

<net id="258"><net_src comp="249" pin="2"/><net_sink comp="255" pin=0"/></net>

<net id="259"><net_src comp="255" pin="1"/><net_sink comp="68" pin=2"/></net>

<net id="263"><net_src comp="260" pin="1"/><net_sink comp="81" pin=2"/></net>

<net id="269"><net_src comp="54" pin="0"/><net_sink comp="264" pin=1"/></net>

<net id="270"><net_src comp="75" pin="3"/><net_sink comp="264" pin=2"/></net>

<net id="271"><net_src comp="264" pin="3"/><net_sink comp="88" pin=1"/></net>

<net id="277"><net_src comp="158" pin="1"/><net_sink comp="272" pin=0"/></net>

<net id="278"><net_src comp="18" pin="0"/><net_sink comp="272" pin=1"/></net>

<net id="279"><net_src comp="223" pin="1"/><net_sink comp="272" pin=2"/></net>

<net id="280"><net_src comp="272" pin="3"/><net_sink comp="260" pin=0"/></net>

<net id="284"><net_src comp="56" pin="1"/><net_sink comp="281" pin=0"/></net>

<net id="285"><net_src comp="281" pin="1"/><net_sink comp="104" pin=1"/></net>

<net id="286"><net_src comp="281" pin="1"/><net_sink comp="124" pin=0"/></net>

<net id="287"><net_src comp="281" pin="1"/><net_sink comp="194" pin=1"/></net>

<net id="291"><net_src comp="60" pin="1"/><net_sink comp="288" pin=0"/></net>

<net id="292"><net_src comp="288" pin="1"/><net_sink comp="99" pin=1"/></net>

<net id="293"><net_src comp="288" pin="1"/><net_sink comp="127" pin=0"/></net>

<net id="294"><net_src comp="288" pin="1"/><net_sink comp="189" pin=1"/></net>

<net id="298"><net_src comp="64" pin="1"/><net_sink comp="295" pin=0"/></net>

<net id="299"><net_src comp="295" pin="1"/><net_sink comp="94" pin=1"/></net>

<net id="300"><net_src comp="295" pin="1"/><net_sink comp="109" pin=0"/></net>

<net id="301"><net_src comp="295" pin="1"/><net_sink comp="184" pin=1"/></net>

<net id="305"><net_src comp="112" pin="2"/><net_sink comp="302" pin=0"/></net>

<net id="309"><net_src comp="136" pin="3"/><net_sink comp="306" pin=0"/></net>

<net id="310"><net_src comp="306" pin="1"/><net_sink comp="223" pin=0"/></net>

<net id="311"><net_src comp="306" pin="1"/><net_sink comp="226" pin=0"/></net>

<net id="312"><net_src comp="306" pin="1"/><net_sink comp="229" pin=0"/></net>

<net id="316"><net_src comp="150" pin="3"/><net_sink comp="313" pin=0"/></net>

<net id="317"><net_src comp="313" pin="1"/><net_sink comp="199" pin=1"/></net>

<net id="318"><net_src comp="313" pin="1"/><net_sink comp="206" pin=1"/></net>

<net id="322"><net_src comp="158" pin="1"/><net_sink comp="319" pin=0"/></net>

<net id="323"><net_src comp="319" pin="1"/><net_sink comp="272" pin=0"/></net>

<net id="327"><net_src comp="172" pin="2"/><net_sink comp="324" pin=0"/></net>

<net id="328"><net_src comp="324" pin="1"/><net_sink comp="234" pin=0"/></net>

<net id="332"><net_src comp="223" pin="1"/><net_sink comp="329" pin=0"/></net>

<net id="333"><net_src comp="329" pin="1"/><net_sink comp="272" pin=0"/></net>

<net id="337"><net_src comp="234" pin="2"/><net_sink comp="334" pin=0"/></net>

<net id="338"><net_src comp="334" pin="1"/><net_sink comp="264" pin=0"/></net>

<net id="342"><net_src comp="68" pin="3"/><net_sink comp="339" pin=0"/></net>

<net id="343"><net_src comp="339" pin="1"/><net_sink comp="75" pin=0"/></net>

</net_list>

</model> 
---------------- Datapath Model END ------------------

* FSMD analyzer results:
  - Output states:
	Port: OutPadConv7 | {4 }
 - Input state : 
	Port: CNN_Pipeline_loop_for_3_channel_pad_7_loop_for_channel_pad_7 : OutConv6 | {3 4 }
  - Chain level:
	State 1
		store_ln0 : 1
		store_ln187 : 1
		store_ln189 : 1
		indvar_flatten147_load : 1
		icmp_ln187 : 2
		add_ln187 : 2
		br_ln187 : 3
		n_load : 1
		c_load : 1
		icmp_ln189 : 2
		select_ln187 : 3
		add_ln187_1 : 2
		select_ln187_1 : 3
		select_ln187_1_cast : 4
		p_cast110 : 5
		tmp_10 : 4
		icmp_ln190 : 5
		add_ln189 : 4
		store_ln187 : 3
		store_ln187 : 4
		store_ln189 : 5
	State 2
	State 3
		zext_ln189_2 : 1
		add_ln189_1 : 2
		or_ln190 : 1
		add_ln190 : 1
		add_ln190_1 : 1
		sext_ln190 : 2
		add_ln190_2 : 3
		zext_ln190_1 : 4
		OutConv6_addr : 5
		OutConv6_load : 6
	State 4
		zext_ln190 : 1
		OutPadConv7_addr : 2
		storemerge609 : 1
		store_ln190 : 3


============================================================
+ Verbose Summary: Datapath Resource usage 
============================================================

* Functional unit list:
|----------|----------------------------|---------|---------|---------|
| Operation|       Functional Unit      |   DSP   |    FF   |   LUT   |
|----------|----------------------------|---------|---------|---------|
|          |      add_ln187_fu_118      |    0    |    0    |    18   |
|          |     add_ln187_1_fu_144     |    0    |    0    |    13   |
|    add   |      add_ln189_fu_178      |    0    |    0    |    13   |
|          |     add_ln189_1_fu_217     |    0    |    0    |    17   |
|          |     add_ln190_1_fu_239     |    0    |    0    |    13   |
|          |     add_ln190_2_fu_249     |    0    |    0    |    17   |
|----------|----------------------------|---------|---------|---------|
|          |      icmp_ln187_fu_112     |    0    |    0    |    18   |
|   icmp   |      icmp_ln189_fu_130     |    0    |    0    |    13   |
|          |      icmp_ln190_fu_172     |    0    |    0    |    12   |
|          |     icmp_ln190_1_fu_229    |    0    |    0    |    13   |
|----------|----------------------------|---------|---------|---------|
|          |     select_ln187_fu_136    |    0    |    0    |    6    |
|  select  |    select_ln187_1_fu_150   |    0    |    0    |    6    |
|          |    storemerge609_fu_264    |    0    |    0    |    16   |
|----------|----------------------------|---------|---------|---------|
|    or    |       or_ln190_fu_234      |    0    |    0    |    2    |
|----------|----------------------------|---------|---------|---------|
|  muladd  |         grp_fu_272         |    1    |    0    |    0    |
|----------|----------------------------|---------|---------|---------|
|          | select_ln187_1_cast_fu_158 |    0    |    0    |    0    |
|          |     zext_ln189_2_fu_213    |    0    |    0    |    0    |
|   zext   |      zext_ln189_fu_223     |    0    |    0    |    0    |
|          |     zext_ln189_1_fu_226    |    0    |    0    |    0    |
|          |     zext_ln190_1_fu_255    |    0    |    0    |    0    |
|          |      zext_ln190_fu_260     |    0    |    0    |    0    |
|----------|----------------------------|---------|---------|---------|
|partselect|        tmp_10_fu_162       |    0    |    0    |    0    |
|----------|----------------------------|---------|---------|---------|
|bitconcatenate|        p_shl_fu_199        |    0    |    0    |    0    |
|          |         tmp_fu_206         |    0    |    0    |    0    |
|----------|----------------------------|---------|---------|---------|
|   sext   |      sext_ln190_fu_245     |    0    |    0    |    0    |
|----------|----------------------------|---------|---------|---------|
|   Total  |                            |    1    |    0    |   177   |
|----------|----------------------------|---------|---------|---------|

Memories:
N/A

* Register list:
+---------------------------+--------+
|                           |   FF   |
+---------------------------+--------+
|   OutConv6_addr_reg_339   |   11   |
|         c_reg_288         |    6   |
|     icmp_ln187_reg_302    |    1   |
|     icmp_ln190_reg_324    |    1   |
| indvar_flatten147_reg_295 |   11   |
|         n_reg_281         |    6   |
|      or_ln190_reg_334     |    1   |
|select_ln187_1_cast_reg_319|   11   |
|   select_ln187_1_reg_313  |    6   |
|    select_ln187_reg_306   |    6   |
|     zext_ln189_reg_329    |   11   |
+---------------------------+--------+
|           Total           |   71   |
+---------------------------+--------+

* Multiplexer (MUX) list: 
|------------------|------|------|------|--------||---------||---------||---------|
|       Comp       |  Pin | Size |  BW  | S x BW ||  Delay  ||    FF   ||   LUT   |
|------------------|------|------|------|--------||---------||---------||---------|
| grp_access_fu_75 |  p0  |   2  |  11  |   22   ||    0    ||    9    |
|    grp_fu_272    |  p0  |   3  |   6  |   18   ||    0    ||    14   |
|------------------|------|------|------|--------||---------||---------||---------|
|       Total      |      |      |      |   40   ||  0.903  ||    0    ||    23   |
|------------------|------|------|------|--------||---------||---------||---------|



* Summary:
+-----------+--------+--------+--------+--------+
|           |   DSP  |  Delay |   FF   |   LUT  |
+-----------+--------+--------+--------+--------+
|  Function |    1   |    -   |    0   |   177  |
|   Memory  |    -   |    -   |    -   |    -   |
|Multiplexer|    -   |    0   |    0   |   23   |
|  Register |    -   |    -   |   71   |    -   |
+-----------+--------+--------+--------+--------+
|   Total   |    1   |    0   |   71   |   200  |
+-----------+--------+--------+--------+--------+
