

================================================================
== Vitis HLS Report for 'CNN_Pipeline_loop_for_channel_pool_2_loop_for_weight_pool_2'
================================================================
* Date:           Mon Jul 14 02:16:20 2025

* Version:        2025.1 (Build 6135595 on May 21 2025)
* Project:        CNN_HLS
* Solution:       hls (Vivado IP Flow Target)
* Product family: zynquplus
* Target device:  xck26-sfvc784-2LV-c


================================================================
== Performance Estimates
================================================================
+ Timing: 
    * Summary: 
    +--------+----------+----------+------------+
    |  Clock |  Target  | Estimated| Uncertainty|
    +--------+----------+----------+------------+
    |ap_clk  |  10.00 ns|  4.894 ns|     2.70 ns|
    +--------+----------+----------+------------+

+ Latency: 
    * Summary: 
    +---------+---------+----------+----------+-----+-----+------------------------------------------------+
    |  Latency (cycles) |  Latency (absolute) |  Interval |                    Pipeline                    |
    |   min   |   max   |    min   |    max   | min | max |                      Type                      |
    +---------+---------+----------+----------+-----+-----+------------------------------------------------+
    |      642|      642|  6.420 us|  6.420 us|  641|  641|  loop auto-rewind stp (delay=0 clock cycles(s))|
    +---------+---------+----------+----------+-----+-----+------------------------------------------------+

    + Detail: 
        * Instance: 
        N/A

        * Loop: 
        +--------------------------------------------------+---------+---------+----------+-----------+-----------+------+----------+
        |                                                  |  Latency (cycles) | Iteration|  Initiation Interval  | Trip |          |
        |                     Loop Name                    |   min   |   max   |  Latency |  achieved |   target  | Count| Pipelined|
        +--------------------------------------------------+---------+---------+----------+-----------+-----------+------+----------+
        |- loop_for_channel_pool_2_loop_for_weight_pool_2  |      640|      640|         2|          1|          1|   640|       yes|
        +--------------------------------------------------+---------+---------+----------+-----------+-----------+------+----------+

============================================================
+ Verbose Summary: Synthesis Manager
============================================================
InlineROM: 1
ExposeGlobal: 0
============================================================
+ Verbose Summary: CDFG Model
============================================================
IsTopModel: 0
ResetActiveHigh: 1
IsCombinational: 0
IsDatapathOnly: 0
HasWiredReturn: 1
HasMFsm: 2
HasVarLatency: 1
IsPipeline: 0
IsRtlPipelined: 0
IsInstanceOverlapped: 0
IsDontTouch: 0
HasImplIP: 0
IsGatedGlobalClock: 0

+ Individual pipeline summary: 
  * Pipeline-0: initiation interval (II) = 1, depth = 2


============================================================
+ Verbose Summary: Schedule
============================================================
* Number of FSM states : 2
* Pipeline : 1
  Pipeline-0 : II = 1, D = 2, States = { 1 2 }
* Dataflow Pipeline: 0

* FSM state transitions: 
1 --> 2 
2 --> 

* FSM state operations: 

State 1 <SV = 0> <Delay = 4.46>
ST_1 : Operation 5 [1/1] (0.00ns)   --->   "%y = alloca i32 1" [D:/PhamDuyHoang_LuongVanDai_DA2/CNN_nopad/Pool.cpp:55->D:/PhamDuyHoang_LuongVanDai_DA2/CNN_nopad/CNN.cpp:45]   --->   Operation 5 'alloca' 'y' <Predicate = true> <Delay = 0.00>
ST_1 : Operation 6 [1/1] (0.00ns)   --->   "%z = alloca i32 1" [D:/PhamDuyHoang_LuongVanDai_DA2/CNN_nopad/Pool.cpp:52->D:/PhamDuyHoang_LuongVanDai_DA2/CNN_nopad/CNN.cpp:45]   --->   Operation 6 'alloca' 'z' <Predicate = true> <Delay = 0.00>
ST_1 : Operation 7 [1/1] (0.00ns)   --->   "%indvar_flatten106 = alloca i32 1"   --->   Operation 7 'alloca' 'indvar_flatten106' <Predicate = true> <Delay = 0.00>
ST_1 : Operation 8 [1/1] (0.42ns)   --->   "%store_ln0 = store i10 0, i10 %indvar_flatten106"   --->   Operation 8 'store' 'store_ln0' <Predicate = true> <Delay = 0.42>
ST_1 : Operation 9 [1/1] (0.42ns)   --->   "%store_ln52 = store i5 0, i5 %z" [D:/PhamDuyHoang_LuongVanDai_DA2/CNN_nopad/Pool.cpp:52->D:/PhamDuyHoang_LuongVanDai_DA2/CNN_nopad/CNN.cpp:45]   --->   Operation 9 'store' 'store_ln52' <Predicate = true> <Delay = 0.42>
ST_1 : Operation 10 [1/1] (0.42ns)   --->   "%store_ln55 = store i6 0, i6 %y" [D:/PhamDuyHoang_LuongVanDai_DA2/CNN_nopad/Pool.cpp:55->D:/PhamDuyHoang_LuongVanDai_DA2/CNN_nopad/CNN.cpp:45]   --->   Operation 10 'store' 'store_ln55' <Predicate = true> <Delay = 0.42>
ST_1 : Operation 11 [1/1] (0.00ns)   --->   "%br_ln0 = br void %if.end.i.i.i.i336"   --->   Operation 11 'br' 'br_ln0' <Predicate = true> <Delay = 0.00>
ST_1 : Operation 12 [1/1] (0.00ns)   --->   "%indvar_flatten106_load = load i10 %indvar_flatten106" [D:/PhamDuyHoang_LuongVanDai_DA2/CNN_nopad/Pool.cpp:52->D:/PhamDuyHoang_LuongVanDai_DA2/CNN_nopad/CNN.cpp:45]   --->   Operation 12 'load' 'indvar_flatten106_load' <Predicate = true> <Delay = 0.00>
ST_1 : Operation 13 [1/1] (0.78ns)   --->   "%icmp_ln52 = icmp_eq  i10 %indvar_flatten106_load, i10 640" [D:/PhamDuyHoang_LuongVanDai_DA2/CNN_nopad/Pool.cpp:52->D:/PhamDuyHoang_LuongVanDai_DA2/CNN_nopad/CNN.cpp:45]   --->   Operation 13 'icmp' 'icmp_ln52' <Predicate = true> <Delay = 0.78> <CoreInst = "Cmp">   --->   Core 9 'Cmp' <Latency = 0> <II = 1> <Delay = 0.78> <FuncUnit> <Opcode : 'seteq' 'setne' 'setle' 'setge' 'setlt' 'setgt'> <InPorts = 2> <OutPorts = 1>
ST_1 : Operation 14 [1/1] (0.78ns)   --->   "%add_ln52 = add i10 %indvar_flatten106_load, i10 1" [D:/PhamDuyHoang_LuongVanDai_DA2/CNN_nopad/Pool.cpp:52->D:/PhamDuyHoang_LuongVanDai_DA2/CNN_nopad/CNN.cpp:45]   --->   Operation 14 'add' 'add_ln52' <Predicate = true> <Delay = 0.78> <CoreInst = "Adder">   --->   Core 1 'Adder' <Latency = 0> <II = 1> <Delay = 0.78> <FuncUnit> <Opcode : 'add' 'sub'> <InPorts = 2> <OutPorts = 1>
ST_1 : Operation 15 [1/1] (0.00ns)   --->   "%br_ln52 = br i1 %icmp_ln52, void %for.inc19.i352, void %for.body4.i358.preheader.exitStub" [D:/PhamDuyHoang_LuongVanDai_DA2/CNN_nopad/Pool.cpp:52->D:/PhamDuyHoang_LuongVanDai_DA2/CNN_nopad/CNN.cpp:45]   --->   Operation 15 'br' 'br_ln52' <Predicate = true> <Delay = 0.00>
ST_1 : Operation 16 [1/1] (0.00ns)   --->   "%y_load = load i6 %y" [D:/PhamDuyHoang_LuongVanDai_DA2/CNN_nopad/Pool.cpp:55->D:/PhamDuyHoang_LuongVanDai_DA2/CNN_nopad/CNN.cpp:45]   --->   Operation 16 'load' 'y_load' <Predicate = (!icmp_ln52)> <Delay = 0.00>
ST_1 : Operation 17 [1/1] (0.00ns)   --->   "%z_load = load i5 %z" [D:/PhamDuyHoang_LuongVanDai_DA2/CNN_nopad/Pool.cpp:52->D:/PhamDuyHoang_LuongVanDai_DA2/CNN_nopad/CNN.cpp:45]   --->   Operation 17 'load' 'z_load' <Predicate = (!icmp_ln52)> <Delay = 0.00>
ST_1 : Operation 18 [1/1] (0.78ns)   --->   "%icmp_ln55 = icmp_eq  i6 %y_load, i6 40" [D:/PhamDuyHoang_LuongVanDai_DA2/CNN_nopad/Pool.cpp:55->D:/PhamDuyHoang_LuongVanDai_DA2/CNN_nopad/CNN.cpp:45]   --->   Operation 18 'icmp' 'icmp_ln55' <Predicate = (!icmp_ln52)> <Delay = 0.78> <CoreInst = "Cmp">   --->   Core 9 'Cmp' <Latency = 0> <II = 1> <Delay = 0.78> <FuncUnit> <Opcode : 'seteq' 'setne' 'setle' 'setge' 'setlt' 'setgt'> <InPorts = 2> <OutPorts = 1>
ST_1 : Operation 19 [1/1] (0.38ns)   --->   "%select_ln52 = select i1 %icmp_ln55, i6 0, i6 %y_load" [D:/PhamDuyHoang_LuongVanDai_DA2/CNN_nopad/Pool.cpp:52->D:/PhamDuyHoang_LuongVanDai_DA2/CNN_nopad/CNN.cpp:45]   --->   Operation 19 'select' 'select_ln52' <Predicate = (!icmp_ln52)> <Delay = 0.38> <CoreInst = "Sel">   --->   Core 73 'Sel' <Latency = 0> <II = 1> <Delay = 0.38> <FuncUnit> <Opcode : 'select'> <InPorts = 3> <OutPorts = 1>
ST_1 : Operation 20 [1/1] (0.78ns)   --->   "%add_ln52_1 = add i5 %z_load, i5 1" [D:/PhamDuyHoang_LuongVanDai_DA2/CNN_nopad/Pool.cpp:52->D:/PhamDuyHoang_LuongVanDai_DA2/CNN_nopad/CNN.cpp:45]   --->   Operation 20 'add' 'add_ln52_1' <Predicate = (!icmp_ln52)> <Delay = 0.78> <CoreInst = "Adder">   --->   Core 1 'Adder' <Latency = 0> <II = 1> <Delay = 0.78> <FuncUnit> <Opcode : 'add' 'sub'> <InPorts = 2> <OutPorts = 1>
ST_1 : Operation 21 [1/1] (0.41ns)   --->   "%select_ln52_1 = select i1 %icmp_ln55, i5 %add_ln52_1, i5 %z_load" [D:/PhamDuyHoang_LuongVanDai_DA2/CNN_nopad/Pool.cpp:52->D:/PhamDuyHoang_LuongVanDai_DA2/CNN_nopad/CNN.cpp:45]   --->   Operation 21 'select' 'select_ln52_1' <Predicate = (!icmp_ln52)> <Delay = 0.41> <CoreInst = "Sel">   --->   Core 73 'Sel' <Latency = 0> <II = 1> <Delay = 0.41> <FuncUnit> <Opcode : 'select'> <InPorts = 3> <OutPorts = 1>
ST_1 : Operation 22 [1/1] (0.00ns)   --->   "%p_shl2 = bitconcatenate i11 @_ssdm_op_BitConcatenate.i11.i5.i6, i5 %select_ln52_1, i6 0" [D:/PhamDuyHoang_LuongVanDai_DA2/CNN_nopad/Pool.cpp:52->D:/PhamDuyHoang_LuongVanDai_DA2/CNN_nopad/CNN.cpp:45]   --->   Operation 22 'bitconcatenate' 'p_shl2' <Predicate = (!icmp_ln52)> <Delay = 0.00>
ST_1 : Operation 23 [1/1] (0.00ns)   --->   "%tmp = bitconcatenate i9 @_ssdm_op_BitConcatenate.i9.i5.i4, i5 %select_ln52_1, i4 0" [D:/PhamDuyHoang_LuongVanDai_DA2/CNN_nopad/Pool.cpp:52->D:/PhamDuyHoang_LuongVanDai_DA2/CNN_nopad/CNN.cpp:45]   --->   Operation 23 'bitconcatenate' 'tmp' <Predicate = (!icmp_ln52)> <Delay = 0.00>
ST_1 : Operation 24 [1/1] (0.00ns)   --->   "%p_shl3 = zext i9 %tmp" [D:/PhamDuyHoang_LuongVanDai_DA2/CNN_nopad/Pool.cpp:52->D:/PhamDuyHoang_LuongVanDai_DA2/CNN_nopad/CNN.cpp:45]   --->   Operation 24 'zext' 'p_shl3' <Predicate = (!icmp_ln52)> <Delay = 0.00>
ST_1 : Operation 25 [1/1] (0.79ns)   --->   "%empty = add i11 %p_shl2, i11 %p_shl3" [D:/PhamDuyHoang_LuongVanDai_DA2/CNN_nopad/Pool.cpp:52->D:/PhamDuyHoang_LuongVanDai_DA2/CNN_nopad/CNN.cpp:45]   --->   Operation 25 'add' 'empty' <Predicate = (!icmp_ln52)> <Delay = 0.79> <CoreInst = "Adder">   --->   Core 1 'Adder' <Latency = 0> <II = 1> <Delay = 0.79> <FuncUnit> <Opcode : 'add' 'sub'> <InPorts = 2> <OutPorts = 1>
ST_1 : Operation 26 [1/1] (0.00ns)   --->   "%p_shl = bitconcatenate i10 @_ssdm_op_BitConcatenate.i10.i5.i5, i5 %select_ln52_1, i5 0" [D:/PhamDuyHoang_LuongVanDai_DA2/CNN_nopad/Pool.cpp:52->D:/PhamDuyHoang_LuongVanDai_DA2/CNN_nopad/CNN.cpp:45]   --->   Operation 26 'bitconcatenate' 'p_shl' <Predicate = (!icmp_ln52)> <Delay = 0.00>
ST_1 : Operation 27 [1/1] (0.00ns)   --->   "%tmp_4 = bitconcatenate i8 @_ssdm_op_BitConcatenate.i8.i5.i3, i5 %select_ln52_1, i3 0" [D:/PhamDuyHoang_LuongVanDai_DA2/CNN_nopad/Pool.cpp:52->D:/PhamDuyHoang_LuongVanDai_DA2/CNN_nopad/CNN.cpp:45]   --->   Operation 27 'bitconcatenate' 'tmp_4' <Predicate = (!icmp_ln52)> <Delay = 0.00>
ST_1 : Operation 28 [1/1] (0.00ns)   --->   "%p_shl1 = zext i8 %tmp_4" [D:/PhamDuyHoang_LuongVanDai_DA2/CNN_nopad/Pool.cpp:52->D:/PhamDuyHoang_LuongVanDai_DA2/CNN_nopad/CNN.cpp:45]   --->   Operation 28 'zext' 'p_shl1' <Predicate = (!icmp_ln52)> <Delay = 0.00>
ST_1 : Operation 29 [1/1] (0.00ns) (grouped into TernaryAdder)   --->   "%empty_193 = add i10 %p_shl, i10 %p_shl1" [D:/PhamDuyHoang_LuongVanDai_DA2/CNN_nopad/Pool.cpp:52->D:/PhamDuyHoang_LuongVanDai_DA2/CNN_nopad/CNN.cpp:45]   --->   Operation 29 'add' 'empty_193' <Predicate = (!icmp_ln52)> <Delay = 0.00> <CoreInst = "TAddSub">   --->   Core 10 'TAddSub' <Latency = 0> <II = 1> <Delay = 0.48> <IPBlock> <Opcode : 'add' 'sub'> <InPorts = 3> <OutPorts = 1> <Sync> <CReg>
ST_1 : Operation 30 [1/1] (0.00ns)   --->   "%tmp_s = partselect i10 @_ssdm_op_PartSelect.i10.i11.i32.i32, i11 %empty, i32 1, i32 10" [D:/PhamDuyHoang_LuongVanDai_DA2/CNN_nopad/Pool.cpp:52->D:/PhamDuyHoang_LuongVanDai_DA2/CNN_nopad/CNN.cpp:45]   --->   Operation 30 'partselect' 'tmp_s' <Predicate = (!icmp_ln52)> <Delay = 0.00>
ST_1 : Operation 31 [1/1] (0.00ns)   --->   "%tmp_3 = bitconcatenate i11 @_ssdm_op_BitConcatenate.i11.i10.i1, i10 %tmp_s, i1 1" [D:/PhamDuyHoang_LuongVanDai_DA2/CNN_nopad/Pool.cpp:52->D:/PhamDuyHoang_LuongVanDai_DA2/CNN_nopad/CNN.cpp:45]   --->   Operation 31 'bitconcatenate' 'tmp_3' <Predicate = (!icmp_ln52)> <Delay = 0.00>
ST_1 : Operation 32 [1/1] (0.00ns)   --->   "%zext_ln55 = zext i6 %select_ln52" [D:/PhamDuyHoang_LuongVanDai_DA2/CNN_nopad/Pool.cpp:55->D:/PhamDuyHoang_LuongVanDai_DA2/CNN_nopad/CNN.cpp:45]   --->   Operation 32 'zext' 'zext_ln55' <Predicate = (!icmp_ln52)> <Delay = 0.00>
ST_1 : Operation 33 [1/1] (0.00ns)   --->   "%tmp_5 = bitconcatenate i7 @_ssdm_op_BitConcatenate.i7.i6.i1, i6 %select_ln52, i1 0" [D:/PhamDuyHoang_LuongVanDai_DA2/CNN_nopad/Pool.cpp:52->D:/PhamDuyHoang_LuongVanDai_DA2/CNN_nopad/CNN.cpp:45]   --->   Operation 33 'bitconcatenate' 'tmp_5' <Predicate = (!icmp_ln52)> <Delay = 0.00>
ST_1 : Operation 34 [1/1] (0.00ns)   --->   "%zext_ln59 = zext i7 %tmp_5" [D:/PhamDuyHoang_LuongVanDai_DA2/CNN_nopad/Pool.cpp:59->D:/PhamDuyHoang_LuongVanDai_DA2/CNN_nopad/CNN.cpp:45]   --->   Operation 34 'zext' 'zext_ln59' <Predicate = (!icmp_ln52)> <Delay = 0.00>
ST_1 : Operation 35 [1/1] (0.79ns)   --->   "%add_ln59 = add i11 %zext_ln59, i11 %empty" [D:/PhamDuyHoang_LuongVanDai_DA2/CNN_nopad/Pool.cpp:59->D:/PhamDuyHoang_LuongVanDai_DA2/CNN_nopad/CNN.cpp:45]   --->   Operation 35 'add' 'add_ln59' <Predicate = (!icmp_ln52)> <Delay = 0.79> <CoreInst = "Adder">   --->   Core 1 'Adder' <Latency = 0> <II = 1> <Delay = 0.79> <FuncUnit> <Opcode : 'add' 'sub'> <InPorts = 2> <OutPorts = 1>
ST_1 : Operation 36 [1/1] (0.00ns)   --->   "%zext_ln60 = zext i11 %add_ln59" [D:/PhamDuyHoang_LuongVanDai_DA2/CNN_nopad/Pool.cpp:60->D:/PhamDuyHoang_LuongVanDai_DA2/CNN_nopad/CNN.cpp:45]   --->   Operation 36 'zext' 'zext_ln60' <Predicate = (!icmp_ln52)> <Delay = 0.00>
ST_1 : Operation 37 [1/1] (0.00ns)   --->   "%OutConv5_addr = getelementptr i16 %OutConv5, i64 0, i64 %zext_ln60" [D:/PhamDuyHoang_LuongVanDai_DA2/CNN_nopad/Pool.cpp:60->D:/PhamDuyHoang_LuongVanDai_DA2/CNN_nopad/CNN.cpp:45]   --->   Operation 37 'getelementptr' 'OutConv5_addr' <Predicate = (!icmp_ln52)> <Delay = 0.00>
ST_1 : Operation 38 [2/2] (1.23ns)   --->   "%pool_value = load i11 %OutConv5_addr" [D:/PhamDuyHoang_LuongVanDai_DA2/CNN_nopad/Pool.cpp:60->D:/PhamDuyHoang_LuongVanDai_DA2/CNN_nopad/CNN.cpp:45]   --->   Operation 38 'load' 'pool_value' <Predicate = (!icmp_ln52)> <Delay = 1.23> <CoreInst = "RAM">   --->   Core 82 'RAM' <Latency = 1> <II = 1> <Delay = 1.23> <Storage> <Opcode : 'load' 'store'> <Ports = 2> <Width = 16> <Depth = 1280> <RAM>
ST_1 : Operation 39 [1/1] (0.79ns)   --->   "%add_ln59_1 = add i11 %zext_ln59, i11 %tmp_3" [D:/PhamDuyHoang_LuongVanDai_DA2/CNN_nopad/Pool.cpp:59->D:/PhamDuyHoang_LuongVanDai_DA2/CNN_nopad/CNN.cpp:45]   --->   Operation 39 'add' 'add_ln59_1' <Predicate = (!icmp_ln52)> <Delay = 0.79> <CoreInst = "Adder">   --->   Core 1 'Adder' <Latency = 0> <II = 1> <Delay = 0.79> <FuncUnit> <Opcode : 'add' 'sub'> <InPorts = 2> <OutPorts = 1>
ST_1 : Operation 40 [1/1] (0.00ns)   --->   "%zext_ln60_1 = zext i11 %add_ln59_1" [D:/PhamDuyHoang_LuongVanDai_DA2/CNN_nopad/Pool.cpp:60->D:/PhamDuyHoang_LuongVanDai_DA2/CNN_nopad/CNN.cpp:45]   --->   Operation 40 'zext' 'zext_ln60_1' <Predicate = (!icmp_ln52)> <Delay = 0.00>
ST_1 : Operation 41 [1/1] (0.00ns)   --->   "%OutConv5_addr_1 = getelementptr i16 %OutConv5, i64 0, i64 %zext_ln60_1" [D:/PhamDuyHoang_LuongVanDai_DA2/CNN_nopad/Pool.cpp:60->D:/PhamDuyHoang_LuongVanDai_DA2/CNN_nopad/CNN.cpp:45]   --->   Operation 41 'getelementptr' 'OutConv5_addr_1' <Predicate = (!icmp_ln52)> <Delay = 0.00>
ST_1 : Operation 42 [2/2] (1.23ns)   --->   "%pool_value_2 = load i11 %OutConv5_addr_1" [D:/PhamDuyHoang_LuongVanDai_DA2/CNN_nopad/Pool.cpp:60->D:/PhamDuyHoang_LuongVanDai_DA2/CNN_nopad/CNN.cpp:45]   --->   Operation 42 'load' 'pool_value_2' <Predicate = (!icmp_ln52)> <Delay = 1.23> <CoreInst = "RAM">   --->   Core 82 'RAM' <Latency = 1> <II = 1> <Delay = 1.23> <Storage> <Opcode : 'load' 'store'> <Ports = 2> <Width = 16> <Depth = 1280> <RAM>
ST_1 : Operation 43 [1/1] (0.96ns) (root node of TernaryAdder)   --->   "%add_ln63 = add i10 %zext_ln55, i10 %empty_193" [D:/PhamDuyHoang_LuongVanDai_DA2/CNN_nopad/Pool.cpp:63->D:/PhamDuyHoang_LuongVanDai_DA2/CNN_nopad/CNN.cpp:45]   --->   Operation 43 'add' 'add_ln63' <Predicate = (!icmp_ln52)> <Delay = 0.96> <CoreInst = "TAddSub">   --->   Core 10 'TAddSub' <Latency = 0> <II = 1> <Delay = 0.48> <IPBlock> <Opcode : 'add' 'sub'> <InPorts = 3> <OutPorts = 1> <Sync> <CReg>
ST_1 : Operation 44 [1/1] (0.78ns)   --->   "%add_ln65 = add i6 %select_ln52, i6 1" [D:/PhamDuyHoang_LuongVanDai_DA2/CNN_nopad/Pool.cpp:65->D:/PhamDuyHoang_LuongVanDai_DA2/CNN_nopad/CNN.cpp:45]   --->   Operation 44 'add' 'add_ln65' <Predicate = (!icmp_ln52)> <Delay = 0.78> <CoreInst = "Adder">   --->   Core 1 'Adder' <Latency = 0> <II = 1> <Delay = 0.78> <FuncUnit> <Opcode : 'add' 'sub'> <InPorts = 2> <OutPorts = 1>
ST_1 : Operation 45 [1/1] (0.42ns)   --->   "%store_ln52 = store i10 %add_ln52, i10 %indvar_flatten106" [D:/PhamDuyHoang_LuongVanDai_DA2/CNN_nopad/Pool.cpp:52->D:/PhamDuyHoang_LuongVanDai_DA2/CNN_nopad/CNN.cpp:45]   --->   Operation 45 'store' 'store_ln52' <Predicate = (!icmp_ln52)> <Delay = 0.42>
ST_1 : Operation 46 [1/1] (0.42ns)   --->   "%store_ln52 = store i5 %select_ln52_1, i5 %z" [D:/PhamDuyHoang_LuongVanDai_DA2/CNN_nopad/Pool.cpp:52->D:/PhamDuyHoang_LuongVanDai_DA2/CNN_nopad/CNN.cpp:45]   --->   Operation 46 'store' 'store_ln52' <Predicate = (!icmp_ln52)> <Delay = 0.42>
ST_1 : Operation 47 [1/1] (0.42ns)   --->   "%store_ln55 = store i6 %add_ln65, i6 %y" [D:/PhamDuyHoang_LuongVanDai_DA2/CNN_nopad/Pool.cpp:55->D:/PhamDuyHoang_LuongVanDai_DA2/CNN_nopad/CNN.cpp:45]   --->   Operation 47 'store' 'store_ln55' <Predicate = (!icmp_ln52)> <Delay = 0.42>
ST_1 : Operation 61 [1/1] (0.42ns)   --->   "%ret_ln0 = ret"   --->   Operation 61 'ret' 'ret_ln0' <Predicate = (icmp_ln52)> <Delay = 0.42>

State 2 <SV = 1> <Delay = 4.89>
ST_2 : Operation 48 [1/1] (0.00ns)   --->   "%specloopname_ln0 = specloopname void @_ssdm_op_SpecLoopName, void @loop_for_channel_pool_2_loop_for_weight_pool_2_str"   --->   Operation 48 'specloopname' 'specloopname_ln0' <Predicate = true> <Delay = 0.00>
ST_2 : Operation 49 [1/1] (0.00ns)   --->   "%speclooptripcount_ln0 = speclooptripcount void @_ssdm_op_SpecLoopTripCount, i64 640, i64 640, i64 640"   --->   Operation 49 'speclooptripcount' 'speclooptripcount_ln0' <Predicate = true> <Delay = 0.00>
ST_2 : Operation 50 [1/1] (0.00ns)   --->   "%specpipeline_ln50 = specpipeline void @_ssdm_op_SpecPipeline, i32 4294967295, i32 0, i32 0, i32 0, void @empty_12" [D:/PhamDuyHoang_LuongVanDai_DA2/CNN_nopad/Pool.cpp:50->D:/PhamDuyHoang_LuongVanDai_DA2/CNN_nopad/CNN.cpp:45]   --->   Operation 50 'specpipeline' 'specpipeline_ln50' <Predicate = true> <Delay = 0.00>
ST_2 : Operation 51 [1/2] ( I:1.23ns O:1.23ns )   --->   "%pool_value = load i11 %OutConv5_addr" [D:/PhamDuyHoang_LuongVanDai_DA2/CNN_nopad/Pool.cpp:60->D:/PhamDuyHoang_LuongVanDai_DA2/CNN_nopad/CNN.cpp:45]   --->   Operation 51 'load' 'pool_value' <Predicate = true> <Delay = 1.23> <CoreInst = "RAM">   --->   Core 82 'RAM' <Latency = 1> <II = 1> <Delay = 1.23> <Storage> <Opcode : 'load' 'store'> <Ports = 2> <Width = 16> <Depth = 1280> <RAM>
ST_2 : Operation 52 [1/1] (0.85ns)   --->   "%icmp_ln61 = icmp_sgt  i16 %pool_value, i16 62976" [D:/PhamDuyHoang_LuongVanDai_DA2/CNN_nopad/Pool.cpp:61->D:/PhamDuyHoang_LuongVanDai_DA2/CNN_nopad/CNN.cpp:45]   --->   Operation 52 'icmp' 'icmp_ln61' <Predicate = true> <Delay = 0.85> <CoreInst = "Cmp">   --->   Core 9 'Cmp' <Latency = 0> <II = 1> <Delay = 0.85> <FuncUnit> <Opcode : 'seteq' 'setne' 'setle' 'setge' 'setlt' 'setgt'> <InPorts = 2> <OutPorts = 1>
ST_2 : Operation 53 [1/1] (0.35ns)   --->   "%max = select i1 %icmp_ln61, i16 %pool_value, i16 62976" [D:/PhamDuyHoang_LuongVanDai_DA2/CNN_nopad/Pool.cpp:61->D:/PhamDuyHoang_LuongVanDai_DA2/CNN_nopad/CNN.cpp:45]   --->   Operation 53 'select' 'max' <Predicate = true> <Delay = 0.35> <CoreInst = "Sel">   --->   Core 73 'Sel' <Latency = 0> <II = 1> <Delay = 0.35> <FuncUnit> <Opcode : 'select'> <InPorts = 3> <OutPorts = 1>
ST_2 : Operation 54 [1/2] ( I:1.23ns O:1.23ns )   --->   "%pool_value_2 = load i11 %OutConv5_addr_1" [D:/PhamDuyHoang_LuongVanDai_DA2/CNN_nopad/Pool.cpp:60->D:/PhamDuyHoang_LuongVanDai_DA2/CNN_nopad/CNN.cpp:45]   --->   Operation 54 'load' 'pool_value_2' <Predicate = true> <Delay = 1.23> <CoreInst = "RAM">   --->   Core 82 'RAM' <Latency = 1> <II = 1> <Delay = 1.23> <Storage> <Opcode : 'load' 'store'> <Ports = 2> <Width = 16> <Depth = 1280> <RAM>
ST_2 : Operation 55 [1/1] (0.85ns)   --->   "%icmp_ln61_1 = icmp_sgt  i16 %pool_value_2, i16 %max" [D:/PhamDuyHoang_LuongVanDai_DA2/CNN_nopad/Pool.cpp:61->D:/PhamDuyHoang_LuongVanDai_DA2/CNN_nopad/CNN.cpp:45]   --->   Operation 55 'icmp' 'icmp_ln61_1' <Predicate = true> <Delay = 0.85> <CoreInst = "Cmp">   --->   Core 9 'Cmp' <Latency = 0> <II = 1> <Delay = 0.85> <FuncUnit> <Opcode : 'seteq' 'setne' 'setle' 'setge' 'setlt' 'setgt'> <InPorts = 2> <OutPorts = 1>
ST_2 : Operation 56 [1/1] (0.35ns)   --->   "%max_2 = select i1 %icmp_ln61_1, i16 %pool_value_2, i16 %max" [D:/PhamDuyHoang_LuongVanDai_DA2/CNN_nopad/Pool.cpp:61->D:/PhamDuyHoang_LuongVanDai_DA2/CNN_nopad/CNN.cpp:45]   --->   Operation 56 'select' 'max_2' <Predicate = true> <Delay = 0.35> <CoreInst = "Sel">   --->   Core 73 'Sel' <Latency = 0> <II = 1> <Delay = 0.35> <FuncUnit> <Opcode : 'select'> <InPorts = 3> <OutPorts = 1>
ST_2 : Operation 57 [1/1] (0.00ns)   --->   "%zext_ln64 = zext i10 %add_ln63" [D:/PhamDuyHoang_LuongVanDai_DA2/CNN_nopad/Pool.cpp:64->D:/PhamDuyHoang_LuongVanDai_DA2/CNN_nopad/CNN.cpp:45]   --->   Operation 57 'zext' 'zext_ln64' <Predicate = true> <Delay = 0.00>
ST_2 : Operation 58 [1/1] (0.00ns)   --->   "%OutPool2_addr = getelementptr i16 %OutPool2, i64 0, i64 %zext_ln64" [D:/PhamDuyHoang_LuongVanDai_DA2/CNN_nopad/Pool.cpp:64->D:/PhamDuyHoang_LuongVanDai_DA2/CNN_nopad/CNN.cpp:45]   --->   Operation 58 'getelementptr' 'OutPool2_addr' <Predicate = true> <Delay = 0.00>
ST_2 : Operation 59 [1/1] ( I:1.23ns O:1.23ns )   --->   "%store_ln64 = store i16 %max_2, i10 %OutPool2_addr" [D:/PhamDuyHoang_LuongVanDai_DA2/CNN_nopad/Pool.cpp:64->D:/PhamDuyHoang_LuongVanDai_DA2/CNN_nopad/CNN.cpp:45]   --->   Operation 59 'store' 'store_ln64' <Predicate = true> <Delay = 1.23> <CoreInst = "RAM">   --->   Core 82 'RAM' <Latency = 1> <II = 1> <Delay = 1.23> <Storage> <Opcode : 'load' 'store'> <Ports = 2> <Width = 16> <Depth = 640> <RAM>
ST_2 : Operation 60 [1/1] (0.00ns)   --->   "%br_ln55 = br void %if.end.i.i.i.i336" [D:/PhamDuyHoang_LuongVanDai_DA2/CNN_nopad/Pool.cpp:55->D:/PhamDuyHoang_LuongVanDai_DA2/CNN_nopad/CNN.cpp:45]   --->   Operation 60 'br' 'br_ln55' <Predicate = true> <Delay = 0.00>


============================================================
+ Verbose Summary: Timing violations
============================================================
Target clock period: 10.000ns, clock uncertainty: 2.700ns.

 <State 1>: 4.463ns
The critical path consists of the following:
	'store' operation 0 bit ('store_ln52', D:/PhamDuyHoang_LuongVanDai_DA2/CNN_nopad/Pool.cpp:52->D:/PhamDuyHoang_LuongVanDai_DA2/CNN_nopad/CNN.cpp:45) of constant 0 on local variable 'z', D:/PhamDuyHoang_LuongVanDai_DA2/CNN_nopad/Pool.cpp:52->D:/PhamDuyHoang_LuongVanDai_DA2/CNN_nopad/CNN.cpp:45 [7]  (0.427 ns)
	'load' operation 5 bit ('z_load', D:/PhamDuyHoang_LuongVanDai_DA2/CNN_nopad/Pool.cpp:52->D:/PhamDuyHoang_LuongVanDai_DA2/CNN_nopad/CNN.cpp:45) on local variable 'z', D:/PhamDuyHoang_LuongVanDai_DA2/CNN_nopad/Pool.cpp:52->D:/PhamDuyHoang_LuongVanDai_DA2/CNN_nopad/CNN.cpp:45 [17]  (0.000 ns)
	'add' operation 5 bit ('add_ln52_1', D:/PhamDuyHoang_LuongVanDai_DA2/CNN_nopad/Pool.cpp:52->D:/PhamDuyHoang_LuongVanDai_DA2/CNN_nopad/CNN.cpp:45) [22]  (0.789 ns)
	'select' operation 5 bit ('select_ln52_1', D:/PhamDuyHoang_LuongVanDai_DA2/CNN_nopad/Pool.cpp:52->D:/PhamDuyHoang_LuongVanDai_DA2/CNN_nopad/CNN.cpp:45) [23]  (0.414 ns)
	'add' operation 11 bit ('empty', D:/PhamDuyHoang_LuongVanDai_DA2/CNN_nopad/Pool.cpp:52->D:/PhamDuyHoang_LuongVanDai_DA2/CNN_nopad/CNN.cpp:45) [27]  (0.798 ns)
	'add' operation 11 bit ('add_ln59', D:/PhamDuyHoang_LuongVanDai_DA2/CNN_nopad/Pool.cpp:59->D:/PhamDuyHoang_LuongVanDai_DA2/CNN_nopad/CNN.cpp:45) [38]  (0.798 ns)
	'getelementptr' operation 11 bit ('OutConv5_addr', D:/PhamDuyHoang_LuongVanDai_DA2/CNN_nopad/Pool.cpp:60->D:/PhamDuyHoang_LuongVanDai_DA2/CNN_nopad/CNN.cpp:45) [40]  (0.000 ns)
	'load' operation 16 bit ('pool_value', D:/PhamDuyHoang_LuongVanDai_DA2/CNN_nopad/Pool.cpp:60->D:/PhamDuyHoang_LuongVanDai_DA2/CNN_nopad/CNN.cpp:45) on array 'OutConv5' [41]  (1.237 ns)

 <State 2>: 4.894ns
The critical path consists of the following:
	'load' operation 16 bit ('pool_value', D:/PhamDuyHoang_LuongVanDai_DA2/CNN_nopad/Pool.cpp:60->D:/PhamDuyHoang_LuongVanDai_DA2/CNN_nopad/CNN.cpp:45) on array 'OutConv5' [41]  (1.237 ns)
	'icmp' operation 1 bit ('icmp_ln61', D:/PhamDuyHoang_LuongVanDai_DA2/CNN_nopad/Pool.cpp:61->D:/PhamDuyHoang_LuongVanDai_DA2/CNN_nopad/CNN.cpp:45) [42]  (0.853 ns)
	'select' operation 16 bit ('max', D:/PhamDuyHoang_LuongVanDai_DA2/CNN_nopad/Pool.cpp:61->D:/PhamDuyHoang_LuongVanDai_DA2/CNN_nopad/CNN.cpp:45) [43]  (0.357 ns)
	'icmp' operation 1 bit ('icmp_ln61_1', D:/PhamDuyHoang_LuongVanDai_DA2/CNN_nopad/Pool.cpp:61->D:/PhamDuyHoang_LuongVanDai_DA2/CNN_nopad/CNN.cpp:45) [48]  (0.853 ns)
	'select' operation 16 bit ('max', D:/PhamDuyHoang_LuongVanDai_DA2/CNN_nopad/Pool.cpp:61->D:/PhamDuyHoang_LuongVanDai_DA2/CNN_nopad/CNN.cpp:45) [49]  (0.357 ns)
	'store' operation 0 bit ('store_ln64', D:/PhamDuyHoang_LuongVanDai_DA2/CNN_nopad/Pool.cpp:64->D:/PhamDuyHoang_LuongVanDai_DA2/CNN_nopad/CNN.cpp:45) of variable 'max', D:/PhamDuyHoang_LuongVanDai_DA2/CNN_nopad/Pool.cpp:61->D:/PhamDuyHoang_LuongVanDai_DA2/CNN_nopad/CNN.cpp:45 on array 'OutPool2' [53]  (1.237 ns)


============================================================
+ Verbose Summary: Binding
============================================================
N/A
* FSMD analyzer results:
  - Output states:
 - Input state : 
  - Chain level:
	State 1
	State 2


============================================================
+ Verbose Summary: Datapath Resource usage 
============================================================
N/A
