D:\PJ\CNN_HLS\CNN_HLS\hls\.autopilot\db\Conv.pp.0.cpp:2256:5: warning: Added loop label VITIS_LOOP_676_1:   [xilinx-label-all-loops]
    for (unsigned i = low; i != high+1; ++i) {
    ^~~
    VITIS_LOOP_676_1: 
D:\PJ\CNN_HLS\CNN_HLS\hls\.autopilot\db\Conv.pp.0.cpp:2256:5: note: FIX-IT applied suggested code changes
D:\PJ\CNN_HLS\CNN_HLS\hls\.autopilot\db\Conv.pp.0.cpp:2270:5: warning: Added loop label VITIS_LOOP_690_1:   [xilinx-label-all-loops]
    for (unsigned i = low; i != high+1; ++i) {
    ^~~
    VITIS_LOOP_690_1: 
D:\PJ\CNN_HLS\CNN_HLS\hls\.autopilot\db\Conv.pp.0.cpp:2270:5: note: FIX-IT applied suggested code changes
D:\PJ\CNN_HLS\CNN_HLS\hls\.autopilot\db\Conv.pp.0.cpp:2284:5: warning: Added loop label VITIS_LOOP_704_1:   [xilinx-label-all-loops]
    for (unsigned i = low; i != high+1; ++i) {
    ^~~
    VITIS_LOOP_704_1: 
D:\PJ\CNN_HLS\CNN_HLS\hls\.autopilot\db\Conv.pp.0.cpp:2284:5: note: FIX-IT applied suggested code changes
D:\PJ\CNN_HLS\CNN_HLS\hls\.autopilot\db\Conv.pp.0.cpp:4252:7: warning: Added loop label VITIS_LOOP_1248_1:   [xilinx-label-all-loops]
      for (i = 0; i < __N - 1; ++i) {
      ^~~
      VITIS_LOOP_1248_1: 
D:\PJ\CNN_HLS\CNN_HLS\hls\.autopilot\db\Conv.pp.0.cpp:4252:7: note: FIX-IT applied suggested code changes
D:\PJ\CNN_HLS\CNN_HLS\hls\.autopilot\db\Conv.pp.0.cpp:10254:2: warning: Added loop label VITIS_LOOP_15_1:   [xilinx-label-all-loops]
 for (int n = 0; n < 4; n++){
 ^~~
 VITIS_LOOP_15_1: 
D:\PJ\CNN_HLS\CNN_HLS\hls\.autopilot\db\Conv.pp.0.cpp:10254:2: note: FIX-IT applied suggested code changes
D:\PJ\CNN_HLS\CNN_HLS\hls\.autopilot\db\Conv.pp.0.cpp:10280:2: warning: Added loop label VITIS_LOOP_41_1:   [xilinx-label-all-loops]
 for (int n = 0; n < 4; n++){
 ^~~
 VITIS_LOOP_41_1: 
D:\PJ\CNN_HLS\CNN_HLS\hls\.autopilot\db\Conv.pp.0.cpp:10280:2: note: FIX-IT applied suggested code changes
D:\PJ\CNN_HLS\CNN_HLS\hls\.autopilot\db\Conv.pp.0.cpp:10306:2: warning: Added loop label VITIS_LOOP_67_1:   [xilinx-label-all-loops]
 for (int n = 0; n < 8; n++){
 ^~~
 VITIS_LOOP_67_1: 
D:\PJ\CNN_HLS\CNN_HLS\hls\.autopilot\db\Conv.pp.0.cpp:10306:2: note: FIX-IT applied suggested code changes
D:\PJ\CNN_HLS\CNN_HLS\hls\.autopilot\db\Conv.pp.0.cpp:10332:2: warning: Added loop label VITIS_LOOP_93_1:   [xilinx-label-all-loops]
 for (int n = 0; n < 8; n++){
 ^~~
 VITIS_LOOP_93_1: 
D:\PJ\CNN_HLS\CNN_HLS\hls\.autopilot\db\Conv.pp.0.cpp:10332:2: note: FIX-IT applied suggested code changes
D:\PJ\CNN_HLS\CNN_HLS\hls\.autopilot\db\Conv.pp.0.cpp:10358:2: warning: Added loop label VITIS_LOOP_119_1:   [xilinx-label-all-loops]
 for (int n = 0; n < 16; n++){
 ^~~
 VITIS_LOOP_119_1: 
D:\PJ\CNN_HLS\CNN_HLS\hls\.autopilot\db\Conv.pp.0.cpp:10358:2: note: FIX-IT applied suggested code changes
D:\PJ\CNN_HLS\CNN_HLS\hls\.autopilot\db\Conv.pp.0.cpp:10384:2: warning: Added loop label VITIS_LOOP_145_1:   [xilinx-label-all-loops]
 for (int n = 0; n < 16; n++){
 ^~~
 VITIS_LOOP_145_1: 
D:\PJ\CNN_HLS\CNN_HLS\hls\.autopilot\db\Conv.pp.0.cpp:10384:2: note: FIX-IT applied suggested code changes
D:\PJ\CNN_HLS\CNN_HLS\hls\.autopilot\db\Conv.pp.0.cpp:10410:2: warning: Added loop label VITIS_LOOP_171_1:   [xilinx-label-all-loops]
 for (int n = 0; n < 32; n++){
 ^~~
 VITIS_LOOP_171_1: 
D:\PJ\CNN_HLS\CNN_HLS\hls\.autopilot\db\Conv.pp.0.cpp:10410:2: note: FIX-IT applied suggested code changes
D:\PJ\CNN_HLS\CNN_HLS\hls\.autopilot\db\Conv.pp.0.cpp:10436:2: warning: Added loop label VITIS_LOOP_197_1:   [xilinx-label-all-loops]
 for (int n = 0; n < 32; n++){
 ^~~
 VITIS_LOOP_197_1: 
D:\PJ\CNN_HLS\CNN_HLS\hls\.autopilot\db\Conv.pp.0.cpp:10436:2: note: FIX-IT applied suggested code changes
