Copyright 1986-2022 Xilinx, Inc. All Rights Reserved. Copyright 2022-2024 Advanced Micro Devices, Inc. All Rights Reserved.
---------------------------------------------------------------------------------------------------------------------------------------------
| Tool Version : Vivado v.2024.2.1 (win64) Build 5266912 Sun Dec 15 09:03:24 MST 2024
| Date         : Sun Apr 20 02:39:47 2025
| Host         : DESKTOP-F82A4M5 running 64-bit major release  (build 9200)
| Command      : report_drc -file CNN_drc_routed.rpt -pb CNN_drc_routed.pb -rpx CNN_drc_routed.rpx
| Design       : CNN
| Device       : xck26-sfvc784-2LV-c
| Speed File   : -2LV
| Design State : Fully Routed
---------------------------------------------------------------------------------------------------------------------------------------------

Report DRC

Table of Contents
-----------------
1. REPORT SUMMARY
2. REPORT DETAILS

1. REPORT SUMMARY
-----------------
            Netlist: netlist
          Floorplan: design_1
      Design limits: <entire design considered>
           Ruledeck: default
             Max checks: <unlimited>
             Checks found: 2
+--------+------------------+----------------------------+--------+
| Rule   | Severity         | Description                | Checks |
+--------+------------------+----------------------------+--------+
| NSTD-1 | Critical Warning | Unspecified I/O Standard   | 1      |
| UCIO-1 | Critical Warning | Unconstrained Logical Port | 1      |
+--------+------------------+----------------------------+--------+

2. REPORT DETAILS
-----------------
NSTD-1#1 Critical Warning
Unspecified I/O Standard  
44 out of 44 logical ports use I/O standard (IOSTANDARD) value 'DEFAULT', instead of a user assigned specific value. This may cause I/O contention or incompatibility with the board power or connectivity affecting performance, signal integrity or in extreme cases cause damage to the device or the components to which it is connected. To correct this violation, specify all I/O standards. This design will fail to generate a bitstream unless all logical ports have a user specified I/O standard value defined. To allow bitstream creation with unspecified I/O standard values (not recommended), use this command: set_property SEVERITY {Warning} [get_drc_checks NSTD-1].  NOTE: When using the Vivado Runs infrastructure (e.g. launch_runs Tcl command), add this command to a .tcl file and add that file as a pre-hook for write_bitstream step for the implementation run. Problem ports: AXI_CRAM_addra_in[5:0], AXI_LDM_addra_in[0], AXI_LDM_addra_in[10],
AXI_LDM_addra_in[11], AXI_LDM_addra_in[12], AXI_LDM_addra_in[13],
AXI_LDM_addra_in[1], AXI_LDM_addra_in[2], AXI_LDM_addra_in[6],
AXI_LDM_addra_in[7], AXI_LDM_addra_in[8], AXI_LDM_addra_in[9],
AXI_LDM_dina_in[0], AXI_LDM_dina_in[1], AXI_LDM_dina_in[2]
 (the first 15 of 24 listed).
Related violations: <none>

UCIO-1#1 Critical Warning
Unconstrained Logical Port  
44 out of 44 logical ports have no user assigned specific location constraint (LOC). This may cause I/O contention or incompatibility with the board power or connectivity affecting performance, signal integrity or in extreme cases cause damage to the device or the components to which it is connected. To correct this violation, specify all pin locations. This design will fail to generate a bitstream unless all logical ports have a user specified site LOC constraint defined.  To allow bitstream creation with unspecified pin locations (not recommended), use this command: set_property SEVERITY {Warning} [get_drc_checks UCIO-1].  NOTE: When using the Vivado Runs infrastructure (e.g. launch_runs Tcl command), add this command to a .tcl file and add that file as a pre-hook for write_bitstream step for the implementation run.  Problem ports: AXI_CRAM_addra_in[5:0], AXI_LDM_addra_in[0], AXI_LDM_addra_in[10],
AXI_LDM_addra_in[11], AXI_LDM_addra_in[12], AXI_LDM_addra_in[13],
AXI_LDM_addra_in[1], AXI_LDM_addra_in[2], AXI_LDM_addra_in[6],
AXI_LDM_addra_in[7], AXI_LDM_addra_in[8], AXI_LDM_addra_in[9],
AXI_LDM_dina_in[0], AXI_LDM_dina_in[1], AXI_LDM_dina_in[2]
 (the first 15 of 24 listed).
Related violations: <none>


