

================================================================
== Vitis HLS Report for 'CNN_Pipeline_loop_for_channel_pool_2_loop_for_weight_pool_2'
================================================================
* Date:           Mon Jul 14 02:16:40 2025

* Version:        2025.1 (Build 6135595 on May 21 2025)
* Project:        CNN_HLS
* Solution:       hls (Vivado IP Flow Target)
* Product family: zynquplus
* Target device:  xck26-sfvc784-2LV-c


================================================================
== Performance Estimates
================================================================
+ Timing: 
    * Summary: 
    +--------+----------+----------+------------+
    |  Clock |  Target  | Estimated| Uncertainty|
    +--------+----------+----------+------------+
    |ap_clk  |  10.00 ns|  4.894 ns|     2.70 ns|
    +--------+----------+----------+------------+

+ Latency: 
    * Summary: 
    +---------+---------+----------+----------+-----+-----+------------------------------------------------+
    |  Latency (cycles) |  Latency (absolute) |  Interval |                    Pipeline                    |
    |   min   |   max   |    min   |    max   | min | max |                      Type                      |
    +---------+---------+----------+----------+-----+-----+------------------------------------------------+
    |      642|      642|  6.420 us|  6.420 us|  641|  641|  loop auto-rewind stp (delay=0 clock cycles(s))|
    +---------+---------+----------+----------+-----+-----+------------------------------------------------+

    + Detail: 
        * Instance: 
        N/A

        * Loop: 
        +--------------------------------------------------+---------+---------+----------+-----------+-----------+------+----------+
        |                                                  |  Latency (cycles) | Iteration|  Initiation Interval  | Trip |          |
        |                     Loop Name                    |   min   |   max   |  Latency |  achieved |   target  | Count| Pipelined|
        +--------------------------------------------------+---------+---------+----------+-----------+-----------+------+----------+
        |- loop_for_channel_pool_2_loop_for_weight_pool_2  |      640|      640|         2|          1|          1|   640|       yes|
        +--------------------------------------------------+---------+---------+----------+-----------+-----------+------+----------+



================================================================
== Utilization Estimates
================================================================
* Summary: 
+-----------------+---------+------+--------+--------+-----+
|       Name      | BRAM_18K|  DSP |   FF   |   LUT  | URAM|
+-----------------+---------+------+--------+--------+-----+
|DSP              |        -|     -|       -|       -|    -|
|Expression       |        -|     -|       0|     253|    -|
|FIFO             |        -|     -|       -|       -|    -|
|Instance         |        -|     -|       -|       -|    -|
|Memory           |        -|     -|       -|       -|    -|
|Multiplexer      |        -|     -|       0|      72|    -|
|Register         |        -|     -|      34|       -|    -|
+-----------------+---------+------+--------+--------+-----+
|Total            |        0|     0|      34|     325|    0|
+-----------------+---------+------+--------+--------+-----+
|Available        |      288|  1248|  234240|  117120|   64|
+-----------------+---------+------+--------+--------+-----+
|Utilization (%)  |        0|     0|      ~0|      ~0|    0|
+-----------------+---------+------+--------+--------+-----+

+ Detail: 
    * Instance: 
    N/A

    * DSP: 
    N/A

    * Memory: 
    N/A

    * FIFO: 
    N/A

    * Expression: 
    +-------------------------+----------+----+---+----+------------+------------+
    |      Variable Name      | Operation| DSP| FF| LUT| Bitwidth P0| Bitwidth P1|
    +-------------------------+----------+----+---+----+------------+------------+
    |add_ln52_1_fu_166_p2     |         +|   0|  0|  12|           5|           1|
    |add_ln52_fu_140_p2       |         +|   0|  0|  17|          10|           1|
    |add_ln59_1_fu_277_p2     |         +|   0|  0|  18|          11|          11|
    |add_ln59_fu_266_p2       |         +|   0|  0|  18|          11|          11|
    |add_ln63_fu_288_p2       |         +|   0|  0|  18|          10|          10|
    |add_ln65_fu_294_p2       |         +|   0|  0|  13|           6|           1|
    |empty_193_fu_226_p2      |         +|   0|  0|  18|          10|          10|
    |empty_fu_200_p2          |         +|   0|  0|  18|          11|          11|
    |icmp_ln52_fu_134_p2      |      icmp|   0|  0|  17|          10|          10|
    |icmp_ln55_fu_152_p2      |      icmp|   0|  0|  13|           6|           6|
    |icmp_ln61_1_fu_329_p2    |      icmp|   0|  0|  23|          16|          16|
    |icmp_ln61_fu_315_p2      |      icmp|   0|  0|  23|          16|          13|
    |max_2_fu_335_p3          |    select|   0|  0|  16|           1|          16|
    |max_fu_321_p3            |    select|   0|  0|  16|           1|          16|
    |select_ln52_1_fu_172_p3  |    select|   0|  0|   5|           1|           5|
    |select_ln52_fu_158_p3    |    select|   0|  0|   6|           1|           1|
    |ap_enable_pp0            |       xor|   0|  0|   2|           1|           2|
    +-------------------------+----------+----+---+----+------------+------------+
    |Total                    |          |   0|  0| 253|         127|         141|
    +-------------------------+----------+----+---+----+------------+------------+

    * Multiplexer: 
    +-----------------------------------------+----+-----------+-----+-----------+
    |                   Name                  | LUT| Input Size| Bits| Total Bits|
    +-----------------------------------------+----+-----------+-----+-----------+
    |ap_done_int                              |   9|          2|    1|          2|
    |ap_enable_reg_pp0_iter1                  |   9|          2|    1|          2|
    |ap_sig_allocacmp_indvar_flatten106_load  |   9|          2|   10|         20|
    |ap_sig_allocacmp_y_load                  |   9|          2|    6|         12|
    |ap_sig_allocacmp_z_load                  |   9|          2|    5|         10|
    |indvar_flatten106_fu_74                  |   9|          2|   10|         20|
    |y_fu_66                                  |   9|          2|    6|         12|
    |z_fu_70                                  |   9|          2|    5|         10|
    +-----------------------------------------+----+-----------+-----+-----------+
    |Total                                    |  72|         16|   44|         88|
    +-----------------------------------------+----+-----------+-----+-----------+

    * Register: 
    +-------------------------+----+----+-----+-----------+
    |           Name          | FF | LUT| Bits| Const Bits|
    +-------------------------+----+----+-----+-----------+
    |add_ln63_reg_382         |  10|   0|   10|          0|
    |ap_CS_fsm                |   1|   0|    1|          0|
    |ap_done_reg              |   1|   0|    1|          0|
    |ap_enable_reg_pp0_iter1  |   1|   0|    1|          0|
    |indvar_flatten106_fu_74  |  10|   0|   10|          0|
    |y_fu_66                  |   6|   0|    6|          0|
    |z_fu_70                  |   5|   0|    5|          0|
    +-------------------------+----+----+-----+-----------+
    |Total                    |  34|   0|   34|          0|
    +-------------------------+----+----+-----+-----------+



================================================================
== Interface
================================================================
* Summary: 
+-------------------+-----+-----+------------+-------------------------------------------------------------+--------------+
|     RTL Ports     | Dir | Bits|  Protocol  |                        Source Object                        |    C Type    |
+-------------------+-----+-----+------------+-------------------------------------------------------------+--------------+
|ap_clk             |   in|    1|  ap_ctrl_hs|  CNN_Pipeline_loop_for_channel_pool_2_loop_for_weight_pool_2|  return value|
|ap_rst             |   in|    1|  ap_ctrl_hs|  CNN_Pipeline_loop_for_channel_pool_2_loop_for_weight_pool_2|  return value|
|ap_start           |   in|    1|  ap_ctrl_hs|  CNN_Pipeline_loop_for_channel_pool_2_loop_for_weight_pool_2|  return value|
|ap_done            |  out|    1|  ap_ctrl_hs|  CNN_Pipeline_loop_for_channel_pool_2_loop_for_weight_pool_2|  return value|
|ap_idle            |  out|    1|  ap_ctrl_hs|  CNN_Pipeline_loop_for_channel_pool_2_loop_for_weight_pool_2|  return value|
|ap_ready           |  out|    1|  ap_ctrl_hs|  CNN_Pipeline_loop_for_channel_pool_2_loop_for_weight_pool_2|  return value|
|OutConv5_address0  |  out|   11|   ap_memory|                                                     OutConv5|         array|
|OutConv5_ce0       |  out|    1|   ap_memory|                                                     OutConv5|         array|
|OutConv5_q0        |   in|   16|   ap_memory|                                                     OutConv5|         array|
|OutConv5_address1  |  out|   11|   ap_memory|                                                     OutConv5|         array|
|OutConv5_ce1       |  out|    1|   ap_memory|                                                     OutConv5|         array|
|OutConv5_q1        |   in|   16|   ap_memory|                                                     OutConv5|         array|
|OutPool2_address0  |  out|   10|   ap_memory|                                                     OutPool2|         array|
|OutPool2_ce0       |  out|    1|   ap_memory|                                                     OutPool2|         array|
|OutPool2_we0       |  out|    1|   ap_memory|                                                     OutPool2|         array|
|OutPool2_d0        |  out|   16|   ap_memory|                                                     OutPool2|         array|
+-------------------+-----+-----+------------+-------------------------------------------------------------+--------------+

