

================================================================
== Vitis HLS Report for 'CNN_Pipeline_loop_for_3_channel_pad_3_loop_for_channel_pad_3'
================================================================
* Date:           Mon Jul 14 02:16:36 2025

* Version:        2025.1 (Build 6135595 on May 21 2025)
* Project:        CNN_HLS
* Solution:       hls (Vivado IP Flow Target)
* Product family: zynquplus
* Target device:  xck26-sfvc784-2LV-c


================================================================
== Performance Estimates
================================================================
+ Timing: 
    * Summary: 
    +--------+----------+----------+------------+
    |  Clock |  Target  | Estimated| Uncertainty|
    +--------+----------+----------+------------+
    |ap_clk  |  10.00 ns|  4.270 ns|     2.70 ns|
    +--------+----------+----------+------------+

+ Latency: 
    * Summary: 
    +---------+---------+-----------+-----------+------+------+------------------------------------------------+
    |  Latency (cycles) |   Latency (absolute)  |   Interval  |                    Pipeline                    |
    |   min   |   max   |    min    |    max    |  min |  max |                      Type                      |
    +---------+---------+-----------+-----------+------+------+------------------------------------------------+
    |     1324|     1324|  13.240 us|  13.240 us|  1313|  1313|  loop auto-rewind stp (delay=0 clock cycles(s))|
    +---------+---------+-----------+-----------+------+------+------------------------------------------------+

    + Detail: 
        * Instance: 
        N/A

        * Loop: 
        +---------------------------------------------------+---------+---------+----------+-----------+-----------+------+----------+
        |                                                   |  Latency (cycles) | Iteration|  Initiation Interval  | Trip |          |
        |                     Loop Name                     |   min   |   max   |  Latency |  achieved |   target  | Count| Pipelined|
        +---------------------------------------------------+---------+---------+----------+-----------+-----------+------+----------+
        |- loop_for_3_channel_pad_3_loop_for_channel_pad_3  |     1322|     1322|        12|          1|          1|  1312|       yes|
        +---------------------------------------------------+---------+---------+----------+-----------+-----------+------+----------+



================================================================
== Utilization Estimates
================================================================
* Summary: 
+-----------------+---------+------+--------+--------+-----+
|       Name      | BRAM_18K|  DSP |   FF   |   LUT  | URAM|
+-----------------+---------+------+--------+--------+-----+
|DSP              |        -|     1|       -|       -|    -|
|Expression       |        -|     -|       0|     204|    -|
|FIFO             |        -|     -|       -|       -|    -|
|Instance         |        -|     1|     189|     111|    -|
|Memory           |        -|     -|       -|       -|    -|
|Multiplexer      |        -|     -|       0|      72|    -|
|Register         |        -|     -|     252|      96|    -|
+-----------------+---------+------+--------+--------+-----+
|Total            |        0|     2|     441|     483|    0|
+-----------------+---------+------+--------+--------+-----+
|Available        |      288|  1248|  234240|  117120|   64|
+-----------------+---------+------+--------+--------+-----+
|Utilization (%)  |        0|    ~0|      ~0|      ~0|    0|
+-----------------+---------+------+--------+--------+-----+

+ Detail: 
    * Instance: 
    +---------------------------+----------------------+---------+----+-----+-----+-----+
    |          Instance         |        Module        | BRAM_18K| DSP|  FF | LUT | URAM|
    +---------------------------+----------------------+---------+----+-----+-----+-----+
    |mul_11ns_13ns_23_1_1_U127  |mul_11ns_13ns_23_1_1  |        0|   1|    0|    5|    0|
    |urem_8ns_3ns_2_12_1_U126   |urem_8ns_3ns_2_12_1   |        0|   0|  189|  106|    0|
    +---------------------------+----------------------+---------+----+-----+-----+-----+
    |Total                      |                      |        0|   1|  189|  111|    0|
    +---------------------------+----------------------+---------+----+-----+-----+-----+

    * DSP: 
    +------------------------------------+-------------------------------+--------------+
    |              Instance              |             Module            |  Expression  |
    +------------------------------------+-------------------------------+--------------+
    |mac_muladd_8ns_4ns_8ns_11_4_1_U128  |mac_muladd_8ns_4ns_8ns_11_4_1  |  i0 + i1 * i2|
    +------------------------------------+-------------------------------+--------------+

    * Memory: 
    N/A

    * FIFO: 
    N/A

    * Expression: 
    +-------------------------+----------+----+---+----+------------+------------+
    |      Variable Name      | Operation| DSP| FF| LUT| Bitwidth P0| Bitwidth P1|
    +-------------------------+----------+----+---+----+------------+------------+
    |add_ln83_1_fu_192_p2     |         +|   0|  0|  12|           4|           1|
    |add_ln83_fu_166_p2       |         +|   0|  0|  18|          11|           1|
    |add_ln85_1_fu_286_p2     |         +|   0|  0|  17|          11|          11|
    |add_ln85_fu_244_p2       |         +|   0|  0|  15|           8|           1|
    |add_ln86_2_fu_308_p2     |         +|   0|  0|  16|           9|           3|
    |add_ln86_3_fu_318_p2     |         +|   0|  0|  17|          11|          11|
    |grp_fu_238_p0            |         +|   0|  0|  15|           8|           8|
    |icmp_ln83_fu_160_p2      |      icmp|   0|  0|  18|          11|          11|
    |icmp_ln85_fu_178_p2      |      icmp|   0|  0|  15|           8|           8|
    |icmp_ln86_1_fu_298_p2    |      icmp|   0|  0|  15|           8|           8|
    |icmp_ln86_fu_226_p2      |      icmp|   0|  0|  14|           7|           1|
    |or_ln86_fu_303_p2        |        or|   0|  0|   2|           1|           1|
    |select_ln83_1_fu_198_p3  |    select|   0|  0|   4|           1|           4|
    |select_ln83_fu_184_p3    |    select|   0|  0|   8|           1|           1|
    |storemerge573_fu_359_p3  |    select|   0|  0|  16|           1|           1|
    |ap_enable_pp0            |       xor|   0|  0|   2|           1|           2|
    +-------------------------+----------+----+---+----+------------+------------+
    |Total                    |          |   0|  0| 204|         101|          73|
    +-------------------------+----------+----+---+----+------------+------------+

    * Multiplexer: 
    +----------------------------------------+----+-----------+-----+-----------+
    |                  Name                  | LUT| Input Size| Bits| Total Bits|
    +----------------------------------------+----+-----------+-----+-----------+
    |ap_done_int                             |   9|          2|    1|          2|
    |ap_enable_reg_pp0_iter1                 |   9|          2|    1|          2|
    |ap_sig_allocacmp_c_load                 |   9|          2|    4|          8|
    |ap_sig_allocacmp_indvar_flatten37_load  |   9|          2|   11|         22|
    |ap_sig_allocacmp_n_load                 |   9|          2|    8|         16|
    |c_fu_82                                 |   9|          2|    4|          8|
    |indvar_flatten37_fu_86                  |   9|          2|   11|         22|
    |n_fu_78                                 |   9|          2|    8|         16|
    +----------------------------------------+----+-----------+-----+-----------+
    |Total                                   |  72|         16|   48|         96|
    +----------------------------------------+----+-----------+-----+-----------+

    * Register: 
    +-----------------------------------+----+----+-----+-----------+
    |                Name               | FF | LUT| Bits| Const Bits|
    +-----------------------------------+----+----+-----+-----------+
    |ap_CS_fsm                          |   1|   0|    1|          0|
    |ap_done_reg                        |   1|   0|    1|          0|
    |ap_enable_reg_pp0_iter1            |   1|   0|    1|          0|
    |ap_enable_reg_pp0_iter10           |   1|   0|    1|          0|
    |ap_enable_reg_pp0_iter11           |   1|   0|    1|          0|
    |ap_enable_reg_pp0_iter2            |   1|   0|    1|          0|
    |ap_enable_reg_pp0_iter3            |   1|   0|    1|          0|
    |ap_enable_reg_pp0_iter4            |   1|   0|    1|          0|
    |ap_enable_reg_pp0_iter5            |   1|   0|    1|          0|
    |ap_enable_reg_pp0_iter6            |   1|   0|    1|          0|
    |ap_enable_reg_pp0_iter7            |   1|   0|    1|          0|
    |ap_enable_reg_pp0_iter8            |   1|   0|    1|          0|
    |ap_enable_reg_pp0_iter9            |   1|   0|    1|          0|
    |ap_loop_exit_ready_pp0_iter10_reg  |   1|   0|    1|          0|
    |ap_loop_exit_ready_pp0_iter1_reg   |   1|   0|    1|          0|
    |ap_loop_exit_ready_pp0_iter2_reg   |   1|   0|    1|          0|
    |ap_loop_exit_ready_pp0_iter3_reg   |   1|   0|    1|          0|
    |ap_loop_exit_ready_pp0_iter4_reg   |   1|   0|    1|          0|
    |ap_loop_exit_ready_pp0_iter5_reg   |   1|   0|    1|          0|
    |ap_loop_exit_ready_pp0_iter6_reg   |   1|   0|    1|          0|
    |ap_loop_exit_ready_pp0_iter7_reg   |   1|   0|    1|          0|
    |ap_loop_exit_ready_pp0_iter8_reg   |   1|   0|    1|          0|
    |ap_loop_exit_ready_pp0_iter9_reg   |   1|   0|    1|          0|
    |c_fu_82                            |   4|   0|    4|          0|
    |icmp_ln86_reg_425                  |   1|   0|    1|          0|
    |indvar_flatten37_fu_86             |  11|   0|   11|          0|
    |n_fu_78                            |   8|   0|    8|          0|
    |or_ln86_reg_445                    |   1|   0|    1|          0|
    |select_ln83_1_reg_418              |   4|   0|    4|          0|
    |select_ln83_reg_411                |   8|   0|    8|          0|
    |icmp_ln86_reg_425                  |  64|  32|    1|          0|
    |select_ln83_1_reg_418              |  64|  32|    4|          0|
    |select_ln83_reg_411                |  64|  32|    8|          0|
    +-----------------------------------+----+----+-----+-----------+
    |Total                              | 252|  96|   73|          0|
    +-----------------------------------+----+----+-----+-----------+



================================================================
== Interface
================================================================
* Summary: 
+------------------------+-----+-----+------------+--------------------------------------------------------------+--------------+
|        RTL Ports       | Dir | Bits|  Protocol  |                         Source Object                        |    C Type    |
+------------------------+-----+-----+------------+--------------------------------------------------------------+--------------+
|ap_clk                  |   in|    1|  ap_ctrl_hs|  CNN_Pipeline_loop_for_3_channel_pad_3_loop_for_channel_pad_3|  return value|
|ap_rst                  |   in|    1|  ap_ctrl_hs|  CNN_Pipeline_loop_for_3_channel_pad_3_loop_for_channel_pad_3|  return value|
|ap_start                |   in|    1|  ap_ctrl_hs|  CNN_Pipeline_loop_for_3_channel_pad_3_loop_for_channel_pad_3|  return value|
|ap_done                 |  out|    1|  ap_ctrl_hs|  CNN_Pipeline_loop_for_3_channel_pad_3_loop_for_channel_pad_3|  return value|
|ap_idle                 |  out|    1|  ap_ctrl_hs|  CNN_Pipeline_loop_for_3_channel_pad_3_loop_for_channel_pad_3|  return value|
|ap_ready                |  out|    1|  ap_ctrl_hs|  CNN_Pipeline_loop_for_3_channel_pad_3_loop_for_channel_pad_3|  return value|
|OutPadConv3_2_address0  |  out|    9|   ap_memory|                                                 OutPadConv3_2|         array|
|OutPadConv3_2_ce0       |  out|    1|   ap_memory|                                                 OutPadConv3_2|         array|
|OutPadConv3_2_we0       |  out|    1|   ap_memory|                                                 OutPadConv3_2|         array|
|OutPadConv3_2_d0        |  out|   16|   ap_memory|                                                 OutPadConv3_2|         array|
|OutPadConv3_1_address0  |  out|    9|   ap_memory|                                                 OutPadConv3_1|         array|
|OutPadConv3_1_ce0       |  out|    1|   ap_memory|                                                 OutPadConv3_1|         array|
|OutPadConv3_1_we0       |  out|    1|   ap_memory|                                                 OutPadConv3_1|         array|
|OutPadConv3_1_d0        |  out|   16|   ap_memory|                                                 OutPadConv3_1|         array|
|OutPadConv3_address0    |  out|    9|   ap_memory|                                                   OutPadConv3|         array|
|OutPadConv3_ce0         |  out|    1|   ap_memory|                                                   OutPadConv3|         array|
|OutPadConv3_we0         |  out|    1|   ap_memory|                                                   OutPadConv3|         array|
|OutPadConv3_d0          |  out|   16|   ap_memory|                                                   OutPadConv3|         array|
|OutConv2_address0       |  out|   11|   ap_memory|                                                      OutConv2|         array|
|OutConv2_ce0            |  out|    1|   ap_memory|                                                      OutConv2|         array|
|OutConv2_q0             |   in|   16|   ap_memory|                                                      OutConv2|         array|
+------------------------+-----+-----+------------+--------------------------------------------------------------+--------------+

