

================================================================
== Vitis HLS Report for 'CNN_Pipeline_loop_for_3_channel_pad_7_loop_for_channel_pad_7'
================================================================
* Date:           Mon Jul 14 02:16:40 2025

* Version:        2025.1 (Build 6135595 on May 21 2025)
* Project:        CNN_HLS
* Solution:       hls (Vivado IP Flow Target)
* Product family: zynquplus
* Target device:  xck26-sfvc784-2LV-c


================================================================
== Performance Estimates
================================================================
+ Timing: 
    * Summary: 
    +--------+----------+----------+------------+
    |  Clock |  Target  | Estimated| Uncertainty|
    +--------+----------+----------+------------+
    |ap_clk  |  10.00 ns|  2.933 ns|     2.70 ns|
    +--------+----------+----------+------------+

+ Latency: 
    * Summary: 
    +---------+---------+-----------+-----------+------+------+------------------------------------------------+
    |  Latency (cycles) |   Latency (absolute)  |   Interval  |                    Pipeline                    |
    |   min   |   max   |    min    |    max    |  min |  max |                      Type                      |
    +---------+---------+-----------+-----------+------+------+------------------------------------------------+
    |     1412|     1412|  14.120 us|  14.120 us|  1409|  1409|  loop auto-rewind stp (delay=0 clock cycles(s))|
    +---------+---------+-----------+-----------+------+------+------------------------------------------------+

    + Detail: 
        * Instance: 
        N/A

        * Loop: 
        +---------------------------------------------------+---------+---------+----------+-----------+-----------+------+----------+
        |                                                   |  Latency (cycles) | Iteration|  Initiation Interval  | Trip |          |
        |                     Loop Name                     |   min   |   max   |  Latency |  achieved |   target  | Count| Pipelined|
        +---------------------------------------------------+---------+---------+----------+-----------+-----------+------+----------+
        |- loop_for_3_channel_pad_7_loop_for_channel_pad_7  |     1410|     1410|         4|          1|          1|  1408|       yes|
        +---------------------------------------------------+---------+---------+----------+-----------+-----------+------+----------+



================================================================
== Utilization Estimates
================================================================
* Summary: 
+-----------------+---------+------+--------+--------+-----+
|       Name      | BRAM_18K|  DSP |   FF   |   LUT  | URAM|
+-----------------+---------+------+--------+--------+-----+
|DSP              |        -|     1|       -|       -|    -|
|Expression       |        -|     -|       0|     180|    -|
|FIFO             |        -|     -|       -|       -|    -|
|Instance         |        -|     -|       -|       -|    -|
|Memory           |        -|     -|       -|       -|    -|
|Multiplexer      |        -|     -|       0|      72|    -|
|Register         |        -|     -|      57|       -|    -|
+-----------------+---------+------+--------+--------+-----+
|Total            |        0|     1|      57|     252|    0|
+-----------------+---------+------+--------+--------+-----+
|Available        |      288|  1248|  234240|  117120|   64|
+-----------------+---------+------+--------+--------+-----+
|Utilization (%)  |        0|    ~0|      ~0|      ~0|    0|
+-----------------+---------+------+--------+--------+-----+

+ Detail: 
    * Instance: 
    N/A

    * DSP: 
    +------------------------------------+-------------------------------+--------------+
    |              Instance              |             Module            |  Expression  |
    +------------------------------------+-------------------------------+--------------+
    |mac_muladd_6ns_6ns_6ns_11_4_1_U374  |mac_muladd_6ns_6ns_6ns_11_4_1  |  i0 + i1 * i2|
    +------------------------------------+-------------------------------+--------------+

    * Memory: 
    N/A

    * FIFO: 
    N/A

    * Expression: 
    +--------------------------+----------+----+---+----+------------+------------+
    |       Variable Name      | Operation| DSP| FF| LUT| Bitwidth P0| Bitwidth P1|
    +--------------------------+----------+----+---+----+------------+------------+
    |add_ln187_1_fu_144_p2     |         +|   0|  0|  13|           6|           1|
    |add_ln187_fu_118_p2       |         +|   0|  0|  18|          11|           1|
    |add_ln189_1_fu_217_p2     |         +|   0|  0|  17|          11|          11|
    |add_ln189_fu_178_p2       |         +|   0|  0|  13|           6|           1|
    |add_ln190_1_fu_239_p2     |         +|   0|  0|  14|           7|           3|
    |add_ln190_2_fu_249_p2     |         +|   0|  0|  17|          11|          11|
    |icmp_ln187_fu_112_p2      |      icmp|   0|  0|  18|          11|          11|
    |icmp_ln189_fu_130_p2      |      icmp|   0|  0|  13|           6|           6|
    |icmp_ln190_1_fu_229_p2    |      icmp|   0|  0|  13|           6|           6|
    |icmp_ln190_fu_172_p2      |      icmp|   0|  0|  12|           5|           1|
    |or_ln190_fu_234_p2        |        or|   0|  0|   2|           1|           1|
    |select_ln187_1_fu_150_p3  |    select|   0|  0|   6|           1|           6|
    |select_ln187_fu_136_p3    |    select|   0|  0|   6|           1|           1|
    |storemerge609_fu_264_p3   |    select|   0|  0|  16|           1|           1|
    |ap_enable_pp0             |       xor|   0|  0|   2|           1|           2|
    +--------------------------+----------+----+---+----+------------+------------+
    |Total                     |          |   0|  0| 180|          85|          63|
    +--------------------------+----------+----+---+----+------------+------------+

    * Multiplexer: 
    +-----------------------------------------+----+-----------+-----+-----------+
    |                   Name                  | LUT| Input Size| Bits| Total Bits|
    +-----------------------------------------+----+-----------+-----+-----------+
    |ap_done_int                              |   9|          2|    1|          2|
    |ap_enable_reg_pp0_iter1                  |   9|          2|    1|          2|
    |ap_sig_allocacmp_c_load                  |   9|          2|    6|         12|
    |ap_sig_allocacmp_indvar_flatten147_load  |   9|          2|   11|         22|
    |ap_sig_allocacmp_n_load                  |   9|          2|    6|         12|
    |c_fu_60                                  |   9|          2|    6|         12|
    |indvar_flatten147_fu_64                  |   9|          2|   11|         22|
    |n_fu_56                                  |   9|          2|    6|         12|
    +-----------------------------------------+----+-----------+-----+-----------+
    |Total                                    |  72|         16|   48|         96|
    +-----------------------------------------+----+-----------+-----+-----------+

    * Register: 
    +--------------------------------------+----+----+-----+-----------+
    |                 Name                 | FF | LUT| Bits| Const Bits|
    +--------------------------------------+----+----+-----+-----------+
    |ap_CS_fsm                             |   1|   0|    1|          0|
    |ap_done_reg                           |   1|   0|    1|          0|
    |ap_enable_reg_pp0_iter1               |   1|   0|    1|          0|
    |ap_enable_reg_pp0_iter2               |   1|   0|    1|          0|
    |ap_enable_reg_pp0_iter3               |   1|   0|    1|          0|
    |ap_loop_exit_ready_pp0_iter1_reg      |   1|   0|    1|          0|
    |ap_loop_exit_ready_pp0_iter2_reg      |   1|   0|    1|          0|
    |c_fu_60                               |   6|   0|    6|          0|
    |icmp_ln190_reg_324                    |   1|   0|    1|          0|
    |icmp_ln190_reg_324_pp0_iter1_reg      |   1|   0|    1|          0|
    |indvar_flatten147_fu_64               |  11|   0|   11|          0|
    |n_fu_56                               |   6|   0|    6|          0|
    |or_ln190_reg_334                      |   1|   0|    1|          0|
    |select_ln187_1_reg_313                |   6|   0|    6|          0|
    |select_ln187_1_reg_313_pp0_iter1_reg  |   6|   0|    6|          0|
    |select_ln187_reg_306                  |   6|   0|    6|          0|
    |select_ln187_reg_306_pp0_iter1_reg    |   6|   0|    6|          0|
    +--------------------------------------+----+----+-----+-----------+
    |Total                                 |  57|   0|   57|          0|
    +--------------------------------------+----+----+-----+-----------+



================================================================
== Interface
================================================================
* Summary: 
+----------------------+-----+-----+------------+--------------------------------------------------------------+--------------+
|       RTL Ports      | Dir | Bits|  Protocol  |                         Source Object                        |    C Type    |
+----------------------+-----+-----+------------+--------------------------------------------------------------+--------------+
|ap_clk                |   in|    1|  ap_ctrl_hs|  CNN_Pipeline_loop_for_3_channel_pad_7_loop_for_channel_pad_7|  return value|
|ap_rst                |   in|    1|  ap_ctrl_hs|  CNN_Pipeline_loop_for_3_channel_pad_7_loop_for_channel_pad_7|  return value|
|ap_start              |   in|    1|  ap_ctrl_hs|  CNN_Pipeline_loop_for_3_channel_pad_7_loop_for_channel_pad_7|  return value|
|ap_done               |  out|    1|  ap_ctrl_hs|  CNN_Pipeline_loop_for_3_channel_pad_7_loop_for_channel_pad_7|  return value|
|ap_idle               |  out|    1|  ap_ctrl_hs|  CNN_Pipeline_loop_for_3_channel_pad_7_loop_for_channel_pad_7|  return value|
|ap_ready              |  out|    1|  ap_ctrl_hs|  CNN_Pipeline_loop_for_3_channel_pad_7_loop_for_channel_pad_7|  return value|
|OutPadConv7_address0  |  out|   11|   ap_memory|                                                   OutPadConv7|         array|
|OutPadConv7_ce0       |  out|    1|   ap_memory|                                                   OutPadConv7|         array|
|OutPadConv7_we0       |  out|    1|   ap_memory|                                                   OutPadConv7|         array|
|OutPadConv7_d0        |  out|   16|   ap_memory|                                                   OutPadConv7|         array|
|OutConv6_address0     |  out|   11|   ap_memory|                                                      OutConv6|         array|
|OutConv6_ce0          |  out|    1|   ap_memory|                                                      OutConv6|         array|
|OutConv6_q0           |   in|   16|   ap_memory|                                                      OutConv6|         array|
+----------------------+-----+-----+------------+--------------------------------------------------------------+--------------+

