

================================================================
== Vitis HLS Report for 'CNN_Pipeline_loop_for_ap_5_loop_for_fc_5_loop_for_fa_5'
================================================================
* Date:           Mon Jul 14 02:16:39 2025

* Version:        2025.1 (Build 6135595 on May 21 2025)
* Project:        CNN_HLS
* Solution:       hls (Vivado IP Flow Target)
* Product family: zynquplus
* Target device:  xck26-sfvc784-2LV-c


================================================================
== Performance Estimates
================================================================
+ Timing: 
    * Summary: 
    +--------+----------+----------+------------+
    |  Clock |  Target  | Estimated| Uncertainty|
    +--------+----------+----------+------------+
    |ap_clk  |  10.00 ns|  3.805 ns|     2.70 ns|
    +--------+----------+----------+------------+

+ Latency: 
    * Summary: 
    +---------+---------+-----------+-----------+------+------+------------------------------------------------+
    |  Latency (cycles) |   Latency (absolute)  |   Interval  |                    Pipeline                    |
    |   min   |   max   |    min    |    max    |  min |  max |                      Type                      |
    +---------+---------+-----------+-----------+------+------+------------------------------------------------+
    |     6408|     6408|  64.080 us|  64.080 us|  6401|  6401|  loop auto-rewind stp (delay=0 clock cycles(s))|
    +---------+---------+-----------+-----------+------+------+------------------------------------------------+

    + Detail: 
        * Instance: 
        N/A

        * Loop: 
        +---------------------------------------------+---------+---------+----------+-----------+-----------+------+----------+
        |                                             |  Latency (cycles) | Iteration|  Initiation Interval  | Trip |          |
        |                  Loop Name                  |   min   |   max   |  Latency |  achieved |   target  | Count| Pipelined|
        +---------------------------------------------+---------+---------+----------+-----------+-----------+------+----------+
        |- loop_for_ap_5_loop_for_fc_5_loop_for_fa_5  |     6406|     6406|         8|          1|          1|  6400|       yes|
        +---------------------------------------------+---------+---------+----------+-----------+-----------+------+----------+



================================================================
== Utilization Estimates
================================================================
* Summary: 
+-----------------+---------+------+--------+--------+-----+
|       Name      | BRAM_18K|  DSP |   FF   |   LUT  | URAM|
+-----------------+---------+------+--------+--------+-----+
|DSP              |        -|     2|       -|       -|    -|
|Expression       |        -|     -|       0|     371|    -|
|FIFO             |        -|     -|       -|       -|    -|
|Instance         |        -|     -|       -|       -|    -|
|Memory           |        -|     -|       -|       -|    -|
|Multiplexer      |        -|     -|       0|     117|    -|
|Register         |        -|     -|     551|     224|    -|
+-----------------+---------+------+--------+--------+-----+
|Total            |        0|     2|     551|     712|    0|
+-----------------+---------+------+--------+--------+-----+
|Available        |      288|  1248|  234240|  117120|   64|
+-----------------+---------+------+--------+--------+-----+
|Utilization (%)  |        0|    ~0|      ~0|      ~0|    0|
+-----------------+---------+------+--------+--------+-----+

+ Detail: 
    * Instance: 
    N/A

    * DSP: 
    +-------------------------------------+--------------------------------+--------------+
    |               Instance              |             Module             |  Expression  |
    +-------------------------------------+--------------------------------+--------------+
    |mac_muladd_16s_16s_24ns_24_4_1_U352  |mac_muladd_16s_16s_24ns_24_4_1  |  i0 + i1 * i2|
    |mac_muladd_7ns_5ns_7ns_11_4_1_U351   |mac_muladd_7ns_5ns_7ns_11_4_1   |  i0 + i1 * i2|
    +-------------------------------------+--------------------------------+--------------+

    * Memory: 
    N/A

    * FIFO: 
    N/A

    * Expression: 
    +--------------------------+----------+----+---+----+------------+------------+
    |       Variable Name      | Operation| DSP| FF| LUT| Bitwidth P0| Bitwidth P1|
    +--------------------------+----------+----+---+----+------------+------------+
    |add_ln147_1_fu_350_p2     |         +|   0|  0|  14|           7|           1|
    |add_ln147_fu_219_p2       |         +|   0|  0|  20|          13|           1|
    |add_ln150_1_fu_313_p2     |         +|   0|  0|  15|           8|           1|
    |add_ln150_fu_263_p2       |         +|   0|  0|  12|           5|           1|
    |add_ln152_fu_295_p2       |         +|   0|  0|  10|           3|           1|
    |add_ln153_2_fu_412_p2     |         +|   0|  0|  18|          11|          11|
    |add_ln153_3_fu_431_p2     |         +|   0|  0|  19|          12|          12|
    |add_ln153_5_fu_421_p2     |         +|   0|  0|  18|          11|          11|
    |add_ln153_fu_366_p2       |         +|   0|  0|  14|           7|           7|
    |add_ln155_1_fu_504_p2     |         +|   0|  0|  18|          11|          11|
    |add_ln155_2_fu_514_p2     |         +|   0|  0|  23|          16|          16|
    |add_ln155_fu_491_p2       |         +|   0|  0|  24|          17|          17|
    |empty_201_fu_395_p2       |         +|   0|  0|  15|           8|           8|
    |and_ln147_fu_257_p2       |       and|   0|  0|   2|           1|           1|
    |icmp_ln147_fu_213_p2      |      icmp|   0|  0|  20|          13|          12|
    |icmp_ln150_1_fu_307_p2    |      icmp|   0|  0|  12|           5|           4|
    |icmp_ln150_fu_231_p2      |      icmp|   0|  0|  15|           8|           7|
    |icmp_ln152_1_fu_301_p2    |      icmp|   0|  0|  10|           3|           3|
    |icmp_ln152_fu_251_p2      |      icmp|   0|  0|  10|           3|           3|
    |empty_fu_269_p2           |        or|   0|  0|   2|           1|           1|
    |empty_202_fu_460_p3       |    select|   0|  0|  16|           1|          16|
    |j_mid2_fu_275_p3          |    select|   0|  0|   3|           1|           1|
    |select_ln147_1_fu_356_p3  |    select|   0|  0|   7|           1|           7|
    |select_ln147_2_fu_453_p3  |    select|   0|  0|  16|           1|           1|
    |select_ln147_fu_237_p3    |    select|   0|  0|   5|           1|           1|
    |select_ln150_1_fu_319_p3  |    select|   0|  0|   8|           1|           1|
    |select_ln150_fu_283_p3    |    select|   0|  0|   5|           1|           5|
    |select_ln155_fu_519_p3    |    select|   0|  0|  16|           1|           1|
    |ap_enable_pp0             |       xor|   0|  0|   2|           1|           2|
    |xor_ln147_fu_245_p2       |       xor|   0|  0|   2|           1|           2|
    +--------------------------+----------+----+---+----+------------+------------+
    |Total                     |          |   0|  0| 371|         173|         166|
    +--------------------------+----------+----+---+----+------------+------------+

    * Multiplexer: 
    +----------------------------------------+----+-----------+-----+-----------+
    |                  Name                  | LUT| Input Size| Bits| Total Bits|
    +----------------------------------------+----+-----------+-----+-----------+
    |ap_done_int                             |   9|          2|    1|          2|
    |ap_enable_reg_pp0_iter1                 |   9|          2|    1|          2|
    |ap_sig_allocacmp_indvar_flatten79_load  |   9|          2|    8|         16|
    |ap_sig_allocacmp_indvar_flatten99_load  |   9|          2|   13|         26|
    |ap_sig_allocacmp_j_load                 |   9|          2|    3|          6|
    |ap_sig_allocacmp_k_load                 |   9|          2|    5|         10|
    |ap_sig_allocacmp_s_1_load               |   9|          2|   16|         32|
    |indvar_flatten79_fu_104                 |   9|          2|    8|         16|
    |indvar_flatten99_fu_112                 |   9|          2|   13|         26|
    |j_fu_96                                 |   9|          2|    3|          6|
    |k_fu_100                                |   9|          2|    5|         10|
    |s_1_fu_92                               |   9|          2|   16|         32|
    |y_fu_108                                |   9|          2|    7|         14|
    +----------------------------------------+----+-----------+-----+-----------+
    |Total                                   | 117|         26|   99|        198|
    +----------------------------------------+----+-----------+-----+-----------+

    * Register: 
    +----------------------------------+----+----+-----+-----------+
    |               Name               | FF | LUT| Bits| Const Bits|
    +----------------------------------+----+----+-----+-----------+
    |and_ln147_reg_619                 |   1|   0|    1|          0|
    |ap_CS_fsm                         |   1|   0|    1|          0|
    |ap_done_reg                       |   1|   0|    1|          0|
    |ap_enable_reg_pp0_iter1           |   1|   0|    1|          0|
    |ap_enable_reg_pp0_iter2           |   1|   0|    1|          0|
    |ap_enable_reg_pp0_iter3           |   1|   0|    1|          0|
    |ap_enable_reg_pp0_iter4           |   1|   0|    1|          0|
    |ap_enable_reg_pp0_iter5           |   1|   0|    1|          0|
    |ap_enable_reg_pp0_iter6           |   1|   0|    1|          0|
    |ap_enable_reg_pp0_iter7           |   1|   0|    1|          0|
    |ap_loop_exit_ready_pp0_iter1_reg  |   1|   0|    1|          0|
    |ap_loop_exit_ready_pp0_iter2_reg  |   1|   0|    1|          0|
    |ap_loop_exit_ready_pp0_iter3_reg  |   1|   0|    1|          0|
    |ap_loop_exit_ready_pp0_iter4_reg  |   1|   0|    1|          0|
    |ap_loop_exit_ready_pp0_iter5_reg  |   1|   0|    1|          0|
    |ap_loop_exit_ready_pp0_iter6_reg  |   1|   0|    1|          0|
    |conv_i_i16_i86_i291_cast_reg_604  |  17|   0|   17|          0|
    |icmp_ln150_1_reg_645              |   1|   0|    1|          0|
    |icmp_ln150_reg_613                |   1|   0|    1|          0|
    |icmp_ln152_1_reg_641              |   1|   0|    1|          0|
    |indvar_flatten79_fu_104           |   8|   0|    8|          0|
    |indvar_flatten99_fu_112           |  13|   0|   13|          0|
    |j_fu_96                           |   3|   0|    3|          0|
    |j_mid2_reg_624                    |   3|   0|    3|          0|
    |k_fu_100                          |   5|   0|    5|          0|
    |s_1_fu_92                         |  16|   0|   16|          0|
    |select_ln147_1_reg_649            |   7|   0|    7|          0|
    |select_ln150_reg_630              |   5|   0|    5|          0|
    |y_fu_108                          |   7|   0|    7|          0|
    |and_ln147_reg_619                 |  64|  32|    1|          0|
    |icmp_ln150_1_reg_645              |  64|  32|    1|          0|
    |icmp_ln150_reg_613                |  64|  32|    1|          0|
    |icmp_ln152_1_reg_641              |  64|  32|    1|          0|
    |j_mid2_reg_624                    |  64|  32|    3|          0|
    |select_ln147_1_reg_649            |  64|  32|    7|          0|
    |select_ln150_reg_630              |  64|  32|    5|          0|
    +----------------------------------+----+----+-----+-----------+
    |Total                             | 551| 224|  122|          0|
    +----------------------------------+----+----+-----+-----------+



================================================================
== Interface
================================================================
* Summary: 
+----------------------+-----+-----+------------+--------------------------------------------------------+--------------+
|       RTL Ports      | Dir | Bits|  Protocol  |                      Source Object                     |    C Type    |
+----------------------+-----+-----+------------+--------------------------------------------------------+--------------+
|ap_clk                |   in|    1|  ap_ctrl_hs|  CNN_Pipeline_loop_for_ap_5_loop_for_fc_5_loop_for_fa_5|  return value|
|ap_rst                |   in|    1|  ap_ctrl_hs|  CNN_Pipeline_loop_for_ap_5_loop_for_fc_5_loop_for_fa_5|  return value|
|ap_start              |   in|    1|  ap_ctrl_hs|  CNN_Pipeline_loop_for_ap_5_loop_for_fc_5_loop_for_fa_5|  return value|
|ap_done               |  out|    1|  ap_ctrl_hs|  CNN_Pipeline_loop_for_ap_5_loop_for_fc_5_loop_for_fa_5|  return value|
|ap_idle               |  out|    1|  ap_ctrl_hs|  CNN_Pipeline_loop_for_ap_5_loop_for_fc_5_loop_for_fa_5|  return value|
|ap_ready              |  out|    1|  ap_ctrl_hs|  CNN_Pipeline_loop_for_ap_5_loop_for_fc_5_loop_for_fa_5|  return value|
|p_cast105             |   in|   11|     ap_none|                                               p_cast105|        scalar|
|Weights_address0      |  out|   14|   ap_memory|                                                 Weights|         array|
|Weights_ce0           |  out|    1|   ap_memory|                                                 Weights|         array|
|Weights_q0            |   in|   16|   ap_memory|                                                 Weights|         array|
|OutPadConv5_address0  |  out|   11|   ap_memory|                                             OutPadConv5|         array|
|OutPadConv5_ce0       |  out|    1|   ap_memory|                                             OutPadConv5|         array|
|OutPadConv5_q0        |   in|   16|   ap_memory|                                             OutPadConv5|         array|
|conv_i_i16_i86_i291   |   in|   16|     ap_none|                                     conv_i_i16_i86_i291|        scalar|
|OutConv5_address0     |  out|   11|   ap_memory|                                                OutConv5|         array|
|OutConv5_ce0          |  out|    1|   ap_memory|                                                OutConv5|         array|
|OutConv5_we0          |  out|    1|   ap_memory|                                                OutConv5|         array|
|OutConv5_d0           |  out|   16|   ap_memory|                                                OutConv5|         array|
|Weights_load_130      |   in|   16|     ap_none|                                        Weights_load_130|        scalar|
+----------------------+-----+-----+------------+--------------------------------------------------------+--------------+

