

================================================================
== Vitis HLS Report for 'CNN_Pipeline_loop_for_ap_7_loop_for_fc_7_loop_for_fa_7'
================================================================
* Date:           Mon Jul 14 02:16:42 2025

* Version:        2025.1 (Build 6135595 on May 21 2025)
* Project:        CNN_HLS
* Solution:       hls (Vivado IP Flow Target)
* Product family: zynquplus
* Target device:  xck26-sfvc784-2LV-c


================================================================
== Performance Estimates
================================================================
+ Timing: 
    * Summary: 
    +--------+----------+----------+------------+
    |  Clock |  Target  | Estimated| Uncertainty|
    +--------+----------+----------+------------+
    |ap_clk  |  10.00 ns|  3.748 ns|     2.70 ns|
    +--------+----------+----------+------------+

+ Latency: 
    * Summary: 
    +---------+---------+-----------+-----------+------+------+------------------------------------------------+
    |  Latency (cycles) |   Latency (absolute)  |   Interval  |                    Pipeline                    |
    |   min   |   max   |    min    |    max    |  min |  max |                      Type                      |
    +---------+---------+-----------+-----------+------+------+------------------------------------------------+
    |     6408|     6408|  64.080 us|  64.080 us|  6401|  6401|  loop auto-rewind stp (delay=0 clock cycles(s))|
    +---------+---------+-----------+-----------+------+------+------------------------------------------------+

    + Detail: 
        * Instance: 
        N/A

        * Loop: 
        +---------------------------------------------+---------+---------+----------+-----------+-----------+------+----------+
        |                                             |  Latency (cycles) | Iteration|  Initiation Interval  | Trip |          |
        |                  Loop Name                  |   min   |   max   |  Latency |  achieved |   target  | Count| Pipelined|
        +---------------------------------------------+---------+---------+----------+-----------+-----------+------+----------+
        |- loop_for_ap_7_loop_for_fc_7_loop_for_fa_7  |     6406|     6406|         8|          1|          1|  6400|       yes|
        +---------------------------------------------+---------+---------+----------+-----------+-----------+------+----------+



================================================================
== Utilization Estimates
================================================================
* Summary: 
+-----------------+---------+------+--------+--------+-----+
|       Name      | BRAM_18K|  DSP |   FF   |   LUT  | URAM|
+-----------------+---------+------+--------+--------+-----+
|DSP              |        -|     2|       -|       -|    -|
|Expression       |        -|     -|       0|     382|    -|
|FIFO             |        -|     -|       -|       -|    -|
|Instance         |        -|     -|       -|       -|    -|
|Memory           |        -|     -|       -|       -|    -|
|Multiplexer      |        -|     -|       0|     117|    -|
|Register         |        -|     -|     552|     224|    -|
+-----------------+---------+------+--------+--------+-----+
|Total            |        0|     2|     552|     723|    0|
+-----------------+---------+------+--------+--------+-----+
|Available        |      288|  1248|  234240|  117120|   64|
+-----------------+---------+------+--------+--------+-----+
|Utilization (%)  |        0|    ~0|      ~0|      ~0|    0|
+-----------------+---------+------+--------+--------+-----+

+ Detail: 
    * Instance: 
    N/A

    * DSP: 
    +-------------------------------------+--------------------------------+--------------+
    |               Instance              |             Module             |  Expression  |
    +-------------------------------------+--------------------------------+--------------+
    |mac_muladd_16s_16s_24ns_24_4_1_U379  |mac_muladd_16s_16s_24ns_24_4_1  |  i0 + i1 * i2|
    |mac_muladd_6ns_6ns_6ns_11_4_1_U378   |mac_muladd_6ns_6ns_6ns_11_4_1   |  i0 + i1 * i2|
    +-------------------------------------+--------------------------------+--------------+

    * Memory: 
    N/A

    * FIFO: 
    N/A

    * Expression: 
    +--------------------------+----------+----+---+----+------------+------------+
    |       Variable Name      | Operation| DSP| FF| LUT| Bitwidth P0| Bitwidth P1|
    +--------------------------+----------+----+---+----+------------+------------+
    |add_ln199_1_fu_358_p2     |         +|   0|  0|  13|           6|           1|
    |add_ln199_fu_227_p2       |         +|   0|  0|  20|          13|           1|
    |add_ln202_1_fu_321_p2     |         +|   0|  0|  16|           9|           1|
    |add_ln202_fu_271_p2       |         +|   0|  0|  13|           6|           1|
    |add_ln204_fu_303_p2       |         +|   0|  0|  10|           3|           1|
    |add_ln205_2_fu_420_p2     |         +|   0|  0|  20|          13|          13|
    |add_ln205_3_fu_439_p2     |         +|   0|  0|  21|          14|          14|
    |add_ln205_5_fu_429_p2     |         +|   0|  0|  20|          13|          13|
    |add_ln205_fu_374_p2       |         +|   0|  0|  13|           6|           6|
    |add_ln207_1_fu_512_p2     |         +|   0|  0|  18|          11|          11|
    |add_ln207_2_fu_522_p2     |         +|   0|  0|  23|          16|          16|
    |add_ln207_fu_499_p2       |         +|   0|  0|  24|          17|          17|
    |empty_197_fu_403_p2       |         +|   0|  0|  16|           9|           9|
    |and_ln199_fu_265_p2       |       and|   0|  0|   2|           1|           1|
    |icmp_ln199_fu_221_p2      |      icmp|   0|  0|  20|          13|          12|
    |icmp_ln202_1_fu_315_p2    |      icmp|   0|  0|  13|           6|           5|
    |icmp_ln202_fu_239_p2      |      icmp|   0|  0|  16|           9|           8|
    |icmp_ln204_1_fu_309_p2    |      icmp|   0|  0|  10|           3|           3|
    |icmp_ln204_fu_259_p2      |      icmp|   0|  0|  10|           3|           3|
    |empty_fu_277_p2           |        or|   0|  0|   2|           1|           1|
    |empty_198_fu_468_p3       |    select|   0|  0|  16|           1|          16|
    |j_2_mid2_fu_283_p3        |    select|   0|  0|   3|           1|           1|
    |select_ln199_1_fu_364_p3  |    select|   0|  0|   6|           1|           6|
    |select_ln199_2_fu_461_p3  |    select|   0|  0|  16|           1|           1|
    |select_ln199_fu_245_p3    |    select|   0|  0|   6|           1|           1|
    |select_ln202_1_fu_327_p3  |    select|   0|  0|   9|           1|           1|
    |select_ln202_fu_291_p3    |    select|   0|  0|   6|           1|           6|
    |select_ln207_fu_527_p3    |    select|   0|  0|  16|           1|           1|
    |ap_enable_pp0             |       xor|   0|  0|   2|           1|           2|
    |xor_ln199_fu_253_p2       |       xor|   0|  0|   2|           1|           2|
    +--------------------------+----------+----+---+----+------------+------------+
    |Total                     |          |   0|  0| 382|         182|         174|
    +--------------------------+----------+----+---+----+------------+------------+

    * Multiplexer: 
    +-----------------------------------------+----+-----------+-----+-----------+
    |                   Name                  | LUT| Input Size| Bits| Total Bits|
    +-----------------------------------------+----+-----------+-----+-----------+
    |ap_done_int                              |   9|          2|    1|          2|
    |ap_enable_reg_pp0_iter1                  |   9|          2|    1|          2|
    |ap_sig_allocacmp_indvar_flatten154_load  |   9|          2|    9|         18|
    |ap_sig_allocacmp_indvar_flatten174_load  |   9|          2|   13|         26|
    |ap_sig_allocacmp_j_load                  |   9|          2|    3|          6|
    |ap_sig_allocacmp_k_load                  |   9|          2|    6|         12|
    |ap_sig_allocacmp_s_load                  |   9|          2|   16|         32|
    |indvar_flatten154_fu_106                 |   9|          2|    9|         18|
    |indvar_flatten174_fu_114                 |   9|          2|   13|         26|
    |j_fu_98                                  |   9|          2|    3|          6|
    |k_fu_102                                 |   9|          2|    6|         12|
    |s_fu_94                                  |   9|          2|   16|         32|
    |y_fu_110                                 |   9|          2|    6|         12|
    +-----------------------------------------+----+-----------+-----+-----------+
    |Total                                    | 117|         26|  102|        204|
    +-----------------------------------------+----+-----------+-----+-----------+

    * Register: 
    +----------------------------------+----+----+-----+-----------+
    |               Name               | FF | LUT| Bits| Const Bits|
    +----------------------------------+----+----+-----+-----------+
    |and_ln199_reg_631                 |   1|   0|    1|          0|
    |ap_CS_fsm                         |   1|   0|    1|          0|
    |ap_done_reg                       |   1|   0|    1|          0|
    |ap_enable_reg_pp0_iter1           |   1|   0|    1|          0|
    |ap_enable_reg_pp0_iter2           |   1|   0|    1|          0|
    |ap_enable_reg_pp0_iter3           |   1|   0|    1|          0|
    |ap_enable_reg_pp0_iter4           |   1|   0|    1|          0|
    |ap_enable_reg_pp0_iter5           |   1|   0|    1|          0|
    |ap_enable_reg_pp0_iter6           |   1|   0|    1|          0|
    |ap_enable_reg_pp0_iter7           |   1|   0|    1|          0|
    |ap_loop_exit_ready_pp0_iter1_reg  |   1|   0|    1|          0|
    |ap_loop_exit_ready_pp0_iter2_reg  |   1|   0|    1|          0|
    |ap_loop_exit_ready_pp0_iter3_reg  |   1|   0|    1|          0|
    |ap_loop_exit_ready_pp0_iter4_reg  |   1|   0|    1|          0|
    |ap_loop_exit_ready_pp0_iter5_reg  |   1|   0|    1|          0|
    |ap_loop_exit_ready_pp0_iter6_reg  |   1|   0|    1|          0|
    |conv_i_i16_i86_i437_cast_reg_616  |  17|   0|   17|          0|
    |icmp_ln202_1_reg_657              |   1|   0|    1|          0|
    |icmp_ln202_reg_625                |   1|   0|    1|          0|
    |icmp_ln204_1_reg_653              |   1|   0|    1|          0|
    |indvar_flatten154_fu_106          |   9|   0|    9|          0|
    |indvar_flatten174_fu_114          |  13|   0|   13|          0|
    |j_2_mid2_reg_636                  |   3|   0|    3|          0|
    |j_fu_98                           |   3|   0|    3|          0|
    |k_fu_102                          |   6|   0|    6|          0|
    |s_fu_94                           |  16|   0|   16|          0|
    |select_ln199_1_reg_661            |   6|   0|    6|          0|
    |select_ln202_reg_642              |   6|   0|    6|          0|
    |y_fu_110                          |   6|   0|    6|          0|
    |and_ln199_reg_631                 |  64|  32|    1|          0|
    |icmp_ln202_1_reg_657              |  64|  32|    1|          0|
    |icmp_ln202_reg_625                |  64|  32|    1|          0|
    |icmp_ln204_1_reg_653              |  64|  32|    1|          0|
    |j_2_mid2_reg_636                  |  64|  32|    3|          0|
    |select_ln199_1_reg_661            |  64|  32|    6|          0|
    |select_ln202_reg_642              |  64|  32|    6|          0|
    +----------------------------------+----+----+-----+-----------+
    |Total                             | 552| 224|  123|          0|
    +----------------------------------+----+----+-----+-----------+



================================================================
== Interface
================================================================
* Summary: 
+----------------------+-----+-----+------------+--------------------------------------------------------+--------------+
|       RTL Ports      | Dir | Bits|  Protocol  |                      Source Object                     |    C Type    |
+----------------------+-----+-----+------------+--------------------------------------------------------+--------------+
|ap_clk                |   in|    1|  ap_ctrl_hs|  CNN_Pipeline_loop_for_ap_7_loop_for_fc_7_loop_for_fa_7|  return value|
|ap_rst                |   in|    1|  ap_ctrl_hs|  CNN_Pipeline_loop_for_ap_7_loop_for_fc_7_loop_for_fa_7|  return value|
|ap_start              |   in|    1|  ap_ctrl_hs|  CNN_Pipeline_loop_for_ap_7_loop_for_fc_7_loop_for_fa_7|  return value|
|ap_done               |  out|    1|  ap_ctrl_hs|  CNN_Pipeline_loop_for_ap_7_loop_for_fc_7_loop_for_fa_7|  return value|
|ap_idle               |  out|    1|  ap_ctrl_hs|  CNN_Pipeline_loop_for_ap_7_loop_for_fc_7_loop_for_fa_7|  return value|
|ap_ready              |  out|    1|  ap_ctrl_hs|  CNN_Pipeline_loop_for_ap_7_loop_for_fc_7_loop_for_fa_7|  return value|
|p_cast125             |   in|   13|     ap_none|                                               p_cast125|        scalar|
|Weights_address0      |  out|   14|   ap_memory|                                                 Weights|         array|
|Weights_ce0           |  out|    1|   ap_memory|                                                 Weights|         array|
|Weights_q0            |   in|   16|   ap_memory|                                                 Weights|         array|
|OutPadConv7_address0  |  out|   11|   ap_memory|                                             OutPadConv7|         array|
|OutPadConv7_ce0       |  out|    1|   ap_memory|                                             OutPadConv7|         array|
|OutPadConv7_q0        |   in|   16|   ap_memory|                                             OutPadConv7|         array|
|conv_i_i16_i86_i437   |   in|   16|     ap_none|                                     conv_i_i16_i86_i437|        scalar|
|mul_ln199             |   in|   11|     ap_none|                                               mul_ln199|        scalar|
|OutConv7_address0     |  out|   11|   ap_memory|                                                OutConv7|         array|
|OutConv7_ce0          |  out|    1|   ap_memory|                                                OutConv7|         array|
|OutConv7_we0          |  out|    1|   ap_memory|                                                OutConv7|         array|
|OutConv7_d0           |  out|   16|   ap_memory|                                                OutConv7|         array|
|Weights_load_133      |   in|   16|     ap_none|                                        Weights_load_133|        scalar|
+----------------------+-----+-----+------------+--------------------------------------------------------+--------------+

