

================================================================
== Vitis HLS Report for 'CNN_Pipeline_VITIS_LOOP_93_1'
================================================================
* Date:           Mon Jul 14 02:16:42 2025

* Version:        2025.1 (Build 6135595 on May 21 2025)
* Project:        CNN_HLS
* Solution:       hls (Vivado IP Flow Target)
* Product family: zynquplus
* Target device:  xck26-sfvc784-2LV-c


================================================================
== Performance Estimates
================================================================
+ Timing: 
    * Summary: 
    +--------+----------+----------+------------+
    |  Clock |  Target  | Estimated| Uncertainty|
    +--------+----------+----------+------------+
    |ap_clk  |  10.00 ns|  5.710 ns|     2.70 ns|
    +--------+----------+----------+------------+

+ Latency: 
    * Summary: 
    +---------+---------+----------+----------+-----+-----+------------------------------------------------+
    |  Latency (cycles) |  Latency (absolute) |  Interval |                    Pipeline                    |
    |   min   |   max   |    min   |    max   | min | max |                      Type                      |
    +---------+---------+----------+----------+-----+-----+------------------------------------------------+
    |       35|       35|  0.350 us|  0.350 us|   33|   33|  loop auto-rewind stp (delay=0 clock cycles(s))|
    +---------+---------+----------+----------+-----+-----+------------------------------------------------+

    + Detail: 
        * Instance: 
        N/A

        * Loop: 
        +-------------------+---------+---------+----------+-----------+-----------+------+----------+
        |                   |  Latency (cycles) | Iteration|  Initiation Interval  | Trip |          |
        |     Loop Name     |   min   |   max   |  Latency |  achieved |   target  | Count| Pipelined|
        +-------------------+---------+---------+----------+-----------+-----------+------+----------+
        |- VITIS_LOOP_93_1  |       33|       33|         3|          1|          1|    32|       yes|
        +-------------------+---------+---------+----------+-----------+-----------+------+----------+



================================================================
== Utilization Estimates
================================================================
* Summary: 
+-----------------+---------+------+--------+--------+-----+
|       Name      | BRAM_18K|  DSP |   FF   |   LUT  | URAM|
+-----------------+---------+------+--------+--------+-----+
|DSP              |        -|     -|       -|       -|    -|
|Expression       |        -|     -|       0|     420|    -|
|FIFO             |        -|     -|       -|       -|    -|
|Instance         |        -|     1|       0|       5|    -|
|Memory           |        -|     -|       -|       -|    -|
|Multiplexer      |        -|     -|       0|      36|    -|
|Register         |        -|     -|      40|       -|    -|
+-----------------+---------+------+--------+--------+-----+
|Total            |        0|     1|      40|     461|    0|
+-----------------+---------+------+--------+--------+-----+
|Available        |      288|  1248|  234240|  117120|   64|
+-----------------+---------+------+--------+--------+-----+
|Utilization (%)  |        0|    ~0|      ~0|      ~0|    0|
+-----------------+---------+------+--------+--------+-----+

+ Detail: 
    * Instance: 
    +--------------------------+---------------------+---------+----+---+----+-----+
    |         Instance         |        Module       | BRAM_18K| DSP| FF| LUT| URAM|
    +--------------------------+---------------------+---------+----+---+----+-----+
    |mul_16s_18ns_34_1_1_U402  |mul_16s_18ns_34_1_1  |        0|   1|  0|   5|    0|
    +--------------------------+---------------------+---------+----+---+----+-----+
    |Total                     |                     |        0|   1|  0|   5|    0|
    +--------------------------+---------------------+---------+----+---+----+-----+

    * DSP: 
    N/A

    * Memory: 
    N/A

    * FIFO: 
    N/A

    * Expression: 
    +-------------------------+----------+----+---+----+------------+------------+
    |      Variable Name      | Operation| DSP| FF| LUT| Bitwidth P0| Bitwidth P1|
    +-------------------------+----------+----+---+----+------------+------------+
    |add_ln93_1_fu_351_p2     |         +|   0|  0|  13|           6|           1|
    |add_ln96_10_fu_468_p2    |         +|   0|  0|  16|          16|          16|
    |add_ln96_11_fu_474_p2    |         +|   0|  0|  16|          16|          16|
    |add_ln96_12_fu_480_p2    |         +|   0|  0|  16|          16|          16|
    |add_ln96_13_fu_486_p2    |         +|   0|  0|  16|          16|          16|
    |add_ln96_14_fu_492_p2    |         +|   0|  0|  16|          16|          16|
    |add_ln96_15_fu_498_p2    |         +|   0|  0|  16|          16|          16|
    |add_ln96_16_fu_504_p2    |         +|   0|  0|  16|          16|          16|
    |add_ln96_17_fu_510_p2    |         +|   0|  0|  16|          16|          16|
    |add_ln96_1_fu_414_p2     |         +|   0|  0|  16|          16|          16|
    |add_ln96_2_fu_420_p2     |         +|   0|  0|  16|          16|          16|
    |add_ln96_3_fu_426_p2     |         +|   0|  0|  16|          16|          16|
    |add_ln96_4_fu_432_p2     |         +|   0|  0|  16|          16|          16|
    |add_ln96_5_fu_438_p2     |         +|   0|  0|  16|          16|          16|
    |add_ln96_6_fu_444_p2     |         +|   0|  0|  16|          16|          16|
    |add_ln96_7_fu_450_p2     |         +|   0|  0|  16|          16|          16|
    |add_ln96_8_fu_456_p2     |         +|   0|  0|  16|          16|          16|
    |add_ln96_9_fu_462_p2     |         +|   0|  0|  23|          16|          16|
    |add_ln96_fu_408_p2       |         +|   0|  0|  16|          16|          16|
    |avg_1_fu_516_p2          |         +|   0|  0|  16|          16|          16|
    |sub_ln98_1_fu_584_p2     |         -|   0|  0|  19|           1|          12|
    |sub_ln98_fu_547_p2       |         -|   0|  0|  40|           1|          33|
    |icmp_ln93_fu_345_p2      |      icmp|   0|  0|  14|           6|           7|
    |select_ln98_1_fu_590_p3  |    select|   0|  0|  11|           1|          12|
    |select_ln98_fu_573_p3    |    select|   0|  0|  10|           1|          11|
    |ap_enable_pp0            |       xor|   0|  0|   2|           1|           2|
    +-------------------------+----------+----+---+----+------------+------------+
    |Total                    |          |   0|  0| 420|         321|         382|
    +-------------------------+----------+----+---+----+------------+------------+

    * Multiplexer: 
    +-------------------------+----+-----------+-----+-----------+
    |           Name          | LUT| Input Size| Bits| Total Bits|
    +-------------------------+----+-----------+-----+-----------+
    |ap_done_int              |   9|          2|    1|          2|
    |ap_enable_reg_pp0_iter1  |   9|          2|    1|          2|
    |ap_sig_allocacmp_i       |   9|          2|    6|         12|
    |hs_fu_70                 |   9|          2|    6|         12|
    +-------------------------+----+-----------+-----+-----------+
    |Total                    |  36|          8|   14|         28|
    +-------------------------+----+-----------+-----+-----------+

    * Register: 
    +----------------------------------+----+----+-----+-----------+
    |               Name               | FF | LUT| Bits| Const Bits|
    +----------------------------------+----+----+-----+-----------+
    |ap_CS_fsm                         |   1|   0|    1|          0|
    |ap_done_reg                       |   1|   0|    1|          0|
    |ap_enable_reg_pp0_iter1           |   1|   0|    1|          0|
    |ap_enable_reg_pp0_iter2           |   1|   0|    1|          0|
    |ap_loop_exit_ready_pp0_iter1_reg  |   1|   0|    1|          0|
    |avg_1_reg_714                     |  16|   0|   16|          0|
    |hs_fu_70                          |   6|   0|    6|          0|
    |i_reg_605                         |   6|   0|    6|          0|
    |i_reg_605_pp0_iter1_reg           |   6|   0|    6|          0|
    |tmp_reg_719                       |   1|   0|    1|          0|
    +----------------------------------+----+----+-----+-----------+
    |Total                             |  40|   0|   40|          0|
    +----------------------------------+----+----+-----+-----------+



================================================================
== Interface
================================================================
* Summary: 
+------------------------------+-----+-----+------------+------------------------------+--------------+
|           RTL Ports          | Dir | Bits|  Protocol  |         Source Object        |    C Type    |
+------------------------------+-----+-----+------------+------------------------------+--------------+
|ap_clk                        |   in|    1|  ap_ctrl_hs|  CNN_Pipeline_VITIS_LOOP_93_1|  return value|
|ap_rst                        |   in|    1|  ap_ctrl_hs|  CNN_Pipeline_VITIS_LOOP_93_1|  return value|
|ap_start                      |   in|    1|  ap_ctrl_hs|  CNN_Pipeline_VITIS_LOOP_93_1|  return value|
|ap_done                       |  out|    1|  ap_ctrl_hs|  CNN_Pipeline_VITIS_LOOP_93_1|  return value|
|ap_idle                       |  out|    1|  ap_ctrl_hs|  CNN_Pipeline_VITIS_LOOP_93_1|  return value|
|ap_ready                      |  out|    1|  ap_ctrl_hs|  CNN_Pipeline_VITIS_LOOP_93_1|  return value|
|OutPool3_address0             |  out|    6|   ap_memory|                      OutPool3|         array|
|OutPool3_ce0                  |  out|    1|   ap_memory|                      OutPool3|         array|
|OutPool3_q0                   |   in|   16|   ap_memory|                      OutPool3|         array|
|OutPool3_address1             |  out|    6|   ap_memory|                      OutPool3|         array|
|OutPool3_ce1                  |  out|    1|   ap_memory|                      OutPool3|         array|
|OutPool3_q1                   |   in|   16|   ap_memory|                      OutPool3|         array|
|OutPool3_1_address0           |  out|    6|   ap_memory|                    OutPool3_1|         array|
|OutPool3_1_ce0                |  out|    1|   ap_memory|                    OutPool3_1|         array|
|OutPool3_1_q0                 |   in|   16|   ap_memory|                    OutPool3_1|         array|
|OutPool3_1_address1           |  out|    6|   ap_memory|                    OutPool3_1|         array|
|OutPool3_1_ce1                |  out|    1|   ap_memory|                    OutPool3_1|         array|
|OutPool3_1_q1                 |   in|   16|   ap_memory|                    OutPool3_1|         array|
|OutPool3_2_address0           |  out|    6|   ap_memory|                    OutPool3_2|         array|
|OutPool3_2_ce0                |  out|    1|   ap_memory|                    OutPool3_2|         array|
|OutPool3_2_q0                 |   in|   16|   ap_memory|                    OutPool3_2|         array|
|OutPool3_2_address1           |  out|    6|   ap_memory|                    OutPool3_2|         array|
|OutPool3_2_ce1                |  out|    1|   ap_memory|                    OutPool3_2|         array|
|OutPool3_2_q1                 |   in|   16|   ap_memory|                    OutPool3_2|         array|
|OutPool3_3_address0           |  out|    6|   ap_memory|                    OutPool3_3|         array|
|OutPool3_3_ce0                |  out|    1|   ap_memory|                    OutPool3_3|         array|
|OutPool3_3_q0                 |   in|   16|   ap_memory|                    OutPool3_3|         array|
|OutPool3_3_address1           |  out|    6|   ap_memory|                    OutPool3_3|         array|
|OutPool3_3_ce1                |  out|    1|   ap_memory|                    OutPool3_3|         array|
|OutPool3_3_q1                 |   in|   16|   ap_memory|                    OutPool3_3|         array|
|OutPool3_4_address0           |  out|    6|   ap_memory|                    OutPool3_4|         array|
|OutPool3_4_ce0                |  out|    1|   ap_memory|                    OutPool3_4|         array|
|OutPool3_4_q0                 |   in|   16|   ap_memory|                    OutPool3_4|         array|
|OutPool3_4_address1           |  out|    6|   ap_memory|                    OutPool3_4|         array|
|OutPool3_4_ce1                |  out|    1|   ap_memory|                    OutPool3_4|         array|
|OutPool3_4_q1                 |   in|   16|   ap_memory|                    OutPool3_4|         array|
|OutPool3_5_address0           |  out|    6|   ap_memory|                    OutPool3_5|         array|
|OutPool3_5_ce0                |  out|    1|   ap_memory|                    OutPool3_5|         array|
|OutPool3_5_q0                 |   in|   16|   ap_memory|                    OutPool3_5|         array|
|OutPool3_5_address1           |  out|    6|   ap_memory|                    OutPool3_5|         array|
|OutPool3_5_ce1                |  out|    1|   ap_memory|                    OutPool3_5|         array|
|OutPool3_5_q1                 |   in|   16|   ap_memory|                    OutPool3_5|         array|
|OutPool3_6_address0           |  out|    6|   ap_memory|                    OutPool3_6|         array|
|OutPool3_6_ce0                |  out|    1|   ap_memory|                    OutPool3_6|         array|
|OutPool3_6_q0                 |   in|   16|   ap_memory|                    OutPool3_6|         array|
|OutPool3_6_address1           |  out|    6|   ap_memory|                    OutPool3_6|         array|
|OutPool3_6_ce1                |  out|    1|   ap_memory|                    OutPool3_6|         array|
|OutPool3_6_q1                 |   in|   16|   ap_memory|                    OutPool3_6|         array|
|OutPool3_7_address0           |  out|    6|   ap_memory|                    OutPool3_7|         array|
|OutPool3_7_ce0                |  out|    1|   ap_memory|                    OutPool3_7|         array|
|OutPool3_7_q0                 |   in|   16|   ap_memory|                    OutPool3_7|         array|
|OutPool3_7_address1           |  out|    6|   ap_memory|                    OutPool3_7|         array|
|OutPool3_7_ce1                |  out|    1|   ap_memory|                    OutPool3_7|         array|
|OutPool3_7_q1                 |   in|   16|   ap_memory|                    OutPool3_7|         array|
|OutPool3_8_address0           |  out|    6|   ap_memory|                    OutPool3_8|         array|
|OutPool3_8_ce0                |  out|    1|   ap_memory|                    OutPool3_8|         array|
|OutPool3_8_q0                 |   in|   16|   ap_memory|                    OutPool3_8|         array|
|OutPool3_8_address1           |  out|    6|   ap_memory|                    OutPool3_8|         array|
|OutPool3_8_ce1                |  out|    1|   ap_memory|                    OutPool3_8|         array|
|OutPool3_8_q1                 |   in|   16|   ap_memory|                    OutPool3_8|         array|
|OutPool3_9_address0           |  out|    6|   ap_memory|                    OutPool3_9|         array|
|OutPool3_9_ce0                |  out|    1|   ap_memory|                    OutPool3_9|         array|
|OutPool3_9_q0                 |   in|   16|   ap_memory|                    OutPool3_9|         array|
|OutPool3_9_address1           |  out|    6|   ap_memory|                    OutPool3_9|         array|
|OutPool3_9_ce1                |  out|    1|   ap_memory|                    OutPool3_9|         array|
|OutPool3_9_q1                 |   in|   16|   ap_memory|                    OutPool3_9|         array|
|OutGlobalAverPool1D_address0  |  out|    5|   ap_memory|           OutGlobalAverPool1D|         array|
|OutGlobalAverPool1D_ce0       |  out|    1|   ap_memory|           OutGlobalAverPool1D|         array|
|OutGlobalAverPool1D_we0       |  out|    1|   ap_memory|           OutGlobalAverPool1D|         array|
|OutGlobalAverPool1D_d0        |  out|   12|   ap_memory|           OutGlobalAverPool1D|         array|
+------------------------------+-----+-----+------------+------------------------------+--------------+

