

================================================================
== Vitis HLS Report for 'CNN_Pipeline_loop_for_ap_6_loop_for_fc_6_loop_for_fa_6'
================================================================
* Date:           Mon Jul 14 02:16:40 2025

* Version:        2025.1 (Build 6135595 on May 21 2025)
* Project:        CNN_HLS
* Solution:       hls (Vivado IP Flow Target)
* Product family: zynquplus
* Target device:  xck26-sfvc784-2LV-c


================================================================
== Performance Estimates
================================================================
+ Timing: 
    * Summary: 
    +--------+----------+----------+------------+
    |  Clock |  Target  | Estimated| Uncertainty|
    +--------+----------+----------+------------+
    |ap_clk  |  10.00 ns|  3.805 ns|     2.70 ns|
    +--------+----------+----------+------------+

+ Latency: 
    * Summary: 
    +---------+---------+-----------+-----------+------+------+------------------------------------------------+
    |  Latency (cycles) |   Latency (absolute)  |   Interval  |                    Pipeline                    |
    |   min   |   max   |    min    |    max    |  min |  max |                      Type                      |
    +---------+---------+-----------+-----------+------+------+------------------------------------------------+
    |     3208|     3208|  32.080 us|  32.080 us|  3201|  3201|  loop auto-rewind stp (delay=0 clock cycles(s))|
    +---------+---------+-----------+-----------+------+------+------------------------------------------------+

    + Detail: 
        * Instance: 
        N/A

        * Loop: 
        +---------------------------------------------+---------+---------+----------+-----------+-----------+------+----------+
        |                                             |  Latency (cycles) | Iteration|  Initiation Interval  | Trip |          |
        |                  Loop Name                  |   min   |   max   |  Latency |  achieved |   target  | Count| Pipelined|
        +---------------------------------------------+---------+---------+----------+-----------+-----------+------+----------+
        |- loop_for_ap_6_loop_for_fc_6_loop_for_fa_6  |     3206|     3206|         8|          1|          1|  3200|       yes|
        +---------------------------------------------+---------+---------+----------+-----------+-----------+------+----------+



================================================================
== Utilization Estimates
================================================================
* Summary: 
+-----------------+---------+------+--------+--------+-----+
|       Name      | BRAM_18K|  DSP |   FF   |   LUT  | URAM|
+-----------------+---------+------+--------+--------+-----+
|DSP              |        -|     2|       -|       -|    -|
|Expression       |        -|     -|       0|     369|    -|
|FIFO             |        -|     -|       -|       -|    -|
|Instance         |        -|     -|       -|       -|    -|
|Memory           |        -|     -|       -|       -|    -|
|Multiplexer      |        -|     -|       0|     117|    -|
|Register         |        -|     -|     548|     224|    -|
+-----------------+---------+------+--------+--------+-----+
|Total            |        0|     2|     548|     710|    0|
+-----------------+---------+------+--------+--------+-----+
|Available        |      288|  1248|  234240|  117120|   64|
+-----------------+---------+------+--------+--------+-----+
|Utilization (%)  |        0|    ~0|      ~0|      ~0|    0|
+-----------------+---------+------+--------+--------+-----+

+ Detail: 
    * Instance: 
    N/A

    * DSP: 
    +-------------------------------------+--------------------------------+--------------+
    |               Instance              |             Module             |  Expression  |
    +-------------------------------------+--------------------------------+--------------+
    |mac_muladd_16s_16s_24ns_24_4_1_U366  |mac_muladd_16s_16s_24ns_24_4_1  |  i0 + i1 * i2|
    |mac_muladd_6ns_5ns_6ns_10_4_1_U365   |mac_muladd_6ns_5ns_6ns_10_4_1   |  i0 + i1 * i2|
    +-------------------------------------+--------------------------------+--------------+

    * Memory: 
    N/A

    * FIFO: 
    N/A

    * Expression: 
    +--------------------------+----------+----+---+----+------------+------------+
    |       Variable Name      | Operation| DSP| FF| LUT| Bitwidth P0| Bitwidth P1|
    +--------------------------+----------+----+---+----+------------+------------+
    |add_ln173_1_fu_360_p2     |         +|   0|  0|  13|           6|           1|
    |add_ln173_fu_229_p2       |         +|   0|  0|  19|          12|           1|
    |add_ln176_1_fu_323_p2     |         +|   0|  0|  15|           8|           1|
    |add_ln176_fu_273_p2       |         +|   0|  0|  12|           5|           1|
    |add_ln178_fu_305_p2       |         +|   0|  0|  10|           3|           1|
    |add_ln179_2_fu_422_p2     |         +|   0|  0|  19|          12|          12|
    |add_ln179_3_fu_441_p2     |         +|   0|  0|  20|          13|          13|
    |add_ln179_5_fu_431_p2     |         +|   0|  0|  19|          12|          12|
    |add_ln179_fu_376_p2       |         +|   0|  0|  13|           6|           6|
    |add_ln181_1_fu_514_p2     |         +|   0|  0|  18|          11|          11|
    |add_ln181_2_fu_524_p2     |         +|   0|  0|  23|          16|          16|
    |add_ln181_fu_501_p2       |         +|   0|  0|  24|          17|          17|
    |empty_199_fu_405_p2       |         +|   0|  0|  15|           8|           8|
    |and_ln173_fu_267_p2       |       and|   0|  0|   2|           1|           1|
    |icmp_ln173_fu_223_p2      |      icmp|   0|  0|  19|          12|          11|
    |icmp_ln176_1_fu_317_p2    |      icmp|   0|  0|  12|           5|           4|
    |icmp_ln176_fu_241_p2      |      icmp|   0|  0|  15|           8|           7|
    |icmp_ln178_1_fu_311_p2    |      icmp|   0|  0|  10|           3|           3|
    |icmp_ln178_fu_261_p2      |      icmp|   0|  0|  10|           3|           3|
    |empty_fu_279_p2           |        or|   0|  0|   2|           1|           1|
    |empty_200_fu_470_p3       |    select|   0|  0|  16|           1|          16|
    |j_1_mid2_fu_285_p3        |    select|   0|  0|   3|           1|           1|
    |select_ln173_1_fu_366_p3  |    select|   0|  0|   6|           1|           6|
    |select_ln173_2_fu_463_p3  |    select|   0|  0|  16|           1|           1|
    |select_ln173_fu_247_p3    |    select|   0|  0|   5|           1|           1|
    |select_ln176_1_fu_329_p3  |    select|   0|  0|   8|           1|           1|
    |select_ln176_fu_293_p3    |    select|   0|  0|   5|           1|           5|
    |select_ln181_fu_529_p3    |    select|   0|  0|  16|           1|           1|
    |ap_enable_pp0             |       xor|   0|  0|   2|           1|           2|
    |xor_ln173_fu_255_p2       |       xor|   0|  0|   2|           1|           2|
    +--------------------------+----------+----+---+----+------------+------------+
    |Total                     |          |   0|  0| 369|         172|         166|
    +--------------------------+----------+----+---+----+------------+------------+

    * Multiplexer: 
    +-----------------------------------------+----+-----------+-----+-----------+
    |                   Name                  | LUT| Input Size| Bits| Total Bits|
    +-----------------------------------------+----+-----------+-----+-----------+
    |ap_done_int                              |   9|          2|    1|          2|
    |ap_enable_reg_pp0_iter1                  |   9|          2|    1|          2|
    |ap_sig_allocacmp_indvar_flatten120_load  |   9|          2|    8|         16|
    |ap_sig_allocacmp_indvar_flatten140_load  |   9|          2|   12|         24|
    |ap_sig_allocacmp_j_load                  |   9|          2|    3|          6|
    |ap_sig_allocacmp_k_load                  |   9|          2|    5|         10|
    |ap_sig_allocacmp_s_load                  |   9|          2|   16|         32|
    |indvar_flatten120_fu_108                 |   9|          2|    8|         16|
    |indvar_flatten140_fu_116                 |   9|          2|   12|         24|
    |j_fu_100                                 |   9|          2|    3|          6|
    |k_fu_104                                 |   9|          2|    5|         10|
    |s_fu_96                                  |   9|          2|   16|         32|
    |y_fu_112                                 |   9|          2|    6|         12|
    +-----------------------------------------+----+-----------+-----+-----------+
    |Total                                    | 117|         26|   96|        192|
    +-----------------------------------------+----+-----------+-----+-----------+

    * Register: 
    +----------------------------------+----+----+-----+-----------+
    |               Name               | FF | LUT| Bits| Const Bits|
    +----------------------------------+----+----+-----+-----------+
    |and_ln173_reg_633                 |   1|   0|    1|          0|
    |ap_CS_fsm                         |   1|   0|    1|          0|
    |ap_done_reg                       |   1|   0|    1|          0|
    |ap_enable_reg_pp0_iter1           |   1|   0|    1|          0|
    |ap_enable_reg_pp0_iter2           |   1|   0|    1|          0|
    |ap_enable_reg_pp0_iter3           |   1|   0|    1|          0|
    |ap_enable_reg_pp0_iter4           |   1|   0|    1|          0|
    |ap_enable_reg_pp0_iter5           |   1|   0|    1|          0|
    |ap_enable_reg_pp0_iter6           |   1|   0|    1|          0|
    |ap_enable_reg_pp0_iter7           |   1|   0|    1|          0|
    |ap_loop_exit_ready_pp0_iter1_reg  |   1|   0|    1|          0|
    |ap_loop_exit_ready_pp0_iter2_reg  |   1|   0|    1|          0|
    |ap_loop_exit_ready_pp0_iter3_reg  |   1|   0|    1|          0|
    |ap_loop_exit_ready_pp0_iter4_reg  |   1|   0|    1|          0|
    |ap_loop_exit_ready_pp0_iter5_reg  |   1|   0|    1|          0|
    |ap_loop_exit_ready_pp0_iter6_reg  |   1|   0|    1|          0|
    |conv_i_i16_i86_i373_cast_reg_618  |  17|   0|   17|          0|
    |icmp_ln176_1_reg_659              |   1|   0|    1|          0|
    |icmp_ln176_reg_627                |   1|   0|    1|          0|
    |icmp_ln178_1_reg_655              |   1|   0|    1|          0|
    |indvar_flatten120_fu_108          |   8|   0|    8|          0|
    |indvar_flatten140_fu_116          |  12|   0|   12|          0|
    |j_1_mid2_reg_638                  |   3|   0|    3|          0|
    |j_fu_100                          |   3|   0|    3|          0|
    |k_fu_104                          |   5|   0|    5|          0|
    |s_fu_96                           |  16|   0|   16|          0|
    |select_ln173_1_reg_663            |   6|   0|    6|          0|
    |select_ln176_reg_644              |   5|   0|    5|          0|
    |y_fu_112                          |   6|   0|    6|          0|
    |and_ln173_reg_633                 |  64|  32|    1|          0|
    |icmp_ln176_1_reg_659              |  64|  32|    1|          0|
    |icmp_ln176_reg_627                |  64|  32|    1|          0|
    |icmp_ln178_1_reg_655              |  64|  32|    1|          0|
    |j_1_mid2_reg_638                  |  64|  32|    3|          0|
    |select_ln173_1_reg_663            |  64|  32|    6|          0|
    |select_ln176_reg_644              |  64|  32|    5|          0|
    +----------------------------------+----+----+-----+-----------+
    |Total                             | 548| 224|  118|          0|
    +----------------------------------+----+----+-----+-----------+



================================================================
== Interface
================================================================
* Summary: 
+----------------------+-----+-----+------------+--------------------------------------------------------+--------------+
|       RTL Ports      | Dir | Bits|  Protocol  |                      Source Object                     |    C Type    |
+----------------------+-----+-----+------------+--------------------------------------------------------+--------------+
|ap_clk                |   in|    1|  ap_ctrl_hs|  CNN_Pipeline_loop_for_ap_6_loop_for_fc_6_loop_for_fa_6|  return value|
|ap_rst                |   in|    1|  ap_ctrl_hs|  CNN_Pipeline_loop_for_ap_6_loop_for_fc_6_loop_for_fa_6|  return value|
|ap_start              |   in|    1|  ap_ctrl_hs|  CNN_Pipeline_loop_for_ap_6_loop_for_fc_6_loop_for_fa_6|  return value|
|ap_done               |  out|    1|  ap_ctrl_hs|  CNN_Pipeline_loop_for_ap_6_loop_for_fc_6_loop_for_fa_6|  return value|
|ap_idle               |  out|    1|  ap_ctrl_hs|  CNN_Pipeline_loop_for_ap_6_loop_for_fc_6_loop_for_fa_6|  return value|
|ap_ready              |  out|    1|  ap_ctrl_hs|  CNN_Pipeline_loop_for_ap_6_loop_for_fc_6_loop_for_fa_6|  return value|
|p_cast121             |   in|   12|     ap_none|                                               p_cast121|        scalar|
|Weights_address0      |  out|   14|   ap_memory|                                                 Weights|         array|
|Weights_ce0           |  out|    1|   ap_memory|                                                 Weights|         array|
|Weights_q0            |   in|   16|   ap_memory|                                                 Weights|         array|
|OutPadConv6_address0  |  out|   10|   ap_memory|                                             OutPadConv6|         array|
|OutPadConv6_ce0       |  out|    1|   ap_memory|                                             OutPadConv6|         array|
|OutPadConv6_q0        |   in|   16|   ap_memory|                                             OutPadConv6|         array|
|conv_i_i16_i86_i373   |   in|   16|     ap_none|                                     conv_i_i16_i86_i373|        scalar|
|mul_ln173             |   in|   11|     ap_none|                                               mul_ln173|        scalar|
|OutConv6_address0     |  out|   11|   ap_memory|                                                OutConv6|         array|
|OutConv6_ce0          |  out|    1|   ap_memory|                                                OutConv6|         array|
|OutConv6_we0          |  out|    1|   ap_memory|                                                OutConv6|         array|
|OutConv6_d0           |  out|   16|   ap_memory|                                                OutConv6|         array|
|Weights_load_131      |   in|   16|     ap_none|                                        Weights_load_131|        scalar|
+----------------------+-----+-----+------------+--------------------------------------------------------+--------------+

