   Build using "D:/Xilinx/2025.1/Vitis/win64/tools/vcxx/libexec/clang++"
   Compiling apatb_CNN.cpp
In file included from apatb_CNN.cpp:14:
In file included from D:/Xilinx/2025.1/Vitis/include/ap_fixed.h:9:
In file included from D:/Xilinx/2025.1/Vitis/include/etc/ap_common.h:677:
In file included from D:/Xilinx/2025.1/Vitis/include/etc/ap_private.h:68:
In file included from D:/Xilinx/2025.1/Vitis/include/hls_half.h:26:
In file included from D:/Xilinx/2025.1/Vitis/include/etc/hls_half_fpo.h:19:
In file included from D:/Xilinx/2025.1/Vitis/include/hls_fpo.h:140:
In file included from D:/Xilinx/2025.1/Vitis/include/floating_point_v7_1_bitacc_cmodel.h:150:
D:/Xilinx/2025.1/Vitis/include/gmp.h:58:9: warning: '__GMP_LIBGMP_DLL' macro redefined [-Wmacro-redefined]
#define __GMP_LIBGMP_DLL  0
        ^
D:/Xilinx/2025.1/Vitis/include/floating_point_v7_1_bitacc_cmodel.h:142:9: note: previous definition is here
#define __GMP_LIBGMP_DLL 1
        ^
apatb_CNN.cpp:36:14: warning: nested namespace definition is a C++17 extension; define each namespace separately [-Wc++17-extensions]
namespace hls::sim
             ^~~~~
              { namespace sim
apatb_CNN.cpp:83:14: warning: nested namespace definition is a C++17 extension; define each namespace separately [-Wc++17-extensions]
namespace hls::sim
             ^~~~~
              { namespace sim
3 warnings generated.
   Generating cosim.pc.exe
