# 
# Steps log generated by v++
# This log file contains a collection of steps that describe the kernel compilation flow
# Note: Some steps are tagged as internal, these steps are for debugging purposes and 
#       are not expected to be able to run independently.
# 

# The following environment variables are set when running vitis-run
Environment variables :
------------------------------------------
ALLUSERSPROFILE=C:\ProgramData
APPDATA=C:\Users\satou\AppData\Roaming
arr.length=0
arr.Ubound=-1
CHARPOP=1
ChocolateyInstall=C:\ProgramData\chocolatey
ChocolateyLastPathUpdate=133224753339543755
CMAKE_OBJECT_PATH_MAX=4096
CommonProgramFiles=C:\Program Files\Common Files
CommonProgramFiles(x86)=C:\Program Files (x86)\Common Files
CommonProgramW6432=C:\Program Files\Common Files
COMPUTERNAME=DESKTOP-F82A4M5
ComSpec=C:\WINDOWS\system32\cmd.exe
DriverData=C:\Windows\System32\Drivers\DriverData
EFC_22336_1592913036=1
GIT_LFS_PATH=C:\Program Files\Git LFS
HDI_APPROOT=D:/Xilinx/2025.1/Vitis
HDI_PROCESSOR=i686
HOMEDRIVE=C:
HOMEPATH=\Users\satou
HW_SERVER_DJTG_DISABLE=1
HW_SERVER_FTDIMGR_DISABLE=1
IDE_SKIP_SERVER_LICENSE=1
INT_VARIABLE_NAME=XILINX_PATH
ISL_IOSTREAMS_RSA=D:/Xilinx/2025.1/Vitis/tps/isl
JAVA_EXE=D:/Xilinx/2025.1/Vitis\tps\win64\jre11.0.16_1\bin\java.exe
JAVA_HOME=D:/Xilinx/2025.1/Vitis\tps\win64\jre11.0.16_1
LC_NUMERIC=C
LM_LICENSE_FILE=C:\flexlm\LICENSE.txt
LOCALAPPDATA=C:\Users\satou\AppData\Local
LOGONSERVER=\\DESKTOP-F82A4M5
LOPPER_DTC_FLAGS=-b 0 -@
NOSPLASH=false
NUMBER_OF_PROCESSORS=12
OneDrive=C:\Users\satou\OneDrive - Tru?ng ÐH CNTT - University of Information Technology
OneDriveCommercial=C:\Users\satou\OneDrive - Tru?ng ÐH CNTT - University of Information Technology
OneDriveConsumer=C:\Users\satou\OneDrive
OpenCV_DIR=C:\Users\satou\Downloads\Programs\opencv\build
ORIGINAL_XDG_CURRENT_DESKTOP=undefined
OS=Windows_NT
PATH=D:/Xilinx/2025.1/Vivado/tps/win64/binutils-2.26/bin;D:/Xilinx/2025.1/Vitis/bin/../gnu/aarch64/nt/aarch64-linux/bin;D:/Xilinx/2025.1/Vitis/bin/../gnu/ppc64le/4.9.3/win64/bin;D:/Xilinx/2025.1/Vitis/bin/../gnu/aarch32/nt/gcc-arm-linux-gnueabi/bin;D:/Xilinx/2025.1/Vitis/tps/mingw/6.2.0/win64.o/nt/bin;D:/Xilinx/2025.1/Vivado\gnuwin\bin;D:/Xilinx/2025.1/Vivado\gnu\microblaze\nt\bin;D:/Xilinx/2025.1/Vitis/bin;D:/Xilinx/2025.1/Vitis\tps\win64;D:/Xilinx/2025.1/Vitis/tps/win64/java-cef-95.0.4638.69/bin/lib/win64;D:/Xilinx/2025.1/Vitis/tps/win64/javafx-sdk-11.0.2/lib;D:/Xilinx/2025.1/Vitis/tps/win64/javafx-sdk-11.0.2/bin;D:/Xilinx/2025.1/Vitis/lib/win64.o;D:/Xilinx/2025.1/Vitis/tps/win64/jre11.0.16_1/bin/server;D:/Xilinx/2025.1/Vitis/tps/win64/jre11.0.16_1/bin;D:/Xilinx/2025.1/Vitis\tps\win64\cmake-3.24.2\bin;D:/Xilinx/2025.1/Vitis\gnu\microblaze\nt\bin;D:/Xilinx/2025.1/Vitis\gnu\microblaze\linux_toolchain\nt64_le\bin;D:/Xilinx/2025.1/Vitis\gnu\aarch32\nt\gcc-arm-linux-gnueabi\bin;D:/Xilinx/2025.1/Vitis\gnu\aarch32\nt\gcc-arm-none-eabi\bin;D:/Xilinx/2025.1/Vitis\gnu\aarch64\nt\aarch64-linux\bin;D:/Xilinx/2025.1/Vitis\gnu\aarch64\nt\aarch64-none\bin;D:/Xilinx/2025.1/Vitis\gnu\armr5\nt\gcc-arm-none-eabi\bin;D:/Xilinx/2025.1/Vitis\gnuwin\bin;D:/Xilinx/2025.1/Vitis\tps\win64\python-3.13.0;D:/Xilinx/2025.1/Vitis\tps\win64\libxslt\bin;D:/Xilinx/2025.1/Vitis\gnu\arm\nt\bin;D:/Xilinx/2025.1/Vitis\gnu\microblaze\linux_toolchain\nt64_be\bin;D:/Xilinx/2025.1/Vitis\gnu\riscv\nt\riscv64-unknown-elf\bin;D:/Xilinx/2025.1/Vivado\tps\win64\python-3.13.0;D:/Xilinx/2025.1/Vivado\tps\win64\git-2.46.0\bin;D:/Xilinx/2025.1/Vivado\tps\win64\cmake-3.24.2\bin;D:/Xilinx/2025.1/Vitis/win64/tools/vcxx\libexec;D:/Xilinx/2025.1/Vivado\tps\win64\jre11.0.16_1\bin;D:/Xilinx/2025.1/Vivado\tps\win64\libxslt/bin;C:\Program Files (x86)\Common Files\Oracle\Java\java8path;C:\Program Files (x86)\Common Files\Oracle\Java\javapath;C:\WINDOWS\system32;C:\WINDOWS;C:\WINDOWS\System32\Wbem;C:\WINDOWS\System32\WindowsPowerShell\v1.0\;C:\WINDOWS\System32\OpenSSH\;C:\msys64\mingw64\bin;C:\ProgramData\chocolatey\bin;C:\Program Files\Tesseract-OCR;C:\MinGW\bin;C:\Users\satou\Downloads\Programs\opencv\build\x64\vc16\bin;C:\Users\satou\Downloads\Programs\opencv\build\x64\vc16\lib;C:\Program Files\Git LFS;C:\Program Files\Cloudflare\Cloudflare WARP\;D:\Xilinx\Vitis_HLS\2024.1\bin;C:\Program Files\dotnet\;C:\Program Files\Git\cmd;C:\Graphviz-12.2.1-win64\bin;C:\Program Files\PowerShell\7\;C:\Users\satou\AppData\Local\Programs\Python\Python311\Scripts\;C:\Users\satou\AppData\Local\Programs\Python\Python311\;C:\Users\satou\AppData\Local\Microsoft\WindowsApps;C:\Program Files\Azure Data Studio\bin;C:\modeltech64_2020.4\win64;C:\Users\satou\AppData\Local\Programs\Microsoft VS Code\bin;C:\Users\satou\AppData\Local\Programs\Python\Python312\Scripts;C:\Program Files\Git\bin\git.exe;C:\Users\satou\AppData\Local\Programs\Python\Python310\Scripts;D:\Xilinx\Vivado\2024.1\bin;;%USERPROFILE%\AppData\Local\Microsoft\WindowsApps;D:/Xilinx/2025.1/Vitis\tps\mingw\6.2.0\win64.o\nt\bin;D:/Xilinx/2025.1/Vitis\tps\mingw\6.2.0\win64.o\nt\libexec\gcc\x86_64-w64-mingw32\6.2.0
PATHEXT=.COM;.EXE;.BAT;.CMD;.VBS;.VBE;.JS;.JSE;.WSF;.WSH;.MSC
POWERSHELL_DISTRIBUTION_CHANNEL=MSI:Windows 10 Home Single Language
PROCESSOR_ARCHITECTURE=AMD64
PROCESSOR_IDENTIFIER=Intel64 Family 6 Model 165 Stepping 2, GenuineIntel
PROCESSOR_LEVEL=6
PROCESSOR_REVISION=a502
PRODVERSION_EXE=D:/Xilinx/2025.1/Vitis/bin/unwrapped/win64.o/prodversion.exe
ProgramData=C:\ProgramData
ProgramFiles=C:\Program Files
ProgramFiles(x86)=C:\Program Files (x86)
ProgramW6432=C:\Program Files
PROMPT=$P$G
PSModulePath=C:\Program Files\WindowsPowerShell\Modules;C:\WINDOWS\system32\WindowsPowerShell\v1.0\Modules
PUBLIC=C:\Users\Public
PYTHONPATH=D:/Xilinx/2025.1/Vitis\cli;D:/Xilinx/2025.1/Vitis\cli\python-packages\win64;D:/Xilinx/2025.1/Vitis\cli\python-packages\site-packages;D:/Xilinx/2025.1/Vitis\cli\proto;D:/Xilinx/2025.1/Vitis\scripts\python_pkg;
python_path=D:/Xilinx/2025.1/Vitis\cli;D:/Xilinx/2025.1/Vitis\cli\python-packages\win64;D:/Xilinx/2025.1/Vitis\cli\python-packages\site-packages;D:/Xilinx/2025.1/Vitis\cli\proto;D:/Xilinx/2025.1/Vitis\scripts\python_pkg;
QUARTUS_ROOTDIR=C:\altera\13.0sp1\quartus
RDI_APPROOT=D:/Xilinx/2025.1/Vitis
RDI_ARGS= --mode hls --csim --config D:\PJ\CNN_HLS\hls_config.cfg --work_dir CNN_HLS
RDI_ARGS_FUNCTION=RDI_EXEC_DEFAULT
RDI_BASEROOT=D:/Xilinx/2025.1
RDI_BINDIR=D:/Xilinx/2025.1/Vitis/bin
RDI_BINROOT=D:/Xilinx/2025.1/Vitis/bin
RDI_BUILD=yes
RDI_CHECK_PROG=True
RDI_DATADIR=D:/Xilinx/2025.1/Vitis/data
RDI_INSTALLROOT=D:/Xilinx
RDI_INSTALLVER=Vitis
RDI_INSTALLVERSION=2025.1
RDI_JAVACEFROOT=D:/Xilinx/2025.1/Vitis/tps/win64/java-cef-95.0.4638.69
RDI_JAVAFXROOT=D:/Xilinx/2025.1/Vitis/tps/win64/javafx-sdk-11.0.2
RDI_JAVAROOT=D:/Xilinx/2025.1/Vitis/tps/win64/jre11.0.16_1
RDI_JAVA_VERSION=11.0.16_1
RDI_LIBDIR=D:/Xilinx/2025.1/Vitis/lib/win64.o
RDI_MINGW_LIB=D:/Xilinx/2025.1/Vitis\tps\mingw\6.2.0\win64.o\nt\bin;D:/Xilinx/2025.1/Vitis\tps\mingw\6.2.0\win64.o\nt\libexec\gcc\x86_64-w64-mingw32\6.2.0
RDI_OPT_EXT=.o
RDI_OS_ARCH=64
RDI_PLATFORM=win64
RDI_PREPEND_PATH=D:/Xilinx/2025.1/Vitis/bin
RDI_PROG=D:/Xilinx/2025.1/Vitis/bin/unwrapped/win64.o/vitis-run.exe
RDI_PROGNAME=vitis-run.exe
RDI_SESSION_INFO=D:\Xilinx\2025.1\Vitis\bin:DESKTOP-F82A4M5-Sun07-13-2025_21-11-43.70
RDI_SHARED_DATA=D:/Xilinx/SharedData/2025.1/data
RDI_TEMPINSTALL=D:\Xilinx\2025.1
RDI_TPS_ROOT=D:/Xilinx/2025.1/Vivado/tps/win64
RDI_USE_JDK11=1
RDI_VERBOSE=False
RT_LIBPATH=D:/Xilinx/2025.1/Vitis/scripts/rt/data
RT_TCL_PATH=D:/Xilinx/2025.1/Vitis/scripts/rt/base_tcl/tcl
SESSIONNAME=Console
session_string=D:\PJ\CNN_HLS:DESKTOP-F82A4M5-Sun07-13-2025_21-19-22.28
SOPC_KIT_NIOS2=C:\altera\13.0sp1\nios2eds
STM32CubeMX_PATH=D:\STMicroelectronics\STM32Cube\STM32CubeMX
supports_classic_ide=true
SYNTH_COMMON=D:/Xilinx/2025.1/Vitis/scripts/rt/data
SystemDrive=C:
SystemRoot=C:\WINDOWS
TCL_LIBRARY=D:/Xilinx/2025.1/Vitis/tps/tcl/tcl8.6
TCMALLOC_LARGE_ALLOC_REPORT_THRESHOLD=4294967296
TEMP=C:\Users\satou\AppData\Local\Temp
THEIA_APP_PROJECT_PATH=D:\Xilinx\2025.1\Vitis\ide\electron-app\win64\resources\app
THEIA_CONFIG_DIR=C:\Users\satou\.theia
THEIA_DEFAULT_PLUGINS=local-dir:D:\Xilinx\2025.1\Vitis\ide\electron-app\win64\resources\app\plugins
THEIA_ELECTRON_TOKEN={"value":"d058084b-d874-4935-bd89-4474aa9a17b3"}
THEIA_ELECTRON_VERSION=30.1.2
THEIA_PLUGINS=local-dir:C:\Users\satou\.theia\plugins
TMP=C:\Users\satou\AppData\Local\Temp
tooldir=tps\win64\git-2.46.0
TOOLS_CLANGD=D:/Xilinx/2025.1/Vitis/win64/tools/vcxx\libexec
TPS_CMAKE=D:/Xilinx/2025.1/Vivado\tps\win64\cmake-3.24.2
TPS_GIT=D:/Xilinx/2025.1/Vivado\tps\win64\git-2.46.0
TPS_LIBXSLT=D:/Xilinx/2025.1/Vivado\tps\win64\libxslt
TPS_PYTHON=D:/Xilinx/2025.1/Vivado\tps\win64\python-3.13.0
USERDOMAIN=DESKTOP-F82A4M5
USERDOMAIN_ROAMINGPROFILE=DESKTOP-F82A4M5
USERNAME=satou
USERPROFILE=C:\Users\satou
VALIDATE_ARGS="False"
VBOX_MSI_INSTALL_PATH=C:\Program Files\Oracle\VirtualBox\
VITISNEW=true
VSCODE_API_VERSION=1.95.3
windir=C:\WINDOWS
XILINX_HLS=D:/Xilinx/2025.1/Vitis
XILINX_PLANAHEAD=D:/Xilinx/2025.1/Vitis
XILINX_SDK=D:/Xilinx/2025.1/Vitis
XILINX_VCXX=D:/Xilinx/2025.1/Vitis/win64/tools/vcxx
XILINX_VERSION_DEFAULT=2025.1
XILINX_VERSION_VITIS=2025.1
XILINX_VITIS=D:/Xilinx/2025.1/Vitis
XILINX_VITIS_GIT=D:/Xilinx/2025.1/Vivado\tps\win64\git-2.46.0\bin
XILINX_VITIS_VERSION=Vitis v2025.1 (64-bit)
XILINX_VIVADO=D:/Xilinx/2025.1/Vivado
XIL_CHECK_TCL_DEBUG=False
XIL_NO_OVERRIDE=0
XIL_SUPPRESS_OVERRIDE_WARNINGS=1
XVREDIST=D:/Xilinx/2025.1/Vitis\tps\win64\xvcredist.exe
ZES_ENABLE_SYSMAN=1
_RDI_BINROOT=D:\Xilinx\2025.1\Vitis\bin
_RDI_CWD=D:\PJ\CNN_HLS
_RDI_DONT_SET_XILINX_AS_PATH=True
_RDI_VERSION_PROG=vitis-run
_valid=False
XILINX_CD_CONNECT_ID=53521
XILINX_CD_SESSION=c5b6e683-0f9a-4637-b4ab-69def11541c8


VITIS-RUN command line:
------------------------------------------
D:/Xilinx/2025.1/Vitis/bin/unwrapped/win64.o/vitis-run.exe --mode hls --csim --config D:\PJ\CNN_HLS\hls_config.cfg --work_dir CNN_HLS 

FINAL PROGRAM OPTIONS
--config D:\PJ\CNN_HLS\hls_config.cfg
--csim
--hls.csim.code_analyzer 0
--hls.flow_target vivado
--hls.package.output.format ip_catalog
--hls.package.output.syn false
--hls.sim.O 1
--hls.syn.file ../../PhamDuyHoang_LuongVanDai_DA2/CNN_nopad/CNN.cpp
--hls.syn.file ../../PhamDuyHoang_LuongVanDai_DA2/CNN_nopad/CNN.h
--hls.syn.file ../../PhamDuyHoang_LuongVanDai_DA2/CNN_nopad/Conv.cpp
--hls.syn.file ../../PhamDuyHoang_LuongVanDai_DA2/CNN_nopad/Conv.h
--hls.syn.file ../../PhamDuyHoang_LuongVanDai_DA2/CNN_nopad/Dense.cpp
--hls.syn.file ../../PhamDuyHoang_LuongVanDai_DA2/CNN_nopad/Dense.h
--hls.syn.file ../../PhamDuyHoang_LuongVanDai_DA2/CNN_nopad/Pool.cpp
--hls.syn.file ../../PhamDuyHoang_LuongVanDai_DA2/CNN_nopad/Pool.h
--hls.tb.file ../../PhamDuyHoang_LuongVanDai_DA2/CNN_nopad/CNN_tb.cpp
--hls.tb.file ../../PhamDuyHoang_LuongVanDai_DA2/CNN_nopad/Float_Weights.txt
--hls.tb.file ../../PhamDuyHoang_LuongVanDai_DA2/CNN_nopad/labels1.txt
--hls.tb.file ../../PhamDuyHoang_LuongVanDai_DA2/CNN_nopad/labels2.txt
--hls.tb.file ../../PhamDuyHoang_LuongVanDai_DA2/CNN_nopad/outPE.txt
--hls.tb.file ../../PhamDuyHoang_LuongVanDai_DA2/CNN_nopad/output.txt
--hls.tb.file ../../PhamDuyHoang_LuongVanDai_DA2/CNN_nopad/signals1.txt
--hls.tb.file ../../PhamDuyHoang_LuongVanDai_DA2/CNN_nopad/signals2.txt
--mode hls
--part xczu5eg-fbvb900-1-e
--work_dir CNN_HLS

PARSED COMMAND LINE OPTIONS
--mode hls 
--csim 
--config D:\PJ\CNN_HLS\hls_config.cfg 
--work_dir CNN_HLS 

PARSED CONFIG FILE (1) OPTIONS
file: D:\PJ\CNN_HLS\hls_config.cfg
part xczu5eg-fbvb900-1-e 
hls.flow_target vivado 
hls.package.output.format ip_catalog 
hls.package.output.syn false 
hls.syn.file ../../PhamDuyHoang_LuongVanDai_DA2/CNN_nopad/CNN.cpp 
hls.syn.file ../../PhamDuyHoang_LuongVanDai_DA2/CNN_nopad/CNN.h 
hls.syn.file ../../PhamDuyHoang_LuongVanDai_DA2/CNN_nopad/Conv.cpp 
hls.syn.file ../../PhamDuyHoang_LuongVanDai_DA2/CNN_nopad/Conv.h 
hls.syn.file ../../PhamDuyHoang_LuongVanDai_DA2/CNN_nopad/Dense.cpp 
hls.syn.file ../../PhamDuyHoang_LuongVanDai_DA2/CNN_nopad/Dense.h 
hls.syn.file ../../PhamDuyHoang_LuongVanDai_DA2/CNN_nopad/Pool.cpp 
hls.syn.file ../../PhamDuyHoang_LuongVanDai_DA2/CNN_nopad/Pool.h 
hls.tb.file ../../PhamDuyHoang_LuongVanDai_DA2/CNN_nopad/CNN_tb.cpp 
hls.tb.file ../../PhamDuyHoang_LuongVanDai_DA2/CNN_nopad/Float_Weights.txt 
hls.tb.file ../../PhamDuyHoang_LuongVanDai_DA2/CNN_nopad/labels1.txt 
hls.tb.file ../../PhamDuyHoang_LuongVanDai_DA2/CNN_nopad/labels2.txt 
hls.tb.file ../../PhamDuyHoang_LuongVanDai_DA2/CNN_nopad/outPE.txt 
hls.tb.file ../../PhamDuyHoang_LuongVanDai_DA2/CNN_nopad/output.txt 
hls.tb.file ../../PhamDuyHoang_LuongVanDai_DA2/CNN_nopad/signals1.txt 
hls.tb.file ../../PhamDuyHoang_LuongVanDai_DA2/CNN_nopad/signals2.txt 
hls.csim.code_analyzer 0 
hls.sim.O 1 


==========================================
new:  steps log generated by v++ for new launch 
timestamp: 13 Jul 2025 21:19:27

------------------------------------------
V++ command line :
------------------------------------------
D:/Xilinx/2025.1/Vitis/bin/unwrapped/win64.o/v++.exe -c --mode hls --config D:\PJ\CNN_HLS\hls_config.cfg --work_dir CNN_HLS 
  Options from -O    : 
  Options from *.ini : 
  Options from Hw Platform : 

==========================================
new:  steps log generated by v++ for new launch 
timestamp: 13 Jul 2025 22:13:47

------------------------------------------
VITIS-RUN command line :
------------------------------------------
D:/Xilinx/2025.1/Vitis/bin/unwrapped/win64.o/vitis-run.exe --mode hls --impl --config D:\PJ\CNN_HLS\hls_config.cfg --work_dir CNN_HLS 
  Options from -O    : 
  Options from *.ini : 
  Options from Hw Platform : 

==========================================
new:  steps log generated by v++ for new launch 
timestamp: 13 Jul 2025 22:16:20

------------------------------------------
VITIS-RUN command line :
------------------------------------------
D:/Xilinx/2025.1/Vitis/bin/unwrapped/win64.o/vitis-run.exe --mode hls --cosim --config D:\PJ\CNN_HLS\hls_config.cfg --work_dir CNN_HLS 
  Options from -O    : 
  Options from *.ini : 
  Options from Hw Platform : 

==========================================
new:  steps log generated by v++ for new launch 
timestamp: 13 Jul 2025 22:43:40

------------------------------------------
VITIS-RUN command line :
------------------------------------------
D:/Xilinx/2025.1/Vitis/bin/unwrapped/win64.o/vitis-run.exe --mode hls --cosim --config D:\PJ\CNN_HLS\hls_config.cfg --work_dir CNN_HLS 
  Options from -O    : 
  Options from *.ini : 
  Options from Hw Platform : 

==========================================
new:  steps log generated by v++ for new launch 
timestamp: 13 Jul 2025 22:51:46

------------------------------------------
VITIS-RUN command line :
------------------------------------------
D:/Xilinx/2025.1/Vitis/bin/unwrapped/win64.o/vitis-run.exe --mode hls --cosim --config D:\PJ\CNN_HLS\hls_config.cfg --work_dir CNN_HLS 
  Options from -O    : 
  Options from *.ini : 
  Options from Hw Platform : 

==========================================
new:  steps log generated by v++ for new launch 
timestamp: 13 Jul 2025 23:04:09

------------------------------------------
VITIS-RUN command line :
------------------------------------------
D:/Xilinx/2025.1/Vitis/bin/unwrapped/win64.o/vitis-run.exe --mode hls --csim --config D:\PJ\CNN_HLS\hls_config.cfg --work_dir CNN_HLS 
  Options from -O    : 
  Options from *.ini : 
  Options from Hw Platform : 

==========================================
new:  steps log generated by v++ for new launch 
timestamp: 14 Jul 2025 00:01:20

------------------------------------------
VITIS-RUN command line :
------------------------------------------
D:/Xilinx/2025.1/Vitis/bin/unwrapped/win64.o/vitis-run.exe --mode hls --cosim --config D:\PJ\CNN_HLS\hls_config.cfg --work_dir CNN_HLS 
  Options from -O    : 
  Options from *.ini : 
  Options from Hw Platform : 

==========================================
new:  steps log generated by v++ for new launch 
timestamp: 14 Jul 2025 00:59:12

------------------------------------------
VITIS-RUN command line :
------------------------------------------
D:/Xilinx/2025.1/Vitis/bin/unwrapped/win64.o/vitis-run.exe --mode hls --cosim --config D:\PJ\CNN_HLS\hls_config.cfg --work_dir CNN_HLS 
  Options from -O    : 
  Options from *.ini : 
  Options from Hw Platform : 

==========================================
new:  steps log generated by v++ for new launch 
timestamp: 14 Jul 2025 01:07:32

------------------------------------------
VITIS-RUN command line :
------------------------------------------
D:/Xilinx/2025.1/Vitis/bin/unwrapped/win64.o/vitis-run.exe --mode hls --cosim --config D:\PJ\CNN_HLS\hls_config.cfg --work_dir CNN_HLS 
  Options from -O    : 
  Options from *.ini : 
  Options from Hw Platform : 

==========================================
new:  steps log generated by v++ for new launch 
timestamp: 14 Jul 2025 01:28:45

------------------------------------------
VITIS-RUN command line :
------------------------------------------
D:/Xilinx/2025.1/Vitis/bin/unwrapped/win64.o/vitis-run.exe --mode hls --cosim --config D:\PJ\CNN_HLS\hls_config.cfg --work_dir CNN_HLS 
  Options from -O    : 
  Options from *.ini : 
  Options from Hw Platform : 

==========================================
new:  steps log generated by v++ for new launch 
timestamp: 14 Jul 2025 01:59:55

------------------------------------------
V++ command line :
------------------------------------------
D:/Xilinx/2025.1/Vitis/bin/unwrapped/win64.o/v++.exe -c --mode hls --config D:\PJ\CNN_HLS\hls_config.cfg --work_dir CNN_HLS 
  Options from -O    : 
  Options from *.ini : 
  Options from Hw Platform : 

==========================================
new:  steps log generated by v++ for new launch 
timestamp: 14 Jul 2025 02:15:05

------------------------------------------
VITIS-RUN command line :
------------------------------------------
D:/Xilinx/2025.1/Vitis/bin/unwrapped/win64.o/vitis-run.exe --mode hls --csim --config D:\PJ\CNN_HLS\hls_config.cfg --work_dir CNN_HLS 
  Options from -O    : 
  Options from *.ini : 
  Options from Hw Platform : 

==========================================
new:  steps log generated by v++ for new launch 
timestamp: 14 Jul 2025 02:17:52

------------------------------------------
VITIS-RUN command line :
------------------------------------------
D:/Xilinx/2025.1/Vitis/bin/unwrapped/win64.o/vitis-run.exe --mode hls --cosim --config D:\PJ\CNN_HLS\hls_config.cfg --work_dir CNN_HLS 
  Options from -O    : 
  Options from *.ini : 
  Options from Hw Platform : 

==========================================
new:  steps log generated by v++ for new launch 
timestamp: 14 Jul 2025 02:18:12

------------------------------------------
VITIS-RUN command line :
------------------------------------------
D:/Xilinx/2025.1/Vitis/bin/unwrapped/win64.o/vitis-run.exe --mode hls --cosim --config D:\PJ\CNN_HLS\hls_config.cfg --work_dir CNN_HLS 
  Options from -O    : 
  Options from *.ini : 
  Options from Hw Platform : 

==========================================
new:  steps log generated by v++ for new launch 
timestamp: 14 Jul 2025 02:37:30

------------------------------------------
VITIS-RUN command line :
------------------------------------------
D:/Xilinx/2025.1/Vitis/bin/unwrapped/win64.o/vitis-run.exe --mode hls --cosim --config D:\PJ\CNN_HLS\hls_config.cfg --work_dir CNN_HLS 
  Options from -O    : 
  Options from *.ini : 
  Options from Hw Platform : 

==========================================
new:  steps log generated by v++ for new launch 
timestamp: 14 Jul 2025 07:27:04
