07/13/25 21:19:24: Running xcd server. This server was built by gradle.
07/13/25 21:19:24: Server was asked to start on port: '53521'
07/13/25 21:19:24: Server is using token UUID: '24e59c4b-0ec6-418c-a829-4d7972b983fe'
07/13/25 21:19:24: SESSION_MGR: creating session with session uuid: '6d04a3e9-ade5-4ab9-8d63-1f78fcd2ec76' and name 'default'
07/13/25 21:19:24: Attempting to start server on port '53521'
07/13/25 21:19:24: Running Dispatch Server
07/13/25 21:19:24: Version 2.2.0
07/13/25 21:19:26: Dispatch Server: Accepted socket connection from client
07/13/25 21:19:26: Starting Socket connection
07/13/25 21:19:26: EXCHANGE_TOKEN received, server token: 24e59c4b-0ec6-418c-a829-4d7972b983fe, passed token: 24e59c4b-0ec6-418c-a829-4d7972b983fe
07/13/25 21:19:27: DISPATCH_HANDLER: Adding handler from function makeHandler in library xv_system_diagram
07/13/25 21:19:27: SESSION_MGR: creating session with session uuid: 'c5b6e683-0f9a-4637-b4ab-69def11541c8' and name 'vitis-run_compile_CNN_HLS'
07/13/25 21:19:27: KERNEL_SVC: creating session with uuid: 'c5b6e683-0f9a-4637-b4ab-69def11541c8' and name 'vitis-run_compile_CNN_HLS'
07/13/25 21:19:27: GUIDANCE_SMGR: creating guidance session with uuid: 'c5b6e683-0f9a-4637-b4ab-69def11541c8' and name 'vitis-run_compile_CNN_HLS'
07/13/25 21:19:27: SYSTEM_DIAGRAM: creating session with uuid: 'c5b6e683-0f9a-4637-b4ab-69def11541c8' and name 'vitis-run_compile_CNN_HLS'
07/13/25 21:19:35: Dispatch Server: Accepted socket connection from client
07/13/25 21:19:35: Starting Socket connection
07/13/25 21:20:05: SESSION_MGR: closing session for UUID 'c5b6e683-0f9a-4637-b4ab-69def11541c8' with name 'vitis-run_compile_CNN_HLS'
07/13/25 21:20:05: KERNEL_SVC: closing session for UUID 'c5b6e683-0f9a-4637-b4ab-69def11541c8' with name 'vitis-run_compile_CNN_HLS'
07/13/25 21:20:05: GUIDANCE_SMGR: closing session for UUID 'c5b6e683-0f9a-4637-b4ab-69def11541c8' with name 'vitis-run_compile_CNN_HLS'
07/13/25 21:20:05: SYSTEM_DIAGRAM: closing session for UUID 'c5b6e683-0f9a-4637-b4ab-69def11541c8' with name 'vitis-run_compile_CNN_HLS'
07/13/25 21:20:05: STOP_SERVER received, server token: 24e59c4b-0ec6-418c-a829-4d7972b983fe, passed token: 24e59c4b-0ec6-418c-a829-4d7972b983fe
07/13/25 21:20:05: Socket received request to stop server.
07/13/25 21:20:05: Dispatch Server: do_await_stop
07/13/25 21:20:05: SERVER: destructor for server bound to port 53521
07/13/25 22:13:45: Running xcd server. This server was built by gradle.
07/13/25 22:13:45: Server was asked to start on port: '50443'
07/13/25 22:13:45: Server is using token UUID: 'f7b7363c-f4b1-4cf3-8606-1422baeea9d7'
07/13/25 22:13:45: SESSION_MGR: creating session with session uuid: '6d04a3e9-ade5-4ab9-8d63-1f78fcd2ec76' and name 'default'
07/13/25 22:13:45: Attempting to start server on port '50443'
07/13/25 22:13:45: Running Dispatch Server
07/13/25 22:13:45: Version 2.2.0
07/13/25 22:13:47: Dispatch Server: Accepted socket connection from client
07/13/25 22:13:47: Starting Socket connection
07/13/25 22:13:47: EXCHANGE_TOKEN received, server token: f7b7363c-f4b1-4cf3-8606-1422baeea9d7, passed token: f7b7363c-f4b1-4cf3-8606-1422baeea9d7
07/13/25 22:13:47: DISPATCH_HANDLER: Adding handler from function makeHandler in library xv_system_diagram
07/13/25 22:13:47: SESSION_MGR: creating session with session uuid: '5565db42-d986-45cd-aa45-cce264bdde03' and name 'v++_compile_CNN_HLS'
07/13/25 22:13:47: KERNEL_SVC: creating session with uuid: '5565db42-d986-45cd-aa45-cce264bdde03' and name 'v++_compile_CNN_HLS'
07/13/25 22:13:47: GUIDANCE_SMGR: creating guidance session with uuid: '5565db42-d986-45cd-aa45-cce264bdde03' and name 'v++_compile_CNN_HLS'
07/13/25 22:13:47: SYSTEM_DIAGRAM: creating session with uuid: '5565db42-d986-45cd-aa45-cce264bdde03' and name 'v++_compile_CNN_HLS'
07/13/25 22:13:56: Dispatch Server: Accepted socket connection from client
07/13/25 22:13:56: Starting Socket connection
07/13/25 22:15:38: SESSION_MGR: closing session for UUID '5565db42-d986-45cd-aa45-cce264bdde03' with name 'v++_compile_CNN_HLS'
07/13/25 22:15:38: KERNEL_SVC: closing session for UUID '5565db42-d986-45cd-aa45-cce264bdde03' with name 'v++_compile_CNN_HLS'
07/13/25 22:15:38: GUIDANCE_SMGR: closing session for UUID '5565db42-d986-45cd-aa45-cce264bdde03' with name 'v++_compile_CNN_HLS'
07/13/25 22:15:38: SYSTEM_DIAGRAM: closing session for UUID '5565db42-d986-45cd-aa45-cce264bdde03' with name 'v++_compile_CNN_HLS'
07/13/25 22:15:38: STOP_SERVER received, server token: f7b7363c-f4b1-4cf3-8606-1422baeea9d7, passed token: f7b7363c-f4b1-4cf3-8606-1422baeea9d7
07/13/25 22:15:38: Socket received request to stop server.
07/13/25 22:15:38: Dispatch Server: do_await_stop
07/13/25 22:15:38: SERVER: destructor for server bound to port 50443
07/13/25 22:16:18: Running xcd server. This server was built by gradle.
07/13/25 22:16:18: Server was asked to start on port: '50629'
07/13/25 22:16:18: Server is using token UUID: '39499da0-670b-4b16-9749-de7a1079d5bc'
07/13/25 22:16:18: SESSION_MGR: creating session with session uuid: '6d04a3e9-ade5-4ab9-8d63-1f78fcd2ec76' and name 'default'
07/13/25 22:16:18: Attempting to start server on port '50629'
07/13/25 22:16:18: Running Dispatch Server
07/13/25 22:16:18: Version 2.2.0
07/13/25 22:16:20: Dispatch Server: Accepted socket connection from client
07/13/25 22:16:20: Starting Socket connection
07/13/25 22:16:20: EXCHANGE_TOKEN received, server token: 39499da0-670b-4b16-9749-de7a1079d5bc, passed token: 39499da0-670b-4b16-9749-de7a1079d5bc
07/13/25 22:16:20: DISPATCH_HANDLER: Adding handler from function makeHandler in library xv_system_diagram
07/13/25 22:16:20: SESSION_MGR: creating session with session uuid: '8c907371-b32f-4374-b570-c707726d107a' and name 'vitis-run_compile_CNN_HLS'
07/13/25 22:16:20: KERNEL_SVC: creating session with uuid: '8c907371-b32f-4374-b570-c707726d107a' and name 'vitis-run_compile_CNN_HLS'
07/13/25 22:16:20: GUIDANCE_SMGR: creating guidance session with uuid: '8c907371-b32f-4374-b570-c707726d107a' and name 'vitis-run_compile_CNN_HLS'
07/13/25 22:16:20: SYSTEM_DIAGRAM: creating session with uuid: '8c907371-b32f-4374-b570-c707726d107a' and name 'vitis-run_compile_CNN_HLS'
07/13/25 22:16:26: Dispatch Server: Accepted socket connection from client
07/13/25 22:16:26: Starting Socket connection
07/13/25 22:17:46: Dispatch Server: Accepted socket connection from client
07/13/25 22:17:46: Starting Socket connection
07/13/25 22:24:01: Dispatch Server: Accepted socket connection from client
07/13/25 22:24:01: Starting Socket connection
07/13/25 22:27:51: Dispatch Server: Accepted socket connection from client
07/13/25 22:27:51: Starting Socket connection
07/13/25 22:39:17: SESSION_MGR: closing session for UUID '8c907371-b32f-4374-b570-c707726d107a' with name 'vitis-run_compile_CNN_HLS'
07/13/25 22:39:17: KERNEL_SVC: closing session for UUID '8c907371-b32f-4374-b570-c707726d107a' with name 'vitis-run_compile_CNN_HLS'
07/13/25 22:39:17: GUIDANCE_SMGR: closing session for UUID '8c907371-b32f-4374-b570-c707726d107a' with name 'vitis-run_compile_CNN_HLS'
07/13/25 22:39:17: SYSTEM_DIAGRAM: closing session for UUID '8c907371-b32f-4374-b570-c707726d107a' with name 'vitis-run_compile_CNN_HLS'
07/13/25 22:39:17: STOP_SERVER received, server token: 39499da0-670b-4b16-9749-de7a1079d5bc, passed token: 39499da0-670b-4b16-9749-de7a1079d5bc
07/13/25 22:39:17: Socket received request to stop server.
07/13/25 22:39:17: Dispatch Server: do_await_stop
07/13/25 22:39:17: SERVER: destructor for server bound to port 50629
07/13/25 22:43:37: Running xcd server. This server was built by gradle.
07/13/25 22:43:37: Server was asked to start on port: '51210'
07/13/25 22:43:37: Server is using token UUID: 'c652f768-feb6-4df3-9aa8-7d7ed703427c'
07/13/25 22:43:37: SESSION_MGR: creating session with session uuid: '6d04a3e9-ade5-4ab9-8d63-1f78fcd2ec76' and name 'default'
07/13/25 22:43:37: Attempting to start server on port '51210'
07/13/25 22:43:37: Running Dispatch Server
07/13/25 22:43:37: Version 2.2.0
07/13/25 22:43:40: Dispatch Server: Accepted socket connection from client
07/13/25 22:43:40: Starting Socket connection
07/13/25 22:43:40: EXCHANGE_TOKEN received, server token: c652f768-feb6-4df3-9aa8-7d7ed703427c, passed token: c652f768-feb6-4df3-9aa8-7d7ed703427c
07/13/25 22:43:40: DISPATCH_HANDLER: Adding handler from function makeHandler in library xv_system_diagram
07/13/25 22:43:40: SESSION_MGR: creating session with session uuid: '83caadad-0657-4321-8918-64f7de457c28' and name 'vitis-run_compile_CNN_HLS'
07/13/25 22:43:40: KERNEL_SVC: creating session with uuid: '83caadad-0657-4321-8918-64f7de457c28' and name 'vitis-run_compile_CNN_HLS'
07/13/25 22:43:40: GUIDANCE_SMGR: creating guidance session with uuid: '83caadad-0657-4321-8918-64f7de457c28' and name 'vitis-run_compile_CNN_HLS'
07/13/25 22:43:40: SYSTEM_DIAGRAM: creating session with uuid: '83caadad-0657-4321-8918-64f7de457c28' and name 'vitis-run_compile_CNN_HLS'
07/13/25 22:43:49: Dispatch Server: Accepted socket connection from client
07/13/25 22:43:49: Starting Socket connection
07/13/25 22:47:07: SESSION_MGR: closing session for UUID '83caadad-0657-4321-8918-64f7de457c28' with name 'vitis-run_compile_CNN_HLS'
07/13/25 22:47:07: KERNEL_SVC: closing session for UUID '83caadad-0657-4321-8918-64f7de457c28' with name 'vitis-run_compile_CNN_HLS'
07/13/25 22:47:07: GUIDANCE_SMGR: closing session for UUID '83caadad-0657-4321-8918-64f7de457c28' with name 'vitis-run_compile_CNN_HLS'
07/13/25 22:47:07: SYSTEM_DIAGRAM: closing session for UUID '83caadad-0657-4321-8918-64f7de457c28' with name 'vitis-run_compile_CNN_HLS'
07/13/25 22:47:07: STOP_SERVER received, server token: c652f768-feb6-4df3-9aa8-7d7ed703427c, passed token: c652f768-feb6-4df3-9aa8-7d7ed703427c
07/13/25 22:47:07: Socket received request to stop server.
07/13/25 22:47:07: Dispatch Server: do_await_stop
07/13/25 22:47:07: SERVER: destructor for server bound to port 51210
07/13/25 22:51:43: Running xcd server. This server was built by gradle.
07/13/25 22:51:43: Server was asked to start on port: '51432'
07/13/25 22:51:43: Server is using token UUID: '070f85f2-506b-4111-ab30-c453bdfdbeb7'
07/13/25 22:51:43: SESSION_MGR: creating session with session uuid: '6d04a3e9-ade5-4ab9-8d63-1f78fcd2ec76' and name 'default'
07/13/25 22:51:43: Attempting to start server on port '51432'
07/13/25 22:51:43: Running Dispatch Server
07/13/25 22:51:43: Version 2.2.0
07/13/25 22:51:46: Dispatch Server: Accepted socket connection from client
07/13/25 22:51:46: Starting Socket connection
07/13/25 22:51:46: EXCHANGE_TOKEN received, server token: 070f85f2-506b-4111-ab30-c453bdfdbeb7, passed token: 070f85f2-506b-4111-ab30-c453bdfdbeb7
07/13/25 22:51:46: DISPATCH_HANDLER: Adding handler from function makeHandler in library xv_system_diagram
07/13/25 22:51:46: SESSION_MGR: creating session with session uuid: '279bb641-254a-4f34-80f7-922095456f22' and name 'vitis-run_compile_CNN_HLS'
07/13/25 22:51:46: KERNEL_SVC: creating session with uuid: '279bb641-254a-4f34-80f7-922095456f22' and name 'vitis-run_compile_CNN_HLS'
07/13/25 22:51:46: GUIDANCE_SMGR: creating guidance session with uuid: '279bb641-254a-4f34-80f7-922095456f22' and name 'vitis-run_compile_CNN_HLS'
07/13/25 22:51:46: SYSTEM_DIAGRAM: creating session with uuid: '279bb641-254a-4f34-80f7-922095456f22' and name 'vitis-run_compile_CNN_HLS'
07/13/25 22:51:54: Dispatch Server: Accepted socket connection from client
07/13/25 22:51:54: Starting Socket connection
07/13/25 23:04:06: Running xcd server. This server was built by gradle.
07/13/25 23:04:06: Server was asked to start on port: '51639'
07/13/25 23:04:06: Server is using token UUID: 'c3879ceb-5ce9-45cc-8593-282ea8bcb657'
07/13/25 23:04:06: SESSION_MGR: creating session with session uuid: '6d04a3e9-ade5-4ab9-8d63-1f78fcd2ec76' and name 'default'
07/13/25 23:04:06: Attempting to start server on port '51639'
07/13/25 23:04:06: Running Dispatch Server
07/13/25 23:04:06: Version 2.2.0
07/13/25 23:04:08: Dispatch Server: Accepted socket connection from client
07/13/25 23:04:08: Starting Socket connection
07/13/25 23:04:08: EXCHANGE_TOKEN received, server token: c3879ceb-5ce9-45cc-8593-282ea8bcb657, passed token: c3879ceb-5ce9-45cc-8593-282ea8bcb657
07/13/25 23:04:09: DISPATCH_HANDLER: Adding handler from function makeHandler in library xv_system_diagram
07/13/25 23:04:09: SESSION_MGR: creating session with session uuid: '4fb055f4-d482-4f59-8e84-f75c9160eb51' and name 'vitis-run_compile_CNN_HLS'
07/13/25 23:04:09: KERNEL_SVC: creating session with uuid: '4fb055f4-d482-4f59-8e84-f75c9160eb51' and name 'vitis-run_compile_CNN_HLS'
07/13/25 23:04:09: GUIDANCE_SMGR: creating guidance session with uuid: '4fb055f4-d482-4f59-8e84-f75c9160eb51' and name 'vitis-run_compile_CNN_HLS'
07/13/25 23:04:09: SYSTEM_DIAGRAM: creating session with uuid: '4fb055f4-d482-4f59-8e84-f75c9160eb51' and name 'vitis-run_compile_CNN_HLS'
07/13/25 23:04:16: Dispatch Server: Accepted socket connection from client
07/13/25 23:04:16: Starting Socket connection
07/13/25 23:30:04: SESSION_MGR: closing session for UUID '4fb055f4-d482-4f59-8e84-f75c9160eb51' with name 'vitis-run_compile_CNN_HLS'
07/13/25 23:30:04: KERNEL_SVC: closing session for UUID '4fb055f4-d482-4f59-8e84-f75c9160eb51' with name 'vitis-run_compile_CNN_HLS'
07/13/25 23:30:04: GUIDANCE_SMGR: closing session for UUID '4fb055f4-d482-4f59-8e84-f75c9160eb51' with name 'vitis-run_compile_CNN_HLS'
07/13/25 23:30:04: SYSTEM_DIAGRAM: closing session for UUID '4fb055f4-d482-4f59-8e84-f75c9160eb51' with name 'vitis-run_compile_CNN_HLS'
07/13/25 23:30:04: STOP_SERVER received, server token: c3879ceb-5ce9-45cc-8593-282ea8bcb657, passed token: c3879ceb-5ce9-45cc-8593-282ea8bcb657
07/13/25 23:30:04: Socket received request to stop server.
07/13/25 23:30:04: Dispatch Server: do_await_stop
07/13/25 23:30:04: SERVER: destructor for server bound to port 51639
07/14/25 00:01:17: Running xcd server. This server was built by gradle.
07/14/25 00:01:17: Server was asked to start on port: '52885'
07/14/25 00:01:17: Server is using token UUID: '687877f6-155d-4921-8943-27740e5742b4'
07/14/25 00:01:17: SESSION_MGR: creating session with session uuid: '6d04a3e9-ade5-4ab9-8d63-1f78fcd2ec76' and name 'default'
07/14/25 00:01:17: Attempting to start server on port '52885'
07/14/25 00:01:17: Running Dispatch Server
07/14/25 00:01:17: Version 2.2.0
07/14/25 00:01:20: Dispatch Server: Accepted socket connection from client
07/14/25 00:01:20: Starting Socket connection
07/14/25 00:01:20: EXCHANGE_TOKEN received, server token: 687877f6-155d-4921-8943-27740e5742b4, passed token: 687877f6-155d-4921-8943-27740e5742b4
07/14/25 00:01:20: DISPATCH_HANDLER: Adding handler from function makeHandler in library xv_system_diagram
07/14/25 00:01:20: SESSION_MGR: creating session with session uuid: 'f6a8db1e-c25a-49a8-86c5-9a5c9787c80d' and name 'vitis-run_compile_CNN_HLS'
07/14/25 00:01:20: KERNEL_SVC: creating session with uuid: 'f6a8db1e-c25a-49a8-86c5-9a5c9787c80d' and name 'vitis-run_compile_CNN_HLS'
07/14/25 00:01:20: GUIDANCE_SMGR: creating guidance session with uuid: 'f6a8db1e-c25a-49a8-86c5-9a5c9787c80d' and name 'vitis-run_compile_CNN_HLS'
07/14/25 00:01:20: SYSTEM_DIAGRAM: creating session with uuid: 'f6a8db1e-c25a-49a8-86c5-9a5c9787c80d' and name 'vitis-run_compile_CNN_HLS'
07/14/25 00:01:26: Dispatch Server: Accepted socket connection from client
07/14/25 00:01:26: Starting Socket connection
07/14/25 00:01:27: SESSION_MGR: closing session for UUID 'f6a8db1e-c25a-49a8-86c5-9a5c9787c80d' with name 'vitis-run_compile_CNN_HLS'
07/14/25 00:01:27: KERNEL_SVC: closing session for UUID 'f6a8db1e-c25a-49a8-86c5-9a5c9787c80d' with name 'vitis-run_compile_CNN_HLS'
07/14/25 00:01:27: GUIDANCE_SMGR: closing session for UUID 'f6a8db1e-c25a-49a8-86c5-9a5c9787c80d' with name 'vitis-run_compile_CNN_HLS'
07/14/25 00:01:27: SYSTEM_DIAGRAM: closing session for UUID 'f6a8db1e-c25a-49a8-86c5-9a5c9787c80d' with name 'vitis-run_compile_CNN_HLS'
07/14/25 00:01:27: STOP_SERVER received, server token: 687877f6-155d-4921-8943-27740e5742b4, passed token: 687877f6-155d-4921-8943-27740e5742b4
07/14/25 00:01:27: Socket received request to stop server.
07/14/25 00:01:27: Dispatch Server: do_await_stop
07/14/25 00:01:27: SERVER: destructor for server bound to port 52885
07/14/25 00:59:09: Running xcd server. This server was built by gradle.
07/14/25 00:59:09: Server was asked to start on port: '54807'
07/14/25 00:59:09: Server is using token UUID: '70f1eadf-4acd-42d9-b097-19879ffefcb9'
07/14/25 00:59:09: SESSION_MGR: creating session with session uuid: '6d04a3e9-ade5-4ab9-8d63-1f78fcd2ec76' and name 'default'
07/14/25 00:59:09: Attempting to start server on port '54807'
07/14/25 00:59:09: Running Dispatch Server
07/14/25 00:59:09: Version 2.2.0
07/14/25 00:59:12: Dispatch Server: Accepted socket connection from client
07/14/25 00:59:12: Starting Socket connection
07/14/25 00:59:12: EXCHANGE_TOKEN received, server token: 70f1eadf-4acd-42d9-b097-19879ffefcb9, passed token: 70f1eadf-4acd-42d9-b097-19879ffefcb9
07/14/25 00:59:12: DISPATCH_HANDLER: Adding handler from function makeHandler in library xv_system_diagram
07/14/25 00:59:12: SESSION_MGR: creating session with session uuid: '00feee62-19e7-4914-895f-3255ffbdaca6' and name 'vitis-run_compile_CNN_HLS'
07/14/25 00:59:12: KERNEL_SVC: creating session with uuid: '00feee62-19e7-4914-895f-3255ffbdaca6' and name 'vitis-run_compile_CNN_HLS'
07/14/25 00:59:12: GUIDANCE_SMGR: creating guidance session with uuid: '00feee62-19e7-4914-895f-3255ffbdaca6' and name 'vitis-run_compile_CNN_HLS'
07/14/25 00:59:12: SYSTEM_DIAGRAM: creating session with uuid: '00feee62-19e7-4914-895f-3255ffbdaca6' and name 'vitis-run_compile_CNN_HLS'
07/14/25 00:59:18: Dispatch Server: Accepted socket connection from client
07/14/25 00:59:18: Starting Socket connection
07/14/25 01:07:03: SESSION_MGR: closing session for UUID '00feee62-19e7-4914-895f-3255ffbdaca6' with name 'vitis-run_compile_CNN_HLS'
07/14/25 01:07:03: KERNEL_SVC: closing session for UUID '00feee62-19e7-4914-895f-3255ffbdaca6' with name 'vitis-run_compile_CNN_HLS'
07/14/25 01:07:03: GUIDANCE_SMGR: closing session for UUID '00feee62-19e7-4914-895f-3255ffbdaca6' with name 'vitis-run_compile_CNN_HLS'
07/14/25 01:07:03: SYSTEM_DIAGRAM: closing session for UUID '00feee62-19e7-4914-895f-3255ffbdaca6' with name 'vitis-run_compile_CNN_HLS'
07/14/25 01:07:03: STOP_SERVER received, server token: 70f1eadf-4acd-42d9-b097-19879ffefcb9, passed token: 70f1eadf-4acd-42d9-b097-19879ffefcb9
07/14/25 01:07:03: Socket received request to stop server.
07/14/25 01:07:03: Dispatch Server: do_await_stop
07/14/25 01:07:03: SERVER: destructor for server bound to port 54807
07/14/25 01:07:29: Running xcd server. This server was built by gradle.
07/14/25 01:07:29: Server was asked to start on port: '55042'
07/14/25 01:07:29: Server is using token UUID: 'ca19cbef-b95e-4bba-8e83-38d7632582d4'
07/14/25 01:07:29: SESSION_MGR: creating session with session uuid: '6d04a3e9-ade5-4ab9-8d63-1f78fcd2ec76' and name 'default'
07/14/25 01:07:29: Attempting to start server on port '55042'
07/14/25 01:07:29: Running Dispatch Server
07/14/25 01:07:29: Version 2.2.0
07/14/25 01:07:32: Dispatch Server: Accepted socket connection from client
07/14/25 01:07:32: Starting Socket connection
07/14/25 01:07:32: EXCHANGE_TOKEN received, server token: ca19cbef-b95e-4bba-8e83-38d7632582d4, passed token: ca19cbef-b95e-4bba-8e83-38d7632582d4
07/14/25 01:07:32: DISPATCH_HANDLER: Adding handler from function makeHandler in library xv_system_diagram
07/14/25 01:07:32: SESSION_MGR: creating session with session uuid: 'f99710a1-5bdd-4440-8e6e-ffa354abf632' and name 'vitis-run_compile_CNN_HLS'
07/14/25 01:07:32: KERNEL_SVC: creating session with uuid: 'f99710a1-5bdd-4440-8e6e-ffa354abf632' and name 'vitis-run_compile_CNN_HLS'
07/14/25 01:07:32: GUIDANCE_SMGR: creating guidance session with uuid: 'f99710a1-5bdd-4440-8e6e-ffa354abf632' and name 'vitis-run_compile_CNN_HLS'
07/14/25 01:07:32: SYSTEM_DIAGRAM: creating session with uuid: 'f99710a1-5bdd-4440-8e6e-ffa354abf632' and name 'vitis-run_compile_CNN_HLS'
07/14/25 01:07:37: Dispatch Server: Accepted socket connection from client
07/14/25 01:07:37: Starting Socket connection
07/14/25 01:24:17: SESSION_MGR: closing session for UUID 'f99710a1-5bdd-4440-8e6e-ffa354abf632' with name 'vitis-run_compile_CNN_HLS'
07/14/25 01:24:17: KERNEL_SVC: closing session for UUID 'f99710a1-5bdd-4440-8e6e-ffa354abf632' with name 'vitis-run_compile_CNN_HLS'
07/14/25 01:24:17: GUIDANCE_SMGR: closing session for UUID 'f99710a1-5bdd-4440-8e6e-ffa354abf632' with name 'vitis-run_compile_CNN_HLS'
07/14/25 01:24:17: SYSTEM_DIAGRAM: closing session for UUID 'f99710a1-5bdd-4440-8e6e-ffa354abf632' with name 'vitis-run_compile_CNN_HLS'
07/14/25 01:24:17: STOP_SERVER received, server token: ca19cbef-b95e-4bba-8e83-38d7632582d4, passed token: ca19cbef-b95e-4bba-8e83-38d7632582d4
07/14/25 01:24:17: Socket received request to stop server.
07/14/25 01:24:17: Dispatch Server: do_await_stop
07/14/25 01:24:17: SERVER: destructor for server bound to port 55042
07/14/25 01:28:42: Running xcd server. This server was built by gradle.
07/14/25 01:28:42: Server was asked to start on port: '55881'
07/14/25 01:28:42: Server is using token UUID: 'da157485-772f-4d0c-8e81-b7335275cd1e'
07/14/25 01:28:42: SESSION_MGR: creating session with session uuid: '6d04a3e9-ade5-4ab9-8d63-1f78fcd2ec76' and name 'default'
07/14/25 01:28:42: Attempting to start server on port '55881'
07/14/25 01:28:42: Running Dispatch Server
07/14/25 01:28:42: Version 2.2.0
07/14/25 01:28:45: Dispatch Server: Accepted socket connection from client
07/14/25 01:28:45: Starting Socket connection
07/14/25 01:28:45: EXCHANGE_TOKEN received, server token: da157485-772f-4d0c-8e81-b7335275cd1e, passed token: da157485-772f-4d0c-8e81-b7335275cd1e
07/14/25 01:28:45: DISPATCH_HANDLER: Adding handler from function makeHandler in library xv_system_diagram
07/14/25 01:28:45: SESSION_MGR: creating session with session uuid: '21c6a68c-7a1e-46f2-afbb-d5e35c0f9c7e' and name 'vitis-run_compile_CNN_HLS'
07/14/25 01:28:45: KERNEL_SVC: creating session with uuid: '21c6a68c-7a1e-46f2-afbb-d5e35c0f9c7e' and name 'vitis-run_compile_CNN_HLS'
07/14/25 01:28:45: GUIDANCE_SMGR: creating guidance session with uuid: '21c6a68c-7a1e-46f2-afbb-d5e35c0f9c7e' and name 'vitis-run_compile_CNN_HLS'
07/14/25 01:28:45: SYSTEM_DIAGRAM: creating session with uuid: '21c6a68c-7a1e-46f2-afbb-d5e35c0f9c7e' and name 'vitis-run_compile_CNN_HLS'
07/14/25 01:28:55: Dispatch Server: Accepted socket connection from client
07/14/25 01:28:55: Starting Socket connection
07/14/25 01:59:40: SESSION_MGR: closing session for UUID '21c6a68c-7a1e-46f2-afbb-d5e35c0f9c7e' with name 'vitis-run_compile_CNN_HLS'
07/14/25 01:59:40: KERNEL_SVC: closing session for UUID '21c6a68c-7a1e-46f2-afbb-d5e35c0f9c7e' with name 'vitis-run_compile_CNN_HLS'
07/14/25 01:59:40: GUIDANCE_SMGR: closing session for UUID '21c6a68c-7a1e-46f2-afbb-d5e35c0f9c7e' with name 'vitis-run_compile_CNN_HLS'
07/14/25 01:59:40: SYSTEM_DIAGRAM: closing session for UUID '21c6a68c-7a1e-46f2-afbb-d5e35c0f9c7e' with name 'vitis-run_compile_CNN_HLS'
07/14/25 01:59:40: STOP_SERVER received, server token: da157485-772f-4d0c-8e81-b7335275cd1e, passed token: da157485-772f-4d0c-8e81-b7335275cd1e
07/14/25 01:59:40: Socket received request to stop server.
07/14/25 01:59:40: Dispatch Server: do_await_stop
07/14/25 01:59:40: SERVER: destructor for server bound to port 55881
07/14/25 01:59:52: Running xcd server. This server was built by gradle.
07/14/25 01:59:52: Server was asked to start on port: '56300'
07/14/25 01:59:52: Server is using token UUID: 'b1ac63cc-73cb-4527-b8aa-b2c1b4637b83'
07/14/25 01:59:52: SESSION_MGR: creating session with session uuid: '6d04a3e9-ade5-4ab9-8d63-1f78fcd2ec76' and name 'default'
07/14/25 01:59:52: Attempting to start server on port '56300'
07/14/25 01:59:52: Running Dispatch Server
07/14/25 01:59:52: Version 2.2.0
07/14/25 01:59:55: Dispatch Server: Accepted socket connection from client
07/14/25 01:59:55: Starting Socket connection
07/14/25 01:59:55: EXCHANGE_TOKEN received, server token: b1ac63cc-73cb-4527-b8aa-b2c1b4637b83, passed token: b1ac63cc-73cb-4527-b8aa-b2c1b4637b83
07/14/25 01:59:55: DISPATCH_HANDLER: Adding handler from function makeHandler in library xv_system_diagram
07/14/25 01:59:55: SESSION_MGR: creating session with session uuid: '86b34db1-ab04-43fc-a477-d49f08e4da5f' and name 'vitis-run_compile_CNN_HLS'
07/14/25 01:59:55: KERNEL_SVC: creating session with uuid: '86b34db1-ab04-43fc-a477-d49f08e4da5f' and name 'vitis-run_compile_CNN_HLS'
07/14/25 01:59:55: GUIDANCE_SMGR: creating guidance session with uuid: '86b34db1-ab04-43fc-a477-d49f08e4da5f' and name 'vitis-run_compile_CNN_HLS'
07/14/25 01:59:55: SYSTEM_DIAGRAM: creating session with uuid: '86b34db1-ab04-43fc-a477-d49f08e4da5f' and name 'vitis-run_compile_CNN_HLS'
07/14/25 02:00:00: Dispatch Server: Accepted socket connection from client
07/14/25 02:00:00: Starting Socket connection
07/14/25 02:13:43: SESSION_MGR: closing session for UUID '86b34db1-ab04-43fc-a477-d49f08e4da5f' with name 'vitis-run_compile_CNN_HLS'
07/14/25 02:13:43: KERNEL_SVC: closing session for UUID '86b34db1-ab04-43fc-a477-d49f08e4da5f' with name 'vitis-run_compile_CNN_HLS'
07/14/25 02:13:43: GUIDANCE_SMGR: closing session for UUID '86b34db1-ab04-43fc-a477-d49f08e4da5f' with name 'vitis-run_compile_CNN_HLS'
07/14/25 02:13:43: SYSTEM_DIAGRAM: closing session for UUID '86b34db1-ab04-43fc-a477-d49f08e4da5f' with name 'vitis-run_compile_CNN_HLS'
07/14/25 02:13:43: STOP_SERVER received, server token: b1ac63cc-73cb-4527-b8aa-b2c1b4637b83, passed token: b1ac63cc-73cb-4527-b8aa-b2c1b4637b83
07/14/25 02:13:43: Socket received request to stop server.
07/14/25 02:13:43: Dispatch Server: do_await_stop
07/14/25 02:13:44: SERVER: destructor for server bound to port 56300
07/14/25 02:15:02: Running xcd server. This server was built by gradle.
07/14/25 02:15:02: Server was asked to start on port: '56678'
07/14/25 02:15:02: Server is using token UUID: '085facf7-e5cf-4ab0-b627-191c2c58be72'
07/14/25 02:15:02: SESSION_MGR: creating session with session uuid: '6d04a3e9-ade5-4ab9-8d63-1f78fcd2ec76' and name 'default'
07/14/25 02:15:02: Attempting to start server on port '56678'
07/14/25 02:15:02: Running Dispatch Server
07/14/25 02:15:02: Version 2.2.0
07/14/25 02:15:04: Dispatch Server: Accepted socket connection from client
07/14/25 02:15:04: Starting Socket connection
07/14/25 02:15:04: EXCHANGE_TOKEN received, server token: 085facf7-e5cf-4ab0-b627-191c2c58be72, passed token: 085facf7-e5cf-4ab0-b627-191c2c58be72
07/14/25 02:15:04: DISPATCH_HANDLER: Adding handler from function makeHandler in library xv_system_diagram
07/14/25 02:15:04: SESSION_MGR: creating session with session uuid: '6af45eef-aa14-4cdb-b8e9-60ae16550068' and name 'v++_compile_CNN_HLS'
07/14/25 02:15:04: KERNEL_SVC: creating session with uuid: '6af45eef-aa14-4cdb-b8e9-60ae16550068' and name 'v++_compile_CNN_HLS'
07/14/25 02:15:04: GUIDANCE_SMGR: creating guidance session with uuid: '6af45eef-aa14-4cdb-b8e9-60ae16550068' and name 'v++_compile_CNN_HLS'
07/14/25 02:15:04: SYSTEM_DIAGRAM: creating session with uuid: '6af45eef-aa14-4cdb-b8e9-60ae16550068' and name 'v++_compile_CNN_HLS'
07/14/25 02:15:11: Dispatch Server: Accepted socket connection from client
07/14/25 02:15:11: Starting Socket connection
07/14/25 02:16:48: SESSION_MGR: closing session for UUID '6af45eef-aa14-4cdb-b8e9-60ae16550068' with name 'v++_compile_CNN_HLS'
07/14/25 02:16:48: KERNEL_SVC: closing session for UUID '6af45eef-aa14-4cdb-b8e9-60ae16550068' with name 'v++_compile_CNN_HLS'
07/14/25 02:16:48: GUIDANCE_SMGR: closing session for UUID '6af45eef-aa14-4cdb-b8e9-60ae16550068' with name 'v++_compile_CNN_HLS'
07/14/25 02:16:48: SYSTEM_DIAGRAM: closing session for UUID '6af45eef-aa14-4cdb-b8e9-60ae16550068' with name 'v++_compile_CNN_HLS'
07/14/25 02:16:48: STOP_SERVER received, server token: 085facf7-e5cf-4ab0-b627-191c2c58be72, passed token: 085facf7-e5cf-4ab0-b627-191c2c58be72
07/14/25 02:16:48: Socket received request to stop server.
07/14/25 02:16:48: Dispatch Server: do_await_stop
07/14/25 02:16:48: SERVER: destructor for server bound to port 56678
07/14/25 02:17:49: Running xcd server. This server was built by gradle.
07/14/25 02:17:49: Server was asked to start on port: '56799'
07/14/25 02:17:49: Server is using token UUID: 'ac73c494-70c8-4c31-834c-2ba75a63afc8'
07/14/25 02:17:49: SESSION_MGR: creating session with session uuid: '6d04a3e9-ade5-4ab9-8d63-1f78fcd2ec76' and name 'default'
07/14/25 02:17:49: Attempting to start server on port '56799'
07/14/25 02:17:49: Running Dispatch Server
07/14/25 02:17:49: Version 2.2.0
07/14/25 02:17:51: Dispatch Server: Accepted socket connection from client
07/14/25 02:17:51: Starting Socket connection
07/14/25 02:17:51: EXCHANGE_TOKEN received, server token: ac73c494-70c8-4c31-834c-2ba75a63afc8, passed token: ac73c494-70c8-4c31-834c-2ba75a63afc8
07/14/25 02:17:52: DISPATCH_HANDLER: Adding handler from function makeHandler in library xv_system_diagram
07/14/25 02:17:52: SESSION_MGR: creating session with session uuid: '8ab87802-e6f0-436d-85ce-0b88df09ea91' and name 'vitis-run_compile_CNN_HLS'
07/14/25 02:17:52: KERNEL_SVC: creating session with uuid: '8ab87802-e6f0-436d-85ce-0b88df09ea91' and name 'vitis-run_compile_CNN_HLS'
07/14/25 02:17:52: GUIDANCE_SMGR: creating guidance session with uuid: '8ab87802-e6f0-436d-85ce-0b88df09ea91' and name 'vitis-run_compile_CNN_HLS'
07/14/25 02:17:52: SYSTEM_DIAGRAM: creating session with uuid: '8ab87802-e6f0-436d-85ce-0b88df09ea91' and name 'vitis-run_compile_CNN_HLS'
07/14/25 02:17:56: Dispatch Server: Accepted socket connection from client
07/14/25 02:17:56: Starting Socket connection
07/14/25 02:18:00: SESSION_MGR: closing session for UUID '8ab87802-e6f0-436d-85ce-0b88df09ea91' with name 'vitis-run_compile_CNN_HLS'
07/14/25 02:18:00: KERNEL_SVC: closing session for UUID '8ab87802-e6f0-436d-85ce-0b88df09ea91' with name 'vitis-run_compile_CNN_HLS'
07/14/25 02:18:00: GUIDANCE_SMGR: closing session for UUID '8ab87802-e6f0-436d-85ce-0b88df09ea91' with name 'vitis-run_compile_CNN_HLS'
07/14/25 02:18:00: SYSTEM_DIAGRAM: closing session for UUID '8ab87802-e6f0-436d-85ce-0b88df09ea91' with name 'vitis-run_compile_CNN_HLS'
07/14/25 02:18:00: STOP_SERVER received, server token: ac73c494-70c8-4c31-834c-2ba75a63afc8, passed token: ac73c494-70c8-4c31-834c-2ba75a63afc8
07/14/25 02:18:00: Socket received request to stop server.
07/14/25 02:18:00: Dispatch Server: do_await_stop
07/14/25 02:18:00: SERVER: destructor for server bound to port 56799
07/14/25 02:18:10: Running xcd server. This server was built by gradle.
07/14/25 02:18:10: Server was asked to start on port: '56844'
07/14/25 02:18:10: Server is using token UUID: 'd1b52857-72b8-4ff0-8d31-b53206f4b459'
07/14/25 02:18:10: SESSION_MGR: creating session with session uuid: '6d04a3e9-ade5-4ab9-8d63-1f78fcd2ec76' and name 'default'
07/14/25 02:18:10: Attempting to start server on port '56844'
07/14/25 02:18:10: Running Dispatch Server
07/14/25 02:18:10: Version 2.2.0
07/14/25 02:18:12: Dispatch Server: Accepted socket connection from client
07/14/25 02:18:12: Starting Socket connection
07/14/25 02:18:12: EXCHANGE_TOKEN received, server token: d1b52857-72b8-4ff0-8d31-b53206f4b459, passed token: d1b52857-72b8-4ff0-8d31-b53206f4b459
07/14/25 02:18:12: DISPATCH_HANDLER: Adding handler from function makeHandler in library xv_system_diagram
07/14/25 02:18:12: SESSION_MGR: creating session with session uuid: '2621893e-3898-40c2-83c6-417304088b6b' and name 'vitis-run_compile_CNN_HLS'
07/14/25 02:18:12: KERNEL_SVC: creating session with uuid: '2621893e-3898-40c2-83c6-417304088b6b' and name 'vitis-run_compile_CNN_HLS'
07/14/25 02:18:12: GUIDANCE_SMGR: creating guidance session with uuid: '2621893e-3898-40c2-83c6-417304088b6b' and name 'vitis-run_compile_CNN_HLS'
07/14/25 02:18:12: SYSTEM_DIAGRAM: creating session with uuid: '2621893e-3898-40c2-83c6-417304088b6b' and name 'vitis-run_compile_CNN_HLS'
07/14/25 02:18:18: Dispatch Server: Accepted socket connection from client
07/14/25 02:18:18: Starting Socket connection
07/14/25 02:29:58: SESSION_MGR: closing session for UUID '2621893e-3898-40c2-83c6-417304088b6b' with name 'vitis-run_compile_CNN_HLS'
07/14/25 02:29:58: KERNEL_SVC: closing session for UUID '2621893e-3898-40c2-83c6-417304088b6b' with name 'vitis-run_compile_CNN_HLS'
07/14/25 02:29:58: GUIDANCE_SMGR: closing session for UUID '2621893e-3898-40c2-83c6-417304088b6b' with name 'vitis-run_compile_CNN_HLS'
07/14/25 02:29:58: SYSTEM_DIAGRAM: closing session for UUID '2621893e-3898-40c2-83c6-417304088b6b' with name 'vitis-run_compile_CNN_HLS'
07/14/25 02:29:58: STOP_SERVER received, server token: d1b52857-72b8-4ff0-8d31-b53206f4b459, passed token: d1b52857-72b8-4ff0-8d31-b53206f4b459
07/14/25 02:29:58: Socket received request to stop server.
07/14/25 02:29:58: Dispatch Server: do_await_stop
07/14/25 02:29:58: SERVER: destructor for server bound to port 56844
07/14/25 02:37:28: Running xcd server. This server was built by gradle.
07/14/25 02:37:28: Server was asked to start on port: '57098'
07/14/25 02:37:28: Server is using token UUID: 'ed0e312d-2c5a-410e-a618-6f99fe249164'
07/14/25 02:37:28: SESSION_MGR: creating session with session uuid: '6d04a3e9-ade5-4ab9-8d63-1f78fcd2ec76' and name 'default'
07/14/25 02:37:28: Attempting to start server on port '57098'
07/14/25 02:37:28: Running Dispatch Server
07/14/25 02:37:28: Version 2.2.0
07/14/25 02:37:30: Dispatch Server: Accepted socket connection from client
07/14/25 02:37:30: Starting Socket connection
07/14/25 02:37:30: EXCHANGE_TOKEN received, server token: ed0e312d-2c5a-410e-a618-6f99fe249164, passed token: ed0e312d-2c5a-410e-a618-6f99fe249164
07/14/25 02:37:30: DISPATCH_HANDLER: Adding handler from function makeHandler in library xv_system_diagram
07/14/25 02:37:30: SESSION_MGR: creating session with session uuid: '31f43300-a590-4649-8936-da5382fe6254' and name 'vitis-run_compile_CNN_HLS'
07/14/25 02:37:30: KERNEL_SVC: creating session with uuid: '31f43300-a590-4649-8936-da5382fe6254' and name 'vitis-run_compile_CNN_HLS'
07/14/25 02:37:30: GUIDANCE_SMGR: creating guidance session with uuid: '31f43300-a590-4649-8936-da5382fe6254' and name 'vitis-run_compile_CNN_HLS'
07/14/25 02:37:30: SYSTEM_DIAGRAM: creating session with uuid: '31f43300-a590-4649-8936-da5382fe6254' and name 'vitis-run_compile_CNN_HLS'
07/14/25 02:37:36: Dispatch Server: Accepted socket connection from client
07/14/25 02:37:36: Starting Socket connection
07/14/25 07:27:01: Running xcd server. This server was built by gradle.
07/14/25 07:27:01: Server was asked to start on port: '52584'
07/14/25 07:27:01: Server is using token UUID: '495c2c9c-3d2e-48be-a3cc-b61cd395695e'
07/14/25 07:27:01: SESSION_MGR: creating session with session uuid: '6d04a3e9-ade5-4ab9-8d63-1f78fcd2ec76' and name 'default'
07/14/25 07:27:01: Attempting to start server on port '52584'
07/14/25 07:27:01: Running Dispatch Server
07/14/25 07:27:01: Version 2.2.0
07/14/25 07:27:03: Dispatch Server: Accepted socket connection from client
07/14/25 07:27:03: Starting Socket connection
07/14/25 07:27:03: EXCHANGE_TOKEN received, server token: 495c2c9c-3d2e-48be-a3cc-b61cd395695e, passed token: 495c2c9c-3d2e-48be-a3cc-b61cd395695e
07/14/25 07:27:04: DISPATCH_HANDLER: Adding handler from function makeHandler in library xv_system_diagram
07/14/25 07:27:04: SESSION_MGR: creating session with session uuid: '3bb80ec3-7af4-42b0-b83d-4258b1b56010' and name 'vitis-run_compile_CNN_HLS'
07/14/25 07:27:04: KERNEL_SVC: creating session with uuid: '3bb80ec3-7af4-42b0-b83d-4258b1b56010' and name 'vitis-run_compile_CNN_HLS'
07/14/25 07:27:04: GUIDANCE_SMGR: creating guidance session with uuid: '3bb80ec3-7af4-42b0-b83d-4258b1b56010' and name 'vitis-run_compile_CNN_HLS'
07/14/25 07:27:04: SYSTEM_DIAGRAM: creating session with uuid: '3bb80ec3-7af4-42b0-b83d-4258b1b56010' and name 'vitis-run_compile_CNN_HLS'
07/14/25 07:27:15: Dispatch Server: Accepted socket connection from client
07/14/25 07:27:15: Starting Socket connection
